{"@timestamp": "2026-06-16T08:26:07.935000Z", "message": "The domain controller attempted to validate credentials (success). Account: brown.k", "log": {"level": "information"}, "host": {"name": "DC01", "hostname": "DC01", "ip": ["10.0.0.10"], "os": {"type": "windows", "name": "Windows Server 2022", "family": "windows"}, "architecture": "x86_64"}, "agent": {"type": "winlogbeat", "version": "8.14.3", "name": "DC01"}, "ecs": {"version": "8.11.0"}, "winlog": {"channel": "Security", "event_id": 4776, "provider_name": "Microsoft-Windows-Security-Auditing", "computer_name": "DC01.corp.local", "event_data": {"TargetUserName": "brown.k", "Status": "0x0"}}, "event": {"module": "security", "dataset": "windows.security", "provider": "Microsoft-Windows-Security-Auditing", "code": "4776", "kind": "event", "category": ["authentication"], "type": ["start"], "outcome": "success"}, "user": {"name": "brown.k", "domain": "CORP"}, "related": {"user": ["brown.k"]}}
{"@timestamp": "2026-06-16T08:26:08.935000Z", "message": "A Kerberos authentication ticket (TGT) was requested. Account: CORP\\brown.k", "log": {"level": "information"}, "host": {"name": "DC01", "hostname": "DC01", "ip": ["10.0.0.10"], "os": {"type": "windows", "name": "Windows Server 2022", "family": "windows"}, "architecture": "x86_64"}, "agent": {"type": "winlogbeat", "version": "8.14.3", "name": "DC01"}, "ecs": {"version": "8.11.0"}, "winlog": {"channel": "Security", "event_id": 4768, "provider_name": "Microsoft-Windows-Security-Auditing", "computer_name": "DC01.corp.local", "event_data": {"TargetUserName": "brown.k", "TargetDomainName": "CORP"}}, "event": {"module": "security", "dataset": "windows.security", "provider": "Microsoft-Windows-Security-Auditing", "code": "4768", "kind": "event", "category": ["authentication"], "type": ["start"]}, "user": {"name": "brown.k", "domain": "CORP"}, "related": {"user": ["brown.k"]}}
{"@timestamp": "2026-06-16T08:27:33.994000Z", "message": "Process Create: Image: C:\\Program Files\\Microsoft\\Teams\\current\\Teams.exe  CommandLine: \"Teams.exe\"  ParentImage: C:\\Windows\\explorer.exe", "log": {"level": "information"}, "host": {"name": "WS01", "hostname": "WS01", "ip": ["10.0.0.51"], "os": {"type": "windows", "name": "Windows 10 Enterprise", "family": "windows"}, "architecture": "x86_64"}, "agent": {"type": "winlogbeat", "version": "8.14.3", "name": "WS01"}, "ecs": {"version": "8.11.0"}, "winlog": {"channel": "Microsoft-Windows-Sysmon/Operational", "event_id": 1, "provider_name": "Microsoft-Windows-Sysmon", "computer_name": "WS01.corp.local", "provider_guid": "{5770385f-c22a-43e0-bf4c-06f5698ffbd9}", "event_data": {"RuleName": "-", "UtcTime": "2026-06-16 08:27:33.000", "ProcessGuid": "{a23eae89-7a2b-5903-0000-0010441a839d00}", "ProcessId": "5472", "Image": "C:\\Program Files\\Microsoft\\Teams\\current\\Teams.exe", "FileVersion": "-", "Description": "-", "Product": "-", "Company": "-", "OriginalFileName": "Teams.exe", "CommandLine": "\"Teams.exe\"", "CurrentDirectory": "C:\\Windows\\system32\\", "User": "CORP\\jones.w", "LogonGuid": "{a23eae89-697a-5903-0000-00109e9bdc4000}", "LogonId": "0x62ed9f", "TerminalSessionId": "1", "IntegrityLevel": "Medium", "Hashes": "SHA1=82E19861B01648766FC2F57ED82AE384882A83FD,MD5=075B78011B284DBABDD4B8E9CF707554,SHA256=2FAF3F5DD583D5D399B5A7C6CDDA8007274489AD31533FAE916CDD2300447AEC", "ParentProcessGuid": "{a23eae89-df0c-5903-0000-00106f90866100}", "ParentProcessId": "5488", "ParentImage": "C:\\Windows\\explorer.exe", "ParentCommandLine": "explorer.exe", "ParentUser": "CORP\\jones.w"}}, "event": {"module": "sysmon", "dataset": "windows.sysmon_operational", "provider": "Microsoft-Windows-Sysmon", "code": "1", "kind": "event", "category": ["process"], "type": ["start"], "action": "process-creation"}, "user": {"name": "jones.w", "domain": "CORP"}, "process": {"name": "Teams.exe", "executable": "C:\\Program Files\\Microsoft\\Teams\\current\\Teams.exe", "command_line": "\"Teams.exe\"", "entity_id": "{a23eae89-7a2b-5903-0000-0010441a839d00}", "pid": 5472, "parent": {"executable": "C:\\Windows\\explorer.exe", "name": "explorer.exe", "command_line": "explorer.exe", "pid": 5488}}, "related": {"user": ["jones.w"], "hash": ["82E19861B01648766FC2F57ED82AE384882A83FD", "075B78011B284DBABDD4B8E9CF707554", "2FAF3F5DD583D5D399B5A7C6CDDA8007274489AD31533FAE916CDD2300447AEC"]}}
{"@timestamp": "2026-06-16T08:43:28.255000Z", "message": "A new process has been created. Process: C:\\Program Files\\Google\\Chrome\\Application\\chrome.exe  Command: C:\\Program Files\\Google\\Chrome\\Application\\chrome.exe", "log": {"level": "information"}, "host": {"name": "WS04", "hostname": "WS04", "ip": ["10.0.0.54"], "os": {"type": "windows", "name": "Windows 10 Enterprise", "family": "windows"}, "architecture": "x86_64"}, "agent": {"type": "winlogbeat", "version": "8.14.3", "name": "WS04"}, "ecs": {"version": "8.11.0"}, "winlog": {"channel": "Security", "event_id": 4688, "provider_name": "Microsoft-Windows-Security-Auditing", "computer_name": "WS04.corp.local", "event_data": {"SubjectUserName": "hill.s", "SubjectDomainName": "CORP", "NewProcessName": "C:\\Program Files\\Google\\Chrome\\Application\\chrome.exe", "CommandLine": "C:\\Program Files\\Google\\Chrome\\Application\\chrome.exe", "ParentProcessName": "C:\\Windows\\explorer.exe"}}, "event": {"module": "security", "dataset": "windows.security", "provider": "Microsoft-Windows-Security-Auditing", "code": "4688", "kind": "event", "category": ["process"], "type": ["start"], "action": "created-process"}, "user": {"name": "hill.s", "domain": "CORP"}, "process": {"name": "chrome.exe", "executable": "C:\\Program Files\\Google\\Chrome\\Application\\chrome.exe", "command_line": "C:\\Program Files\\Google\\Chrome\\Application\\chrome.exe", "parent": {"executable": "C:\\Windows\\explorer.exe", "name": "explorer.exe"}}, "related": {"user": ["hill.s"]}}
{"@timestamp": "2026-06-16T08:45:54.634000Z", "message": "An account was successfully logged on. Account: CORP\\evans.n  Logon Type: 2 (Interactive)  Source: local", "log": {"level": "information"}, "host": {"name": "WS03", "hostname": "WS03", "ip": ["10.0.0.53"], "os": {"type": "windows", "name": "Windows 10 Enterprise", "family": "windows"}, "architecture": "x86_64"}, "agent": {"type": "winlogbeat", "version": "8.14.3", "name": "WS03"}, "ecs": {"version": "8.11.0"}, "winlog": {"channel": "Security", "event_id": 4624, "provider_name": "Microsoft-Windows-Security-Auditing", "computer_name": "WS03.corp.local", "event_data": {"TargetUserName": "evans.n", "TargetDomainName": "CORP", "LogonType": "2", "LogonProcessName": "User32 ", "AuthenticationPackageName": "Negotiate", "WorkstationName": "WS03", "IpAddress": "-"}}, "event": {"module": "security", "dataset": "windows.security", "provider": "Microsoft-Windows-Security-Auditing", "code": "4624", "kind": "event", "category": ["authentication"], "type": ["start"], "action": "logged-in", "outcome": "success"}, "user": {"name": "evans.n", "domain": "CORP"}, "related": {"user": ["evans.n"]}}
{"@timestamp": "2026-06-16T08:45:55.634000Z", "message": "The domain controller attempted to validate credentials (success). Account: evans.n", "log": {"level": "information"}, "host": {"name": "DC01", "hostname": "DC01", "ip": ["10.0.0.10"], "os": {"type": "windows", "name": "Windows Server 2022", "family": "windows"}, "architecture": "x86_64"}, "agent": {"type": "winlogbeat", "version": "8.14.3", "name": "DC01"}, "ecs": {"version": "8.11.0"}, "winlog": {"channel": "Security", "event_id": 4776, "provider_name": "Microsoft-Windows-Security-Auditing", "computer_name": "DC01.corp.local", "event_data": {"TargetUserName": "evans.n", "Status": "0x0"}}, "event": {"module": "security", "dataset": "windows.security", "provider": "Microsoft-Windows-Security-Auditing", "code": "4776", "kind": "event", "category": ["authentication"], "type": ["start"], "outcome": "success"}, "user": {"name": "evans.n", "domain": "CORP"}, "related": {"user": ["evans.n"]}}
{"@timestamp": "2026-06-16T08:45:56.634000Z", "message": "A Kerberos authentication ticket (TGT) was requested. Account: CORP\\evans.n", "log": {"level": "information"}, "host": {"name": "DC01", "hostname": "DC01", "ip": ["10.0.0.10"], "os": {"type": "windows", "name": "Windows Server 2022", "family": "windows"}, "architecture": "x86_64"}, "agent": {"type": "winlogbeat", "version": "8.14.3", "name": "DC01"}, "ecs": {"version": "8.11.0"}, "winlog": {"channel": "Security", "event_id": 4768, "provider_name": "Microsoft-Windows-Security-Auditing", "computer_name": "DC01.corp.local", "event_data": {"TargetUserName": "evans.n", "TargetDomainName": "CORP"}}, "event": {"module": "security", "dataset": "windows.security", "provider": "Microsoft-Windows-Security-Auditing", "code": "4768", "kind": "event", "category": ["authentication"], "type": ["start"]}, "user": {"name": "evans.n", "domain": "CORP"}, "related": {"user": ["evans.n"]}}
{"@timestamp": "2026-06-16T08:52:47.658000Z", "message": "A new process has been created. Process: C:\\Program Files\\Microsoft Office\\root\\Office16\\OUTLOOK.EXE  Command: C:\\Program Files\\Microsoft Office\\root\\Office16\\OUTLOOK.EXE", "log": {"level": "information"}, "host": {"name": "WS03", "hostname": "WS03", "ip": ["10.0.0.53"], "os": {"type": "windows", "name": "Windows 10 Enterprise", "family": "windows"}, "architecture": "x86_64"}, "agent": {"type": "winlogbeat", "version": "8.14.3", "name": "WS03"}, "ecs": {"version": "8.11.0"}, "winlog": {"channel": "Security", "event_id": 4688, "provider_name": "Microsoft-Windows-Security-Auditing", "computer_name": "WS03.corp.local", "event_data": {"SubjectUserName": "evans.n", "SubjectDomainName": "CORP", "NewProcessName": "C:\\Program Files\\Microsoft Office\\root\\Office16\\OUTLOOK.EXE", "CommandLine": "C:\\Program Files\\Microsoft Office\\root\\Office16\\OUTLOOK.EXE", "ParentProcessName": "C:\\Windows\\explorer.exe"}}, "event": {"module": "security", "dataset": "windows.security", "provider": "Microsoft-Windows-Security-Auditing", "code": "4688", "kind": "event", "category": ["process"], "type": ["start"], "action": "created-process"}, "user": {"name": "evans.n", "domain": "CORP"}, "process": {"name": "OUTLOOK.EXE", "executable": "C:\\Program Files\\Microsoft Office\\root\\Office16\\OUTLOOK.EXE", "command_line": "C:\\Program Files\\Microsoft Office\\root\\Office16\\OUTLOOK.EXE", "parent": {"executable": "C:\\Windows\\explorer.exe", "name": "explorer.exe"}}, "related": {"user": ["evans.n"]}}
{"@timestamp": "2026-06-16T08:53:56.550000Z", "message": "An account was successfully logged on. Account: CORP\\hill.s  Logon Type: 2 (Interactive)  Source: local", "log": {"level": "information"}, "host": {"name": "WS04", "hostname": "WS04", "ip": ["10.0.0.54"], "os": {"type": "windows", "name": "Windows 10 Enterprise", "family": "windows"}, "architecture": "x86_64"}, "agent": {"type": "winlogbeat", "version": "8.14.3", "name": "WS04"}, "ecs": {"version": "8.11.0"}, "winlog": {"channel": "Security", "event_id": 4624, "provider_name": "Microsoft-Windows-Security-Auditing", "computer_name": "WS04.corp.local", "event_data": {"TargetUserName": "hill.s", "TargetDomainName": "CORP", "LogonType": "2", "LogonProcessName": "User32 ", "AuthenticationPackageName": "Negotiate", "WorkstationName": "WS04", "IpAddress": "-"}}, "event": {"module": "security", "dataset": "windows.security", "provider": "Microsoft-Windows-Security-Auditing", "code": "4624", "kind": "event", "category": ["authentication"], "type": ["start"], "action": "logged-in", "outcome": "success"}, "user": {"name": "hill.s", "domain": "CORP"}, "related": {"user": ["hill.s"]}}
{"@timestamp": "2026-06-16T08:53:57.550000Z", "message": "The domain controller attempted to validate credentials (success). Account: hill.s", "log": {"level": "information"}, "host": {"name": "DC01", "hostname": "DC01", "ip": ["10.0.0.10"], "os": {"type": "windows", "name": "Windows Server 2022", "family": "windows"}, "architecture": "x86_64"}, "agent": {"type": "winlogbeat", "version": "8.14.3", "name": "DC01"}, "ecs": {"version": "8.11.0"}, "winlog": {"channel": "Security", "event_id": 4776, "provider_name": "Microsoft-Windows-Security-Auditing", "computer_name": "DC01.corp.local", "event_data": {"TargetUserName": "hill.s", "Status": "0x0"}}, "event": {"module": "security", "dataset": "windows.security", "provider": "Microsoft-Windows-Security-Auditing", "code": "4776", "kind": "event", "category": ["authentication"], "type": ["start"], "outcome": "success"}, "user": {"name": "hill.s", "domain": "CORP"}, "related": {"user": ["hill.s"]}}
{"@timestamp": "2026-06-16T08:53:58.550000Z", "message": "A Kerberos authentication ticket (TGT) was requested. Account: CORP\\hill.s", "log": {"level": "information"}, "host": {"name": "DC01", "hostname": "DC01", "ip": ["10.0.0.10"], "os": {"type": "windows", "name": "Windows Server 2022", "family": "windows"}, "architecture": "x86_64"}, "agent": {"type": "winlogbeat", "version": "8.14.3", "name": "DC01"}, "ecs": {"version": "8.11.0"}, "winlog": {"channel": "Security", "event_id": 4768, "provider_name": "Microsoft-Windows-Security-Auditing", "computer_name": "DC01.corp.local", "event_data": {"TargetUserName": "hill.s", "TargetDomainName": "CORP"}}, "event": {"module": "security", "dataset": "windows.security", "provider": "Microsoft-Windows-Security-Auditing", "code": "4768", "kind": "event", "category": ["authentication"], "type": ["start"]}, "user": {"name": "hill.s", "domain": "CORP"}, "related": {"user": ["hill.s"]}}
{"@timestamp": "2026-06-16T08:54:50.131000Z", "message": "A Kerberos service ticket was requested. Account: CORP\\carter.l  Service: FS01$", "log": {"level": "information"}, "host": {"name": "DC01", "hostname": "DC01", "ip": ["10.0.0.10"], "os": {"type": "windows", "name": "Windows Server 2022", "family": "windows"}, "architecture": "x86_64"}, "agent": {"type": "winlogbeat", "version": "8.14.3", "name": "DC01"}, "ecs": {"version": "8.11.0"}, "winlog": {"channel": "Security", "event_id": 4769, "provider_name": "Microsoft-Windows-Security-Auditing", "computer_name": "DC01.corp.local", "event_data": {"TargetUserName": "carter.l", "TargetDomainName": "CORP", "TicketEncryptionType": "0x12", "ServiceName": "FS01$"}}, "event": {"module": "security", "dataset": "windows.security", "provider": "Microsoft-Windows-Security-Auditing", "code": "4769", "kind": "event", "category": ["authentication"], "type": ["start"]}, "user": {"name": "carter.l", "domain": "CORP"}, "related": {"user": ["carter.l"]}}
{"@timestamp": "2026-06-16T09:00:37.339000Z", "message": "An account was successfully logged on. Account: CORP\\foster.p  Logon Type: 7 (Unlock)  Source: local", "log": {"level": "information"}, "host": {"name": "WS03", "hostname": "WS03", "ip": ["10.0.0.53"], "os": {"type": "windows", "name": "Windows 10 Enterprise", "family": "windows"}, "architecture": "x86_64"}, "agent": {"type": "winlogbeat", "version": "8.14.3", "name": "WS03"}, "ecs": {"version": "8.11.0"}, "winlog": {"channel": "Security", "event_id": 4624, "provider_name": "Microsoft-Windows-Security-Auditing", "computer_name": "WS03.corp.local", "event_data": {"TargetUserName": "foster.p", "TargetDomainName": "CORP", "LogonType": "7", "LogonProcessName": "User32 ", "AuthenticationPackageName": "Negotiate", "WorkstationName": "WS03", "IpAddress": "-"}}, "event": {"module": "security", "dataset": "windows.security", "provider": "Microsoft-Windows-Security-Auditing", "code": "4624", "kind": "event", "category": ["authentication"], "type": ["start"], "action": "logged-in", "outcome": "success"}, "user": {"name": "foster.p", "domain": "CORP"}, "related": {"user": ["foster.p"]}}
{"@timestamp": "2026-06-16T09:04:04.568000Z", "message": "A Kerberos service ticket was requested. Account: CORP\\hill.s  Service: FS01$", "log": {"level": "information"}, "host": {"name": "DC01", "hostname": "DC01", "ip": ["10.0.0.10"], "os": {"type": "windows", "name": "Windows Server 2022", "family": "windows"}, "architecture": "x86_64"}, "agent": {"type": "winlogbeat", "version": "8.14.3", "name": "DC01"}, "ecs": {"version": "8.11.0"}, "winlog": {"channel": "Security", "event_id": 4769, "provider_name": "Microsoft-Windows-Security-Auditing", "computer_name": "DC01.corp.local", "event_data": {"TargetUserName": "hill.s", "TargetDomainName": "CORP", "TicketEncryptionType": "0x12", "ServiceName": "FS01$"}}, "event": {"module": "security", "dataset": "windows.security", "provider": "Microsoft-Windows-Security-Auditing", "code": "4769", "kind": "event", "category": ["authentication"], "type": ["start"]}, "user": {"name": "hill.s", "domain": "CORP"}, "related": {"user": ["hill.s"]}}
{"@timestamp": "2026-06-16T09:04:18Z", "message": "An account was successfully logged on. Account: CORP\\carter.l  Logon Type: 2 (Interactive)  Source: local", "log": {"level": "information"}, "host": {"name": "WS02", "hostname": "WS02", "ip": ["10.0.0.52"], "os": {"type": "windows", "name": "Windows 10 Enterprise", "family": "windows"}, "architecture": "x86_64"}, "agent": {"type": "winlogbeat", "version": "8.14.3", "name": "WS02"}, "ecs": {"version": "8.11.0"}, "winlog": {"channel": "Security", "event_id": 4624, "provider_name": "Microsoft-Windows-Security-Auditing", "computer_name": "WS02.corp.local", "event_data": {"TargetUserName": "carter.l", "TargetDomainName": "CORP", "LogonType": "2", "LogonProcessName": "User32 ", "AuthenticationPackageName": "Negotiate", "WorkstationName": "WS02", "IpAddress": "-"}}, "event": {"module": "security", "dataset": "windows.security", "provider": "Microsoft-Windows-Security-Auditing", "code": "4624", "kind": "event", "category": ["authentication"], "type": ["start"], "action": "logged-in", "outcome": "success"}, "user": {"name": "carter.l", "domain": "CORP"}, "related": {"user": ["carter.l"]}}
{"@timestamp": "2026-06-16T09:04:19Z", "message": "The domain controller attempted to validate credentials (success). Account: carter.l", "log": {"level": "information"}, "host": {"name": "DC01", "hostname": "DC01", "ip": ["10.0.0.10"], "os": {"type": "windows", "name": "Windows Server 2022", "family": "windows"}, "architecture": "x86_64"}, "agent": {"type": "winlogbeat", "version": "8.14.3", "name": "DC01"}, "ecs": {"version": "8.11.0"}, "winlog": {"channel": "Security", "event_id": 4776, "provider_name": "Microsoft-Windows-Security-Auditing", "computer_name": "DC01.corp.local", "event_data": {"TargetUserName": "carter.l", "Status": "0x0"}}, "event": {"module": "security", "dataset": "windows.security", "provider": "Microsoft-Windows-Security-Auditing", "code": "4776", "kind": "event", "category": ["authentication"], "type": ["start"], "outcome": "success"}, "user": {"name": "carter.l", "domain": "CORP"}, "related": {"user": ["carter.l"]}}
{"@timestamp": "2026-06-16T09:04:20Z", "message": "A Kerberos authentication ticket (TGT) was requested. Account: CORP\\carter.l", "log": {"level": "information"}, "host": {"name": "DC01", "hostname": "DC01", "ip": ["10.0.0.10"], "os": {"type": "windows", "name": "Windows Server 2022", "family": "windows"}, "architecture": "x86_64"}, "agent": {"type": "winlogbeat", "version": "8.14.3", "name": "DC01"}, "ecs": {"version": "8.11.0"}, "winlog": {"channel": "Security", "event_id": 4768, "provider_name": "Microsoft-Windows-Security-Auditing", "computer_name": "DC01.corp.local", "event_data": {"TargetUserName": "carter.l", "TargetDomainName": "CORP"}}, "event": {"module": "security", "dataset": "windows.security", "provider": "Microsoft-Windows-Security-Auditing", "code": "4768", "kind": "event", "category": ["authentication"], "type": ["start"]}, "user": {"name": "carter.l", "domain": "CORP"}, "related": {"user": ["carter.l"]}}
{"@timestamp": "2026-06-16T09:06:16.376000Z", "message": "Process Create: Image: C:\\Program Files\\Microsoft Office\\root\\Office16\\OUTLOOK.EXE  CommandLine: \"OUTLOOK.EXE\" /recycle  ParentImage: C:\\Windows\\explorer.exe", "log": {"level": "information"}, "host": {"name": "WS03", "hostname": "WS03", "ip": ["10.0.0.53"], "os": {"type": "windows", "name": "Windows 10 Enterprise", "family": "windows"}, "architecture": "x86_64"}, "agent": {"type": "winlogbeat", "version": "8.14.3", "name": "WS03"}, "ecs": {"version": "8.11.0"}, "winlog": {"channel": "Microsoft-Windows-Sysmon/Operational", "event_id": 1, "provider_name": "Microsoft-Windows-Sysmon", "computer_name": "WS03.corp.local", "provider_guid": "{5770385f-c22a-43e0-bf4c-06f5698ffbd9}", "event_data": {"RuleName": "-", "UtcTime": "2026-06-16 09:06:16.000", "ProcessGuid": "{a23eae89-5ee2-5903-0000-001052ae0ed600}", "ProcessId": "5231", "Image": "C:\\Program Files\\Microsoft Office\\root\\Office16\\OUTLOOK.EXE", "FileVersion": "-", "Description": "-", "Product": "-", "Company": "-", "OriginalFileName": "OUTLOOK.EXE", "CommandLine": "\"OUTLOOK.EXE\" /recycle", "CurrentDirectory": "C:\\Windows\\system32\\", "User": "CORP\\foster.p", "LogonGuid": "{a23eae89-d5da-5903-0000-0010487b5eaf00}", "LogonId": "0x12594b", "TerminalSessionId": "1", "IntegrityLevel": "Medium", "Hashes": "MD5=5E6B9FCA30B926586EFD0BFFA963A4BE,SHA256=326F909470F562F20F0E66FEFE8C9936C0CF0269D0C87D107120C5E2AC06B9B5,IMPHASH=DCE161AA8668D2230D23AD0E9098CC50", "ParentProcessGuid": "{a23eae89-b99c-5903-0000-00106978873e00}", "ParentProcessId": "5263", "ParentImage": "C:\\Windows\\explorer.exe", "ParentCommandLine": "explorer.exe", "ParentUser": "CORP\\foster.p"}}, "event": {"module": "sysmon", "dataset": "windows.sysmon_operational", "provider": "Microsoft-Windows-Sysmon", "code": "1", "kind": "event", "category": ["process"], "type": ["start"], "action": "process-creation"}, "user": {"name": "foster.p", "domain": "CORP"}, "process": {"name": "OUTLOOK.EXE", "executable": "C:\\Program Files\\Microsoft Office\\root\\Office16\\OUTLOOK.EXE", "command_line": "\"OUTLOOK.EXE\" /recycle", "entity_id": "{a23eae89-5ee2-5903-0000-001052ae0ed600}", "pid": 5231, "parent": {"executable": "C:\\Windows\\explorer.exe", "name": "explorer.exe", "command_line": "explorer.exe", "pid": 5263}}, "related": {"user": ["foster.p"], "hash": ["5E6B9FCA30B926586EFD0BFFA963A4BE", "326F909470F562F20F0E66FEFE8C9936C0CF0269D0C87D107120C5E2AC06B9B5", "DCE161AA8668D2230D23AD0E9098CC50"]}}
{"@timestamp": "2026-06-16T09:08:37.352000Z", "message": "An account was successfully logged on. Account: CORP\\irwin.t  Logon Type: 2 (Interactive)  Source: local", "log": {"level": "information"}, "host": {"name": "WS02", "hostname": "WS02", "ip": ["10.0.0.52"], "os": {"type": "windows", "name": "Windows 10 Enterprise", "family": "windows"}, "architecture": "x86_64"}, "agent": {"type": "winlogbeat", "version": "8.14.3", "name": "WS02"}, "ecs": {"version": "8.11.0"}, "winlog": {"channel": "Security", "event_id": 4624, "provider_name": "Microsoft-Windows-Security-Auditing", "computer_name": "WS02.corp.local", "event_data": {"TargetUserName": "irwin.t", "TargetDomainName": "CORP", "LogonType": "2", "LogonProcessName": "User32 ", "AuthenticationPackageName": "Negotiate", "WorkstationName": "WS02", "IpAddress": "-"}}, "event": {"module": "security", "dataset": "windows.security", "provider": "Microsoft-Windows-Security-Auditing", "code": "4624", "kind": "event", "category": ["authentication"], "type": ["start"], "action": "logged-in", "outcome": "success"}, "user": {"name": "irwin.t", "domain": "CORP"}, "related": {"user": ["irwin.t"]}}
{"@timestamp": "2026-06-16T09:08:38.352000Z", "message": "The domain controller attempted to validate credentials (success). Account: irwin.t", "log": {"level": "information"}, "host": {"name": "DC01", "hostname": "DC01", "ip": ["10.0.0.10"], "os": {"type": "windows", "name": "Windows Server 2022", "family": "windows"}, "architecture": "x86_64"}, "agent": {"type": "winlogbeat", "version": "8.14.3", "name": "DC01"}, "ecs": {"version": "8.11.0"}, "winlog": {"channel": "Security", "event_id": 4776, "provider_name": "Microsoft-Windows-Security-Auditing", "computer_name": "DC01.corp.local", "event_data": {"TargetUserName": "irwin.t", "Status": "0x0"}}, "event": {"module": "security", "dataset": "windows.security", "provider": "Microsoft-Windows-Security-Auditing", "code": "4776", "kind": "event", "category": ["authentication"], "type": ["start"], "outcome": "success"}, "user": {"name": "irwin.t", "domain": "CORP"}, "related": {"user": ["irwin.t"]}}
{"@timestamp": "2026-06-16T09:08:39.352000Z", "message": "A Kerberos authentication ticket (TGT) was requested. Account: CORP\\irwin.t", "log": {"level": "information"}, "host": {"name": "DC01", "hostname": "DC01", "ip": ["10.0.0.10"], "os": {"type": "windows", "name": "Windows Server 2022", "family": "windows"}, "architecture": "x86_64"}, "agent": {"type": "winlogbeat", "version": "8.14.3", "name": "DC01"}, "ecs": {"version": "8.11.0"}, "winlog": {"channel": "Security", "event_id": 4768, "provider_name": "Microsoft-Windows-Security-Auditing", "computer_name": "DC01.corp.local", "event_data": {"TargetUserName": "irwin.t", "TargetDomainName": "CORP"}}, "event": {"module": "security", "dataset": "windows.security", "provider": "Microsoft-Windows-Security-Auditing", "code": "4768", "kind": "event", "category": ["authentication"], "type": ["start"]}, "user": {"name": "irwin.t", "domain": "CORP"}, "related": {"user": ["irwin.t"]}}
{"@timestamp": "2026-06-16T09:11:34.862000Z", "message": "An account failed to log on. Account: CORP\\adkins.j  Logon Type: 2 (Interactive)  Status: 0xC000006D  Sub Status: 0xC000006A  Source: local", "log": {"level": "information"}, "host": {"name": "WS01", "hostname": "WS01", "ip": ["10.0.0.51"], "os": {"type": "windows", "name": "Windows 10 Enterprise", "family": "windows"}, "architecture": "x86_64"}, "agent": {"type": "winlogbeat", "version": "8.14.3", "name": "WS01"}, "ecs": {"version": "8.11.0"}, "winlog": {"channel": "Security", "event_id": 4625, "provider_name": "Microsoft-Windows-Security-Auditing", "computer_name": "WS01.corp.local", "event_data": {"TargetUserName": "adkins.j", "TargetDomainName": "CORP", "LogonType": "2", "Status": "0xC000006D", "SubStatus": "0xC000006A", "FailureReason": "Unknown user name or bad password.", "LogonProcessName": "User32 ", "AuthenticationPackageName": "Negotiate", "WorkstationName": "WS01", "IpAddress": "-"}}, "event": {"module": "security", "dataset": "windows.security", "provider": "Microsoft-Windows-Security-Auditing", "code": "4625", "kind": "event", "category": ["authentication"], "type": ["start"], "action": "logon-failed", "outcome": "failure"}, "user": {"name": "adkins.j", "domain": "CORP"}, "related": {"user": ["adkins.j"]}}
{"@timestamp": "2026-06-16T09:11:47.369000Z", "message": "Network connection detected: Image: C:\\Program Files\\Google\\Chrome\\Application\\chrome.exe  DestinationIp: 52.96.0.1  DestinationPort: 443", "log": {"level": "information"}, "host": {"name": "WS02", "hostname": "WS02", "ip": ["10.0.0.52"], "os": {"type": "windows", "name": "Windows 10 Enterprise", "family": "windows"}, "architecture": "x86_64"}, "agent": {"type": "winlogbeat", "version": "8.14.3", "name": "WS02"}, "ecs": {"version": "8.11.0"}, "winlog": {"channel": "Microsoft-Windows-Sysmon/Operational", "event_id": 3, "provider_name": "Microsoft-Windows-Sysmon", "computer_name": "WS02.corp.local", "provider_guid": "{5770385f-c22a-43e0-bf4c-06f5698ffbd9}", "event_data": {"RuleName": "-", "UtcTime": "2026-06-16 09:11:47.000", "ProcessGuid": "{a23eae89-8620-5903-0000-0010c0a4165400}", "ProcessId": "6132", "Image": "C:\\Program Files\\Google\\Chrome\\Application\\chrome.exe", "User": "CORP\\irwin.t", "Protocol": "tcp", "Initiated": "true", "SourceIsIpv6": "false", "SourceIp": "10.0.0.52", "SourceHostname": "WS02.corp.local", "SourcePort": "53408", "SourcePortName": "", "DestinationIsIpv6": "false", "DestinationIp": "52.96.0.1", "DestinationHostname": "", "DestinationPort": "443", "DestinationPortName": ""}}, "event": {"module": "sysmon", "dataset": "windows.sysmon_operational", "provider": "Microsoft-Windows-Sysmon", "code": "3", "kind": "event", "category": ["network"], "type": ["connection", "start", "protocol"], "action": "network-connection"}, "user": {"name": "irwin.t", "domain": "CORP"}, "source": {"ip": "10.0.0.52", "port": 55059}, "destination": {"ip": "52.96.0.1", "port": 443}, "network": {"transport": "tcp", "direction": "egress"}, "process": {"name": "chrome.exe", "executable": "C:\\Program Files\\Google\\Chrome\\Application\\chrome.exe", "entity_id": "{a23eae89-8620-5903-0000-0010c0a4165400}"}, "related": {"user": ["irwin.t"], "ip": ["10.0.0.52", "52.96.0.1"]}}
{"@timestamp": "2026-06-16T09:13:06.673000Z", "message": "Process Create: Image: C:\\Windows\\System32\\svchost.exe  CommandLine: svchost.exe -k netsvcs -p  ParentImage: C:\\Windows\\System32\\services.exe", "log": {"level": "information"}, "host": {"name": "WS03", "hostname": "WS03", "ip": ["10.0.0.53"], "os": {"type": "windows", "name": "Windows 10 Enterprise", "family": "windows"}, "architecture": "x86_64"}, "agent": {"type": "winlogbeat", "version": "8.14.3", "name": "WS03"}, "ecs": {"version": "8.11.0"}, "winlog": {"channel": "Microsoft-Windows-Sysmon/Operational", "event_id": 1, "provider_name": "Microsoft-Windows-Sysmon", "computer_name": "WS03.corp.local", "provider_guid": "{5770385f-c22a-43e0-bf4c-06f5698ffbd9}", "event_data": {"RuleName": "-", "UtcTime": "2026-06-16 09:13:06.000", "ProcessGuid": "{a23eae89-2c35-5903-0000-00106e8f70bb00}", "ProcessId": "5695", "Image": "C:\\Windows\\System32\\svchost.exe", "FileVersion": "-", "Description": "-", "Product": "-", "Company": "-", "OriginalFileName": "svchost.exe", "CommandLine": "svchost.exe -k netsvcs -p", "CurrentDirectory": "C:\\Windows\\system32\\", "User": "CORP\\foster.p", "LogonGuid": "{a23eae89-d5da-5903-0000-0010487b5eaf00}", "LogonId": "0x2ac405", "TerminalSessionId": "1", "IntegrityLevel": "Medium", "Hashes": "MD5=B66E8CF8ACF5A58E6BBB5F12FBC3E2EC,SHA256=2178F1915F740CCE64040107CD489E9E1FF828A7EA29CD706BC46BA0FBAA69C4,IMPHASH=DE43BD45CC98C143357416C7519ECCFD", "ParentProcessGuid": "{a23eae89-074e-5903-0000-001042ec1b8900}", "ParentProcessId": "5709", "ParentImage": "C:\\Windows\\System32\\services.exe", "ParentCommandLine": "services.exe", "ParentUser": "CORP\\foster.p"}}, "event": {"module": "sysmon", "dataset": "windows.sysmon_operational", "provider": "Microsoft-Windows-Sysmon", "code": "1", "kind": "event", "category": ["process"], "type": ["start"], "action": "process-creation"}, "user": {"name": "foster.p", "domain": "CORP"}, "process": {"name": "svchost.exe", "executable": "C:\\Windows\\System32\\svchost.exe", "command_line": "svchost.exe -k netsvcs -p", "entity_id": "{a23eae89-2c35-5903-0000-00106e8f70bb00}", "pid": 5695, "parent": {"executable": "C:\\Windows\\System32\\services.exe", "name": "services.exe", "command_line": "services.exe", "pid": 5709}}, "related": {"user": ["foster.p"], "hash": ["B66E8CF8ACF5A58E6BBB5F12FBC3E2EC", "2178F1915F740CCE64040107CD489E9E1FF828A7EA29CD706BC46BA0FBAA69C4", "DE43BD45CC98C143357416C7519ECCFD"]}}
{"@timestamp": "2026-06-16T09:14:48.305000Z", "message": "A new process has been created. Process: C:\\Program Files\\Microsoft\\Teams\\current\\Teams.exe  Command: C:\\Program Files\\Microsoft\\Teams\\current\\Teams.exe", "log": {"level": "information"}, "host": {"name": "WS01", "hostname": "WS01", "ip": ["10.0.0.51"], "os": {"type": "windows", "name": "Windows 10 Enterprise", "family": "windows"}, "architecture": "x86_64"}, "agent": {"type": "winlogbeat", "version": "8.14.3", "name": "WS01"}, "ecs": {"version": "8.11.0"}, "winlog": {"channel": "Security", "event_id": 4688, "provider_name": "Microsoft-Windows-Security-Auditing", "computer_name": "WS01.corp.local", "event_data": {"SubjectUserName": "brown.k", "SubjectDomainName": "CORP", "NewProcessName": "C:\\Program Files\\Microsoft\\Teams\\current\\Teams.exe", "CommandLine": "C:\\Program Files\\Microsoft\\Teams\\current\\Teams.exe", "ParentProcessName": "C:\\Windows\\explorer.exe"}}, "event": {"module": "security", "dataset": "windows.security", "provider": "Microsoft-Windows-Security-Auditing", "code": "4688", "kind": "event", "category": ["process"], "type": ["start"], "action": "created-process"}, "user": {"name": "brown.k", "domain": "CORP"}, "process": {"name": "Teams.exe", "executable": "C:\\Program Files\\Microsoft\\Teams\\current\\Teams.exe", "command_line": "C:\\Program Files\\Microsoft\\Teams\\current\\Teams.exe", "parent": {"executable": "C:\\Windows\\explorer.exe", "name": "explorer.exe"}}, "related": {"user": ["brown.k"]}}
{"@timestamp": "2026-06-16T09:19:00.828000Z", "message": "A new process has been created. Process: C:\\Program Files\\Microsoft\\Teams\\current\\Teams.exe  Command: C:\\Program Files\\Microsoft\\Teams\\current\\Teams.exe", "log": {"level": "information"}, "host": {"name": "WS02", "hostname": "WS02", "ip": ["10.0.0.52"], "os": {"type": "windows", "name": "Windows 10 Enterprise", "family": "windows"}, "architecture": "x86_64"}, "agent": {"type": "winlogbeat", "version": "8.14.3", "name": "WS02"}, "ecs": {"version": "8.11.0"}, "winlog": {"channel": "Security", "event_id": 4688, "provider_name": "Microsoft-Windows-Security-Auditing", "computer_name": "WS02.corp.local", "event_data": {"SubjectUserName": "diaz.m", "SubjectDomainName": "CORP", "NewProcessName": "C:\\Program Files\\Microsoft\\Teams\\current\\Teams.exe", "CommandLine": "C:\\Program Files\\Microsoft\\Teams\\current\\Teams.exe", "ParentProcessName": "C:\\Windows\\explorer.exe"}}, "event": {"module": "security", "dataset": "windows.security", "provider": "Microsoft-Windows-Security-Auditing", "code": "4688", "kind": "event", "category": ["process"], "type": ["start"], "action": "created-process"}, "user": {"name": "diaz.m", "domain": "CORP"}, "process": {"name": "Teams.exe", "executable": "C:\\Program Files\\Microsoft\\Teams\\current\\Teams.exe", "command_line": "C:\\Program Files\\Microsoft\\Teams\\current\\Teams.exe", "parent": {"executable": "C:\\Windows\\explorer.exe", "name": "explorer.exe"}}, "related": {"user": ["diaz.m"]}}
{"@timestamp": "2026-06-16T09:30:03.771000Z", "message": "An account was successfully logged on. Account: CORP\\svc_sql  Logon Type: 5 (Service)  Source: local", "log": {"level": "information"}, "host": {"name": "APP01", "hostname": "APP01", "ip": ["10.0.0.21"], "os": {"type": "windows", "name": "Windows Server 2022", "family": "windows"}, "architecture": "x86_64"}, "agent": {"type": "winlogbeat", "version": "8.14.3", "name": "APP01"}, "ecs": {"version": "8.11.0"}, "winlog": {"channel": "Security", "event_id": 4624, "provider_name": "Microsoft-Windows-Security-Auditing", "computer_name": "APP01.corp.local", "event_data": {"TargetUserName": "svc_sql", "TargetDomainName": "CORP", "LogonType": "5", "LogonProcessName": "User32 ", "AuthenticationPackageName": "Negotiate", "WorkstationName": "APP01", "IpAddress": "-"}}, "event": {"module": "security", "dataset": "windows.security", "provider": "Microsoft-Windows-Security-Auditing", "code": "4624", "kind": "event", "category": ["authentication"], "type": ["start"], "action": "logged-in", "outcome": "success"}, "user": {"name": "svc_sql", "domain": "CORP"}, "related": {"user": ["svc_sql"]}}
{"@timestamp": "2026-06-16T09:35:25.244000Z", "message": "An account failed to log on. Account: CORP\\adkins.j  Logon Type: 2 (Interactive)  Status: 0xC000006D  Sub Status: 0xC000006A  Source: local", "log": {"level": "information"}, "host": {"name": "WS01", "hostname": "WS01", "ip": ["10.0.0.51"], "os": {"type": "windows", "name": "Windows 10 Enterprise", "family": "windows"}, "architecture": "x86_64"}, "agent": {"type": "winlogbeat", "version": "8.14.3", "name": "WS01"}, "ecs": {"version": "8.11.0"}, "winlog": {"channel": "Security", "event_id": 4625, "provider_name": "Microsoft-Windows-Security-Auditing", "computer_name": "WS01.corp.local", "event_data": {"TargetUserName": "adkins.j", "TargetDomainName": "CORP", "LogonType": "2", "Status": "0xC000006D", "SubStatus": "0xC000006A", "FailureReason": "Unknown user name or bad password.", "LogonProcessName": "User32 ", "AuthenticationPackageName": "Negotiate", "WorkstationName": "WS01", "IpAddress": "-"}}, "event": {"module": "security", "dataset": "windows.security", "provider": "Microsoft-Windows-Security-Auditing", "code": "4625", "kind": "event", "category": ["authentication"], "type": ["start"], "action": "logon-failed", "outcome": "failure"}, "user": {"name": "adkins.j", "domain": "CORP"}, "related": {"user": ["adkins.j"]}}
{"@timestamp": "2026-06-16T09:48:43.559000Z", "message": "An account was successfully logged on. Account: CORP\\foster.p  Logon Type: 2 (Interactive)  Source: local", "log": {"level": "information"}, "host": {"name": "WS03", "hostname": "WS03", "ip": ["10.0.0.53"], "os": {"type": "windows", "name": "Windows 10 Enterprise", "family": "windows"}, "architecture": "x86_64"}, "agent": {"type": "winlogbeat", "version": "8.14.3", "name": "WS03"}, "ecs": {"version": "8.11.0"}, "winlog": {"channel": "Security", "event_id": 4624, "provider_name": "Microsoft-Windows-Security-Auditing", "computer_name": "WS03.corp.local", "event_data": {"TargetUserName": "foster.p", "TargetDomainName": "CORP", "LogonType": "2", "LogonProcessName": "User32 ", "AuthenticationPackageName": "Negotiate", "WorkstationName": "WS03", "IpAddress": "-"}}, "event": {"module": "security", "dataset": "windows.security", "provider": "Microsoft-Windows-Security-Auditing", "code": "4624", "kind": "event", "category": ["authentication"], "type": ["start"], "action": "logged-in", "outcome": "success"}, "user": {"name": "foster.p", "domain": "CORP"}, "related": {"user": ["foster.p"]}}
{"@timestamp": "2026-06-16T09:48:44.559000Z", "message": "The domain controller attempted to validate credentials (success). Account: foster.p", "log": {"level": "information"}, "host": {"name": "DC01", "hostname": "DC01", "ip": ["10.0.0.10"], "os": {"type": "windows", "name": "Windows Server 2022", "family": "windows"}, "architecture": "x86_64"}, "agent": {"type": "winlogbeat", "version": "8.14.3", "name": "DC01"}, "ecs": {"version": "8.11.0"}, "winlog": {"channel": "Security", "event_id": 4776, "provider_name": "Microsoft-Windows-Security-Auditing", "computer_name": "DC01.corp.local", "event_data": {"TargetUserName": "foster.p", "Status": "0x0"}}, "event": {"module": "security", "dataset": "windows.security", "provider": "Microsoft-Windows-Security-Auditing", "code": "4776", "kind": "event", "category": ["authentication"], "type": ["start"], "outcome": "success"}, "user": {"name": "foster.p", "domain": "CORP"}, "related": {"user": ["foster.p"]}}
{"@timestamp": "2026-06-16T09:48:45.559000Z", "message": "A Kerberos authentication ticket (TGT) was requested. Account: CORP\\foster.p", "log": {"level": "information"}, "host": {"name": "DC01", "hostname": "DC01", "ip": ["10.0.0.10"], "os": {"type": "windows", "name": "Windows Server 2022", "family": "windows"}, "architecture": "x86_64"}, "agent": {"type": "winlogbeat", "version": "8.14.3", "name": "DC01"}, "ecs": {"version": "8.11.0"}, "winlog": {"channel": "Security", "event_id": 4768, "provider_name": "Microsoft-Windows-Security-Auditing", "computer_name": "DC01.corp.local", "event_data": {"TargetUserName": "foster.p", "TargetDomainName": "CORP"}}, "event": {"module": "security", "dataset": "windows.security", "provider": "Microsoft-Windows-Security-Auditing", "code": "4768", "kind": "event", "category": ["authentication"], "type": ["start"]}, "user": {"name": "foster.p", "domain": "CORP"}, "related": {"user": ["foster.p"]}}
{"@timestamp": "2026-06-16T09:56:48.167000Z", "message": "A new process has been created. Process: C:\\Program Files\\Microsoft\\Teams\\current\\Teams.exe  Command: C:\\Program Files\\Microsoft\\Teams\\current\\Teams.exe", "log": {"level": "information"}, "host": {"name": "WS04", "hostname": "WS04", "ip": ["10.0.0.54"], "os": {"type": "windows", "name": "Windows 10 Enterprise", "family": "windows"}, "architecture": "x86_64"}, "agent": {"type": "winlogbeat", "version": "8.14.3", "name": "WS04"}, "ecs": {"version": "8.11.0"}, "winlog": {"channel": "Security", "event_id": 4688, "provider_name": "Microsoft-Windows-Security-Auditing", "computer_name": "WS04.corp.local", "event_data": {"SubjectUserName": "hill.s", "SubjectDomainName": "CORP", "NewProcessName": "C:\\Program Files\\Microsoft\\Teams\\current\\Teams.exe", "CommandLine": "C:\\Program Files\\Microsoft\\Teams\\current\\Teams.exe", "ParentProcessName": "C:\\Windows\\explorer.exe"}}, "event": {"module": "security", "dataset": "windows.security", "provider": "Microsoft-Windows-Security-Auditing", "code": "4688", "kind": "event", "category": ["process"], "type": ["start"], "action": "created-process"}, "user": {"name": "hill.s", "domain": "CORP"}, "process": {"name": "Teams.exe", "executable": "C:\\Program Files\\Microsoft\\Teams\\current\\Teams.exe", "command_line": "C:\\Program Files\\Microsoft\\Teams\\current\\Teams.exe", "parent": {"executable": "C:\\Windows\\explorer.exe", "name": "explorer.exe"}}, "related": {"user": ["hill.s"]}}
{"@timestamp": "2026-06-16T10:00:05.697000Z", "message": "An account was successfully logged on. Account: CORP\\svc_backup  Logon Type: 5 (Service)  Source: local", "log": {"level": "information"}, "host": {"name": "FS01", "hostname": "FS01", "ip": ["10.0.0.20"], "os": {"type": "windows", "name": "Windows Server 2022", "family": "windows"}, "architecture": "x86_64"}, "agent": {"type": "winlogbeat", "version": "8.14.3", "name": "FS01"}, "ecs": {"version": "8.11.0"}, "winlog": {"channel": "Security", "event_id": 4624, "provider_name": "Microsoft-Windows-Security-Auditing", "computer_name": "FS01.corp.local", "event_data": {"TargetUserName": "svc_backup", "TargetDomainName": "CORP", "LogonType": "5", "LogonProcessName": "User32 ", "AuthenticationPackageName": "Negotiate", "WorkstationName": "FS01", "IpAddress": "-"}}, "event": {"module": "security", "dataset": "windows.security", "provider": "Microsoft-Windows-Security-Auditing", "code": "4624", "kind": "event", "category": ["authentication"], "type": ["start"], "action": "logged-in", "outcome": "success"}, "user": {"name": "svc_backup", "domain": "CORP"}, "related": {"user": ["svc_backup"]}}
{"@timestamp": "2026-06-16T10:00:08.520000Z", "message": "An account was successfully logged on. Account: CORP\\svc_backup  Logon Type: 5 (Service)  Source: local", "log": {"level": "information"}, "host": {"name": "APP01", "hostname": "APP01", "ip": ["10.0.0.21"], "os": {"type": "windows", "name": "Windows Server 2022", "family": "windows"}, "architecture": "x86_64"}, "agent": {"type": "winlogbeat", "version": "8.14.3", "name": "APP01"}, "ecs": {"version": "8.11.0"}, "winlog": {"channel": "Security", "event_id": 4624, "provider_name": "Microsoft-Windows-Security-Auditing", "computer_name": "APP01.corp.local", "event_data": {"TargetUserName": "svc_backup", "TargetDomainName": "CORP", "LogonType": "5", "LogonProcessName": "User32 ", "AuthenticationPackageName": "Negotiate", "WorkstationName": "APP01", "IpAddress": "-"}}, "event": {"module": "security", "dataset": "windows.security", "provider": "Microsoft-Windows-Security-Auditing", "code": "4624", "kind": "event", "category": ["authentication"], "type": ["start"], "action": "logged-in", "outcome": "success"}, "user": {"name": "svc_backup", "domain": "CORP"}, "related": {"user": ["svc_backup"]}}
{"@timestamp": "2026-06-16T10:03:55.329000Z", "message": "An account was successfully logged on. Account: CORP\\gray.r  Logon Type: 7 (Unlock)  Source: local", "log": {"level": "information"}, "host": {"name": "WS04", "hostname": "WS04", "ip": ["10.0.0.54"], "os": {"type": "windows", "name": "Windows 10 Enterprise", "family": "windows"}, "architecture": "x86_64"}, "agent": {"type": "winlogbeat", "version": "8.14.3", "name": "WS04"}, "ecs": {"version": "8.11.0"}, "winlog": {"channel": "Security", "event_id": 4624, "provider_name": "Microsoft-Windows-Security-Auditing", "computer_name": "WS04.corp.local", "event_data": {"TargetUserName": "gray.r", "TargetDomainName": "CORP", "LogonType": "7", "LogonProcessName": "User32 ", "AuthenticationPackageName": "Negotiate", "WorkstationName": "WS04", "IpAddress": "-"}}, "event": {"module": "security", "dataset": "windows.security", "provider": "Microsoft-Windows-Security-Auditing", "code": "4624", "kind": "event", "category": ["authentication"], "type": ["start"], "action": "logged-in", "outcome": "success"}, "user": {"name": "gray.r", "domain": "CORP"}, "related": {"user": ["gray.r"]}}
{"@timestamp": "2026-06-16T10:04:05.467000Z", "message": "An account was successfully logged on. Account: CORP\\diaz.m  Logon Type: 7 (Unlock)  Source: local", "log": {"level": "information"}, "host": {"name": "WS02", "hostname": "WS02", "ip": ["10.0.0.52"], "os": {"type": "windows", "name": "Windows 10 Enterprise", "family": "windows"}, "architecture": "x86_64"}, "agent": {"type": "winlogbeat", "version": "8.14.3", "name": "WS02"}, "ecs": {"version": "8.11.0"}, "winlog": {"channel": "Security", "event_id": 4624, "provider_name": "Microsoft-Windows-Security-Auditing", "computer_name": "WS02.corp.local", "event_data": {"TargetUserName": "diaz.m", "TargetDomainName": "CORP", "LogonType": "7", "LogonProcessName": "User32 ", "AuthenticationPackageName": "Negotiate", "WorkstationName": "WS02", "IpAddress": "-"}}, "event": {"module": "security", "dataset": "windows.security", "provider": "Microsoft-Windows-Security-Auditing", "code": "4624", "kind": "event", "category": ["authentication"], "type": ["start"], "action": "logged-in", "outcome": "success"}, "user": {"name": "diaz.m", "domain": "CORP"}, "related": {"user": ["diaz.m"]}}
{"@timestamp": "2026-06-16T10:06:41.971000Z", "message": "An account was successfully logged on. Account: CORP\\foster.p  Logon Type: 7 (Unlock)  Source: local", "log": {"level": "information"}, "host": {"name": "WS03", "hostname": "WS03", "ip": ["10.0.0.53"], "os": {"type": "windows", "name": "Windows 10 Enterprise", "family": "windows"}, "architecture": "x86_64"}, "agent": {"type": "winlogbeat", "version": "8.14.3", "name": "WS03"}, "ecs": {"version": "8.11.0"}, "winlog": {"channel": "Security", "event_id": 4624, "provider_name": "Microsoft-Windows-Security-Auditing", "computer_name": "WS03.corp.local", "event_data": {"TargetUserName": "foster.p", "TargetDomainName": "CORP", "LogonType": "7", "LogonProcessName": "User32 ", "AuthenticationPackageName": "Negotiate", "WorkstationName": "WS03", "IpAddress": "-"}}, "event": {"module": "security", "dataset": "windows.security", "provider": "Microsoft-Windows-Security-Auditing", "code": "4624", "kind": "event", "category": ["authentication"], "type": ["start"], "action": "logged-in", "outcome": "success"}, "user": {"name": "foster.p", "domain": "CORP"}, "related": {"user": ["foster.p"]}}
{"@timestamp": "2026-06-16T10:09:19.227000Z", "message": "An account was successfully logged on. Account: CORP\\brown.k  Logon Type: 3 (Network)  Source: 10.0.0.51", "log": {"level": "information"}, "host": {"name": "FS01", "hostname": "FS01", "ip": ["10.0.0.20"], "os": {"type": "windows", "name": "Windows Server 2022", "family": "windows"}, "architecture": "x86_64"}, "agent": {"type": "winlogbeat", "version": "8.14.3", "name": "FS01"}, "ecs": {"version": "8.11.0"}, "winlog": {"channel": "Security", "event_id": 4624, "provider_name": "Microsoft-Windows-Security-Auditing", "computer_name": "FS01.corp.local", "event_data": {"TargetUserName": "brown.k", "TargetDomainName": "CORP", "LogonType": "3", "LogonProcessName": "NtLmSsp ", "AuthenticationPackageName": "NTLM", "WorkstationName": "WS01", "IpAddress": "10.0.0.51", "IpPort": "52764"}}, "event": {"module": "security", "dataset": "windows.security", "provider": "Microsoft-Windows-Security-Auditing", "code": "4624", "kind": "event", "category": ["authentication"], "type": ["start"], "action": "logged-in", "outcome": "success"}, "user": {"name": "brown.k", "domain": "CORP"}, "source": {"ip": "10.0.0.51"}, "related": {"user": ["brown.k"], "ip": ["10.0.0.51"]}}
{"@timestamp": "2026-06-16T10:15:18.684000Z", "message": "A new process has been created. Process: C:\\Windows\\System32\\notepad.exe  Command: C:\\Windows\\System32\\notepad.exe", "log": {"level": "information"}, "host": {"name": "WS03", "hostname": "WS03", "ip": ["10.0.0.53"], "os": {"type": "windows", "name": "Windows 10 Enterprise", "family": "windows"}, "architecture": "x86_64"}, "agent": {"type": "winlogbeat", "version": "8.14.3", "name": "WS03"}, "ecs": {"version": "8.11.0"}, "winlog": {"channel": "Security", "event_id": 4688, "provider_name": "Microsoft-Windows-Security-Auditing", "computer_name": "WS03.corp.local", "event_data": {"SubjectUserName": "evans.n", "SubjectDomainName": "CORP", "NewProcessName": "C:\\Windows\\System32\\notepad.exe", "CommandLine": "C:\\Windows\\System32\\notepad.exe", "ParentProcessName": "C:\\Windows\\explorer.exe"}}, "event": {"module": "security", "dataset": "windows.security", "provider": "Microsoft-Windows-Security-Auditing", "code": "4688", "kind": "event", "category": ["process"], "type": ["start"], "action": "created-process"}, "user": {"name": "evans.n", "domain": "CORP"}, "process": {"name": "notepad.exe", "executable": "C:\\Windows\\System32\\notepad.exe", "command_line": "C:\\Windows\\System32\\notepad.exe", "parent": {"executable": "C:\\Windows\\explorer.exe", "name": "explorer.exe"}}, "related": {"user": ["evans.n"]}}
