{"@timestamp": "2026-06-16T12:53:25.148000Z", "message": "An account was successfully logged on. Account: CORP\\foster.p  Logon Type: 7 (Unlock)  Source: local", "log": {"level": "information"}, "host": {"name": "WS03", "hostname": "WS03", "ip": ["10.0.0.53"], "os": {"type": "windows", "name": "Windows 10 Enterprise", "family": "windows"}, "architecture": "x86_64"}, "agent": {"type": "winlogbeat", "version": "8.14.3", "name": "WS03"}, "ecs": {"version": "8.11.0"}, "winlog": {"channel": "Security", "event_id": 4624, "provider_name": "Microsoft-Windows-Security-Auditing", "computer_name": "WS03.corp.local", "event_data": {"TargetUserName": "foster.p", "TargetDomainName": "CORP", "LogonType": "7", "LogonProcessName": "User32 ", "AuthenticationPackageName": "Negotiate", "WorkstationName": "WS03", "IpAddress": "-"}}, "event": {"module": "security", "dataset": "windows.security", "provider": "Microsoft-Windows-Security-Auditing", "code": "4624", "kind": "event", "category": ["authentication"], "type": ["start"], "action": "logged-in", "outcome": "success"}, "user": {"name": "foster.p", "domain": "CORP"}, "related": {"user": ["foster.p"]}}
{"@timestamp": "2026-06-16T12:53:41.105000Z", "message": "An account was successfully logged on. Account: CORP\\carter.l  Logon Type: 3 (Network)  Source: 10.0.0.52", "log": {"level": "information"}, "host": {"name": "FS01", "hostname": "FS01", "ip": ["10.0.0.20"], "os": {"type": "windows", "name": "Windows Server 2022", "family": "windows"}, "architecture": "x86_64"}, "agent": {"type": "winlogbeat", "version": "8.14.3", "name": "FS01"}, "ecs": {"version": "8.11.0"}, "winlog": {"channel": "Security", "event_id": 4624, "provider_name": "Microsoft-Windows-Security-Auditing", "computer_name": "FS01.corp.local", "event_data": {"TargetUserName": "carter.l", "TargetDomainName": "CORP", "LogonType": "3", "LogonProcessName": "NtLmSsp ", "AuthenticationPackageName": "NTLM", "WorkstationName": "WS02", "IpAddress": "10.0.0.52", "IpPort": "45284"}}, "event": {"module": "security", "dataset": "windows.security", "provider": "Microsoft-Windows-Security-Auditing", "code": "4624", "kind": "event", "category": ["authentication"], "type": ["start"], "action": "logged-in", "outcome": "success"}, "user": {"name": "carter.l", "domain": "CORP"}, "source": {"ip": "10.0.0.52"}, "related": {"user": ["carter.l"], "ip": ["10.0.0.52"]}}
{"@timestamp": "2026-06-16T12:55:24.128000Z", "message": "A new process has been created. Process: C:\\Program Files\\Microsoft\\Teams\\current\\Teams.exe  Command: C:\\Program Files\\Microsoft\\Teams\\current\\Teams.exe", "log": {"level": "information"}, "host": {"name": "WS01", "hostname": "WS01", "ip": ["10.0.0.51"], "os": {"type": "windows", "name": "Windows 10 Enterprise", "family": "windows"}, "architecture": "x86_64"}, "agent": {"type": "winlogbeat", "version": "8.14.3", "name": "WS01"}, "ecs": {"version": "8.11.0"}, "winlog": {"channel": "Security", "event_id": 4688, "provider_name": "Microsoft-Windows-Security-Auditing", "computer_name": "WS01.corp.local", "event_data": {"SubjectUserName": "brown.k", "SubjectDomainName": "CORP", "NewProcessName": "C:\\Program Files\\Microsoft\\Teams\\current\\Teams.exe", "CommandLine": "C:\\Program Files\\Microsoft\\Teams\\current\\Teams.exe", "ParentProcessName": "C:\\Windows\\explorer.exe"}}, "event": {"module": "security", "dataset": "windows.security", "provider": "Microsoft-Windows-Security-Auditing", "code": "4688", "kind": "event", "category": ["process"], "type": ["start"], "action": "created-process"}, "user": {"name": "brown.k", "domain": "CORP"}, "process": {"name": "Teams.exe", "executable": "C:\\Program Files\\Microsoft\\Teams\\current\\Teams.exe", "command_line": "C:\\Program Files\\Microsoft\\Teams\\current\\Teams.exe", "parent": {"executable": "C:\\Windows\\explorer.exe", "name": "explorer.exe"}}, "related": {"user": ["brown.k"]}}
{"@timestamp": "2026-06-16T12:59:25.431000Z", "message": "A new process has been created. Process: C:\\Program Files\\Microsoft Office\\root\\Office16\\OUTLOOK.EXE  Command: C:\\Program Files\\Microsoft Office\\root\\Office16\\OUTLOOK.EXE", "log": {"level": "information"}, "host": {"name": "WS04", "hostname": "WS04", "ip": ["10.0.0.54"], "os": {"type": "windows", "name": "Windows 10 Enterprise", "family": "windows"}, "architecture": "x86_64"}, "agent": {"type": "winlogbeat", "version": "8.14.3", "name": "WS04"}, "ecs": {"version": "8.11.0"}, "winlog": {"channel": "Security", "event_id": 4688, "provider_name": "Microsoft-Windows-Security-Auditing", "computer_name": "WS04.corp.local", "event_data": {"SubjectUserName": "gray.r", "SubjectDomainName": "CORP", "NewProcessName": "C:\\Program Files\\Microsoft Office\\root\\Office16\\OUTLOOK.EXE", "CommandLine": "C:\\Program Files\\Microsoft Office\\root\\Office16\\OUTLOOK.EXE", "ParentProcessName": "C:\\Windows\\explorer.exe"}}, "event": {"module": "security", "dataset": "windows.security", "provider": "Microsoft-Windows-Security-Auditing", "code": "4688", "kind": "event", "category": ["process"], "type": ["start"], "action": "created-process"}, "user": {"name": "gray.r", "domain": "CORP"}, "process": {"name": "OUTLOOK.EXE", "executable": "C:\\Program Files\\Microsoft Office\\root\\Office16\\OUTLOOK.EXE", "command_line": "C:\\Program Files\\Microsoft Office\\root\\Office16\\OUTLOOK.EXE", "parent": {"executable": "C:\\Windows\\explorer.exe", "name": "explorer.exe"}}, "related": {"user": ["gray.r"]}}
{"@timestamp": "2026-06-16T13:01:42.059000Z", "message": "An account was successfully logged on. Account: CORP\\jones.w  Logon Type: 7 (Unlock)  Source: local", "log": {"level": "information"}, "host": {"name": "WS01", "hostname": "WS01", "ip": ["10.0.0.51"], "os": {"type": "windows", "name": "Windows 10 Enterprise", "family": "windows"}, "architecture": "x86_64"}, "agent": {"type": "winlogbeat", "version": "8.14.3", "name": "WS01"}, "ecs": {"version": "8.11.0"}, "winlog": {"channel": "Security", "event_id": 4624, "provider_name": "Microsoft-Windows-Security-Auditing", "computer_name": "WS01.corp.local", "event_data": {"TargetUserName": "jones.w", "TargetDomainName": "CORP", "LogonType": "7", "LogonProcessName": "User32 ", "AuthenticationPackageName": "Negotiate", "WorkstationName": "WS01", "IpAddress": "-"}}, "event": {"module": "security", "dataset": "windows.security", "provider": "Microsoft-Windows-Security-Auditing", "code": "4624", "kind": "event", "category": ["authentication"], "type": ["start"], "action": "logged-in", "outcome": "success"}, "user": {"name": "jones.w", "domain": "CORP"}, "related": {"user": ["jones.w"]}}
{"@timestamp": "2026-06-16T13:11:23.398000Z", "message": "Network connection detected: Image: C:\\Program Files\\Google\\Chrome\\Application\\chrome.exe  DestinationIp: 52.96.0.1  DestinationPort: 443", "log": {"level": "information"}, "host": {"name": "WS02", "hostname": "WS02", "ip": ["10.0.0.52"], "os": {"type": "windows", "name": "Windows 10 Enterprise", "family": "windows"}, "architecture": "x86_64"}, "agent": {"type": "winlogbeat", "version": "8.14.3", "name": "WS02"}, "ecs": {"version": "8.11.0"}, "winlog": {"channel": "Microsoft-Windows-Sysmon/Operational", "event_id": 3, "provider_name": "Microsoft-Windows-Sysmon", "computer_name": "WS02.corp.local", "provider_guid": "{5770385f-c22a-43e0-bf4c-06f5698ffbd9}", "event_data": {"RuleName": "-", "UtcTime": "2026-06-16 13:11:23.000", "ProcessGuid": "{a23eae89-0492-5903-0000-00102ecd451f00}", "ProcessId": "5968", "Image": "C:\\Program Files\\Google\\Chrome\\Application\\chrome.exe", "User": "CORP\\irwin.t", "Protocol": "tcp", "Initiated": "true", "SourceIsIpv6": "false", "SourceIp": "10.0.0.52", "SourceHostname": "WS02.corp.local", "SourcePort": "61559", "SourcePortName": "", "DestinationIsIpv6": "false", "DestinationIp": "52.96.0.1", "DestinationHostname": "", "DestinationPort": "443", "DestinationPortName": ""}}, "event": {"module": "sysmon", "dataset": "windows.sysmon_operational", "provider": "Microsoft-Windows-Sysmon", "code": "3", "kind": "event", "category": ["network"], "type": ["connection", "start", "protocol"], "action": "network-connection"}, "user": {"name": "irwin.t", "domain": "CORP"}, "source": {"ip": "10.0.0.52", "port": 49282}, "destination": {"ip": "52.96.0.1", "port": 443}, "network": {"transport": "tcp", "direction": "egress"}, "process": {"name": "chrome.exe", "executable": "C:\\Program Files\\Google\\Chrome\\Application\\chrome.exe", "entity_id": "{a23eae89-0492-5903-0000-00102ecd451f00}"}, "related": {"user": ["irwin.t"], "ip": ["10.0.0.52", "52.96.0.1"]}}
{"@timestamp": "2026-06-16T13:22:31.388000Z", "message": "Dns query: QueryName: teams.microsoft.com  QueryResults: 52.113.194.132  Image: C:\\Program Files\\Google\\Chrome\\Application\\chrome.exe", "log": {"level": "information"}, "host": {"name": "WS01", "hostname": "WS01", "ip": ["10.0.0.51"], "os": {"type": "windows", "name": "Windows 10 Enterprise", "family": "windows"}, "architecture": "x86_64"}, "agent": {"type": "winlogbeat", "version": "8.14.3", "name": "WS01"}, "ecs": {"version": "8.11.0"}, "winlog": {"channel": "Microsoft-Windows-Sysmon/Operational", "event_id": 22, "provider_name": "Microsoft-Windows-Sysmon", "computer_name": "WS01.corp.local", "provider_guid": "{5770385f-c22a-43e0-bf4c-06f5698ffbd9}", "event_data": {"RuleName": "-", "UtcTime": "2026-06-16 13:22:31.000", "ProcessGuid": "{a23eae89-1d01-5903-0000-001072cfedb400}", "ProcessId": "5804", "QueryName": "teams.microsoft.com", "QueryStatus": "0", "QueryResults": "52.113.194.132;", "Image": "C:\\Program Files\\Google\\Chrome\\Application\\chrome.exe", "User": "CORP\\brown.k"}}, "event": {"module": "sysmon", "dataset": "windows.sysmon_operational", "provider": "Microsoft-Windows-Sysmon", "code": "22", "kind": "event", "category": ["network"], "type": ["connection", "protocol", "info"], "action": "dns-query"}, "user": {"name": "brown.k", "domain": "CORP"}, "dns": {"question": {"name": "teams.microsoft.com"}, "resolved_ip": ["52.113.194.132"]}, "process": {"name": "chrome.exe", "executable": "C:\\Program Files\\Google\\Chrome\\Application\\chrome.exe", "entity_id": "{a23eae89-1d01-5903-0000-001072cfedb400}"}, "related": {"user": ["brown.k"], "ip": ["52.113.194.132"]}}
{"@timestamp": "2026-06-16T13:24:25.070000Z", "message": "An account was successfully logged on. Account: CORP\\adkins.j  Logon Type: 7 (Unlock)  Source: local", "log": {"level": "information"}, "host": {"name": "WS01", "hostname": "WS01", "ip": ["10.0.0.51"], "os": {"type": "windows", "name": "Windows 10 Enterprise", "family": "windows"}, "architecture": "x86_64"}, "agent": {"type": "winlogbeat", "version": "8.14.3", "name": "WS01"}, "ecs": {"version": "8.11.0"}, "winlog": {"channel": "Security", "event_id": 4624, "provider_name": "Microsoft-Windows-Security-Auditing", "computer_name": "WS01.corp.local", "event_data": {"TargetUserName": "adkins.j", "TargetDomainName": "CORP", "LogonType": "7", "LogonProcessName": "User32 ", "AuthenticationPackageName": "Negotiate", "WorkstationName": "WS01", "IpAddress": "-"}}, "event": {"module": "security", "dataset": "windows.security", "provider": "Microsoft-Windows-Security-Auditing", "code": "4624", "kind": "event", "category": ["authentication"], "type": ["start"], "action": "logged-in", "outcome": "success"}, "user": {"name": "adkins.j", "domain": "CORP"}, "related": {"user": ["adkins.j"]}}
{"@timestamp": "2026-06-16T13:27:50.163000Z", "message": "Dns query: QueryName: www.google.com  QueryResults: 142.250.80.4  Image: C:\\Program Files\\Google\\Chrome\\Application\\chrome.exe", "log": {"level": "information"}, "host": {"name": "WS02", "hostname": "WS02", "ip": ["10.0.0.52"], "os": {"type": "windows", "name": "Windows 10 Enterprise", "family": "windows"}, "architecture": "x86_64"}, "agent": {"type": "winlogbeat", "version": "8.14.3", "name": "WS02"}, "ecs": {"version": "8.11.0"}, "winlog": {"channel": "Microsoft-Windows-Sysmon/Operational", "event_id": 22, "provider_name": "Microsoft-Windows-Sysmon", "computer_name": "WS02.corp.local", "provider_guid": "{5770385f-c22a-43e0-bf4c-06f5698ffbd9}", "event_data": {"RuleName": "-", "UtcTime": "2026-06-16 13:27:50.000", "ProcessGuid": "{a23eae89-5212-5903-0000-00102125b7c100}", "ProcessId": "5842", "QueryName": "www.google.com", "QueryStatus": "0", "QueryResults": "142.250.80.4;", "Image": "C:\\Program Files\\Google\\Chrome\\Application\\chrome.exe", "User": "CORP\\diaz.m"}}, "event": {"module": "sysmon", "dataset": "windows.sysmon_operational", "provider": "Microsoft-Windows-Sysmon", "code": "22", "kind": "event", "category": ["network"], "type": ["connection", "protocol", "info"], "action": "dns-query"}, "user": {"name": "diaz.m", "domain": "CORP"}, "dns": {"question": {"name": "www.google.com"}, "resolved_ip": ["142.250.80.4"]}, "process": {"name": "chrome.exe", "executable": "C:\\Program Files\\Google\\Chrome\\Application\\chrome.exe", "entity_id": "{a23eae89-5212-5903-0000-00102125b7c100}"}, "related": {"user": ["diaz.m"], "ip": ["142.250.80.4"]}}
{"@timestamp": "2026-06-16T13:30:03.281000Z", "message": "An account was successfully logged on. Account: CORP\\svc_sql  Logon Type: 5 (Service)  Source: local", "log": {"level": "information"}, "host": {"name": "APP01", "hostname": "APP01", "ip": ["10.0.0.21"], "os": {"type": "windows", "name": "Windows Server 2022", "family": "windows"}, "architecture": "x86_64"}, "agent": {"type": "winlogbeat", "version": "8.14.3", "name": "APP01"}, "ecs": {"version": "8.11.0"}, "winlog": {"channel": "Security", "event_id": 4624, "provider_name": "Microsoft-Windows-Security-Auditing", "computer_name": "APP01.corp.local", "event_data": {"TargetUserName": "svc_sql", "TargetDomainName": "CORP", "LogonType": "5", "LogonProcessName": "User32 ", "AuthenticationPackageName": "Negotiate", "WorkstationName": "APP01", "IpAddress": "-"}}, "event": {"module": "security", "dataset": "windows.security", "provider": "Microsoft-Windows-Security-Auditing", "code": "4624", "kind": "event", "category": ["authentication"], "type": ["start"], "action": "logged-in", "outcome": "success"}, "user": {"name": "svc_sql", "domain": "CORP"}, "related": {"user": ["svc_sql"]}}
{"@timestamp": "2026-06-16T13:32:51.856000Z", "message": "A Kerberos service ticket was requested. Account: CORP\\hill.s  Service: FS01$", "log": {"level": "information"}, "host": {"name": "DC01", "hostname": "DC01", "ip": ["10.0.0.10"], "os": {"type": "windows", "name": "Windows Server 2022", "family": "windows"}, "architecture": "x86_64"}, "agent": {"type": "winlogbeat", "version": "8.14.3", "name": "DC01"}, "ecs": {"version": "8.11.0"}, "winlog": {"channel": "Security", "event_id": 4769, "provider_name": "Microsoft-Windows-Security-Auditing", "computer_name": "DC01.corp.local", "event_data": {"TargetUserName": "hill.s", "TargetDomainName": "CORP", "TicketEncryptionType": "0x12", "ServiceName": "FS01$"}}, "event": {"module": "security", "dataset": "windows.security", "provider": "Microsoft-Windows-Security-Auditing", "code": "4769", "kind": "event", "category": ["authentication"], "type": ["start"]}, "user": {"name": "hill.s", "domain": "CORP"}, "related": {"user": ["hill.s"]}}
{"@timestamp": "2026-06-16T13:35:53.698000Z", "message": "An account failed to log on. Account: CORP\\hill.s  Logon Type: 2 (Interactive)  Status: 0xC000006D  Sub Status: 0xC000006A  Source: local", "log": {"level": "information"}, "host": {"name": "WS04", "hostname": "WS04", "ip": ["10.0.0.54"], "os": {"type": "windows", "name": "Windows 10 Enterprise", "family": "windows"}, "architecture": "x86_64"}, "agent": {"type": "winlogbeat", "version": "8.14.3", "name": "WS04"}, "ecs": {"version": "8.11.0"}, "winlog": {"channel": "Security", "event_id": 4625, "provider_name": "Microsoft-Windows-Security-Auditing", "computer_name": "WS04.corp.local", "event_data": {"TargetUserName": "hill.s", "TargetDomainName": "CORP", "LogonType": "2", "Status": "0xC000006D", "SubStatus": "0xC000006A", "FailureReason": "Unknown user name or bad password.", "LogonProcessName": "User32 ", "AuthenticationPackageName": "Negotiate", "WorkstationName": "WS04", "IpAddress": "-"}}, "event": {"module": "security", "dataset": "windows.security", "provider": "Microsoft-Windows-Security-Auditing", "code": "4625", "kind": "event", "category": ["authentication"], "type": ["start"], "action": "logon-failed", "outcome": "failure"}, "user": {"name": "hill.s", "domain": "CORP"}, "related": {"user": ["hill.s"]}}
{"@timestamp": "2026-06-16T13:41:39.494000Z", "message": "A Kerberos service ticket was requested. Account: CORP\\jones.w  Service: FS01$", "log": {"level": "information"}, "host": {"name": "DC01", "hostname": "DC01", "ip": ["10.0.0.10"], "os": {"type": "windows", "name": "Windows Server 2022", "family": "windows"}, "architecture": "x86_64"}, "agent": {"type": "winlogbeat", "version": "8.14.3", "name": "DC01"}, "ecs": {"version": "8.11.0"}, "winlog": {"channel": "Security", "event_id": 4769, "provider_name": "Microsoft-Windows-Security-Auditing", "computer_name": "DC01.corp.local", "event_data": {"TargetUserName": "jones.w", "TargetDomainName": "CORP", "TicketEncryptionType": "0x12", "ServiceName": "FS01$"}}, "event": {"module": "security", "dataset": "windows.security", "provider": "Microsoft-Windows-Security-Auditing", "code": "4769", "kind": "event", "category": ["authentication"], "type": ["start"]}, "user": {"name": "jones.w", "domain": "CORP"}, "related": {"user": ["jones.w"]}}
{"@timestamp": "2026-06-16T13:43:41.026000Z", "message": "Kerberos pre-authentication failed. Account: CORP\\hill.s", "log": {"level": "information"}, "host": {"name": "DC01", "hostname": "DC01", "ip": ["10.0.0.10"], "os": {"type": "windows", "name": "Windows Server 2022", "family": "windows"}, "architecture": "x86_64"}, "agent": {"type": "winlogbeat", "version": "8.14.3", "name": "DC01"}, "ecs": {"version": "8.11.0"}, "winlog": {"channel": "Security", "event_id": 4771, "provider_name": "Microsoft-Windows-Security-Auditing", "computer_name": "DC01.corp.local", "event_data": {"TargetUserName": "hill.s", "TargetDomainName": "CORP", "Status": "0x18"}}, "event": {"module": "security", "dataset": "windows.security", "provider": "Microsoft-Windows-Security-Auditing", "code": "4771", "kind": "event", "category": ["authentication"], "type": ["info"], "outcome": "failure"}, "user": {"name": "hill.s", "domain": "CORP"}, "related": {"user": ["hill.s"]}}
{"@timestamp": "2026-06-16T13:48:12.687000Z", "message": "An account was successfully logged on. Account: CORP\\irwin.t  Logon Type: 3 (Network)  Source: 10.0.0.52", "log": {"level": "information"}, "host": {"name": "FS01", "hostname": "FS01", "ip": ["10.0.0.20"], "os": {"type": "windows", "name": "Windows Server 2022", "family": "windows"}, "architecture": "x86_64"}, "agent": {"type": "winlogbeat", "version": "8.14.3", "name": "FS01"}, "ecs": {"version": "8.11.0"}, "winlog": {"channel": "Security", "event_id": 4624, "provider_name": "Microsoft-Windows-Security-Auditing", "computer_name": "FS01.corp.local", "event_data": {"TargetUserName": "irwin.t", "TargetDomainName": "CORP", "LogonType": "3", "LogonProcessName": "NtLmSsp ", "AuthenticationPackageName": "NTLM", "WorkstationName": "WS02", "IpAddress": "10.0.0.52", "IpPort": "40757"}}, "event": {"module": "security", "dataset": "windows.security", "provider": "Microsoft-Windows-Security-Auditing", "code": "4624", "kind": "event", "category": ["authentication"], "type": ["start"], "action": "logged-in", "outcome": "success"}, "user": {"name": "irwin.t", "domain": "CORP"}, "source": {"ip": "10.0.0.52"}, "related": {"user": ["irwin.t"], "ip": ["10.0.0.52"]}}
{"@timestamp": "2026-06-16T13:49:32.429000Z", "message": "An account was successfully logged on. Account: CORP\\adkins.j  Logon Type: 7 (Unlock)  Source: local", "log": {"level": "information"}, "host": {"name": "WS01", "hostname": "WS01", "ip": ["10.0.0.51"], "os": {"type": "windows", "name": "Windows 10 Enterprise", "family": "windows"}, "architecture": "x86_64"}, "agent": {"type": "winlogbeat", "version": "8.14.3", "name": "WS01"}, "ecs": {"version": "8.11.0"}, "winlog": {"channel": "Security", "event_id": 4624, "provider_name": "Microsoft-Windows-Security-Auditing", "computer_name": "WS01.corp.local", "event_data": {"TargetUserName": "adkins.j", "TargetDomainName": "CORP", "LogonType": "7", "LogonProcessName": "User32 ", "AuthenticationPackageName": "Negotiate", "WorkstationName": "WS01", "IpAddress": "-"}}, "event": {"module": "security", "dataset": "windows.security", "provider": "Microsoft-Windows-Security-Auditing", "code": "4624", "kind": "event", "category": ["authentication"], "type": ["start"], "action": "logged-in", "outcome": "success"}, "user": {"name": "adkins.j", "domain": "CORP"}, "related": {"user": ["adkins.j"]}}
{"@timestamp": "2026-06-16T13:52:32.747000Z", "message": "A new process has been created. Process: C:\\Windows\\System32\\notepad.exe  Command: C:\\Windows\\System32\\notepad.exe", "log": {"level": "information"}, "host": {"name": "WS04", "hostname": "WS04", "ip": ["10.0.0.54"], "os": {"type": "windows", "name": "Windows 10 Enterprise", "family": "windows"}, "architecture": "x86_64"}, "agent": {"type": "winlogbeat", "version": "8.14.3", "name": "WS04"}, "ecs": {"version": "8.11.0"}, "winlog": {"channel": "Security", "event_id": 4688, "provider_name": "Microsoft-Windows-Security-Auditing", "computer_name": "WS04.corp.local", "event_data": {"SubjectUserName": "gray.r", "SubjectDomainName": "CORP", "NewProcessName": "C:\\Windows\\System32\\notepad.exe", "CommandLine": "C:\\Windows\\System32\\notepad.exe", "ParentProcessName": "C:\\Windows\\explorer.exe"}}, "event": {"module": "security", "dataset": "windows.security", "provider": "Microsoft-Windows-Security-Auditing", "code": "4688", "kind": "event", "category": ["process"], "type": ["start"], "action": "created-process"}, "user": {"name": "gray.r", "domain": "CORP"}, "process": {"name": "notepad.exe", "executable": "C:\\Windows\\System32\\notepad.exe", "command_line": "C:\\Windows\\System32\\notepad.exe", "parent": {"executable": "C:\\Windows\\explorer.exe", "name": "explorer.exe"}}, "related": {"user": ["gray.r"]}}
{"@timestamp": "2026-06-16T13:53:00.806000Z", "message": "Process Create: Image: C:\\Program Files\\Microsoft\\Teams\\current\\Teams.exe  CommandLine: \"Teams.exe\"  ParentImage: C:\\Windows\\explorer.exe", "log": {"level": "information"}, "host": {"name": "WS03", "hostname": "WS03", "ip": ["10.0.0.53"], "os": {"type": "windows", "name": "Windows 10 Enterprise", "family": "windows"}, "architecture": "x86_64"}, "agent": {"type": "winlogbeat", "version": "8.14.3", "name": "WS03"}, "ecs": {"version": "8.11.0"}, "winlog": {"channel": "Microsoft-Windows-Sysmon/Operational", "event_id": 1, "provider_name": "Microsoft-Windows-Sysmon", "computer_name": "WS03.corp.local", "provider_guid": "{5770385f-c22a-43e0-bf4c-06f5698ffbd9}", "event_data": {"RuleName": "-", "UtcTime": "2026-06-16 13:53:00.000", "ProcessGuid": "{a23eae89-6017-5903-0000-0010a8d869b600}", "ProcessId": "5181", "Image": "C:\\Program Files\\Microsoft\\Teams\\current\\Teams.exe", "FileVersion": "-", "Description": "-", "Product": "-", "Company": "-", "OriginalFileName": "Teams.exe", "CommandLine": "\"Teams.exe\"", "CurrentDirectory": "C:\\Windows\\system32\\", "User": "CORP\\evans.n", "LogonGuid": "{a23eae89-2bfd-5903-0000-00103048812300}", "LogonId": "0x5c8e25", "TerminalSessionId": "1", "IntegrityLevel": "Medium", "Hashes": "SHA1=82E19861B01648766FC2F57ED82AE384882A83FD,MD5=075B78011B284DBABDD4B8E9CF707554,SHA256=2FAF3F5DD583D5D399B5A7C6CDDA8007274489AD31533FAE916CDD2300447AEC", "ParentProcessGuid": "{a23eae89-b99c-5903-0000-00106978873e00}", "ParentProcessId": "5210", "ParentImage": "C:\\Windows\\explorer.exe", "ParentCommandLine": "explorer.exe", "ParentUser": "CORP\\evans.n"}}, "event": {"module": "sysmon", "dataset": "windows.sysmon_operational", "provider": "Microsoft-Windows-Sysmon", "code": "1", "kind": "event", "category": ["process"], "type": ["start"], "action": "process-creation"}, "user": {"name": "evans.n", "domain": "CORP"}, "process": {"name": "Teams.exe", "executable": "C:\\Program Files\\Microsoft\\Teams\\current\\Teams.exe", "command_line": "\"Teams.exe\"", "entity_id": "{a23eae89-6017-5903-0000-0010a8d869b600}", "pid": 5181, "parent": {"executable": "C:\\Windows\\explorer.exe", "name": "explorer.exe", "command_line": "explorer.exe", "pid": 5210}}, "related": {"user": ["evans.n"], "hash": ["82E19861B01648766FC2F57ED82AE384882A83FD", "075B78011B284DBABDD4B8E9CF707554", "2FAF3F5DD583D5D399B5A7C6CDDA8007274489AD31533FAE916CDD2300447AEC"]}}
{"@timestamp": "2026-06-16T13:55:29.996000Z", "message": "File created: Image: C:\\Program Files\\Google\\Chrome\\Application\\chrome.exe  TargetFilename: C:\\Users\\diaz.m\\Downloads\\report_98.pdf", "log": {"level": "information"}, "host": {"name": "WS02", "hostname": "WS02", "ip": ["10.0.0.52"], "os": {"type": "windows", "name": "Windows 10 Enterprise", "family": "windows"}, "architecture": "x86_64"}, "agent": {"type": "winlogbeat", "version": "8.14.3", "name": "WS02"}, "ecs": {"version": "8.11.0"}, "winlog": {"channel": "Microsoft-Windows-Sysmon/Operational", "event_id": 11, "provider_name": "Microsoft-Windows-Sysmon", "computer_name": "WS02.corp.local", "provider_guid": "{5770385f-c22a-43e0-bf4c-06f5698ffbd9}", "event_data": {"RuleName": "-", "UtcTime": "2026-06-16 13:55:29.000", "ProcessGuid": "{a23eae89-15ed-5903-0000-00107ffbe16200}", "ProcessId": "6203", "Image": "C:\\Program Files\\Google\\Chrome\\Application\\chrome.exe", "TargetFilename": "C:\\Users\\diaz.m\\Downloads\\report_98.pdf", "CreationUtcTime": "2026-06-16 13:55:29.000", "User": "CORP\\diaz.m"}}, "event": {"module": "sysmon", "dataset": "windows.sysmon_operational", "provider": "Microsoft-Windows-Sysmon", "code": "11", "kind": "event", "category": ["file"], "type": ["creation"], "action": "file-create"}, "user": {"name": "diaz.m", "domain": "CORP"}, "file": {"path": "C:\\Users\\diaz.m\\Downloads\\report_98.pdf", "name": "report_98.pdf"}, "related": {"user": ["diaz.m"]}}
{"@timestamp": "2026-06-16T13:57:48.134000Z", "message": "Network connection detected: Image: C:\\Program Files\\Google\\Chrome\\Application\\chrome.exe  DestinationIp: 52.113.194.132  DestinationPort: 443", "log": {"level": "information"}, "host": {"name": "WS03", "hostname": "WS03", "ip": ["10.0.0.53"], "os": {"type": "windows", "name": "Windows 10 Enterprise", "family": "windows"}, "architecture": "x86_64"}, "agent": {"type": "winlogbeat", "version": "8.14.3", "name": "WS03"}, "ecs": {"version": "8.11.0"}, "winlog": {"channel": "Microsoft-Windows-Sysmon/Operational", "event_id": 3, "provider_name": "Microsoft-Windows-Sysmon", "computer_name": "WS03.corp.local", "provider_guid": "{5770385f-c22a-43e0-bf4c-06f5698ffbd9}", "event_data": {"RuleName": "-", "UtcTime": "2026-06-16 13:57:48.000", "ProcessGuid": "{a23eae89-6f3b-5903-0000-0010569a5ef100}", "ProcessId": "6095", "Image": "C:\\Program Files\\Google\\Chrome\\Application\\chrome.exe", "User": "CORP\\evans.n", "Protocol": "tcp", "Initiated": "true", "SourceIsIpv6": "false", "SourceIp": "10.0.0.53", "SourceHostname": "WS03.corp.local", "SourcePort": "54422", "SourcePortName": "", "DestinationIsIpv6": "false", "DestinationIp": "52.113.194.132", "DestinationHostname": "", "DestinationPort": "443", "DestinationPortName": ""}}, "event": {"module": "sysmon", "dataset": "windows.sysmon_operational", "provider": "Microsoft-Windows-Sysmon", "code": "3", "kind": "event", "category": ["network"], "type": ["connection", "start", "protocol"], "action": "network-connection"}, "user": {"name": "evans.n", "domain": "CORP"}, "source": {"ip": "10.0.0.53", "port": 61860}, "destination": {"ip": "52.113.194.132", "port": 443}, "network": {"transport": "tcp", "direction": "egress"}, "process": {"name": "chrome.exe", "executable": "C:\\Program Files\\Google\\Chrome\\Application\\chrome.exe", "entity_id": "{a23eae89-6f3b-5903-0000-0010569a5ef100}"}, "related": {"user": ["evans.n"], "ip": ["10.0.0.53", "52.113.194.132"]}}
{"@timestamp": "2026-06-16T13:57:55.096000Z", "message": "File created: Image: C:\\Program Files\\Google\\Chrome\\Application\\chrome.exe  TargetFilename: C:\\Users\\irwin.t\\Downloads\\report_346.pdf", "log": {"level": "information"}, "host": {"name": "WS02", "hostname": "WS02", "ip": ["10.0.0.52"], "os": {"type": "windows", "name": "Windows 10 Enterprise", "family": "windows"}, "architecture": "x86_64"}, "agent": {"type": "winlogbeat", "version": "8.14.3", "name": "WS02"}, "ecs": {"version": "8.11.0"}, "winlog": {"channel": "Microsoft-Windows-Sysmon/Operational", "event_id": 11, "provider_name": "Microsoft-Windows-Sysmon", "computer_name": "WS02.corp.local", "provider_guid": "{5770385f-c22a-43e0-bf4c-06f5698ffbd9}", "event_data": {"RuleName": "-", "UtcTime": "2026-06-16 13:57:55.000", "ProcessGuid": "{a23eae89-15ed-5903-0000-00107ffbe16200}", "ProcessId": "6254", "Image": "C:\\Program Files\\Google\\Chrome\\Application\\chrome.exe", "TargetFilename": "C:\\Users\\irwin.t\\Downloads\\report_346.pdf", "CreationUtcTime": "2026-06-16 13:57:55.000", "User": "CORP\\irwin.t"}}, "event": {"module": "sysmon", "dataset": "windows.sysmon_operational", "provider": "Microsoft-Windows-Sysmon", "code": "11", "kind": "event", "category": ["file"], "type": ["creation"], "action": "file-create"}, "user": {"name": "irwin.t", "domain": "CORP"}, "file": {"path": "C:\\Users\\irwin.t\\Downloads\\report_346.pdf", "name": "report_346.pdf"}, "related": {"user": ["irwin.t"]}}
{"@timestamp": "2026-06-16T14:00:05.439000Z", "message": "An account was successfully logged on. Account: CORP\\svc_backup  Logon Type: 5 (Service)  Source: local", "log": {"level": "information"}, "host": {"name": "FS01", "hostname": "FS01", "ip": ["10.0.0.20"], "os": {"type": "windows", "name": "Windows Server 2022", "family": "windows"}, "architecture": "x86_64"}, "agent": {"type": "winlogbeat", "version": "8.14.3", "name": "FS01"}, "ecs": {"version": "8.11.0"}, "winlog": {"channel": "Security", "event_id": 4624, "provider_name": "Microsoft-Windows-Security-Auditing", "computer_name": "FS01.corp.local", "event_data": {"TargetUserName": "svc_backup", "TargetDomainName": "CORP", "LogonType": "5", "LogonProcessName": "User32 ", "AuthenticationPackageName": "Negotiate", "WorkstationName": "FS01", "IpAddress": "-"}}, "event": {"module": "security", "dataset": "windows.security", "provider": "Microsoft-Windows-Security-Auditing", "code": "4624", "kind": "event", "category": ["authentication"], "type": ["start"], "action": "logged-in", "outcome": "success"}, "user": {"name": "svc_backup", "domain": "CORP"}, "related": {"user": ["svc_backup"]}}
{"@timestamp": "2026-06-16T14:00:08.995000Z", "message": "An account was successfully logged on. Account: CORP\\svc_backup  Logon Type: 5 (Service)  Source: local", "log": {"level": "information"}, "host": {"name": "APP01", "hostname": "APP01", "ip": ["10.0.0.21"], "os": {"type": "windows", "name": "Windows Server 2022", "family": "windows"}, "architecture": "x86_64"}, "agent": {"type": "winlogbeat", "version": "8.14.3", "name": "APP01"}, "ecs": {"version": "8.11.0"}, "winlog": {"channel": "Security", "event_id": 4624, "provider_name": "Microsoft-Windows-Security-Auditing", "computer_name": "APP01.corp.local", "event_data": {"TargetUserName": "svc_backup", "TargetDomainName": "CORP", "LogonType": "5", "LogonProcessName": "User32 ", "AuthenticationPackageName": "Negotiate", "WorkstationName": "APP01", "IpAddress": "-"}}, "event": {"module": "security", "dataset": "windows.security", "provider": "Microsoft-Windows-Security-Auditing", "code": "4624", "kind": "event", "category": ["authentication"], "type": ["start"], "action": "logged-in", "outcome": "success"}, "user": {"name": "svc_backup", "domain": "CORP"}, "related": {"user": ["svc_backup"]}}
{"@timestamp": "2026-06-16T14:03:13.587000Z", "message": "A new process has been created. Process: C:\\Program Files\\Microsoft\\Teams\\current\\Teams.exe  Command: C:\\Program Files\\Microsoft\\Teams\\current\\Teams.exe", "log": {"level": "information"}, "host": {"name": "WS03", "hostname": "WS03", "ip": ["10.0.0.53"], "os": {"type": "windows", "name": "Windows 10 Enterprise", "family": "windows"}, "architecture": "x86_64"}, "agent": {"type": "winlogbeat", "version": "8.14.3", "name": "WS03"}, "ecs": {"version": "8.11.0"}, "winlog": {"channel": "Security", "event_id": 4688, "provider_name": "Microsoft-Windows-Security-Auditing", "computer_name": "WS03.corp.local", "event_data": {"SubjectUserName": "foster.p", "SubjectDomainName": "CORP", "NewProcessName": "C:\\Program Files\\Microsoft\\Teams\\current\\Teams.exe", "CommandLine": "C:\\Program Files\\Microsoft\\Teams\\current\\Teams.exe", "ParentProcessName": "C:\\Windows\\explorer.exe"}}, "event": {"module": "security", "dataset": "windows.security", "provider": "Microsoft-Windows-Security-Auditing", "code": "4688", "kind": "event", "category": ["process"], "type": ["start"], "action": "created-process"}, "user": {"name": "foster.p", "domain": "CORP"}, "process": {"name": "Teams.exe", "executable": "C:\\Program Files\\Microsoft\\Teams\\current\\Teams.exe", "command_line": "C:\\Program Files\\Microsoft\\Teams\\current\\Teams.exe", "parent": {"executable": "C:\\Windows\\explorer.exe", "name": "explorer.exe"}}, "related": {"user": ["foster.p"]}}
{"@timestamp": "2026-06-16T14:05:39.739000Z", "message": "Dns query: QueryName: update.microsoft.com  QueryResults: 104.75.1.1  Image: C:\\Program Files\\Google\\Chrome\\Application\\chrome.exe", "log": {"level": "information"}, "host": {"name": "WS02", "hostname": "WS02", "ip": ["10.0.0.52"], "os": {"type": "windows", "name": "Windows 10 Enterprise", "family": "windows"}, "architecture": "x86_64"}, "agent": {"type": "winlogbeat", "version": "8.14.3", "name": "WS02"}, "ecs": {"version": "8.11.0"}, "winlog": {"channel": "Microsoft-Windows-Sysmon/Operational", "event_id": 22, "provider_name": "Microsoft-Windows-Sysmon", "computer_name": "WS02.corp.local", "provider_guid": "{5770385f-c22a-43e0-bf4c-06f5698ffbd9}", "event_data": {"RuleName": "-", "UtcTime": "2026-06-16 14:05:39.000", "ProcessGuid": "{a23eae89-0b9a-5903-0000-0010cf032b4e00}", "ProcessId": "5770", "QueryName": "update.microsoft.com", "QueryStatus": "0", "QueryResults": "104.75.1.1;", "Image": "C:\\Program Files\\Google\\Chrome\\Application\\chrome.exe", "User": "CORP\\irwin.t"}}, "event": {"module": "sysmon", "dataset": "windows.sysmon_operational", "provider": "Microsoft-Windows-Sysmon", "code": "22", "kind": "event", "category": ["network"], "type": ["connection", "protocol", "info"], "action": "dns-query"}, "user": {"name": "irwin.t", "domain": "CORP"}, "dns": {"question": {"name": "update.microsoft.com"}, "resolved_ip": ["104.75.1.1"]}, "process": {"name": "chrome.exe", "executable": "C:\\Program Files\\Google\\Chrome\\Application\\chrome.exe", "entity_id": "{a23eae89-0b9a-5903-0000-0010cf032b4e00}"}, "related": {"user": ["irwin.t"], "ip": ["104.75.1.1"]}}
{"@timestamp": "2026-06-16T14:12:06.409000Z", "message": "An account was successfully logged on. Account: CORP\\diaz.m  Logon Type: 3 (Network)  Source: 10.0.0.52", "log": {"level": "information"}, "host": {"name": "FS01", "hostname": "FS01", "ip": ["10.0.0.20"], "os": {"type": "windows", "name": "Windows Server 2022", "family": "windows"}, "architecture": "x86_64"}, "agent": {"type": "winlogbeat", "version": "8.14.3", "name": "FS01"}, "ecs": {"version": "8.11.0"}, "winlog": {"channel": "Security", "event_id": 4624, "provider_name": "Microsoft-Windows-Security-Auditing", "computer_name": "FS01.corp.local", "event_data": {"TargetUserName": "diaz.m", "TargetDomainName": "CORP", "LogonType": "3", "LogonProcessName": "NtLmSsp ", "AuthenticationPackageName": "NTLM", "WorkstationName": "WS02", "IpAddress": "10.0.0.52", "IpPort": "42281"}}, "event": {"module": "security", "dataset": "windows.security", "provider": "Microsoft-Windows-Security-Auditing", "code": "4624", "kind": "event", "category": ["authentication"], "type": ["start"], "action": "logged-in", "outcome": "success"}, "user": {"name": "diaz.m", "domain": "CORP"}, "source": {"ip": "10.0.0.52"}, "related": {"user": ["diaz.m"], "ip": ["10.0.0.52"]}}
{"@timestamp": "2026-06-16T14:16:39.711000Z", "message": "An account was successfully logged on. Account: CORP\\irwin.t  Logon Type: 3 (Network)  Source: 10.0.0.52", "log": {"level": "information"}, "host": {"name": "FS01", "hostname": "FS01", "ip": ["10.0.0.20"], "os": {"type": "windows", "name": "Windows Server 2022", "family": "windows"}, "architecture": "x86_64"}, "agent": {"type": "winlogbeat", "version": "8.14.3", "name": "FS01"}, "ecs": {"version": "8.11.0"}, "winlog": {"channel": "Security", "event_id": 4624, "provider_name": "Microsoft-Windows-Security-Auditing", "computer_name": "FS01.corp.local", "event_data": {"TargetUserName": "irwin.t", "TargetDomainName": "CORP", "LogonType": "3", "LogonProcessName": "NtLmSsp ", "AuthenticationPackageName": "NTLM", "WorkstationName": "WS02", "IpAddress": "10.0.0.52", "IpPort": "53884"}}, "event": {"module": "security", "dataset": "windows.security", "provider": "Microsoft-Windows-Security-Auditing", "code": "4624", "kind": "event", "category": ["authentication"], "type": ["start"], "action": "logged-in", "outcome": "success"}, "user": {"name": "irwin.t", "domain": "CORP"}, "source": {"ip": "10.0.0.52"}, "related": {"user": ["irwin.t"], "ip": ["10.0.0.52"]}}
{"@timestamp": "2026-06-16T14:19:36.636000Z", "message": "Network connection detected: Image: C:\\Program Files\\Google\\Chrome\\Application\\chrome.exe  DestinationIp: 52.96.0.1  DestinationPort: 443", "log": {"level": "information"}, "host": {"name": "WS04", "hostname": "WS04", "ip": ["10.0.0.54"], "os": {"type": "windows", "name": "Windows 10 Enterprise", "family": "windows"}, "architecture": "x86_64"}, "agent": {"type": "winlogbeat", "version": "8.14.3", "name": "WS04"}, "ecs": {"version": "8.11.0"}, "winlog": {"channel": "Microsoft-Windows-Sysmon/Operational", "event_id": 3, "provider_name": "Microsoft-Windows-Sysmon", "computer_name": "WS04.corp.local", "provider_guid": "{5770385f-c22a-43e0-bf4c-06f5698ffbd9}", "event_data": {"RuleName": "-", "UtcTime": "2026-06-16 14:19:36.000", "ProcessGuid": "{a23eae89-b79e-5903-0000-00105ebd60bf00}", "ProcessId": "5963", "Image": "C:\\Program Files\\Google\\Chrome\\Application\\chrome.exe", "User": "CORP\\gray.r", "Protocol": "tcp", "Initiated": "true", "SourceIsIpv6": "false", "SourceIp": "10.0.0.54", "SourceHostname": "WS04.corp.local", "SourcePort": "61293", "SourcePortName": "", "DestinationIsIpv6": "false", "DestinationIp": "52.96.0.1", "DestinationHostname": "", "DestinationPort": "443", "DestinationPortName": ""}}, "event": {"module": "sysmon", "dataset": "windows.sysmon_operational", "provider": "Microsoft-Windows-Sysmon", "code": "3", "kind": "event", "category": ["network"], "type": ["connection", "start", "protocol"], "action": "network-connection"}, "user": {"name": "gray.r", "domain": "CORP"}, "source": {"ip": "10.0.0.54", "port": 61079}, "destination": {"ip": "52.96.0.1", "port": 443}, "network": {"transport": "tcp", "direction": "egress"}, "process": {"name": "chrome.exe", "executable": "C:\\Program Files\\Google\\Chrome\\Application\\chrome.exe", "entity_id": "{a23eae89-b79e-5903-0000-00105ebd60bf00}"}, "related": {"user": ["gray.r"], "ip": ["10.0.0.54", "52.96.0.1"]}}
{"@timestamp": "2026-06-16T14:31:26.753000Z", "message": "An account was successfully logged on. Account: CORP\\adkins.j  Logon Type: 7 (Unlock)  Source: local", "log": {"level": "information"}, "host": {"name": "WS01", "hostname": "WS01", "ip": ["10.0.0.51"], "os": {"type": "windows", "name": "Windows 10 Enterprise", "family": "windows"}, "architecture": "x86_64"}, "agent": {"type": "winlogbeat", "version": "8.14.3", "name": "WS01"}, "ecs": {"version": "8.11.0"}, "winlog": {"channel": "Security", "event_id": 4624, "provider_name": "Microsoft-Windows-Security-Auditing", "computer_name": "WS01.corp.local", "event_data": {"TargetUserName": "adkins.j", "TargetDomainName": "CORP", "LogonType": "7", "LogonProcessName": "User32 ", "AuthenticationPackageName": "Negotiate", "WorkstationName": "WS01", "IpAddress": "-"}}, "event": {"module": "security", "dataset": "windows.security", "provider": "Microsoft-Windows-Security-Auditing", "code": "4624", "kind": "event", "category": ["authentication"], "type": ["start"], "action": "logged-in", "outcome": "success"}, "user": {"name": "adkins.j", "domain": "CORP"}, "related": {"user": ["adkins.j"]}}
{"@timestamp": "2026-06-16T14:36:47.811000Z", "message": "An account was successfully logged on. Account: CORP\\diaz.m  Logon Type: 3 (Network)  Source: 10.0.0.52", "log": {"level": "information"}, "host": {"name": "FS01", "hostname": "FS01", "ip": ["10.0.0.20"], "os": {"type": "windows", "name": "Windows Server 2022", "family": "windows"}, "architecture": "x86_64"}, "agent": {"type": "winlogbeat", "version": "8.14.3", "name": "FS01"}, "ecs": {"version": "8.11.0"}, "winlog": {"channel": "Security", "event_id": 4624, "provider_name": "Microsoft-Windows-Security-Auditing", "computer_name": "FS01.corp.local", "event_data": {"TargetUserName": "diaz.m", "TargetDomainName": "CORP", "LogonType": "3", "LogonProcessName": "NtLmSsp ", "AuthenticationPackageName": "NTLM", "WorkstationName": "WS02", "IpAddress": "10.0.0.52", "IpPort": "42554"}}, "event": {"module": "security", "dataset": "windows.security", "provider": "Microsoft-Windows-Security-Auditing", "code": "4624", "kind": "event", "category": ["authentication"], "type": ["start"], "action": "logged-in", "outcome": "success"}, "user": {"name": "diaz.m", "domain": "CORP"}, "source": {"ip": "10.0.0.52"}, "related": {"user": ["diaz.m"], "ip": ["10.0.0.52"]}}
{"@timestamp": "2026-06-16T14:46:30.711000Z", "message": "A new process has been created. Process: C:\\Windows\\System32\\notepad.exe  Command: C:\\Windows\\System32\\notepad.exe", "log": {"level": "information"}, "host": {"name": "WS02", "hostname": "WS02", "ip": ["10.0.0.52"], "os": {"type": "windows", "name": "Windows 10 Enterprise", "family": "windows"}, "architecture": "x86_64"}, "agent": {"type": "winlogbeat", "version": "8.14.3", "name": "WS02"}, "ecs": {"version": "8.11.0"}, "winlog": {"channel": "Security", "event_id": 4688, "provider_name": "Microsoft-Windows-Security-Auditing", "computer_name": "WS02.corp.local", "event_data": {"SubjectUserName": "diaz.m", "SubjectDomainName": "CORP", "NewProcessName": "C:\\Windows\\System32\\notepad.exe", "CommandLine": "C:\\Windows\\System32\\notepad.exe", "ParentProcessName": "C:\\Windows\\explorer.exe"}}, "event": {"module": "security", "dataset": "windows.security", "provider": "Microsoft-Windows-Security-Auditing", "code": "4688", "kind": "event", "category": ["process"], "type": ["start"], "action": "created-process"}, "user": {"name": "diaz.m", "domain": "CORP"}, "process": {"name": "notepad.exe", "executable": "C:\\Windows\\System32\\notepad.exe", "command_line": "C:\\Windows\\System32\\notepad.exe", "parent": {"executable": "C:\\Windows\\explorer.exe", "name": "explorer.exe"}}, "related": {"user": ["diaz.m"]}}
{"@timestamp": "2026-06-16T14:56:05.111000Z", "message": "Process Create: Image: C:\\Windows\\System32\\svchost.exe  CommandLine: svchost.exe -k netsvcs -p  ParentImage: C:\\Windows\\System32\\services.exe", "log": {"level": "information"}, "host": {"name": "WS01", "hostname": "WS01", "ip": ["10.0.0.51"], "os": {"type": "windows", "name": "Windows 10 Enterprise", "family": "windows"}, "architecture": "x86_64"}, "agent": {"type": "winlogbeat", "version": "8.14.3", "name": "WS01"}, "ecs": {"version": "8.11.0"}, "winlog": {"channel": "Microsoft-Windows-Sysmon/Operational", "event_id": 1, "provider_name": "Microsoft-Windows-Sysmon", "computer_name": "WS01.corp.local", "provider_guid": "{5770385f-c22a-43e0-bf4c-06f5698ffbd9}", "event_data": {"RuleName": "-", "UtcTime": "2026-06-16 14:56:05.000", "ProcessGuid": "{a23eae89-155c-5903-0000-0010fab41e6d00}", "ProcessId": "5602", "Image": "C:\\Windows\\System32\\svchost.exe", "FileVersion": "-", "Description": "-", "Product": "-", "Company": "-", "OriginalFileName": "svchost.exe", "CommandLine": "svchost.exe -k netsvcs -p", "CurrentDirectory": "C:\\Windows\\system32\\", "User": "CORP\\adkins.j", "LogonGuid": "{a23eae89-4663-5903-0000-00109647db8e00}", "LogonId": "0x752c60", "TerminalSessionId": "1", "IntegrityLevel": "Medium", "Hashes": "MD5=B66E8CF8ACF5A58E6BBB5F12FBC3E2EC,SHA256=2178F1915F740CCE64040107CD489E9E1FF828A7EA29CD706BC46BA0FBAA69C4,IMPHASH=DE43BD45CC98C143357416C7519ECCFD", "ParentProcessGuid": "{a23eae89-5990-5903-0000-001031101acd00}", "ParentProcessId": "5639", "ParentImage": "C:\\Windows\\System32\\services.exe", "ParentCommandLine": "services.exe", "ParentUser": "CORP\\adkins.j"}}, "event": {"module": "sysmon", "dataset": "windows.sysmon_operational", "provider": "Microsoft-Windows-Sysmon", "code": "1", "kind": "event", "category": ["process"], "type": ["start"], "action": "process-creation"}, "user": {"name": "adkins.j", "domain": "CORP"}, "process": {"name": "svchost.exe", "executable": "C:\\Windows\\System32\\svchost.exe", "command_line": "svchost.exe -k netsvcs -p", "entity_id": "{a23eae89-155c-5903-0000-0010fab41e6d00}", "pid": 5602, "parent": {"executable": "C:\\Windows\\System32\\services.exe", "name": "services.exe", "command_line": "services.exe", "pid": 5639}}, "related": {"user": ["adkins.j"], "hash": ["B66E8CF8ACF5A58E6BBB5F12FBC3E2EC", "2178F1915F740CCE64040107CD489E9E1FF828A7EA29CD706BC46BA0FBAA69C4", "DE43BD45CC98C143357416C7519ECCFD"]}}
{"@timestamp": "2026-06-16T14:58:37.362000Z", "message": "An account was successfully logged on. Account: CORP\\mike.admin  Logon Type: 10 (RemoteInteractive)  Source: 10.0.0.51", "log": {"level": "information"}, "host": {"name": "APP01", "hostname": "APP01", "ip": ["10.0.0.21"], "os": {"type": "windows", "name": "Windows Server 2022", "family": "windows"}, "architecture": "x86_64"}, "agent": {"type": "winlogbeat", "version": "8.14.3", "name": "APP01"}, "ecs": {"version": "8.11.0"}, "winlog": {"channel": "Security", "event_id": 4624, "provider_name": "Microsoft-Windows-Security-Auditing", "computer_name": "APP01.corp.local", "event_data": {"TargetUserName": "mike.admin", "TargetDomainName": "CORP", "LogonType": "10", "LogonProcessName": "User32 ", "AuthenticationPackageName": "Negotiate", "WorkstationName": "WS01", "IpAddress": "10.0.0.51", "IpPort": "48325"}}, "event": {"module": "security", "dataset": "windows.security", "provider": "Microsoft-Windows-Security-Auditing", "code": "4624", "kind": "event", "category": ["authentication"], "type": ["start"], "action": "logged-in", "outcome": "success"}, "user": {"name": "mike.admin", "domain": "CORP"}, "source": {"ip": "10.0.0.51"}, "related": {"user": ["mike.admin"], "ip": ["10.0.0.51"]}}
{"@timestamp": "2026-06-16T14:58:38.362000Z", "message": "Special privileges assigned to new logon. Account: CORP\\mike.admin", "log": {"level": "information"}, "host": {"name": "APP01", "hostname": "APP01", "ip": ["10.0.0.21"], "os": {"type": "windows", "name": "Windows Server 2022", "family": "windows"}, "architecture": "x86_64"}, "agent": {"type": "winlogbeat", "version": "8.14.3", "name": "APP01"}, "ecs": {"version": "8.11.0"}, "winlog": {"channel": "Security", "event_id": 4672, "provider_name": "Microsoft-Windows-Security-Auditing", "computer_name": "APP01.corp.local", "event_data": {"SubjectUserName": "mike.admin", "SubjectDomainName": "CORP", "PrivilegeList": "SeSecurityPrivilege SeBackupPrivilege SeDebugPrivilege SeTakeOwnershipPrivilege"}}, "event": {"module": "security", "dataset": "windows.security", "provider": "Microsoft-Windows-Security-Auditing", "code": "4672", "kind": "event", "category": ["iam"], "type": ["admin"], "action": "special-privileges-assigned"}, "user": {"name": "mike.admin", "domain": "CORP"}, "related": {"user": ["mike.admin"]}}
{"@timestamp": "2026-06-16T15:04:13.008000Z", "message": "A Kerberos service ticket was requested. Account: CORP\\brown.k  Service: FS01$", "log": {"level": "information"}, "host": {"name": "DC01", "hostname": "DC01", "ip": ["10.0.0.10"], "os": {"type": "windows", "name": "Windows Server 2022", "family": "windows"}, "architecture": "x86_64"}, "agent": {"type": "winlogbeat", "version": "8.14.3", "name": "DC01"}, "ecs": {"version": "8.11.0"}, "winlog": {"channel": "Security", "event_id": 4769, "provider_name": "Microsoft-Windows-Security-Auditing", "computer_name": "DC01.corp.local", "event_data": {"TargetUserName": "brown.k", "TargetDomainName": "CORP", "TicketEncryptionType": "0x12", "ServiceName": "FS01$"}}, "event": {"module": "security", "dataset": "windows.security", "provider": "Microsoft-Windows-Security-Auditing", "code": "4769", "kind": "event", "category": ["authentication"], "type": ["start"]}, "user": {"name": "brown.k", "domain": "CORP"}, "related": {"user": ["brown.k"]}}
