{"@timestamp": "2026-06-15T10:11:07.988000Z", "message": "Process Create: Image: C:\\Windows\\System32\\svchost.exe  CommandLine: svchost.exe -k netsvcs -p  ParentImage: C:\\Windows\\System32\\services.exe", "log": {"level": "information"}, "host": {"name": "WS03", "hostname": "WS03", "ip": ["10.0.0.53"], "os": {"type": "windows", "name": "Windows 10 Enterprise", "family": "windows"}, "architecture": "x86_64"}, "agent": {"type": "winlogbeat", "version": "8.14.3", "name": "WS03"}, "ecs": {"version": "8.11.0"}, "winlog": {"channel": "Microsoft-Windows-Sysmon/Operational", "event_id": 1, "provider_name": "Microsoft-Windows-Sysmon", "computer_name": "WS03.corp.local", "provider_guid": "{5770385f-c22a-43e0-bf4c-06f5698ffbd9}", "event_data": {"RuleName": "-", "UtcTime": "2026-06-15 10:11:07.000", "ProcessGuid": "{a23eae89-4a09-5903-0000-001079ba33a200}", "ProcessId": "4314", "Image": "C:\\Windows\\System32\\svchost.exe", "FileVersion": "-", "Description": "-", "Product": "-", "Company": "-", "OriginalFileName": "svchost.exe", "CommandLine": "svchost.exe -k netsvcs -p", "CurrentDirectory": "C:\\Windows\\system32\\", "User": "CORP\\foster.p", "LogonGuid": "{a23eae89-d5da-5903-0000-0010487b5eaf00}", "LogonId": "0x8e8711", "TerminalSessionId": "1", "IntegrityLevel": "Medium", "Hashes": "MD5=B66E8CF8ACF5A58E6BBB5F12FBC3E2EC,SHA256=2178F1915F740CCE64040107CD489E9E1FF828A7EA29CD706BC46BA0FBAA69C4,IMPHASH=DE43BD45CC98C143357416C7519ECCFD", "ParentProcessGuid": "{a23eae89-074e-5903-0000-001042ec1b8900}", "ParentProcessId": "4343", "ParentImage": "C:\\Windows\\System32\\services.exe", "ParentCommandLine": "services.exe", "ParentUser": "CORP\\foster.p"}}, "event": {"module": "sysmon", "dataset": "windows.sysmon_operational", "provider": "Microsoft-Windows-Sysmon", "code": "1", "kind": "event", "category": ["process"], "type": ["start"], "action": "process-creation"}, "user": {"name": "foster.p", "domain": "CORP"}, "process": {"name": "svchost.exe", "executable": "C:\\Windows\\System32\\svchost.exe", "command_line": "svchost.exe -k netsvcs -p", "entity_id": "{a23eae89-4a09-5903-0000-001079ba33a200}", "pid": 4314, "parent": {"executable": "C:\\Windows\\System32\\services.exe", "name": "services.exe", "command_line": "services.exe", "pid": 4343}}, "related": {"user": ["foster.p"], "hash": ["B66E8CF8ACF5A58E6BBB5F12FBC3E2EC", "2178F1915F740CCE64040107CD489E9E1FF828A7EA29CD706BC46BA0FBAA69C4", "DE43BD45CC98C143357416C7519ECCFD"]}}
{"@timestamp": "2026-06-15T10:14:40.116000Z", "message": "An account was successfully logged on. Account: CORP\\mike.admin  Logon Type: 10 (RemoteInteractive)  Source: 10.0.0.51", "log": {"level": "information"}, "host": {"name": "APP01", "hostname": "APP01", "ip": ["10.0.0.21"], "os": {"type": "windows", "name": "Windows Server 2022", "family": "windows"}, "architecture": "x86_64"}, "agent": {"type": "winlogbeat", "version": "8.14.3", "name": "APP01"}, "ecs": {"version": "8.11.0"}, "winlog": {"channel": "Security", "event_id": 4624, "provider_name": "Microsoft-Windows-Security-Auditing", "computer_name": "APP01.corp.local", "event_data": {"TargetUserName": "mike.admin", "TargetDomainName": "CORP", "LogonType": "10", "LogonProcessName": "User32 ", "AuthenticationPackageName": "Negotiate", "WorkstationName": "WS01", "IpAddress": "10.0.0.51", "IpPort": "50263"}}, "event": {"module": "security", "dataset": "windows.security", "provider": "Microsoft-Windows-Security-Auditing", "code": "4624", "kind": "event", "category": ["authentication"], "type": ["start"], "action": "logged-in", "outcome": "success"}, "user": {"name": "mike.admin", "domain": "CORP"}, "source": {"ip": "10.0.0.51"}, "related": {"user": ["mike.admin"], "ip": ["10.0.0.51"]}}
{"@timestamp": "2026-06-15T10:14:41.116000Z", "message": "Special privileges assigned to new logon. Account: CORP\\mike.admin", "log": {"level": "information"}, "host": {"name": "APP01", "hostname": "APP01", "ip": ["10.0.0.21"], "os": {"type": "windows", "name": "Windows Server 2022", "family": "windows"}, "architecture": "x86_64"}, "agent": {"type": "winlogbeat", "version": "8.14.3", "name": "APP01"}, "ecs": {"version": "8.11.0"}, "winlog": {"channel": "Security", "event_id": 4672, "provider_name": "Microsoft-Windows-Security-Auditing", "computer_name": "APP01.corp.local", "event_data": {"SubjectUserName": "mike.admin", "SubjectDomainName": "CORP", "PrivilegeList": "SeSecurityPrivilege SeBackupPrivilege SeDebugPrivilege SeTakeOwnershipPrivilege"}}, "event": {"module": "security", "dataset": "windows.security", "provider": "Microsoft-Windows-Security-Auditing", "code": "4672", "kind": "event", "category": ["iam"], "type": ["admin"], "action": "special-privileges-assigned"}, "user": {"name": "mike.admin", "domain": "CORP"}, "related": {"user": ["mike.admin"]}}
{"@timestamp": "2026-06-15T10:16:42.004000Z", "message": "A new process has been created. Process: C:\\Program Files\\Microsoft Office\\root\\Office16\\OUTLOOK.EXE  Command: C:\\Program Files\\Microsoft Office\\root\\Office16\\OUTLOOK.EXE", "log": {"level": "information"}, "host": {"name": "WS01", "hostname": "WS01", "ip": ["10.0.0.51"], "os": {"type": "windows", "name": "Windows 10 Enterprise", "family": "windows"}, "architecture": "x86_64"}, "agent": {"type": "winlogbeat", "version": "8.14.3", "name": "WS01"}, "ecs": {"version": "8.11.0"}, "winlog": {"channel": "Security", "event_id": 4688, "provider_name": "Microsoft-Windows-Security-Auditing", "computer_name": "WS01.corp.local", "event_data": {"SubjectUserName": "jones.w", "SubjectDomainName": "CORP", "NewProcessName": "C:\\Program Files\\Microsoft Office\\root\\Office16\\OUTLOOK.EXE", "CommandLine": "C:\\Program Files\\Microsoft Office\\root\\Office16\\OUTLOOK.EXE", "ParentProcessName": "C:\\Windows\\explorer.exe"}}, "event": {"module": "security", "dataset": "windows.security", "provider": "Microsoft-Windows-Security-Auditing", "code": "4688", "kind": "event", "category": ["process"], "type": ["start"], "action": "created-process"}, "user": {"name": "jones.w", "domain": "CORP"}, "process": {"name": "OUTLOOK.EXE", "executable": "C:\\Program Files\\Microsoft Office\\root\\Office16\\OUTLOOK.EXE", "command_line": "C:\\Program Files\\Microsoft Office\\root\\Office16\\OUTLOOK.EXE", "parent": {"executable": "C:\\Windows\\explorer.exe", "name": "explorer.exe"}}, "related": {"user": ["jones.w"]}}
{"@timestamp": "2026-06-15T10:17:30.638000Z", "message": "Network connection detected: Image: C:\\Program Files\\Google\\Chrome\\Application\\chrome.exe  DestinationIp: 52.96.0.1  DestinationPort: 443", "log": {"level": "information"}, "host": {"name": "WS04", "hostname": "WS04", "ip": ["10.0.0.54"], "os": {"type": "windows", "name": "Windows 10 Enterprise", "family": "windows"}, "architecture": "x86_64"}, "agent": {"type": "winlogbeat", "version": "8.14.3", "name": "WS04"}, "ecs": {"version": "8.11.0"}, "winlog": {"channel": "Microsoft-Windows-Sysmon/Operational", "event_id": 3, "provider_name": "Microsoft-Windows-Sysmon", "computer_name": "WS04.corp.local", "provider_guid": "{5770385f-c22a-43e0-bf4c-06f5698ffbd9}", "event_data": {"RuleName": "-", "UtcTime": "2026-06-15 10:17:30.000", "ProcessGuid": "{a23eae89-1bb5-5903-0000-0010f38d9f9c00}", "ProcessId": "4934", "Image": "C:\\Program Files\\Google\\Chrome\\Application\\chrome.exe", "User": "CORP\\gray.r", "Protocol": "tcp", "Initiated": "true", "SourceIsIpv6": "false", "SourceIp": "10.0.0.54", "SourceHostname": "WS04.corp.local", "SourcePort": "62501", "SourcePortName": "", "DestinationIsIpv6": "false", "DestinationIp": "52.96.0.1", "DestinationHostname": "", "DestinationPort": "443", "DestinationPortName": ""}}, "event": {"module": "sysmon", "dataset": "windows.sysmon_operational", "provider": "Microsoft-Windows-Sysmon", "code": "3", "kind": "event", "category": ["network"], "type": ["connection", "start", "protocol"], "action": "network-connection"}, "user": {"name": "gray.r", "domain": "CORP"}, "source": {"ip": "10.0.0.54", "port": 61075}, "destination": {"ip": "52.96.0.1", "port": 443}, "network": {"transport": "tcp", "direction": "egress"}, "process": {"name": "chrome.exe", "executable": "C:\\Program Files\\Google\\Chrome\\Application\\chrome.exe", "entity_id": "{a23eae89-1bb5-5903-0000-0010f38d9f9c00}"}, "related": {"user": ["gray.r"], "ip": ["10.0.0.54", "52.96.0.1"]}}
{"@timestamp": "2026-06-15T10:17:37.716000Z", "message": "Dns query: QueryName: www.google.com  QueryResults: 142.250.80.4  Image: C:\\Program Files\\Google\\Chrome\\Application\\chrome.exe", "log": {"level": "information"}, "host": {"name": "WS01", "hostname": "WS01", "ip": ["10.0.0.51"], "os": {"type": "windows", "name": "Windows 10 Enterprise", "family": "windows"}, "architecture": "x86_64"}, "agent": {"type": "winlogbeat", "version": "8.14.3", "name": "WS01"}, "ecs": {"version": "8.11.0"}, "winlog": {"channel": "Microsoft-Windows-Sysmon/Operational", "event_id": 22, "provider_name": "Microsoft-Windows-Sysmon", "computer_name": "WS01.corp.local", "provider_guid": "{5770385f-c22a-43e0-bf4c-06f5698ffbd9}", "event_data": {"RuleName": "-", "UtcTime": "2026-06-15 10:17:37.000", "ProcessGuid": "{a23eae89-c0cf-5903-0000-0010d032ebcf00}", "ProcessId": "4736", "QueryName": "www.google.com", "QueryStatus": "0", "QueryResults": "142.250.80.4;", "Image": "C:\\Program Files\\Google\\Chrome\\Application\\chrome.exe", "User": "CORP\\adkins.j"}}, "event": {"module": "sysmon", "dataset": "windows.sysmon_operational", "provider": "Microsoft-Windows-Sysmon", "code": "22", "kind": "event", "category": ["network"], "type": ["connection", "protocol", "info"], "action": "dns-query"}, "user": {"name": "adkins.j", "domain": "CORP"}, "dns": {"question": {"name": "www.google.com"}, "resolved_ip": ["142.250.80.4"]}, "process": {"name": "chrome.exe", "executable": "C:\\Program Files\\Google\\Chrome\\Application\\chrome.exe", "entity_id": "{a23eae89-c0cf-5903-0000-0010d032ebcf00}"}, "related": {"user": ["adkins.j"], "ip": ["142.250.80.4"]}}
{"@timestamp": "2026-06-15T10:21:48.783000Z", "message": "Dns query: QueryName: outlook.office365.com  QueryResults: 52.96.0.1  Image: C:\\Program Files\\Google\\Chrome\\Application\\chrome.exe", "log": {"level": "information"}, "host": {"name": "WS03", "hostname": "WS03", "ip": ["10.0.0.53"], "os": {"type": "windows", "name": "Windows 10 Enterprise", "family": "windows"}, "architecture": "x86_64"}, "agent": {"type": "winlogbeat", "version": "8.14.3", "name": "WS03"}, "ecs": {"version": "8.11.0"}, "winlog": {"channel": "Microsoft-Windows-Sysmon/Operational", "event_id": 22, "provider_name": "Microsoft-Windows-Sysmon", "computer_name": "WS03.corp.local", "provider_guid": "{5770385f-c22a-43e0-bf4c-06f5698ffbd9}", "event_data": {"RuleName": "-", "UtcTime": "2026-06-15 10:21:48.000", "ProcessGuid": "{a23eae89-95e4-5903-0000-00100095320c00}", "ProcessId": "4807", "QueryName": "outlook.office365.com", "QueryStatus": "0", "QueryResults": "52.96.0.1;", "Image": "C:\\Program Files\\Google\\Chrome\\Application\\chrome.exe", "User": "CORP\\foster.p"}}, "event": {"module": "sysmon", "dataset": "windows.sysmon_operational", "provider": "Microsoft-Windows-Sysmon", "code": "22", "kind": "event", "category": ["network"], "type": ["connection", "protocol", "info"], "action": "dns-query"}, "user": {"name": "foster.p", "domain": "CORP"}, "dns": {"question": {"name": "outlook.office365.com"}, "resolved_ip": ["52.96.0.1"]}, "process": {"name": "chrome.exe", "executable": "C:\\Program Files\\Google\\Chrome\\Application\\chrome.exe", "entity_id": "{a23eae89-95e4-5903-0000-00100095320c00}"}, "related": {"user": ["foster.p"], "ip": ["52.96.0.1"]}}
{"@timestamp": "2026-06-15T10:44:24.270000Z", "message": "An account was successfully logged on. Account: CORP\\adkins.j  Logon Type: 7 (Unlock)  Source: local", "log": {"level": "information"}, "host": {"name": "WS01", "hostname": "WS01", "ip": ["10.0.0.51"], "os": {"type": "windows", "name": "Windows 10 Enterprise", "family": "windows"}, "architecture": "x86_64"}, "agent": {"type": "winlogbeat", "version": "8.14.3", "name": "WS01"}, "ecs": {"version": "8.11.0"}, "winlog": {"channel": "Security", "event_id": 4624, "provider_name": "Microsoft-Windows-Security-Auditing", "computer_name": "WS01.corp.local", "event_data": {"TargetUserName": "adkins.j", "TargetDomainName": "CORP", "LogonType": "7", "LogonProcessName": "User32 ", "AuthenticationPackageName": "Negotiate", "WorkstationName": "WS01", "IpAddress": "-"}}, "event": {"module": "security", "dataset": "windows.security", "provider": "Microsoft-Windows-Security-Auditing", "code": "4624", "kind": "event", "category": ["authentication"], "type": ["start"], "action": "logged-in", "outcome": "success"}, "user": {"name": "adkins.j", "domain": "CORP"}, "related": {"user": ["adkins.j"]}}
{"@timestamp": "2026-06-15T10:46:12.727000Z", "message": "File created: Image: C:\\Program Files\\Google\\Chrome\\Application\\chrome.exe  TargetFilename: C:\\Users\\carter.l\\Downloads\\report_271.pdf", "log": {"level": "information"}, "host": {"name": "WS02", "hostname": "WS02", "ip": ["10.0.0.52"], "os": {"type": "windows", "name": "Windows 10 Enterprise", "family": "windows"}, "architecture": "x86_64"}, "agent": {"type": "winlogbeat", "version": "8.14.3", "name": "WS02"}, "ecs": {"version": "8.11.0"}, "winlog": {"channel": "Microsoft-Windows-Sysmon/Operational", "event_id": 11, "provider_name": "Microsoft-Windows-Sysmon", "computer_name": "WS02.corp.local", "provider_guid": "{5770385f-c22a-43e0-bf4c-06f5698ffbd9}", "event_data": {"RuleName": "-", "UtcTime": "2026-06-15 10:46:12.000", "ProcessGuid": "{a23eae89-15ed-5903-0000-00107ffbe16200}", "ProcessId": "5095", "Image": "C:\\Program Files\\Google\\Chrome\\Application\\chrome.exe", "TargetFilename": "C:\\Users\\carter.l\\Downloads\\report_271.pdf", "CreationUtcTime": "2026-06-15 10:46:12.000", "User": "CORP\\carter.l"}}, "event": {"module": "sysmon", "dataset": "windows.sysmon_operational", "provider": "Microsoft-Windows-Sysmon", "code": "11", "kind": "event", "category": ["file"], "type": ["creation"], "action": "file-create"}, "user": {"name": "carter.l", "domain": "CORP"}, "file": {"path": "C:\\Users\\carter.l\\Downloads\\report_271.pdf", "name": "report_271.pdf"}, "related": {"user": ["carter.l"]}}
{"@timestamp": "2026-06-15T10:50:24.136000Z", "message": "Dns query: QueryName: outlook.office365.com  QueryResults: 52.96.0.1  Image: C:\\Program Files\\Google\\Chrome\\Application\\chrome.exe", "log": {"level": "information"}, "host": {"name": "WS01", "hostname": "WS01", "ip": ["10.0.0.51"], "os": {"type": "windows", "name": "Windows 10 Enterprise", "family": "windows"}, "architecture": "x86_64"}, "agent": {"type": "winlogbeat", "version": "8.14.3", "name": "WS01"}, "ecs": {"version": "8.11.0"}, "winlog": {"channel": "Microsoft-Windows-Sysmon/Operational", "event_id": 22, "provider_name": "Microsoft-Windows-Sysmon", "computer_name": "WS01.corp.local", "provider_guid": "{5770385f-c22a-43e0-bf4c-06f5698ffbd9}", "event_data": {"RuleName": "-", "UtcTime": "2026-06-15 10:50:24.000", "ProcessGuid": "{a23eae89-39c1-5903-0000-00100637681e00}", "ProcessId": "4789", "QueryName": "outlook.office365.com", "QueryStatus": "0", "QueryResults": "52.96.0.1;", "Image": "C:\\Program Files\\Google\\Chrome\\Application\\chrome.exe", "User": "CORP\\jones.w"}}, "event": {"module": "sysmon", "dataset": "windows.sysmon_operational", "provider": "Microsoft-Windows-Sysmon", "code": "22", "kind": "event", "category": ["network"], "type": ["connection", "protocol", "info"], "action": "dns-query"}, "user": {"name": "jones.w", "domain": "CORP"}, "dns": {"question": {"name": "outlook.office365.com"}, "resolved_ip": ["52.96.0.1"]}, "process": {"name": "chrome.exe", "executable": "C:\\Program Files\\Google\\Chrome\\Application\\chrome.exe", "entity_id": "{a23eae89-39c1-5903-0000-00100637681e00}"}, "related": {"user": ["jones.w"], "ip": ["52.96.0.1"]}}
{"@timestamp": "2026-06-15T10:53:00.652000Z", "message": "An account was successfully logged on. Account: CORP\\gray.r  Logon Type: 3 (Network)  Source: 10.0.0.54", "log": {"level": "information"}, "host": {"name": "FS01", "hostname": "FS01", "ip": ["10.0.0.20"], "os": {"type": "windows", "name": "Windows Server 2022", "family": "windows"}, "architecture": "x86_64"}, "agent": {"type": "winlogbeat", "version": "8.14.3", "name": "FS01"}, "ecs": {"version": "8.11.0"}, "winlog": {"channel": "Security", "event_id": 4624, "provider_name": "Microsoft-Windows-Security-Auditing", "computer_name": "FS01.corp.local", "event_data": {"TargetUserName": "gray.r", "TargetDomainName": "CORP", "LogonType": "3", "LogonProcessName": "NtLmSsp ", "AuthenticationPackageName": "NTLM", "WorkstationName": "WS04", "IpAddress": "10.0.0.54", "IpPort": "47100"}}, "event": {"module": "security", "dataset": "windows.security", "provider": "Microsoft-Windows-Security-Auditing", "code": "4624", "kind": "event", "category": ["authentication"], "type": ["start"], "action": "logged-in", "outcome": "success"}, "user": {"name": "gray.r", "domain": "CORP"}, "source": {"ip": "10.0.0.54"}, "related": {"user": ["gray.r"], "ip": ["10.0.0.54"]}}
{"@timestamp": "2026-06-15T10:55:22.084000Z", "message": "Dns query: QueryName: update.microsoft.com  QueryResults: 104.75.1.1  Image: C:\\Program Files\\Google\\Chrome\\Application\\chrome.exe", "log": {"level": "information"}, "host": {"name": "WS01", "hostname": "WS01", "ip": ["10.0.0.51"], "os": {"type": "windows", "name": "Windows 10 Enterprise", "family": "windows"}, "architecture": "x86_64"}, "agent": {"type": "winlogbeat", "version": "8.14.3", "name": "WS01"}, "ecs": {"version": "8.11.0"}, "winlog": {"channel": "Microsoft-Windows-Sysmon/Operational", "event_id": 22, "provider_name": "Microsoft-Windows-Sysmon", "computer_name": "WS01.corp.local", "provider_guid": "{5770385f-c22a-43e0-bf4c-06f5698ffbd9}", "event_data": {"RuleName": "-", "UtcTime": "2026-06-15 10:55:22.000", "ProcessGuid": "{a23eae89-e884-5903-0000-00103322125500}", "ProcessId": "4709", "QueryName": "update.microsoft.com", "QueryStatus": "0", "QueryResults": "104.75.1.1;", "Image": "C:\\Program Files\\Google\\Chrome\\Application\\chrome.exe", "User": "CORP\\brown.k"}}, "event": {"module": "sysmon", "dataset": "windows.sysmon_operational", "provider": "Microsoft-Windows-Sysmon", "code": "22", "kind": "event", "category": ["network"], "type": ["connection", "protocol", "info"], "action": "dns-query"}, "user": {"name": "brown.k", "domain": "CORP"}, "dns": {"question": {"name": "update.microsoft.com"}, "resolved_ip": ["104.75.1.1"]}, "process": {"name": "chrome.exe", "executable": "C:\\Program Files\\Google\\Chrome\\Application\\chrome.exe", "entity_id": "{a23eae89-e884-5903-0000-00103322125500}"}, "related": {"user": ["brown.k"], "ip": ["104.75.1.1"]}}
{"@timestamp": "2026-06-15T10:55:34.663000Z", "message": "Process Create: Image: C:\\Program Files\\Microsoft\\Teams\\current\\Teams.exe  CommandLine: \"Teams.exe\"  ParentImage: C:\\Windows\\explorer.exe", "log": {"level": "information"}, "host": {"name": "WS03", "hostname": "WS03", "ip": ["10.0.0.53"], "os": {"type": "windows", "name": "Windows 10 Enterprise", "family": "windows"}, "architecture": "x86_64"}, "agent": {"type": "winlogbeat", "version": "8.14.3", "name": "WS03"}, "ecs": {"version": "8.11.0"}, "winlog": {"channel": "Microsoft-Windows-Sysmon/Operational", "event_id": 1, "provider_name": "Microsoft-Windows-Sysmon", "computer_name": "WS03.corp.local", "provider_guid": "{5770385f-c22a-43e0-bf4c-06f5698ffbd9}", "event_data": {"RuleName": "-", "UtcTime": "2026-06-15 10:55:34.000", "ProcessGuid": "{a23eae89-e783-5903-0000-0010d114feda00}", "ProcessId": "4580", "Image": "C:\\Program Files\\Microsoft\\Teams\\current\\Teams.exe", "FileVersion": "-", "Description": "-", "Product": "-", "Company": "-", "OriginalFileName": "Teams.exe", "CommandLine": "\"Teams.exe\"", "CurrentDirectory": "C:\\Windows\\system32\\", "User": "CORP\\foster.p", "LogonGuid": "{a23eae89-d5da-5903-0000-0010487b5eaf00}", "LogonId": "0x64dcc8", "TerminalSessionId": "1", "IntegrityLevel": "Medium", "Hashes": "SHA1=82E19861B01648766FC2F57ED82AE384882A83FD,MD5=075B78011B284DBABDD4B8E9CF707554,SHA256=2FAF3F5DD583D5D399B5A7C6CDDA8007274489AD31533FAE916CDD2300447AEC", "ParentProcessGuid": "{a23eae89-b99c-5903-0000-00106978873e00}", "ParentProcessId": "4598", "ParentImage": "C:\\Windows\\explorer.exe", "ParentCommandLine": "explorer.exe", "ParentUser": "CORP\\foster.p"}}, "event": {"module": "sysmon", "dataset": "windows.sysmon_operational", "provider": "Microsoft-Windows-Sysmon", "code": "1", "kind": "event", "category": ["process"], "type": ["start"], "action": "process-creation"}, "user": {"name": "foster.p", "domain": "CORP"}, "process": {"name": "Teams.exe", "executable": "C:\\Program Files\\Microsoft\\Teams\\current\\Teams.exe", "command_line": "\"Teams.exe\"", "entity_id": "{a23eae89-e783-5903-0000-0010d114feda00}", "pid": 4580, "parent": {"executable": "C:\\Windows\\explorer.exe", "name": "explorer.exe", "command_line": "explorer.exe", "pid": 4598}}, "related": {"user": ["foster.p"], "hash": ["82E19861B01648766FC2F57ED82AE384882A83FD", "075B78011B284DBABDD4B8E9CF707554", "2FAF3F5DD583D5D399B5A7C6CDDA8007274489AD31533FAE916CDD2300447AEC"]}}
{"@timestamp": "2026-06-15T11:03:23.250000Z", "message": "Network connection detected: Image: C:\\Program Files\\Google\\Chrome\\Application\\chrome.exe  DestinationIp: 52.113.194.132  DestinationPort: 443", "log": {"level": "information"}, "host": {"name": "WS01", "hostname": "WS01", "ip": ["10.0.0.51"], "os": {"type": "windows", "name": "Windows 10 Enterprise", "family": "windows"}, "architecture": "x86_64"}, "agent": {"type": "winlogbeat", "version": "8.14.3", "name": "WS01"}, "ecs": {"version": "8.11.0"}, "winlog": {"channel": "Microsoft-Windows-Sysmon/Operational", "event_id": 3, "provider_name": "Microsoft-Windows-Sysmon", "computer_name": "WS01.corp.local", "provider_guid": "{5770385f-c22a-43e0-bf4c-06f5698ffbd9}", "event_data": {"RuleName": "-", "UtcTime": "2026-06-15 11:03:23.000", "ProcessGuid": "{a23eae89-af5a-5903-0000-00102e2632be00}", "ProcessId": "4960", "Image": "C:\\Program Files\\Google\\Chrome\\Application\\chrome.exe", "User": "CORP\\adkins.j", "Protocol": "tcp", "Initiated": "true", "SourceIsIpv6": "false", "SourceIp": "10.0.0.51", "SourceHostname": "WS01.corp.local", "SourcePort": "63831", "SourcePortName": "", "DestinationIsIpv6": "false", "DestinationIp": "52.113.194.132", "DestinationHostname": "", "DestinationPort": "443", "DestinationPortName": ""}}, "event": {"module": "sysmon", "dataset": "windows.sysmon_operational", "provider": "Microsoft-Windows-Sysmon", "code": "3", "kind": "event", "category": ["network"], "type": ["connection", "start", "protocol"], "action": "network-connection"}, "user": {"name": "adkins.j", "domain": "CORP"}, "source": {"ip": "10.0.0.51", "port": 51091}, "destination": {"ip": "52.113.194.132", "port": 443}, "network": {"transport": "tcp", "direction": "egress"}, "process": {"name": "chrome.exe", "executable": "C:\\Program Files\\Google\\Chrome\\Application\\chrome.exe", "entity_id": "{a23eae89-af5a-5903-0000-00102e2632be00}"}, "related": {"user": ["adkins.j"], "ip": ["10.0.0.51", "52.113.194.132"]}}
{"@timestamp": "2026-06-15T11:19:21.637000Z", "message": "An account was successfully logged on. Account: CORP\\svc_backup  Logon Type: 3 (Network)  Source: 10.0.0.20", "log": {"level": "information"}, "host": {"name": "APP01", "hostname": "APP01", "ip": ["10.0.0.21"], "os": {"type": "windows", "name": "Windows Server 2022", "family": "windows"}, "architecture": "x86_64"}, "agent": {"type": "winlogbeat", "version": "8.14.3", "name": "APP01"}, "ecs": {"version": "8.11.0"}, "winlog": {"channel": "Security", "event_id": 4624, "provider_name": "Microsoft-Windows-Security-Auditing", "computer_name": "APP01.corp.local", "event_data": {"TargetUserName": "svc_backup", "TargetDomainName": "CORP", "LogonType": "3", "LogonProcessName": "NtLmSsp ", "AuthenticationPackageName": "NTLM", "WorkstationName": "FS01", "IpAddress": "10.0.0.20", "IpPort": "44128"}}, "event": {"module": "security", "dataset": "windows.security", "provider": "Microsoft-Windows-Security-Auditing", "code": "4624", "kind": "event", "category": ["authentication"], "type": ["start"], "action": "logged-in", "outcome": "success"}, "user": {"name": "svc_backup", "domain": "CORP"}, "source": {"ip": "10.0.0.20"}, "related": {"user": ["svc_backup"], "ip": ["10.0.0.20"]}}
{"@timestamp": "2026-06-15T11:20:03.854000Z", "message": "An account was successfully logged on. Account: CORP\\brown.k  Logon Type: 7 (Unlock)  Source: local", "log": {"level": "information"}, "host": {"name": "WS01", "hostname": "WS01", "ip": ["10.0.0.51"], "os": {"type": "windows", "name": "Windows 10 Enterprise", "family": "windows"}, "architecture": "x86_64"}, "agent": {"type": "winlogbeat", "version": "8.14.3", "name": "WS01"}, "ecs": {"version": "8.11.0"}, "winlog": {"channel": "Security", "event_id": 4624, "provider_name": "Microsoft-Windows-Security-Auditing", "computer_name": "WS01.corp.local", "event_data": {"TargetUserName": "brown.k", "TargetDomainName": "CORP", "LogonType": "7", "LogonProcessName": "User32 ", "AuthenticationPackageName": "Negotiate", "WorkstationName": "WS01", "IpAddress": "-"}}, "event": {"module": "security", "dataset": "windows.security", "provider": "Microsoft-Windows-Security-Auditing", "code": "4624", "kind": "event", "category": ["authentication"], "type": ["start"], "action": "logged-in", "outcome": "success"}, "user": {"name": "brown.k", "domain": "CORP"}, "related": {"user": ["brown.k"]}}
{"@timestamp": "2026-06-15T11:29:56.568000Z", "message": "An account was successfully logged on. Account: CORP\\carter.l  Logon Type: 3 (Network)  Source: 10.0.0.52", "log": {"level": "information"}, "host": {"name": "FS01", "hostname": "FS01", "ip": ["10.0.0.20"], "os": {"type": "windows", "name": "Windows Server 2022", "family": "windows"}, "architecture": "x86_64"}, "agent": {"type": "winlogbeat", "version": "8.14.3", "name": "FS01"}, "ecs": {"version": "8.11.0"}, "winlog": {"channel": "Security", "event_id": 4624, "provider_name": "Microsoft-Windows-Security-Auditing", "computer_name": "FS01.corp.local", "event_data": {"TargetUserName": "carter.l", "TargetDomainName": "CORP", "LogonType": "3", "LogonProcessName": "NtLmSsp ", "AuthenticationPackageName": "NTLM", "WorkstationName": "WS02", "IpAddress": "10.0.0.52", "IpPort": "55506"}}, "event": {"module": "security", "dataset": "windows.security", "provider": "Microsoft-Windows-Security-Auditing", "code": "4624", "kind": "event", "category": ["authentication"], "type": ["start"], "action": "logged-in", "outcome": "success"}, "user": {"name": "carter.l", "domain": "CORP"}, "source": {"ip": "10.0.0.52"}, "related": {"user": ["carter.l"], "ip": ["10.0.0.52"]}}
{"@timestamp": "2026-06-15T11:30:35.315000Z", "message": "An account was successfully logged on. Account: CORP\\jones.w  Logon Type: 3 (Network)  Source: 10.0.0.51", "log": {"level": "information"}, "host": {"name": "FS01", "hostname": "FS01", "ip": ["10.0.0.20"], "os": {"type": "windows", "name": "Windows Server 2022", "family": "windows"}, "architecture": "x86_64"}, "agent": {"type": "winlogbeat", "version": "8.14.3", "name": "FS01"}, "ecs": {"version": "8.11.0"}, "winlog": {"channel": "Security", "event_id": 4624, "provider_name": "Microsoft-Windows-Security-Auditing", "computer_name": "FS01.corp.local", "event_data": {"TargetUserName": "jones.w", "TargetDomainName": "CORP", "LogonType": "3", "LogonProcessName": "NtLmSsp ", "AuthenticationPackageName": "NTLM", "WorkstationName": "WS01", "IpAddress": "10.0.0.51", "IpPort": "43985"}}, "event": {"module": "security", "dataset": "windows.security", "provider": "Microsoft-Windows-Security-Auditing", "code": "4624", "kind": "event", "category": ["authentication"], "type": ["start"], "action": "logged-in", "outcome": "success"}, "user": {"name": "jones.w", "domain": "CORP"}, "source": {"ip": "10.0.0.51"}, "related": {"user": ["jones.w"], "ip": ["10.0.0.51"]}}
{"@timestamp": "2026-06-15T11:31:11.025000Z", "message": "A new process has been created. Process: C:\\Program Files\\Google\\Chrome\\Application\\chrome.exe  Command: C:\\Program Files\\Google\\Chrome\\Application\\chrome.exe", "log": {"level": "information"}, "host": {"name": "WS01", "hostname": "WS01", "ip": ["10.0.0.51"], "os": {"type": "windows", "name": "Windows 10 Enterprise", "family": "windows"}, "architecture": "x86_64"}, "agent": {"type": "winlogbeat", "version": "8.14.3", "name": "WS01"}, "ecs": {"version": "8.11.0"}, "winlog": {"channel": "Security", "event_id": 4688, "provider_name": "Microsoft-Windows-Security-Auditing", "computer_name": "WS01.corp.local", "event_data": {"SubjectUserName": "jones.w", "SubjectDomainName": "CORP", "NewProcessName": "C:\\Program Files\\Google\\Chrome\\Application\\chrome.exe", "CommandLine": "C:\\Program Files\\Google\\Chrome\\Application\\chrome.exe", "ParentProcessName": "C:\\Windows\\explorer.exe"}}, "event": {"module": "security", "dataset": "windows.security", "provider": "Microsoft-Windows-Security-Auditing", "code": "4688", "kind": "event", "category": ["process"], "type": ["start"], "action": "created-process"}, "user": {"name": "jones.w", "domain": "CORP"}, "process": {"name": "chrome.exe", "executable": "C:\\Program Files\\Google\\Chrome\\Application\\chrome.exe", "command_line": "C:\\Program Files\\Google\\Chrome\\Application\\chrome.exe", "parent": {"executable": "C:\\Windows\\explorer.exe", "name": "explorer.exe"}}, "related": {"user": ["jones.w"]}}
{"@timestamp": "2026-06-15T11:34:55.749000Z", "message": "An account was successfully logged on. Account: CORP\\carter.l  Logon Type: 7 (Unlock)  Source: local", "log": {"level": "information"}, "host": {"name": "WS02", "hostname": "WS02", "ip": ["10.0.0.52"], "os": {"type": "windows", "name": "Windows 10 Enterprise", "family": "windows"}, "architecture": "x86_64"}, "agent": {"type": "winlogbeat", "version": "8.14.3", "name": "WS02"}, "ecs": {"version": "8.11.0"}, "winlog": {"channel": "Security", "event_id": 4624, "provider_name": "Microsoft-Windows-Security-Auditing", "computer_name": "WS02.corp.local", "event_data": {"TargetUserName": "carter.l", "TargetDomainName": "CORP", "LogonType": "7", "LogonProcessName": "User32 ", "AuthenticationPackageName": "Negotiate", "WorkstationName": "WS02", "IpAddress": "-"}}, "event": {"module": "security", "dataset": "windows.security", "provider": "Microsoft-Windows-Security-Auditing", "code": "4624", "kind": "event", "category": ["authentication"], "type": ["start"], "action": "logged-in", "outcome": "success"}, "user": {"name": "carter.l", "domain": "CORP"}, "related": {"user": ["carter.l"]}}
{"@timestamp": "2026-06-15T11:42:43.102000Z", "message": "An account failed to log on. Account: CORP\\gray.r  Logon Type: 2 (Interactive)  Status: 0xC000006D  Sub Status: 0xC000006A  Source: local", "log": {"level": "information"}, "host": {"name": "WS04", "hostname": "WS04", "ip": ["10.0.0.54"], "os": {"type": "windows", "name": "Windows 10 Enterprise", "family": "windows"}, "architecture": "x86_64"}, "agent": {"type": "winlogbeat", "version": "8.14.3", "name": "WS04"}, "ecs": {"version": "8.11.0"}, "winlog": {"channel": "Security", "event_id": 4625, "provider_name": "Microsoft-Windows-Security-Auditing", "computer_name": "WS04.corp.local", "event_data": {"TargetUserName": "gray.r", "TargetDomainName": "CORP", "LogonType": "2", "Status": "0xC000006D", "SubStatus": "0xC000006A", "FailureReason": "Unknown user name or bad password.", "LogonProcessName": "User32 ", "AuthenticationPackageName": "Negotiate", "WorkstationName": "WS04", "IpAddress": "-"}}, "event": {"module": "security", "dataset": "windows.security", "provider": "Microsoft-Windows-Security-Auditing", "code": "4625", "kind": "event", "category": ["authentication"], "type": ["start"], "action": "logon-failed", "outcome": "failure"}, "user": {"name": "gray.r", "domain": "CORP"}, "related": {"user": ["gray.r"]}}
{"@timestamp": "2026-06-15T11:43:09.426000Z", "message": "An account was successfully logged on. Account: CORP\\hill.s  Logon Type: 7 (Unlock)  Source: local", "log": {"level": "information"}, "host": {"name": "WS04", "hostname": "WS04", "ip": ["10.0.0.54"], "os": {"type": "windows", "name": "Windows 10 Enterprise", "family": "windows"}, "architecture": "x86_64"}, "agent": {"type": "winlogbeat", "version": "8.14.3", "name": "WS04"}, "ecs": {"version": "8.11.0"}, "winlog": {"channel": "Security", "event_id": 4624, "provider_name": "Microsoft-Windows-Security-Auditing", "computer_name": "WS04.corp.local", "event_data": {"TargetUserName": "hill.s", "TargetDomainName": "CORP", "LogonType": "7", "LogonProcessName": "User32 ", "AuthenticationPackageName": "Negotiate", "WorkstationName": "WS04", "IpAddress": "-"}}, "event": {"module": "security", "dataset": "windows.security", "provider": "Microsoft-Windows-Security-Auditing", "code": "4624", "kind": "event", "category": ["authentication"], "type": ["start"], "action": "logged-in", "outcome": "success"}, "user": {"name": "hill.s", "domain": "CORP"}, "related": {"user": ["hill.s"]}}
{"@timestamp": "2026-06-15T11:45:21.382000Z", "message": "A new process has been created. Process: C:\\Program Files\\Google\\Chrome\\Application\\chrome.exe  Command: C:\\Program Files\\Google\\Chrome\\Application\\chrome.exe", "log": {"level": "information"}, "host": {"name": "WS02", "hostname": "WS02", "ip": ["10.0.0.52"], "os": {"type": "windows", "name": "Windows 10 Enterprise", "family": "windows"}, "architecture": "x86_64"}, "agent": {"type": "winlogbeat", "version": "8.14.3", "name": "WS02"}, "ecs": {"version": "8.11.0"}, "winlog": {"channel": "Security", "event_id": 4688, "provider_name": "Microsoft-Windows-Security-Auditing", "computer_name": "WS02.corp.local", "event_data": {"SubjectUserName": "carter.l", "SubjectDomainName": "CORP", "NewProcessName": "C:\\Program Files\\Google\\Chrome\\Application\\chrome.exe", "CommandLine": "C:\\Program Files\\Google\\Chrome\\Application\\chrome.exe", "ParentProcessName": "C:\\Windows\\explorer.exe"}}, "event": {"module": "security", "dataset": "windows.security", "provider": "Microsoft-Windows-Security-Auditing", "code": "4688", "kind": "event", "category": ["process"], "type": ["start"], "action": "created-process"}, "user": {"name": "carter.l", "domain": "CORP"}, "process": {"name": "chrome.exe", "executable": "C:\\Program Files\\Google\\Chrome\\Application\\chrome.exe", "command_line": "C:\\Program Files\\Google\\Chrome\\Application\\chrome.exe", "parent": {"executable": "C:\\Windows\\explorer.exe", "name": "explorer.exe"}}, "related": {"user": ["carter.l"]}}
{"@timestamp": "2026-06-15T11:53:44.386000Z", "message": "File created: Image: C:\\Program Files\\Google\\Chrome\\Application\\chrome.exe  TargetFilename: C:\\Users\\hill.s\\Downloads\\report_564.pdf", "log": {"level": "information"}, "host": {"name": "WS04", "hostname": "WS04", "ip": ["10.0.0.54"], "os": {"type": "windows", "name": "Windows 10 Enterprise", "family": "windows"}, "architecture": "x86_64"}, "agent": {"type": "winlogbeat", "version": "8.14.3", "name": "WS04"}, "ecs": {"version": "8.11.0"}, "winlog": {"channel": "Microsoft-Windows-Sysmon/Operational", "event_id": 11, "provider_name": "Microsoft-Windows-Sysmon", "computer_name": "WS04.corp.local", "provider_guid": "{5770385f-c22a-43e0-bf4c-06f5698ffbd9}", "event_data": {"RuleName": "-", "UtcTime": "2026-06-15 11:53:44.000", "ProcessGuid": "{a23eae89-ab75-5903-0000-001005d0642800}", "ProcessId": "5050", "Image": "C:\\Program Files\\Google\\Chrome\\Application\\chrome.exe", "TargetFilename": "C:\\Users\\hill.s\\Downloads\\report_564.pdf", "CreationUtcTime": "2026-06-15 11:53:44.000", "User": "CORP\\hill.s"}}, "event": {"module": "sysmon", "dataset": "windows.sysmon_operational", "provider": "Microsoft-Windows-Sysmon", "code": "11", "kind": "event", "category": ["file"], "type": ["creation"], "action": "file-create"}, "user": {"name": "hill.s", "domain": "CORP"}, "file": {"path": "C:\\Users\\hill.s\\Downloads\\report_564.pdf", "name": "report_564.pdf"}, "related": {"user": ["hill.s"]}}
{"@timestamp": "2026-06-15T11:59:08.936000Z", "message": "An account was successfully logged on. Account: CORP\\carter.l  Logon Type: 3 (Network)  Source: 10.0.0.52", "log": {"level": "information"}, "host": {"name": "FS01", "hostname": "FS01", "ip": ["10.0.0.20"], "os": {"type": "windows", "name": "Windows Server 2022", "family": "windows"}, "architecture": "x86_64"}, "agent": {"type": "winlogbeat", "version": "8.14.3", "name": "FS01"}, "ecs": {"version": "8.11.0"}, "winlog": {"channel": "Security", "event_id": 4624, "provider_name": "Microsoft-Windows-Security-Auditing", "computer_name": "FS01.corp.local", "event_data": {"TargetUserName": "carter.l", "TargetDomainName": "CORP", "LogonType": "3", "LogonProcessName": "NtLmSsp ", "AuthenticationPackageName": "NTLM", "WorkstationName": "WS02", "IpAddress": "10.0.0.52", "IpPort": "56462"}}, "event": {"module": "security", "dataset": "windows.security", "provider": "Microsoft-Windows-Security-Auditing", "code": "4624", "kind": "event", "category": ["authentication"], "type": ["start"], "action": "logged-in", "outcome": "success"}, "user": {"name": "carter.l", "domain": "CORP"}, "source": {"ip": "10.0.0.52"}, "related": {"user": ["carter.l"], "ip": ["10.0.0.52"]}}
{"@timestamp": "2026-06-15T12:00:05.270000Z", "message": "An account was successfully logged on. Account: CORP\\svc_backup  Logon Type: 5 (Service)  Source: local", "log": {"level": "information"}, "host": {"name": "FS01", "hostname": "FS01", "ip": ["10.0.0.20"], "os": {"type": "windows", "name": "Windows Server 2022", "family": "windows"}, "architecture": "x86_64"}, "agent": {"type": "winlogbeat", "version": "8.14.3", "name": "FS01"}, "ecs": {"version": "8.11.0"}, "winlog": {"channel": "Security", "event_id": 4624, "provider_name": "Microsoft-Windows-Security-Auditing", "computer_name": "FS01.corp.local", "event_data": {"TargetUserName": "svc_backup", "TargetDomainName": "CORP", "LogonType": "5", "LogonProcessName": "User32 ", "AuthenticationPackageName": "Negotiate", "WorkstationName": "FS01", "IpAddress": "-"}}, "event": {"module": "security", "dataset": "windows.security", "provider": "Microsoft-Windows-Security-Auditing", "code": "4624", "kind": "event", "category": ["authentication"], "type": ["start"], "action": "logged-in", "outcome": "success"}, "user": {"name": "svc_backup", "domain": "CORP"}, "related": {"user": ["svc_backup"]}}
{"@timestamp": "2026-06-15T12:00:08.016000Z", "message": "An account was successfully logged on. Account: CORP\\svc_backup  Logon Type: 5 (Service)  Source: local", "log": {"level": "information"}, "host": {"name": "APP01", "hostname": "APP01", "ip": ["10.0.0.21"], "os": {"type": "windows", "name": "Windows Server 2022", "family": "windows"}, "architecture": "x86_64"}, "agent": {"type": "winlogbeat", "version": "8.14.3", "name": "APP01"}, "ecs": {"version": "8.11.0"}, "winlog": {"channel": "Security", "event_id": 4624, "provider_name": "Microsoft-Windows-Security-Auditing", "computer_name": "APP01.corp.local", "event_data": {"TargetUserName": "svc_backup", "TargetDomainName": "CORP", "LogonType": "5", "LogonProcessName": "User32 ", "AuthenticationPackageName": "Negotiate", "WorkstationName": "APP01", "IpAddress": "-"}}, "event": {"module": "security", "dataset": "windows.security", "provider": "Microsoft-Windows-Security-Auditing", "code": "4624", "kind": "event", "category": ["authentication"], "type": ["start"], "action": "logged-in", "outcome": "success"}, "user": {"name": "svc_backup", "domain": "CORP"}, "related": {"user": ["svc_backup"]}}
{"@timestamp": "2026-06-15T12:03:30.823000Z", "message": "Process Create: Image: C:\\Windows\\System32\\svchost.exe  CommandLine: svchost.exe -k netsvcs -p  ParentImage: C:\\Windows\\System32\\services.exe", "log": {"level": "information"}, "host": {"name": "WS02", "hostname": "WS02", "ip": ["10.0.0.52"], "os": {"type": "windows", "name": "Windows 10 Enterprise", "family": "windows"}, "architecture": "x86_64"}, "agent": {"type": "winlogbeat", "version": "8.14.3", "name": "WS02"}, "ecs": {"version": "8.11.0"}, "winlog": {"channel": "Microsoft-Windows-Sysmon/Operational", "event_id": 1, "provider_name": "Microsoft-Windows-Sysmon", "computer_name": "WS02.corp.local", "provider_guid": "{5770385f-c22a-43e0-bf4c-06f5698ffbd9}", "event_data": {"RuleName": "-", "UtcTime": "2026-06-15 12:03:30.000", "ProcessGuid": "{a23eae89-72d6-5903-0000-0010465b1f7500}", "ProcessId": "4057", "Image": "C:\\Windows\\System32\\svchost.exe", "FileVersion": "-", "Description": "-", "Product": "-", "Company": "-", "OriginalFileName": "svchost.exe", "CommandLine": "svchost.exe -k netsvcs -p", "CurrentDirectory": "C:\\Windows\\system32\\", "User": "CORP\\diaz.m", "LogonGuid": "{a23eae89-ae90-5903-0000-0010aab885ee00}", "LogonId": "0x1cf263", "TerminalSessionId": "1", "IntegrityLevel": "Medium", "Hashes": "MD5=B66E8CF8ACF5A58E6BBB5F12FBC3E2EC,SHA256=2178F1915F740CCE64040107CD489E9E1FF828A7EA29CD706BC46BA0FBAA69C4,IMPHASH=DE43BD45CC98C143357416C7519ECCFD", "ParentProcessGuid": "{a23eae89-af01-5903-0000-00109d8d332300}", "ParentProcessId": "4072", "ParentImage": "C:\\Windows\\System32\\services.exe", "ParentCommandLine": "services.exe", "ParentUser": "CORP\\diaz.m"}}, "event": {"module": "sysmon", "dataset": "windows.sysmon_operational", "provider": "Microsoft-Windows-Sysmon", "code": "1", "kind": "event", "category": ["process"], "type": ["start"], "action": "process-creation"}, "user": {"name": "diaz.m", "domain": "CORP"}, "process": {"name": "svchost.exe", "executable": "C:\\Windows\\System32\\svchost.exe", "command_line": "svchost.exe -k netsvcs -p", "entity_id": "{a23eae89-72d6-5903-0000-0010465b1f7500}", "pid": 4057, "parent": {"executable": "C:\\Windows\\System32\\services.exe", "name": "services.exe", "command_line": "services.exe", "pid": 4072}}, "related": {"user": ["diaz.m"], "hash": ["B66E8CF8ACF5A58E6BBB5F12FBC3E2EC", "2178F1915F740CCE64040107CD489E9E1FF828A7EA29CD706BC46BA0FBAA69C4", "DE43BD45CC98C143357416C7519ECCFD"]}}
{"@timestamp": "2026-06-15T12:04:09.442000Z", "message": "A Kerberos service ticket was requested. Account: CORP\\adkins.j  Service: FS01$", "log": {"level": "information"}, "host": {"name": "DC01", "hostname": "DC01", "ip": ["10.0.0.10"], "os": {"type": "windows", "name": "Windows Server 2022", "family": "windows"}, "architecture": "x86_64"}, "agent": {"type": "winlogbeat", "version": "8.14.3", "name": "DC01"}, "ecs": {"version": "8.11.0"}, "winlog": {"channel": "Security", "event_id": 4769, "provider_name": "Microsoft-Windows-Security-Auditing", "computer_name": "DC01.corp.local", "event_data": {"TargetUserName": "adkins.j", "TargetDomainName": "CORP", "TicketEncryptionType": "0x12", "ServiceName": "FS01$"}}, "event": {"module": "security", "dataset": "windows.security", "provider": "Microsoft-Windows-Security-Auditing", "code": "4769", "kind": "event", "category": ["authentication"], "type": ["start"]}, "user": {"name": "adkins.j", "domain": "CORP"}, "related": {"user": ["adkins.j"]}}
{"@timestamp": "2026-06-15T12:14:39.067000Z", "message": "A new process has been created. Process: C:\\Program Files\\Microsoft Office\\root\\Office16\\OUTLOOK.EXE  Command: C:\\Program Files\\Microsoft Office\\root\\Office16\\OUTLOOK.EXE", "log": {"level": "information"}, "host": {"name": "WS02", "hostname": "WS02", "ip": ["10.0.0.52"], "os": {"type": "windows", "name": "Windows 10 Enterprise", "family": "windows"}, "architecture": "x86_64"}, "agent": {"type": "winlogbeat", "version": "8.14.3", "name": "WS02"}, "ecs": {"version": "8.11.0"}, "winlog": {"channel": "Security", "event_id": 4688, "provider_name": "Microsoft-Windows-Security-Auditing", "computer_name": "WS02.corp.local", "event_data": {"SubjectUserName": "carter.l", "SubjectDomainName": "CORP", "NewProcessName": "C:\\Program Files\\Microsoft Office\\root\\Office16\\OUTLOOK.EXE", "CommandLine": "C:\\Program Files\\Microsoft Office\\root\\Office16\\OUTLOOK.EXE", "ParentProcessName": "C:\\Windows\\explorer.exe"}}, "event": {"module": "security", "dataset": "windows.security", "provider": "Microsoft-Windows-Security-Auditing", "code": "4688", "kind": "event", "category": ["process"], "type": ["start"], "action": "created-process"}, "user": {"name": "carter.l", "domain": "CORP"}, "process": {"name": "OUTLOOK.EXE", "executable": "C:\\Program Files\\Microsoft Office\\root\\Office16\\OUTLOOK.EXE", "command_line": "C:\\Program Files\\Microsoft Office\\root\\Office16\\OUTLOOK.EXE", "parent": {"executable": "C:\\Windows\\explorer.exe", "name": "explorer.exe"}}, "related": {"user": ["carter.l"]}}
{"@timestamp": "2026-06-15T12:15:28.708000Z", "message": "A new process has been created. Process: C:\\Program Files\\Microsoft Office\\root\\Office16\\OUTLOOK.EXE  Command: C:\\Program Files\\Microsoft Office\\root\\Office16\\OUTLOOK.EXE", "log": {"level": "information"}, "host": {"name": "WS03", "hostname": "WS03", "ip": ["10.0.0.53"], "os": {"type": "windows", "name": "Windows 10 Enterprise", "family": "windows"}, "architecture": "x86_64"}, "agent": {"type": "winlogbeat", "version": "8.14.3", "name": "WS03"}, "ecs": {"version": "8.11.0"}, "winlog": {"channel": "Security", "event_id": 4688, "provider_name": "Microsoft-Windows-Security-Auditing", "computer_name": "WS03.corp.local", "event_data": {"SubjectUserName": "evans.n", "SubjectDomainName": "CORP", "NewProcessName": "C:\\Program Files\\Microsoft Office\\root\\Office16\\OUTLOOK.EXE", "CommandLine": "C:\\Program Files\\Microsoft Office\\root\\Office16\\OUTLOOK.EXE", "ParentProcessName": "C:\\Windows\\explorer.exe"}}, "event": {"module": "security", "dataset": "windows.security", "provider": "Microsoft-Windows-Security-Auditing", "code": "4688", "kind": "event", "category": ["process"], "type": ["start"], "action": "created-process"}, "user": {"name": "evans.n", "domain": "CORP"}, "process": {"name": "OUTLOOK.EXE", "executable": "C:\\Program Files\\Microsoft Office\\root\\Office16\\OUTLOOK.EXE", "command_line": "C:\\Program Files\\Microsoft Office\\root\\Office16\\OUTLOOK.EXE", "parent": {"executable": "C:\\Windows\\explorer.exe", "name": "explorer.exe"}}, "related": {"user": ["evans.n"]}}
{"@timestamp": "2026-06-15T12:19:45.481000Z", "message": "An account was successfully logged on. Account: CORP\\jones.w  Logon Type: 7 (Unlock)  Source: local", "log": {"level": "information"}, "host": {"name": "WS01", "hostname": "WS01", "ip": ["10.0.0.51"], "os": {"type": "windows", "name": "Windows 10 Enterprise", "family": "windows"}, "architecture": "x86_64"}, "agent": {"type": "winlogbeat", "version": "8.14.3", "name": "WS01"}, "ecs": {"version": "8.11.0"}, "winlog": {"channel": "Security", "event_id": 4624, "provider_name": "Microsoft-Windows-Security-Auditing", "computer_name": "WS01.corp.local", "event_data": {"TargetUserName": "jones.w", "TargetDomainName": "CORP", "LogonType": "7", "LogonProcessName": "User32 ", "AuthenticationPackageName": "Negotiate", "WorkstationName": "WS01", "IpAddress": "-"}}, "event": {"module": "security", "dataset": "windows.security", "provider": "Microsoft-Windows-Security-Auditing", "code": "4624", "kind": "event", "category": ["authentication"], "type": ["start"], "action": "logged-in", "outcome": "success"}, "user": {"name": "jones.w", "domain": "CORP"}, "related": {"user": ["jones.w"]}}
{"@timestamp": "2026-06-15T12:40:15.109000Z", "message": "An account was successfully logged on. Account: CORP\\jones.w  Logon Type: 3 (Network)  Source: 10.0.0.51", "log": {"level": "information"}, "host": {"name": "FS01", "hostname": "FS01", "ip": ["10.0.0.20"], "os": {"type": "windows", "name": "Windows Server 2022", "family": "windows"}, "architecture": "x86_64"}, "agent": {"type": "winlogbeat", "version": "8.14.3", "name": "FS01"}, "ecs": {"version": "8.11.0"}, "winlog": {"channel": "Security", "event_id": 4624, "provider_name": "Microsoft-Windows-Security-Auditing", "computer_name": "FS01.corp.local", "event_data": {"TargetUserName": "jones.w", "TargetDomainName": "CORP", "LogonType": "3", "LogonProcessName": "NtLmSsp ", "AuthenticationPackageName": "NTLM", "WorkstationName": "WS01", "IpAddress": "10.0.0.51", "IpPort": "58363"}}, "event": {"module": "security", "dataset": "windows.security", "provider": "Microsoft-Windows-Security-Auditing", "code": "4624", "kind": "event", "category": ["authentication"], "type": ["start"], "action": "logged-in", "outcome": "success"}, "user": {"name": "jones.w", "domain": "CORP"}, "source": {"ip": "10.0.0.51"}, "related": {"user": ["jones.w"], "ip": ["10.0.0.51"]}}
