{"@timestamp": "2026-06-15T17:55:00.560000Z", "message": "An account was logged off. Account: CORP\\foster.p  Logon Type: 2 (Interactive)", "log": {"level": "information"}, "host": {"name": "WS03", "hostname": "WS03", "ip": ["10.0.0.53"], "os": {"type": "windows", "name": "Windows 10 Enterprise", "family": "windows"}, "architecture": "x86_64"}, "agent": {"type": "winlogbeat", "version": "8.14.3", "name": "WS03"}, "ecs": {"version": "8.11.0"}, "winlog": {"channel": "Security", "event_id": 4634, "provider_name": "Microsoft-Windows-Security-Auditing", "computer_name": "WS03.corp.local", "event_data": {"TargetUserName": "foster.p", "TargetDomainName": "CORP", "LogonType": "2"}}, "event": {"module": "security", "dataset": "windows.security", "provider": "Microsoft-Windows-Security-Auditing", "code": "4634", "kind": "event", "category": ["authentication"], "type": ["end"], "action": "logged-out"}, "user": {"name": "foster.p", "domain": "CORP"}, "related": {"user": ["foster.p"]}}
{"@timestamp": "2026-06-15T17:59:34.631000Z", "message": "An account was logged off. Account: CORP\\diaz.m  Logon Type: 2 (Interactive)", "log": {"level": "information"}, "host": {"name": "WS02", "hostname": "WS02", "ip": ["10.0.0.52"], "os": {"type": "windows", "name": "Windows 10 Enterprise", "family": "windows"}, "architecture": "x86_64"}, "agent": {"type": "winlogbeat", "version": "8.14.3", "name": "WS02"}, "ecs": {"version": "8.11.0"}, "winlog": {"channel": "Security", "event_id": 4634, "provider_name": "Microsoft-Windows-Security-Auditing", "computer_name": "WS02.corp.local", "event_data": {"TargetUserName": "diaz.m", "TargetDomainName": "CORP", "LogonType": "2"}}, "event": {"module": "security", "dataset": "windows.security", "provider": "Microsoft-Windows-Security-Auditing", "code": "4634", "kind": "event", "category": ["authentication"], "type": ["end"], "action": "logged-out"}, "user": {"name": "diaz.m", "domain": "CORP"}, "related": {"user": ["diaz.m"]}}
{"@timestamp": "2026-06-15T18:00:05.717000Z", "message": "An account was successfully logged on. Account: CORP\\svc_backup  Logon Type: 5 (Service)  Source: local", "log": {"level": "information"}, "host": {"name": "FS01", "hostname": "FS01", "ip": ["10.0.0.20"], "os": {"type": "windows", "name": "Windows Server 2022", "family": "windows"}, "architecture": "x86_64"}, "agent": {"type": "winlogbeat", "version": "8.14.3", "name": "FS01"}, "ecs": {"version": "8.11.0"}, "winlog": {"channel": "Security", "event_id": 4624, "provider_name": "Microsoft-Windows-Security-Auditing", "computer_name": "FS01.corp.local", "event_data": {"TargetUserName": "svc_backup", "TargetDomainName": "CORP", "LogonType": "5", "LogonProcessName": "User32 ", "AuthenticationPackageName": "Negotiate", "WorkstationName": "FS01", "IpAddress": "-"}}, "event": {"module": "security", "dataset": "windows.security", "provider": "Microsoft-Windows-Security-Auditing", "code": "4624", "kind": "event", "category": ["authentication"], "type": ["start"], "action": "logged-in", "outcome": "success"}, "user": {"name": "svc_backup", "domain": "CORP"}, "related": {"user": ["svc_backup"]}}
{"@timestamp": "2026-06-15T18:00:08.921000Z", "message": "An account was successfully logged on. Account: CORP\\svc_backup  Logon Type: 5 (Service)  Source: local", "log": {"level": "information"}, "host": {"name": "APP01", "hostname": "APP01", "ip": ["10.0.0.21"], "os": {"type": "windows", "name": "Windows Server 2022", "family": "windows"}, "architecture": "x86_64"}, "agent": {"type": "winlogbeat", "version": "8.14.3", "name": "APP01"}, "ecs": {"version": "8.11.0"}, "winlog": {"channel": "Security", "event_id": 4624, "provider_name": "Microsoft-Windows-Security-Auditing", "computer_name": "APP01.corp.local", "event_data": {"TargetUserName": "svc_backup", "TargetDomainName": "CORP", "LogonType": "5", "LogonProcessName": "User32 ", "AuthenticationPackageName": "Negotiate", "WorkstationName": "APP01", "IpAddress": "-"}}, "event": {"module": "security", "dataset": "windows.security", "provider": "Microsoft-Windows-Security-Auditing", "code": "4624", "kind": "event", "category": ["authentication"], "type": ["start"], "action": "logged-in", "outcome": "success"}, "user": {"name": "svc_backup", "domain": "CORP"}, "related": {"user": ["svc_backup"]}}
{"@timestamp": "2026-06-15T19:10:45.769000Z", "message": "An account was successfully logged on. Account: CORP\\svc_backup  Logon Type: 3 (Network)  Source: 10.0.0.20", "log": {"level": "information"}, "host": {"name": "APP01", "hostname": "APP01", "ip": ["10.0.0.21"], "os": {"type": "windows", "name": "Windows Server 2022", "family": "windows"}, "architecture": "x86_64"}, "agent": {"type": "winlogbeat", "version": "8.14.3", "name": "APP01"}, "ecs": {"version": "8.11.0"}, "winlog": {"channel": "Security", "event_id": 4624, "provider_name": "Microsoft-Windows-Security-Auditing", "computer_name": "APP01.corp.local", "event_data": {"TargetUserName": "svc_backup", "TargetDomainName": "CORP", "LogonType": "3", "LogonProcessName": "NtLmSsp ", "AuthenticationPackageName": "NTLM", "WorkstationName": "FS01", "IpAddress": "10.0.0.20", "IpPort": "43215"}}, "event": {"module": "security", "dataset": "windows.security", "provider": "Microsoft-Windows-Security-Auditing", "code": "4624", "kind": "event", "category": ["authentication"], "type": ["start"], "action": "logged-in", "outcome": "success"}, "user": {"name": "svc_backup", "domain": "CORP"}, "source": {"ip": "10.0.0.20"}, "related": {"user": ["svc_backup"], "ip": ["10.0.0.20"]}}
{"@timestamp": "2026-06-15T19:14:49.557000Z", "message": "An account was successfully logged on. Account: CORP\\svc_backup  Logon Type: 3 (Network)  Source: 10.0.0.20", "log": {"level": "information"}, "host": {"name": "APP01", "hostname": "APP01", "ip": ["10.0.0.21"], "os": {"type": "windows", "name": "Windows Server 2022", "family": "windows"}, "architecture": "x86_64"}, "agent": {"type": "winlogbeat", "version": "8.14.3", "name": "APP01"}, "ecs": {"version": "8.11.0"}, "winlog": {"channel": "Security", "event_id": 4624, "provider_name": "Microsoft-Windows-Security-Auditing", "computer_name": "APP01.corp.local", "event_data": {"TargetUserName": "svc_backup", "TargetDomainName": "CORP", "LogonType": "3", "LogonProcessName": "NtLmSsp ", "AuthenticationPackageName": "NTLM", "WorkstationName": "FS01", "IpAddress": "10.0.0.20", "IpPort": "42593"}}, "event": {"module": "security", "dataset": "windows.security", "provider": "Microsoft-Windows-Security-Auditing", "code": "4624", "kind": "event", "category": ["authentication"], "type": ["start"], "action": "logged-in", "outcome": "success"}, "user": {"name": "svc_backup", "domain": "CORP"}, "source": {"ip": "10.0.0.20"}, "related": {"user": ["svc_backup"], "ip": ["10.0.0.20"]}}
{"@timestamp": "2026-06-15T20:00:05.275000Z", "message": "An account was successfully logged on. Account: CORP\\svc_backup  Logon Type: 5 (Service)  Source: local", "log": {"level": "information"}, "host": {"name": "FS01", "hostname": "FS01", "ip": ["10.0.0.20"], "os": {"type": "windows", "name": "Windows Server 2022", "family": "windows"}, "architecture": "x86_64"}, "agent": {"type": "winlogbeat", "version": "8.14.3", "name": "FS01"}, "ecs": {"version": "8.11.0"}, "winlog": {"channel": "Security", "event_id": 4624, "provider_name": "Microsoft-Windows-Security-Auditing", "computer_name": "FS01.corp.local", "event_data": {"TargetUserName": "svc_backup", "TargetDomainName": "CORP", "LogonType": "5", "LogonProcessName": "User32 ", "AuthenticationPackageName": "Negotiate", "WorkstationName": "FS01", "IpAddress": "-"}}, "event": {"module": "security", "dataset": "windows.security", "provider": "Microsoft-Windows-Security-Auditing", "code": "4624", "kind": "event", "category": ["authentication"], "type": ["start"], "action": "logged-in", "outcome": "success"}, "user": {"name": "svc_backup", "domain": "CORP"}, "related": {"user": ["svc_backup"]}}
{"@timestamp": "2026-06-15T20:00:08.611000Z", "message": "An account was successfully logged on. Account: CORP\\svc_backup  Logon Type: 5 (Service)  Source: local", "log": {"level": "information"}, "host": {"name": "APP01", "hostname": "APP01", "ip": ["10.0.0.21"], "os": {"type": "windows", "name": "Windows Server 2022", "family": "windows"}, "architecture": "x86_64"}, "agent": {"type": "winlogbeat", "version": "8.14.3", "name": "APP01"}, "ecs": {"version": "8.11.0"}, "winlog": {"channel": "Security", "event_id": 4624, "provider_name": "Microsoft-Windows-Security-Auditing", "computer_name": "APP01.corp.local", "event_data": {"TargetUserName": "svc_backup", "TargetDomainName": "CORP", "LogonType": "5", "LogonProcessName": "User32 ", "AuthenticationPackageName": "Negotiate", "WorkstationName": "APP01", "IpAddress": "-"}}, "event": {"module": "security", "dataset": "windows.security", "provider": "Microsoft-Windows-Security-Auditing", "code": "4624", "kind": "event", "category": ["authentication"], "type": ["start"], "action": "logged-in", "outcome": "success"}, "user": {"name": "svc_backup", "domain": "CORP"}, "related": {"user": ["svc_backup"]}}
{"@timestamp": "2026-06-15T21:30:03.396000Z", "message": "An account was successfully logged on. Account: CORP\\svc_sql  Logon Type: 5 (Service)  Source: local", "log": {"level": "information"}, "host": {"name": "APP01", "hostname": "APP01", "ip": ["10.0.0.21"], "os": {"type": "windows", "name": "Windows Server 2022", "family": "windows"}, "architecture": "x86_64"}, "agent": {"type": "winlogbeat", "version": "8.14.3", "name": "APP01"}, "ecs": {"version": "8.11.0"}, "winlog": {"channel": "Security", "event_id": 4624, "provider_name": "Microsoft-Windows-Security-Auditing", "computer_name": "APP01.corp.local", "event_data": {"TargetUserName": "svc_sql", "TargetDomainName": "CORP", "LogonType": "5", "LogonProcessName": "User32 ", "AuthenticationPackageName": "Negotiate", "WorkstationName": "APP01", "IpAddress": "-"}}, "event": {"module": "security", "dataset": "windows.security", "provider": "Microsoft-Windows-Security-Auditing", "code": "4624", "kind": "event", "category": ["authentication"], "type": ["start"], "action": "logged-in", "outcome": "success"}, "user": {"name": "svc_sql", "domain": "CORP"}, "related": {"user": ["svc_sql"]}}
{"@timestamp": "2026-06-15T22:00:05.050000Z", "message": "An account was successfully logged on. Account: CORP\\svc_backup  Logon Type: 5 (Service)  Source: local", "log": {"level": "information"}, "host": {"name": "FS01", "hostname": "FS01", "ip": ["10.0.0.20"], "os": {"type": "windows", "name": "Windows Server 2022", "family": "windows"}, "architecture": "x86_64"}, "agent": {"type": "winlogbeat", "version": "8.14.3", "name": "FS01"}, "ecs": {"version": "8.11.0"}, "winlog": {"channel": "Security", "event_id": 4624, "provider_name": "Microsoft-Windows-Security-Auditing", "computer_name": "FS01.corp.local", "event_data": {"TargetUserName": "svc_backup", "TargetDomainName": "CORP", "LogonType": "5", "LogonProcessName": "User32 ", "AuthenticationPackageName": "Negotiate", "WorkstationName": "FS01", "IpAddress": "-"}}, "event": {"module": "security", "dataset": "windows.security", "provider": "Microsoft-Windows-Security-Auditing", "code": "4624", "kind": "event", "category": ["authentication"], "type": ["start"], "action": "logged-in", "outcome": "success"}, "user": {"name": "svc_backup", "domain": "CORP"}, "related": {"user": ["svc_backup"]}}
{"@timestamp": "2026-06-15T22:00:08.586000Z", "message": "An account was successfully logged on. Account: CORP\\svc_backup  Logon Type: 5 (Service)  Source: local", "log": {"level": "information"}, "host": {"name": "APP01", "hostname": "APP01", "ip": ["10.0.0.21"], "os": {"type": "windows", "name": "Windows Server 2022", "family": "windows"}, "architecture": "x86_64"}, "agent": {"type": "winlogbeat", "version": "8.14.3", "name": "APP01"}, "ecs": {"version": "8.11.0"}, "winlog": {"channel": "Security", "event_id": 4624, "provider_name": "Microsoft-Windows-Security-Auditing", "computer_name": "APP01.corp.local", "event_data": {"TargetUserName": "svc_backup", "TargetDomainName": "CORP", "LogonType": "5", "LogonProcessName": "User32 ", "AuthenticationPackageName": "Negotiate", "WorkstationName": "APP01", "IpAddress": "-"}}, "event": {"module": "security", "dataset": "windows.security", "provider": "Microsoft-Windows-Security-Auditing", "code": "4624", "kind": "event", "category": ["authentication"], "type": ["start"], "action": "logged-in", "outcome": "success"}, "user": {"name": "svc_backup", "domain": "CORP"}, "related": {"user": ["svc_backup"]}}
{"@timestamp": "2026-06-15T23:51:06.330000Z", "message": "An account was successfully logged on. Account: CORP\\svc_backup  Logon Type: 3 (Network)  Source: 10.0.0.20", "log": {"level": "information"}, "host": {"name": "APP01", "hostname": "APP01", "ip": ["10.0.0.21"], "os": {"type": "windows", "name": "Windows Server 2022", "family": "windows"}, "architecture": "x86_64"}, "agent": {"type": "winlogbeat", "version": "8.14.3", "name": "APP01"}, "ecs": {"version": "8.11.0"}, "winlog": {"channel": "Security", "event_id": 4624, "provider_name": "Microsoft-Windows-Security-Auditing", "computer_name": "APP01.corp.local", "event_data": {"TargetUserName": "svc_backup", "TargetDomainName": "CORP", "LogonType": "3", "LogonProcessName": "NtLmSsp ", "AuthenticationPackageName": "NTLM", "WorkstationName": "FS01", "IpAddress": "10.0.0.20", "IpPort": "40693"}}, "event": {"module": "security", "dataset": "windows.security", "provider": "Microsoft-Windows-Security-Auditing", "code": "4624", "kind": "event", "category": ["authentication"], "type": ["start"], "action": "logged-in", "outcome": "success"}, "user": {"name": "svc_backup", "domain": "CORP"}, "source": {"ip": "10.0.0.20"}, "related": {"user": ["svc_backup"], "ip": ["10.0.0.20"]}}
{"@timestamp": "2026-06-16T00:00:05.931000Z", "message": "An account was successfully logged on. Account: CORP\\svc_backup  Logon Type: 5 (Service)  Source: local", "log": {"level": "information"}, "host": {"name": "FS01", "hostname": "FS01", "ip": ["10.0.0.20"], "os": {"type": "windows", "name": "Windows Server 2022", "family": "windows"}, "architecture": "x86_64"}, "agent": {"type": "winlogbeat", "version": "8.14.3", "name": "FS01"}, "ecs": {"version": "8.11.0"}, "winlog": {"channel": "Security", "event_id": 4624, "provider_name": "Microsoft-Windows-Security-Auditing", "computer_name": "FS01.corp.local", "event_data": {"TargetUserName": "svc_backup", "TargetDomainName": "CORP", "LogonType": "5", "LogonProcessName": "User32 ", "AuthenticationPackageName": "Negotiate", "WorkstationName": "FS01", "IpAddress": "-"}}, "event": {"module": "security", "dataset": "windows.security", "provider": "Microsoft-Windows-Security-Auditing", "code": "4624", "kind": "event", "category": ["authentication"], "type": ["start"], "action": "logged-in", "outcome": "success"}, "user": {"name": "svc_backup", "domain": "CORP"}, "related": {"user": ["svc_backup"]}}
{"@timestamp": "2026-06-16T00:00:08.850000Z", "message": "An account was successfully logged on. Account: CORP\\svc_backup  Logon Type: 5 (Service)  Source: local", "log": {"level": "information"}, "host": {"name": "APP01", "hostname": "APP01", "ip": ["10.0.0.21"], "os": {"type": "windows", "name": "Windows Server 2022", "family": "windows"}, "architecture": "x86_64"}, "agent": {"type": "winlogbeat", "version": "8.14.3", "name": "APP01"}, "ecs": {"version": "8.11.0"}, "winlog": {"channel": "Security", "event_id": 4624, "provider_name": "Microsoft-Windows-Security-Auditing", "computer_name": "APP01.corp.local", "event_data": {"TargetUserName": "svc_backup", "TargetDomainName": "CORP", "LogonType": "5", "LogonProcessName": "User32 ", "AuthenticationPackageName": "Negotiate", "WorkstationName": "APP01", "IpAddress": "-"}}, "event": {"module": "security", "dataset": "windows.security", "provider": "Microsoft-Windows-Security-Auditing", "code": "4624", "kind": "event", "category": ["authentication"], "type": ["start"], "action": "logged-in", "outcome": "success"}, "user": {"name": "svc_backup", "domain": "CORP"}, "related": {"user": ["svc_backup"]}}
{"@timestamp": "2026-06-16T01:30:03.270000Z", "message": "An account was successfully logged on. Account: CORP\\svc_sql  Logon Type: 5 (Service)  Source: local", "log": {"level": "information"}, "host": {"name": "APP01", "hostname": "APP01", "ip": ["10.0.0.21"], "os": {"type": "windows", "name": "Windows Server 2022", "family": "windows"}, "architecture": "x86_64"}, "agent": {"type": "winlogbeat", "version": "8.14.3", "name": "APP01"}, "ecs": {"version": "8.11.0"}, "winlog": {"channel": "Security", "event_id": 4624, "provider_name": "Microsoft-Windows-Security-Auditing", "computer_name": "APP01.corp.local", "event_data": {"TargetUserName": "svc_sql", "TargetDomainName": "CORP", "LogonType": "5", "LogonProcessName": "User32 ", "AuthenticationPackageName": "Negotiate", "WorkstationName": "APP01", "IpAddress": "-"}}, "event": {"module": "security", "dataset": "windows.security", "provider": "Microsoft-Windows-Security-Auditing", "code": "4624", "kind": "event", "category": ["authentication"], "type": ["start"], "action": "logged-in", "outcome": "success"}, "user": {"name": "svc_sql", "domain": "CORP"}, "related": {"user": ["svc_sql"]}}
{"@timestamp": "2026-06-16T02:00:05.421000Z", "message": "An account was successfully logged on. Account: CORP\\svc_backup  Logon Type: 5 (Service)  Source: local", "log": {"level": "information"}, "host": {"name": "FS01", "hostname": "FS01", "ip": ["10.0.0.20"], "os": {"type": "windows", "name": "Windows Server 2022", "family": "windows"}, "architecture": "x86_64"}, "agent": {"type": "winlogbeat", "version": "8.14.3", "name": "FS01"}, "ecs": {"version": "8.11.0"}, "winlog": {"channel": "Security", "event_id": 4624, "provider_name": "Microsoft-Windows-Security-Auditing", "computer_name": "FS01.corp.local", "event_data": {"TargetUserName": "svc_backup", "TargetDomainName": "CORP", "LogonType": "5", "LogonProcessName": "User32 ", "AuthenticationPackageName": "Negotiate", "WorkstationName": "FS01", "IpAddress": "-"}}, "event": {"module": "security", "dataset": "windows.security", "provider": "Microsoft-Windows-Security-Auditing", "code": "4624", "kind": "event", "category": ["authentication"], "type": ["start"], "action": "logged-in", "outcome": "success"}, "user": {"name": "svc_backup", "domain": "CORP"}, "related": {"user": ["svc_backup"]}}
{"@timestamp": "2026-06-16T02:00:08.453000Z", "message": "An account was successfully logged on. Account: CORP\\svc_backup  Logon Type: 5 (Service)  Source: local", "log": {"level": "information"}, "host": {"name": "APP01", "hostname": "APP01", "ip": ["10.0.0.21"], "os": {"type": "windows", "name": "Windows Server 2022", "family": "windows"}, "architecture": "x86_64"}, "agent": {"type": "winlogbeat", "version": "8.14.3", "name": "APP01"}, "ecs": {"version": "8.11.0"}, "winlog": {"channel": "Security", "event_id": 4624, "provider_name": "Microsoft-Windows-Security-Auditing", "computer_name": "APP01.corp.local", "event_data": {"TargetUserName": "svc_backup", "TargetDomainName": "CORP", "LogonType": "5", "LogonProcessName": "User32 ", "AuthenticationPackageName": "Negotiate", "WorkstationName": "APP01", "IpAddress": "-"}}, "event": {"module": "security", "dataset": "windows.security", "provider": "Microsoft-Windows-Security-Auditing", "code": "4624", "kind": "event", "category": ["authentication"], "type": ["start"], "action": "logged-in", "outcome": "success"}, "user": {"name": "svc_backup", "domain": "CORP"}, "related": {"user": ["svc_backup"]}}
{"@timestamp": "2026-06-16T04:00:05.079000Z", "message": "An account was successfully logged on. Account: CORP\\svc_backup  Logon Type: 5 (Service)  Source: local", "log": {"level": "information"}, "host": {"name": "FS01", "hostname": "FS01", "ip": ["10.0.0.20"], "os": {"type": "windows", "name": "Windows Server 2022", "family": "windows"}, "architecture": "x86_64"}, "agent": {"type": "winlogbeat", "version": "8.14.3", "name": "FS01"}, "ecs": {"version": "8.11.0"}, "winlog": {"channel": "Security", "event_id": 4624, "provider_name": "Microsoft-Windows-Security-Auditing", "computer_name": "FS01.corp.local", "event_data": {"TargetUserName": "svc_backup", "TargetDomainName": "CORP", "LogonType": "5", "LogonProcessName": "User32 ", "AuthenticationPackageName": "Negotiate", "WorkstationName": "FS01", "IpAddress": "-"}}, "event": {"module": "security", "dataset": "windows.security", "provider": "Microsoft-Windows-Security-Auditing", "code": "4624", "kind": "event", "category": ["authentication"], "type": ["start"], "action": "logged-in", "outcome": "success"}, "user": {"name": "svc_backup", "domain": "CORP"}, "related": {"user": ["svc_backup"]}}
{"@timestamp": "2026-06-16T04:00:08.761000Z", "message": "An account was successfully logged on. Account: CORP\\svc_backup  Logon Type: 5 (Service)  Source: local", "log": {"level": "information"}, "host": {"name": "APP01", "hostname": "APP01", "ip": ["10.0.0.21"], "os": {"type": "windows", "name": "Windows Server 2022", "family": "windows"}, "architecture": "x86_64"}, "agent": {"type": "winlogbeat", "version": "8.14.3", "name": "APP01"}, "ecs": {"version": "8.11.0"}, "winlog": {"channel": "Security", "event_id": 4624, "provider_name": "Microsoft-Windows-Security-Auditing", "computer_name": "APP01.corp.local", "event_data": {"TargetUserName": "svc_backup", "TargetDomainName": "CORP", "LogonType": "5", "LogonProcessName": "User32 ", "AuthenticationPackageName": "Negotiate", "WorkstationName": "APP01", "IpAddress": "-"}}, "event": {"module": "security", "dataset": "windows.security", "provider": "Microsoft-Windows-Security-Auditing", "code": "4624", "kind": "event", "category": ["authentication"], "type": ["start"], "action": "logged-in", "outcome": "success"}, "user": {"name": "svc_backup", "domain": "CORP"}, "related": {"user": ["svc_backup"]}}
{"@timestamp": "2026-06-16T05:30:03.330000Z", "message": "An account was successfully logged on. Account: CORP\\svc_sql  Logon Type: 5 (Service)  Source: local", "log": {"level": "information"}, "host": {"name": "APP01", "hostname": "APP01", "ip": ["10.0.0.21"], "os": {"type": "windows", "name": "Windows Server 2022", "family": "windows"}, "architecture": "x86_64"}, "agent": {"type": "winlogbeat", "version": "8.14.3", "name": "APP01"}, "ecs": {"version": "8.11.0"}, "winlog": {"channel": "Security", "event_id": 4624, "provider_name": "Microsoft-Windows-Security-Auditing", "computer_name": "APP01.corp.local", "event_data": {"TargetUserName": "svc_sql", "TargetDomainName": "CORP", "LogonType": "5", "LogonProcessName": "User32 ", "AuthenticationPackageName": "Negotiate", "WorkstationName": "APP01", "IpAddress": "-"}}, "event": {"module": "security", "dataset": "windows.security", "provider": "Microsoft-Windows-Security-Auditing", "code": "4624", "kind": "event", "category": ["authentication"], "type": ["start"], "action": "logged-in", "outcome": "success"}, "user": {"name": "svc_sql", "domain": "CORP"}, "related": {"user": ["svc_sql"]}}
{"@timestamp": "2026-06-16T06:00:05.991000Z", "message": "An account was successfully logged on. Account: CORP\\svc_backup  Logon Type: 5 (Service)  Source: local", "log": {"level": "information"}, "host": {"name": "FS01", "hostname": "FS01", "ip": ["10.0.0.20"], "os": {"type": "windows", "name": "Windows Server 2022", "family": "windows"}, "architecture": "x86_64"}, "agent": {"type": "winlogbeat", "version": "8.14.3", "name": "FS01"}, "ecs": {"version": "8.11.0"}, "winlog": {"channel": "Security", "event_id": 4624, "provider_name": "Microsoft-Windows-Security-Auditing", "computer_name": "FS01.corp.local", "event_data": {"TargetUserName": "svc_backup", "TargetDomainName": "CORP", "LogonType": "5", "LogonProcessName": "User32 ", "AuthenticationPackageName": "Negotiate", "WorkstationName": "FS01", "IpAddress": "-"}}, "event": {"module": "security", "dataset": "windows.security", "provider": "Microsoft-Windows-Security-Auditing", "code": "4624", "kind": "event", "category": ["authentication"], "type": ["start"], "action": "logged-in", "outcome": "success"}, "user": {"name": "svc_backup", "domain": "CORP"}, "related": {"user": ["svc_backup"]}}
{"@timestamp": "2026-06-16T06:00:08.106000Z", "message": "An account was successfully logged on. Account: CORP\\svc_backup  Logon Type: 5 (Service)  Source: local", "log": {"level": "information"}, "host": {"name": "APP01", "hostname": "APP01", "ip": ["10.0.0.21"], "os": {"type": "windows", "name": "Windows Server 2022", "family": "windows"}, "architecture": "x86_64"}, "agent": {"type": "winlogbeat", "version": "8.14.3", "name": "APP01"}, "ecs": {"version": "8.11.0"}, "winlog": {"channel": "Security", "event_id": 4624, "provider_name": "Microsoft-Windows-Security-Auditing", "computer_name": "APP01.corp.local", "event_data": {"TargetUserName": "svc_backup", "TargetDomainName": "CORP", "LogonType": "5", "LogonProcessName": "User32 ", "AuthenticationPackageName": "Negotiate", "WorkstationName": "APP01", "IpAddress": "-"}}, "event": {"module": "security", "dataset": "windows.security", "provider": "Microsoft-Windows-Security-Auditing", "code": "4624", "kind": "event", "category": ["authentication"], "type": ["start"], "action": "logged-in", "outcome": "success"}, "user": {"name": "svc_backup", "domain": "CORP"}, "related": {"user": ["svc_backup"]}}
{"@timestamp": "2026-06-16T07:05:26.955000Z", "message": "An account was successfully logged on. Account: CORP\\jones.w  Logon Type: 2 (Interactive)  Source: local", "log": {"level": "information"}, "host": {"name": "WS01", "hostname": "WS01", "ip": ["10.0.0.51"], "os": {"type": "windows", "name": "Windows 10 Enterprise", "family": "windows"}, "architecture": "x86_64"}, "agent": {"type": "winlogbeat", "version": "8.14.3", "name": "WS01"}, "ecs": {"version": "8.11.0"}, "winlog": {"channel": "Security", "event_id": 4624, "provider_name": "Microsoft-Windows-Security-Auditing", "computer_name": "WS01.corp.local", "event_data": {"TargetUserName": "jones.w", "TargetDomainName": "CORP", "LogonType": "2", "LogonProcessName": "User32 ", "AuthenticationPackageName": "Negotiate", "WorkstationName": "WS01", "IpAddress": "-"}}, "event": {"module": "security", "dataset": "windows.security", "provider": "Microsoft-Windows-Security-Auditing", "code": "4624", "kind": "event", "category": ["authentication"], "type": ["start"], "action": "logged-in", "outcome": "success"}, "user": {"name": "jones.w", "domain": "CORP"}, "related": {"user": ["jones.w"]}}
{"@timestamp": "2026-06-16T07:05:27.955000Z", "message": "The domain controller attempted to validate credentials (success). Account: jones.w", "log": {"level": "information"}, "host": {"name": "DC01", "hostname": "DC01", "ip": ["10.0.0.10"], "os": {"type": "windows", "name": "Windows Server 2022", "family": "windows"}, "architecture": "x86_64"}, "agent": {"type": "winlogbeat", "version": "8.14.3", "name": "DC01"}, "ecs": {"version": "8.11.0"}, "winlog": {"channel": "Security", "event_id": 4776, "provider_name": "Microsoft-Windows-Security-Auditing", "computer_name": "DC01.corp.local", "event_data": {"TargetUserName": "jones.w", "Status": "0x0"}}, "event": {"module": "security", "dataset": "windows.security", "provider": "Microsoft-Windows-Security-Auditing", "code": "4776", "kind": "event", "category": ["authentication"], "type": ["start"], "outcome": "success"}, "user": {"name": "jones.w", "domain": "CORP"}, "related": {"user": ["jones.w"]}}
{"@timestamp": "2026-06-16T07:05:28.955000Z", "message": "A Kerberos authentication ticket (TGT) was requested. Account: CORP\\jones.w", "log": {"level": "information"}, "host": {"name": "DC01", "hostname": "DC01", "ip": ["10.0.0.10"], "os": {"type": "windows", "name": "Windows Server 2022", "family": "windows"}, "architecture": "x86_64"}, "agent": {"type": "winlogbeat", "version": "8.14.3", "name": "DC01"}, "ecs": {"version": "8.11.0"}, "winlog": {"channel": "Security", "event_id": 4768, "provider_name": "Microsoft-Windows-Security-Auditing", "computer_name": "DC01.corp.local", "event_data": {"TargetUserName": "jones.w", "TargetDomainName": "CORP"}}, "event": {"module": "security", "dataset": "windows.security", "provider": "Microsoft-Windows-Security-Auditing", "code": "4768", "kind": "event", "category": ["authentication"], "type": ["start"]}, "user": {"name": "jones.w", "domain": "CORP"}, "related": {"user": ["jones.w"]}}
{"@timestamp": "2026-06-16T07:18:13.507000Z", "message": "An account was successfully logged on. Account: CORP\\gray.r  Logon Type: 2 (Interactive)  Source: local", "log": {"level": "information"}, "host": {"name": "WS04", "hostname": "WS04", "ip": ["10.0.0.54"], "os": {"type": "windows", "name": "Windows 10 Enterprise", "family": "windows"}, "architecture": "x86_64"}, "agent": {"type": "winlogbeat", "version": "8.14.3", "name": "WS04"}, "ecs": {"version": "8.11.0"}, "winlog": {"channel": "Security", "event_id": 4624, "provider_name": "Microsoft-Windows-Security-Auditing", "computer_name": "WS04.corp.local", "event_data": {"TargetUserName": "gray.r", "TargetDomainName": "CORP", "LogonType": "2", "LogonProcessName": "User32 ", "AuthenticationPackageName": "Negotiate", "WorkstationName": "WS04", "IpAddress": "-"}}, "event": {"module": "security", "dataset": "windows.security", "provider": "Microsoft-Windows-Security-Auditing", "code": "4624", "kind": "event", "category": ["authentication"], "type": ["start"], "action": "logged-in", "outcome": "success"}, "user": {"name": "gray.r", "domain": "CORP"}, "related": {"user": ["gray.r"]}}
{"@timestamp": "2026-06-16T07:18:14.507000Z", "message": "The domain controller attempted to validate credentials (success). Account: gray.r", "log": {"level": "information"}, "host": {"name": "DC01", "hostname": "DC01", "ip": ["10.0.0.10"], "os": {"type": "windows", "name": "Windows Server 2022", "family": "windows"}, "architecture": "x86_64"}, "agent": {"type": "winlogbeat", "version": "8.14.3", "name": "DC01"}, "ecs": {"version": "8.11.0"}, "winlog": {"channel": "Security", "event_id": 4776, "provider_name": "Microsoft-Windows-Security-Auditing", "computer_name": "DC01.corp.local", "event_data": {"TargetUserName": "gray.r", "Status": "0x0"}}, "event": {"module": "security", "dataset": "windows.security", "provider": "Microsoft-Windows-Security-Auditing", "code": "4776", "kind": "event", "category": ["authentication"], "type": ["start"], "outcome": "success"}, "user": {"name": "gray.r", "domain": "CORP"}, "related": {"user": ["gray.r"]}}
{"@timestamp": "2026-06-16T07:18:15.507000Z", "message": "A Kerberos authentication ticket (TGT) was requested. Account: CORP\\gray.r", "log": {"level": "information"}, "host": {"name": "DC01", "hostname": "DC01", "ip": ["10.0.0.10"], "os": {"type": "windows", "name": "Windows Server 2022", "family": "windows"}, "architecture": "x86_64"}, "agent": {"type": "winlogbeat", "version": "8.14.3", "name": "DC01"}, "ecs": {"version": "8.11.0"}, "winlog": {"channel": "Security", "event_id": 4768, "provider_name": "Microsoft-Windows-Security-Auditing", "computer_name": "DC01.corp.local", "event_data": {"TargetUserName": "gray.r", "TargetDomainName": "CORP"}}, "event": {"module": "security", "dataset": "windows.security", "provider": "Microsoft-Windows-Security-Auditing", "code": "4768", "kind": "event", "category": ["authentication"], "type": ["start"]}, "user": {"name": "gray.r", "domain": "CORP"}, "related": {"user": ["gray.r"]}}
{"@timestamp": "2026-06-16T07:44:51.093000Z", "message": "An account was successfully logged on. Account: CORP\\diaz.m  Logon Type: 2 (Interactive)  Source: local", "log": {"level": "information"}, "host": {"name": "WS02", "hostname": "WS02", "ip": ["10.0.0.52"], "os": {"type": "windows", "name": "Windows 10 Enterprise", "family": "windows"}, "architecture": "x86_64"}, "agent": {"type": "winlogbeat", "version": "8.14.3", "name": "WS02"}, "ecs": {"version": "8.11.0"}, "winlog": {"channel": "Security", "event_id": 4624, "provider_name": "Microsoft-Windows-Security-Auditing", "computer_name": "WS02.corp.local", "event_data": {"TargetUserName": "diaz.m", "TargetDomainName": "CORP", "LogonType": "2", "LogonProcessName": "User32 ", "AuthenticationPackageName": "Negotiate", "WorkstationName": "WS02", "IpAddress": "-"}}, "event": {"module": "security", "dataset": "windows.security", "provider": "Microsoft-Windows-Security-Auditing", "code": "4624", "kind": "event", "category": ["authentication"], "type": ["start"], "action": "logged-in", "outcome": "success"}, "user": {"name": "diaz.m", "domain": "CORP"}, "related": {"user": ["diaz.m"]}}
{"@timestamp": "2026-06-16T07:44:52.093000Z", "message": "The domain controller attempted to validate credentials (success). Account: diaz.m", "log": {"level": "information"}, "host": {"name": "DC01", "hostname": "DC01", "ip": ["10.0.0.10"], "os": {"type": "windows", "name": "Windows Server 2022", "family": "windows"}, "architecture": "x86_64"}, "agent": {"type": "winlogbeat", "version": "8.14.3", "name": "DC01"}, "ecs": {"version": "8.11.0"}, "winlog": {"channel": "Security", "event_id": 4776, "provider_name": "Microsoft-Windows-Security-Auditing", "computer_name": "DC01.corp.local", "event_data": {"TargetUserName": "diaz.m", "Status": "0x0"}}, "event": {"module": "security", "dataset": "windows.security", "provider": "Microsoft-Windows-Security-Auditing", "code": "4776", "kind": "event", "category": ["authentication"], "type": ["start"], "outcome": "success"}, "user": {"name": "diaz.m", "domain": "CORP"}, "related": {"user": ["diaz.m"]}}
{"@timestamp": "2026-06-16T07:44:53.093000Z", "message": "A Kerberos authentication ticket (TGT) was requested. Account: CORP\\diaz.m", "log": {"level": "information"}, "host": {"name": "DC01", "hostname": "DC01", "ip": ["10.0.0.10"], "os": {"type": "windows", "name": "Windows Server 2022", "family": "windows"}, "architecture": "x86_64"}, "agent": {"type": "winlogbeat", "version": "8.14.3", "name": "DC01"}, "ecs": {"version": "8.11.0"}, "winlog": {"channel": "Security", "event_id": 4768, "provider_name": "Microsoft-Windows-Security-Auditing", "computer_name": "DC01.corp.local", "event_data": {"TargetUserName": "diaz.m", "TargetDomainName": "CORP"}}, "event": {"module": "security", "dataset": "windows.security", "provider": "Microsoft-Windows-Security-Auditing", "code": "4768", "kind": "event", "category": ["authentication"], "type": ["start"]}, "user": {"name": "diaz.m", "domain": "CORP"}, "related": {"user": ["diaz.m"]}}
{"@timestamp": "2026-06-16T07:53:33.710000Z", "message": "An account was successfully logged on. Account: CORP\\adkins.j  Logon Type: 2 (Interactive)  Source: local", "log": {"level": "information"}, "host": {"name": "WS01", "hostname": "WS01", "ip": ["10.0.0.51"], "os": {"type": "windows", "name": "Windows 10 Enterprise", "family": "windows"}, "architecture": "x86_64"}, "agent": {"type": "winlogbeat", "version": "8.14.3", "name": "WS01"}, "ecs": {"version": "8.11.0"}, "winlog": {"channel": "Security", "event_id": 4624, "provider_name": "Microsoft-Windows-Security-Auditing", "computer_name": "WS01.corp.local", "event_data": {"TargetUserName": "adkins.j", "TargetDomainName": "CORP", "LogonType": "2", "LogonProcessName": "User32 ", "AuthenticationPackageName": "Negotiate", "WorkstationName": "WS01", "IpAddress": "-"}}, "event": {"module": "security", "dataset": "windows.security", "provider": "Microsoft-Windows-Security-Auditing", "code": "4624", "kind": "event", "category": ["authentication"], "type": ["start"], "action": "logged-in", "outcome": "success"}, "user": {"name": "adkins.j", "domain": "CORP"}, "related": {"user": ["adkins.j"]}}
{"@timestamp": "2026-06-16T07:53:34.710000Z", "message": "The domain controller attempted to validate credentials (success). Account: adkins.j", "log": {"level": "information"}, "host": {"name": "DC01", "hostname": "DC01", "ip": ["10.0.0.10"], "os": {"type": "windows", "name": "Windows Server 2022", "family": "windows"}, "architecture": "x86_64"}, "agent": {"type": "winlogbeat", "version": "8.14.3", "name": "DC01"}, "ecs": {"version": "8.11.0"}, "winlog": {"channel": "Security", "event_id": 4776, "provider_name": "Microsoft-Windows-Security-Auditing", "computer_name": "DC01.corp.local", "event_data": {"TargetUserName": "adkins.j", "Status": "0x0"}}, "event": {"module": "security", "dataset": "windows.security", "provider": "Microsoft-Windows-Security-Auditing", "code": "4776", "kind": "event", "category": ["authentication"], "type": ["start"], "outcome": "success"}, "user": {"name": "adkins.j", "domain": "CORP"}, "related": {"user": ["adkins.j"]}}
{"@timestamp": "2026-06-16T07:53:35.710000Z", "message": "A Kerberos authentication ticket (TGT) was requested. Account: CORP\\adkins.j", "log": {"level": "information"}, "host": {"name": "DC01", "hostname": "DC01", "ip": ["10.0.0.10"], "os": {"type": "windows", "name": "Windows Server 2022", "family": "windows"}, "architecture": "x86_64"}, "agent": {"type": "winlogbeat", "version": "8.14.3", "name": "DC01"}, "ecs": {"version": "8.11.0"}, "winlog": {"channel": "Security", "event_id": 4768, "provider_name": "Microsoft-Windows-Security-Auditing", "computer_name": "DC01.corp.local", "event_data": {"TargetUserName": "adkins.j", "TargetDomainName": "CORP"}}, "event": {"module": "security", "dataset": "windows.security", "provider": "Microsoft-Windows-Security-Auditing", "code": "4768", "kind": "event", "category": ["authentication"], "type": ["start"]}, "user": {"name": "adkins.j", "domain": "CORP"}, "related": {"user": ["adkins.j"]}}
{"@timestamp": "2026-06-16T08:00:02.313000Z", "message": "A Kerberos service ticket was requested. Account: CORP\\evans.n  Service: FS01$", "log": {"level": "information"}, "host": {"name": "DC01", "hostname": "DC01", "ip": ["10.0.0.10"], "os": {"type": "windows", "name": "Windows Server 2022", "family": "windows"}, "architecture": "x86_64"}, "agent": {"type": "winlogbeat", "version": "8.14.3", "name": "DC01"}, "ecs": {"version": "8.11.0"}, "winlog": {"channel": "Security", "event_id": 4769, "provider_name": "Microsoft-Windows-Security-Auditing", "computer_name": "DC01.corp.local", "event_data": {"TargetUserName": "evans.n", "TargetDomainName": "CORP", "TicketEncryptionType": "0x12", "ServiceName": "FS01$"}}, "event": {"module": "security", "dataset": "windows.security", "provider": "Microsoft-Windows-Security-Auditing", "code": "4769", "kind": "event", "category": ["authentication"], "type": ["start"]}, "user": {"name": "evans.n", "domain": "CORP"}, "related": {"user": ["evans.n"]}}
{"@timestamp": "2026-06-16T08:00:05.242000Z", "message": "An account was successfully logged on. Account: CORP\\svc_backup  Logon Type: 5 (Service)  Source: local", "log": {"level": "information"}, "host": {"name": "FS01", "hostname": "FS01", "ip": ["10.0.0.20"], "os": {"type": "windows", "name": "Windows Server 2022", "family": "windows"}, "architecture": "x86_64"}, "agent": {"type": "winlogbeat", "version": "8.14.3", "name": "FS01"}, "ecs": {"version": "8.11.0"}, "winlog": {"channel": "Security", "event_id": 4624, "provider_name": "Microsoft-Windows-Security-Auditing", "computer_name": "FS01.corp.local", "event_data": {"TargetUserName": "svc_backup", "TargetDomainName": "CORP", "LogonType": "5", "LogonProcessName": "User32 ", "AuthenticationPackageName": "Negotiate", "WorkstationName": "FS01", "IpAddress": "-"}}, "event": {"module": "security", "dataset": "windows.security", "provider": "Microsoft-Windows-Security-Auditing", "code": "4624", "kind": "event", "category": ["authentication"], "type": ["start"], "action": "logged-in", "outcome": "success"}, "user": {"name": "svc_backup", "domain": "CORP"}, "related": {"user": ["svc_backup"]}}
{"@timestamp": "2026-06-16T08:00:08.037000Z", "message": "An account was successfully logged on. Account: CORP\\svc_backup  Logon Type: 5 (Service)  Source: local", "log": {"level": "information"}, "host": {"name": "APP01", "hostname": "APP01", "ip": ["10.0.0.21"], "os": {"type": "windows", "name": "Windows Server 2022", "family": "windows"}, "architecture": "x86_64"}, "agent": {"type": "winlogbeat", "version": "8.14.3", "name": "APP01"}, "ecs": {"version": "8.11.0"}, "winlog": {"channel": "Security", "event_id": 4624, "provider_name": "Microsoft-Windows-Security-Auditing", "computer_name": "APP01.corp.local", "event_data": {"TargetUserName": "svc_backup", "TargetDomainName": "CORP", "LogonType": "5", "LogonProcessName": "User32 ", "AuthenticationPackageName": "Negotiate", "WorkstationName": "APP01", "IpAddress": "-"}}, "event": {"module": "security", "dataset": "windows.security", "provider": "Microsoft-Windows-Security-Auditing", "code": "4624", "kind": "event", "category": ["authentication"], "type": ["start"], "action": "logged-in", "outcome": "success"}, "user": {"name": "svc_backup", "domain": "CORP"}, "related": {"user": ["svc_backup"]}}
{"@timestamp": "2026-06-16T08:00:20.186000Z", "message": "A new process has been created. Process: C:\\Windows\\System32\\cmd.exe  Command: C:\\Windows\\System32\\cmd.exe", "log": {"level": "information"}, "host": {"name": "WS01", "hostname": "WS01", "ip": ["10.0.0.51"], "os": {"type": "windows", "name": "Windows 10 Enterprise", "family": "windows"}, "architecture": "x86_64"}, "agent": {"type": "winlogbeat", "version": "8.14.3", "name": "WS01"}, "ecs": {"version": "8.11.0"}, "winlog": {"channel": "Security", "event_id": 4688, "provider_name": "Microsoft-Windows-Security-Auditing", "computer_name": "WS01.corp.local", "event_data": {"SubjectUserName": "jones.w", "SubjectDomainName": "CORP", "NewProcessName": "C:\\Windows\\System32\\cmd.exe", "CommandLine": "C:\\Windows\\System32\\cmd.exe", "ParentProcessName": "C:\\Windows\\explorer.exe"}}, "event": {"module": "security", "dataset": "windows.security", "provider": "Microsoft-Windows-Security-Auditing", "code": "4688", "kind": "event", "category": ["process"], "type": ["start"], "action": "created-process"}, "user": {"name": "jones.w", "domain": "CORP"}, "process": {"name": "cmd.exe", "executable": "C:\\Windows\\System32\\cmd.exe", "command_line": "C:\\Windows\\System32\\cmd.exe", "parent": {"executable": "C:\\Windows\\explorer.exe", "name": "explorer.exe"}}, "related": {"user": ["jones.w"]}}
{"@timestamp": "2026-06-16T08:04:17.590000Z", "message": "Process Create: Image: C:\\Program Files\\Microsoft\\Teams\\current\\Teams.exe  CommandLine: \"Teams.exe\"  ParentImage: C:\\Windows\\explorer.exe", "log": {"level": "information"}, "host": {"name": "WS01", "hostname": "WS01", "ip": ["10.0.0.51"], "os": {"type": "windows", "name": "Windows 10 Enterprise", "family": "windows"}, "architecture": "x86_64"}, "agent": {"type": "winlogbeat", "version": "8.14.3", "name": "WS01"}, "ecs": {"version": "8.11.0"}, "winlog": {"channel": "Microsoft-Windows-Sysmon/Operational", "event_id": 1, "provider_name": "Microsoft-Windows-Sysmon", "computer_name": "WS01.corp.local", "provider_guid": "{5770385f-c22a-43e0-bf4c-06f5698ffbd9}", "event_data": {"RuleName": "-", "UtcTime": "2026-06-16 08:04:17.000", "ProcessGuid": "{a23eae89-78f6-5903-0000-00100b2ee2f600}", "ProcessId": "5340", "Image": "C:\\Program Files\\Microsoft\\Teams\\current\\Teams.exe", "FileVersion": "-", "Description": "-", "Product": "-", "Company": "-", "OriginalFileName": "Teams.exe", "CommandLine": "\"Teams.exe\"", "CurrentDirectory": "C:\\Windows\\system32\\", "User": "CORP\\jones.w", "LogonGuid": "{a23eae89-697a-5903-0000-00109e9bdc4000}", "LogonId": "0x3e6812", "TerminalSessionId": "1", "IntegrityLevel": "Medium", "Hashes": "SHA1=82E19861B01648766FC2F57ED82AE384882A83FD,MD5=075B78011B284DBABDD4B8E9CF707554,SHA256=2FAF3F5DD583D5D399B5A7C6CDDA8007274489AD31533FAE916CDD2300447AEC", "ParentProcessGuid": "{a23eae89-df0c-5903-0000-00106f90866100}", "ParentProcessId": "5347", "ParentImage": "C:\\Windows\\explorer.exe", "ParentCommandLine": "explorer.exe", "ParentUser": "CORP\\jones.w"}}, "event": {"module": "sysmon", "dataset": "windows.sysmon_operational", "provider": "Microsoft-Windows-Sysmon", "code": "1", "kind": "event", "category": ["process"], "type": ["start"], "action": "process-creation"}, "user": {"name": "jones.w", "domain": "CORP"}, "process": {"name": "Teams.exe", "executable": "C:\\Program Files\\Microsoft\\Teams\\current\\Teams.exe", "command_line": "\"Teams.exe\"", "entity_id": "{a23eae89-78f6-5903-0000-00100b2ee2f600}", "pid": 5340, "parent": {"executable": "C:\\Windows\\explorer.exe", "name": "explorer.exe", "command_line": "explorer.exe", "pid": 5347}}, "related": {"user": ["jones.w"], "hash": ["82E19861B01648766FC2F57ED82AE384882A83FD", "075B78011B284DBABDD4B8E9CF707554", "2FAF3F5DD583D5D399B5A7C6CDDA8007274489AD31533FAE916CDD2300447AEC"]}}
{"@timestamp": "2026-06-16T08:19:29.918000Z", "message": "Network connection detected: Image: C:\\Program Files\\Google\\Chrome\\Application\\chrome.exe  DestinationIp: 142.250.80.4  DestinationPort: 443", "log": {"level": "information"}, "host": {"name": "WS01", "hostname": "WS01", "ip": ["10.0.0.51"], "os": {"type": "windows", "name": "Windows 10 Enterprise", "family": "windows"}, "architecture": "x86_64"}, "agent": {"type": "winlogbeat", "version": "8.14.3", "name": "WS01"}, "ecs": {"version": "8.11.0"}, "winlog": {"channel": "Microsoft-Windows-Sysmon/Operational", "event_id": 3, "provider_name": "Microsoft-Windows-Sysmon", "computer_name": "WS01.corp.local", "provider_guid": "{5770385f-c22a-43e0-bf4c-06f5698ffbd9}", "event_data": {"RuleName": "-", "UtcTime": "2026-06-16 08:19:29.000", "ProcessGuid": "{a23eae89-c606-5903-0000-0010c40d977a00}", "ProcessId": "6016", "Image": "C:\\Program Files\\Google\\Chrome\\Application\\chrome.exe", "User": "CORP\\adkins.j", "Protocol": "tcp", "Initiated": "true", "SourceIsIpv6": "false", "SourceIp": "10.0.0.51", "SourceHostname": "WS01.corp.local", "SourcePort": "62596", "SourcePortName": "", "DestinationIsIpv6": "false", "DestinationIp": "142.250.80.4", "DestinationHostname": "", "DestinationPort": "443", "DestinationPortName": ""}}, "event": {"module": "sysmon", "dataset": "windows.sysmon_operational", "provider": "Microsoft-Windows-Sysmon", "code": "3", "kind": "event", "category": ["network"], "type": ["connection", "start", "protocol"], "action": "network-connection"}, "user": {"name": "adkins.j", "domain": "CORP"}, "source": {"ip": "10.0.0.51", "port": 49427}, "destination": {"ip": "142.250.80.4", "port": 443}, "network": {"transport": "tcp", "direction": "egress"}, "process": {"name": "chrome.exe", "executable": "C:\\Program Files\\Google\\Chrome\\Application\\chrome.exe", "entity_id": "{a23eae89-c606-5903-0000-0010c40d977a00}"}, "related": {"user": ["adkins.j"], "ip": ["10.0.0.51", "142.250.80.4"]}}
{"@timestamp": "2026-06-16T08:22:44.018000Z", "message": "A new process has been created. Process: C:\\Program Files\\Microsoft Office\\root\\Office16\\OUTLOOK.EXE  Command: C:\\Program Files\\Microsoft Office\\root\\Office16\\OUTLOOK.EXE", "log": {"level": "information"}, "host": {"name": "WS04", "hostname": "WS04", "ip": ["10.0.0.54"], "os": {"type": "windows", "name": "Windows 10 Enterprise", "family": "windows"}, "architecture": "x86_64"}, "agent": {"type": "winlogbeat", "version": "8.14.3", "name": "WS04"}, "ecs": {"version": "8.11.0"}, "winlog": {"channel": "Security", "event_id": 4688, "provider_name": "Microsoft-Windows-Security-Auditing", "computer_name": "WS04.corp.local", "event_data": {"SubjectUserName": "hill.s", "SubjectDomainName": "CORP", "NewProcessName": "C:\\Program Files\\Microsoft Office\\root\\Office16\\OUTLOOK.EXE", "CommandLine": "C:\\Program Files\\Microsoft Office\\root\\Office16\\OUTLOOK.EXE", "ParentProcessName": "C:\\Windows\\explorer.exe"}}, "event": {"module": "security", "dataset": "windows.security", "provider": "Microsoft-Windows-Security-Auditing", "code": "4688", "kind": "event", "category": ["process"], "type": ["start"], "action": "created-process"}, "user": {"name": "hill.s", "domain": "CORP"}, "process": {"name": "OUTLOOK.EXE", "executable": "C:\\Program Files\\Microsoft Office\\root\\Office16\\OUTLOOK.EXE", "command_line": "C:\\Program Files\\Microsoft Office\\root\\Office16\\OUTLOOK.EXE", "parent": {"executable": "C:\\Windows\\explorer.exe", "name": "explorer.exe"}}, "related": {"user": ["hill.s"]}}
{"@timestamp": "2026-06-16T08:26:06.935000Z", "message": "An account was successfully logged on. Account: CORP\\brown.k  Logon Type: 2 (Interactive)  Source: local", "log": {"level": "information"}, "host": {"name": "WS01", "hostname": "WS01", "ip": ["10.0.0.51"], "os": {"type": "windows", "name": "Windows 10 Enterprise", "family": "windows"}, "architecture": "x86_64"}, "agent": {"type": "winlogbeat", "version": "8.14.3", "name": "WS01"}, "ecs": {"version": "8.11.0"}, "winlog": {"channel": "Security", "event_id": 4624, "provider_name": "Microsoft-Windows-Security-Auditing", "computer_name": "WS01.corp.local", "event_data": {"TargetUserName": "brown.k", "TargetDomainName": "CORP", "LogonType": "2", "LogonProcessName": "User32 ", "AuthenticationPackageName": "Negotiate", "WorkstationName": "WS01", "IpAddress": "-"}}, "event": {"module": "security", "dataset": "windows.security", "provider": "Microsoft-Windows-Security-Auditing", "code": "4624", "kind": "event", "category": ["authentication"], "type": ["start"], "action": "logged-in", "outcome": "success"}, "user": {"name": "brown.k", "domain": "CORP"}, "related": {"user": ["brown.k"]}}
