{"@timestamp": "2026-06-16T10:15:31.331000Z", "message": "An account was successfully logged on. Account: CORP\\mike.admin  Logon Type: 10 (RemoteInteractive)  Source: 10.0.0.51", "log": {"level": "information"}, "host": {"name": "APP01", "hostname": "APP01", "ip": ["10.0.0.21"], "os": {"type": "windows", "name": "Windows Server 2022", "family": "windows"}, "architecture": "x86_64"}, "agent": {"type": "winlogbeat", "version": "8.14.3", "name": "APP01"}, "ecs": {"version": "8.11.0"}, "winlog": {"channel": "Security", "event_id": 4624, "provider_name": "Microsoft-Windows-Security-Auditing", "computer_name": "APP01.corp.local", "event_data": {"TargetUserName": "mike.admin", "TargetDomainName": "CORP", "LogonType": "10", "LogonProcessName": "User32 ", "AuthenticationPackageName": "Negotiate", "WorkstationName": "WS01", "IpAddress": "10.0.0.51", "IpPort": "40229"}}, "event": {"module": "security", "dataset": "windows.security", "provider": "Microsoft-Windows-Security-Auditing", "code": "4624", "kind": "event", "category": ["authentication"], "type": ["start"], "action": "logged-in", "outcome": "success"}, "user": {"name": "mike.admin", "domain": "CORP"}, "source": {"ip": "10.0.0.51"}, "related": {"user": ["mike.admin"], "ip": ["10.0.0.51"]}}
{"@timestamp": "2026-06-16T10:15:32.331000Z", "message": "Special privileges assigned to new logon. Account: CORP\\mike.admin", "log": {"level": "information"}, "host": {"name": "APP01", "hostname": "APP01", "ip": ["10.0.0.21"], "os": {"type": "windows", "name": "Windows Server 2022", "family": "windows"}, "architecture": "x86_64"}, "agent": {"type": "winlogbeat", "version": "8.14.3", "name": "APP01"}, "ecs": {"version": "8.11.0"}, "winlog": {"channel": "Security", "event_id": 4672, "provider_name": "Microsoft-Windows-Security-Auditing", "computer_name": "APP01.corp.local", "event_data": {"SubjectUserName": "mike.admin", "SubjectDomainName": "CORP", "PrivilegeList": "SeSecurityPrivilege SeBackupPrivilege SeDebugPrivilege SeTakeOwnershipPrivilege"}}, "event": {"module": "security", "dataset": "windows.security", "provider": "Microsoft-Windows-Security-Auditing", "code": "4672", "kind": "event", "category": ["iam"], "type": ["admin"], "action": "special-privileges-assigned"}, "user": {"name": "mike.admin", "domain": "CORP"}, "related": {"user": ["mike.admin"]}}
{"@timestamp": "2026-06-16T10:18:32.313000Z", "message": "Process Create: Image: C:\\Program Files\\Google\\Chrome\\Application\\chrome.exe  CommandLine: \"chrome.exe\"  ParentImage: C:\\Windows\\explorer.exe", "log": {"level": "information"}, "host": {"name": "WS01", "hostname": "WS01", "ip": ["10.0.0.51"], "os": {"type": "windows", "name": "Windows 10 Enterprise", "family": "windows"}, "architecture": "x86_64"}, "agent": {"type": "winlogbeat", "version": "8.14.3", "name": "WS01"}, "ecs": {"version": "8.11.0"}, "winlog": {"channel": "Microsoft-Windows-Sysmon/Operational", "event_id": 1, "provider_name": "Microsoft-Windows-Sysmon", "computer_name": "WS01.corp.local", "provider_guid": "{5770385f-c22a-43e0-bf4c-06f5698ffbd9}", "event_data": {"RuleName": "-", "UtcTime": "2026-06-16 10:18:32.000", "ProcessGuid": "{a23eae89-96ad-5903-0000-00103b2931f800}", "ProcessId": "5410", "Image": "C:\\Program Files\\Google\\Chrome\\Application\\chrome.exe", "FileVersion": "-", "Description": "-", "Product": "-", "Company": "-", "OriginalFileName": "chrome.exe", "CommandLine": "\"chrome.exe\"", "CurrentDirectory": "C:\\Windows\\system32\\", "User": "CORP\\jones.w", "LogonGuid": "{a23eae89-697a-5903-0000-00109e9bdc4000}", "LogonId": "0x71e9ed", "TerminalSessionId": "1", "IntegrityLevel": "Medium", "Hashes": "MD5=073E6384A8114FC9898539C8DC6DBE79,SHA256=56720EB0AD82EC469FDA0B05E39678DFD10C4234435AA7E8E53DCB60BB6B773A,IMPHASH=1C1E8CE198A41C33C7EC2A67EBAE5C8A", "ParentProcessGuid": "{a23eae89-df0c-5903-0000-00106f90866100}", "ParentProcessId": "5439", "ParentImage": "C:\\Windows\\explorer.exe", "ParentCommandLine": "explorer.exe", "ParentUser": "CORP\\jones.w"}}, "event": {"module": "sysmon", "dataset": "windows.sysmon_operational", "provider": "Microsoft-Windows-Sysmon", "code": "1", "kind": "event", "category": ["process"], "type": ["start"], "action": "process-creation"}, "user": {"name": "jones.w", "domain": "CORP"}, "process": {"name": "chrome.exe", "executable": "C:\\Program Files\\Google\\Chrome\\Application\\chrome.exe", "command_line": "\"chrome.exe\"", "entity_id": "{a23eae89-96ad-5903-0000-00103b2931f800}", "pid": 5410, "parent": {"executable": "C:\\Windows\\explorer.exe", "name": "explorer.exe", "command_line": "explorer.exe", "pid": 5439}}, "related": {"user": ["jones.w"], "hash": ["073E6384A8114FC9898539C8DC6DBE79", "56720EB0AD82EC469FDA0B05E39678DFD10C4234435AA7E8E53DCB60BB6B773A", "1C1E8CE198A41C33C7EC2A67EBAE5C8A"]}}
{"@timestamp": "2026-06-16T10:24:51.541000Z", "message": "An account failed to log on. Account: CORP\\carter.l  Logon Type: 2 (Interactive)  Status: 0xC000006D  Sub Status: 0xC000006A  Source: local", "log": {"level": "information"}, "host": {"name": "WS02", "hostname": "WS02", "ip": ["10.0.0.52"], "os": {"type": "windows", "name": "Windows 10 Enterprise", "family": "windows"}, "architecture": "x86_64"}, "agent": {"type": "winlogbeat", "version": "8.14.3", "name": "WS02"}, "ecs": {"version": "8.11.0"}, "winlog": {"channel": "Security", "event_id": 4625, "provider_name": "Microsoft-Windows-Security-Auditing", "computer_name": "WS02.corp.local", "event_data": {"TargetUserName": "carter.l", "TargetDomainName": "CORP", "LogonType": "2", "Status": "0xC000006D", "SubStatus": "0xC000006A", "FailureReason": "Unknown user name or bad password.", "LogonProcessName": "User32 ", "AuthenticationPackageName": "Negotiate", "WorkstationName": "WS02", "IpAddress": "-"}}, "event": {"module": "security", "dataset": "windows.security", "provider": "Microsoft-Windows-Security-Auditing", "code": "4625", "kind": "event", "category": ["authentication"], "type": ["start"], "action": "logon-failed", "outcome": "failure"}, "user": {"name": "carter.l", "domain": "CORP"}, "related": {"user": ["carter.l"]}}
{"@timestamp": "2026-06-16T10:25:43.716000Z", "message": "Process Create: Image: C:\\Program Files\\Google\\Chrome\\Application\\chrome.exe  CommandLine: \"chrome.exe\"  ParentImage: C:\\Windows\\explorer.exe", "log": {"level": "information"}, "host": {"name": "WS02", "hostname": "WS02", "ip": ["10.0.0.52"], "os": {"type": "windows", "name": "Windows 10 Enterprise", "family": "windows"}, "architecture": "x86_64"}, "agent": {"type": "winlogbeat", "version": "8.14.3", "name": "WS02"}, "ecs": {"version": "8.11.0"}, "winlog": {"channel": "Microsoft-Windows-Sysmon/Operational", "event_id": 1, "provider_name": "Microsoft-Windows-Sysmon", "computer_name": "WS02.corp.local", "provider_guid": "{5770385f-c22a-43e0-bf4c-06f5698ffbd9}", "event_data": {"RuleName": "-", "UtcTime": "2026-06-16 10:25:43.000", "ProcessGuid": "{a23eae89-4604-5903-0000-00108ac49c9700}", "ProcessId": "5496", "Image": "C:\\Program Files\\Google\\Chrome\\Application\\chrome.exe", "FileVersion": "-", "Description": "-", "Product": "-", "Company": "-", "OriginalFileName": "chrome.exe", "CommandLine": "\"chrome.exe\"", "CurrentDirectory": "C:\\Windows\\system32\\", "User": "CORP\\irwin.t", "LogonGuid": "{a23eae89-0344-5903-0000-00108b2d905100}", "LogonId": "0x6f42ad", "TerminalSessionId": "1", "IntegrityLevel": "Medium", "Hashes": "MD5=073E6384A8114FC9898539C8DC6DBE79,SHA256=56720EB0AD82EC469FDA0B05E39678DFD10C4234435AA7E8E53DCB60BB6B773A,IMPHASH=1C1E8CE198A41C33C7EC2A67EBAE5C8A", "ParentProcessGuid": "{a23eae89-1861-5903-0000-0010c1d22baf00}", "ParentProcessId": "5517", "ParentImage": "C:\\Windows\\explorer.exe", "ParentCommandLine": "explorer.exe", "ParentUser": "CORP\\irwin.t"}}, "event": {"module": "sysmon", "dataset": "windows.sysmon_operational", "provider": "Microsoft-Windows-Sysmon", "code": "1", "kind": "event", "category": ["process"], "type": ["start"], "action": "process-creation"}, "user": {"name": "irwin.t", "domain": "CORP"}, "process": {"name": "chrome.exe", "executable": "C:\\Program Files\\Google\\Chrome\\Application\\chrome.exe", "command_line": "\"chrome.exe\"", "entity_id": "{a23eae89-4604-5903-0000-00108ac49c9700}", "pid": 5496, "parent": {"executable": "C:\\Windows\\explorer.exe", "name": "explorer.exe", "command_line": "explorer.exe", "pid": 5517}}, "related": {"user": ["irwin.t"], "hash": ["073E6384A8114FC9898539C8DC6DBE79", "56720EB0AD82EC469FDA0B05E39678DFD10C4234435AA7E8E53DCB60BB6B773A", "1C1E8CE198A41C33C7EC2A67EBAE5C8A"]}}
{"@timestamp": "2026-06-16T10:41:44.592000Z", "message": "Network connection detected: Image: C:\\Program Files\\Google\\Chrome\\Application\\chrome.exe  DestinationIp: 52.96.0.1  DestinationPort: 443", "log": {"level": "information"}, "host": {"name": "WS01", "hostname": "WS01", "ip": ["10.0.0.51"], "os": {"type": "windows", "name": "Windows 10 Enterprise", "family": "windows"}, "architecture": "x86_64"}, "agent": {"type": "winlogbeat", "version": "8.14.3", "name": "WS01"}, "ecs": {"version": "8.11.0"}, "winlog": {"channel": "Microsoft-Windows-Sysmon/Operational", "event_id": 3, "provider_name": "Microsoft-Windows-Sysmon", "computer_name": "WS01.corp.local", "provider_guid": "{5770385f-c22a-43e0-bf4c-06f5698ffbd9}", "event_data": {"RuleName": "-", "UtcTime": "2026-06-16 10:41:44.000", "ProcessGuid": "{a23eae89-5e02-5903-0000-0010644f705d00}", "ProcessId": "6071", "Image": "C:\\Program Files\\Google\\Chrome\\Application\\chrome.exe", "User": "CORP\\brown.k", "Protocol": "tcp", "Initiated": "true", "SourceIsIpv6": "false", "SourceIp": "10.0.0.51", "SourceHostname": "WS01.corp.local", "SourcePort": "54655", "SourcePortName": "", "DestinationIsIpv6": "false", "DestinationIp": "52.96.0.1", "DestinationHostname": "", "DestinationPort": "443", "DestinationPortName": ""}}, "event": {"module": "sysmon", "dataset": "windows.sysmon_operational", "provider": "Microsoft-Windows-Sysmon", "code": "3", "kind": "event", "category": ["network"], "type": ["connection", "start", "protocol"], "action": "network-connection"}, "user": {"name": "brown.k", "domain": "CORP"}, "source": {"ip": "10.0.0.51", "port": 50198}, "destination": {"ip": "52.96.0.1", "port": 443}, "network": {"transport": "tcp", "direction": "egress"}, "process": {"name": "chrome.exe", "executable": "C:\\Program Files\\Google\\Chrome\\Application\\chrome.exe", "entity_id": "{a23eae89-5e02-5903-0000-0010644f705d00}"}, "related": {"user": ["brown.k"], "ip": ["10.0.0.51", "52.96.0.1"]}}
{"@timestamp": "2026-06-16T10:42:04.759000Z", "message": "A new process has been created. Process: C:\\Windows\\System32\\notepad.exe  Command: C:\\Windows\\System32\\notepad.exe", "log": {"level": "information"}, "host": {"name": "WS03", "hostname": "WS03", "ip": ["10.0.0.53"], "os": {"type": "windows", "name": "Windows 10 Enterprise", "family": "windows"}, "architecture": "x86_64"}, "agent": {"type": "winlogbeat", "version": "8.14.3", "name": "WS03"}, "ecs": {"version": "8.11.0"}, "winlog": {"channel": "Security", "event_id": 4688, "provider_name": "Microsoft-Windows-Security-Auditing", "computer_name": "WS03.corp.local", "event_data": {"SubjectUserName": "evans.n", "SubjectDomainName": "CORP", "NewProcessName": "C:\\Windows\\System32\\notepad.exe", "CommandLine": "C:\\Windows\\System32\\notepad.exe", "ParentProcessName": "C:\\Windows\\explorer.exe"}}, "event": {"module": "security", "dataset": "windows.security", "provider": "Microsoft-Windows-Security-Auditing", "code": "4688", "kind": "event", "category": ["process"], "type": ["start"], "action": "created-process"}, "user": {"name": "evans.n", "domain": "CORP"}, "process": {"name": "notepad.exe", "executable": "C:\\Windows\\System32\\notepad.exe", "command_line": "C:\\Windows\\System32\\notepad.exe", "parent": {"executable": "C:\\Windows\\explorer.exe", "name": "explorer.exe"}}, "related": {"user": ["evans.n"]}}
{"@timestamp": "2026-06-16T10:51:06.050000Z", "message": "Dns query: QueryName: update.microsoft.com  QueryResults: 104.75.1.1  Image: C:\\Program Files\\Google\\Chrome\\Application\\chrome.exe", "log": {"level": "information"}, "host": {"name": "WS04", "hostname": "WS04", "ip": ["10.0.0.54"], "os": {"type": "windows", "name": "Windows 10 Enterprise", "family": "windows"}, "architecture": "x86_64"}, "agent": {"type": "winlogbeat", "version": "8.14.3", "name": "WS04"}, "ecs": {"version": "8.11.0"}, "winlog": {"channel": "Microsoft-Windows-Sysmon/Operational", "event_id": 22, "provider_name": "Microsoft-Windows-Sysmon", "computer_name": "WS04.corp.local", "provider_guid": "{5770385f-c22a-43e0-bf4c-06f5698ffbd9}", "event_data": {"RuleName": "-", "UtcTime": "2026-06-16 10:51:06.000", "ProcessGuid": "{a23eae89-24e6-5903-0000-0010a5dd945f00}", "ProcessId": "5740", "QueryName": "update.microsoft.com", "QueryStatus": "0", "QueryResults": "104.75.1.1;", "Image": "C:\\Program Files\\Google\\Chrome\\Application\\chrome.exe", "User": "CORP\\hill.s"}}, "event": {"module": "sysmon", "dataset": "windows.sysmon_operational", "provider": "Microsoft-Windows-Sysmon", "code": "22", "kind": "event", "category": ["network"], "type": ["connection", "protocol", "info"], "action": "dns-query"}, "user": {"name": "hill.s", "domain": "CORP"}, "dns": {"question": {"name": "update.microsoft.com"}, "resolved_ip": ["104.75.1.1"]}, "process": {"name": "chrome.exe", "executable": "C:\\Program Files\\Google\\Chrome\\Application\\chrome.exe", "entity_id": "{a23eae89-24e6-5903-0000-0010a5dd945f00}"}, "related": {"user": ["hill.s"], "ip": ["104.75.1.1"]}}
{"@timestamp": "2026-06-16T10:56:00.401000Z", "message": "A new process has been created. Process: C:\\Program Files\\Google\\Chrome\\Application\\chrome.exe  Command: C:\\Program Files\\Google\\Chrome\\Application\\chrome.exe", "log": {"level": "information"}, "host": {"name": "WS02", "hostname": "WS02", "ip": ["10.0.0.52"], "os": {"type": "windows", "name": "Windows 10 Enterprise", "family": "windows"}, "architecture": "x86_64"}, "agent": {"type": "winlogbeat", "version": "8.14.3", "name": "WS02"}, "ecs": {"version": "8.11.0"}, "winlog": {"channel": "Security", "event_id": 4688, "provider_name": "Microsoft-Windows-Security-Auditing", "computer_name": "WS02.corp.local", "event_data": {"SubjectUserName": "diaz.m", "SubjectDomainName": "CORP", "NewProcessName": "C:\\Program Files\\Google\\Chrome\\Application\\chrome.exe", "CommandLine": "C:\\Program Files\\Google\\Chrome\\Application\\chrome.exe", "ParentProcessName": "C:\\Windows\\explorer.exe"}}, "event": {"module": "security", "dataset": "windows.security", "provider": "Microsoft-Windows-Security-Auditing", "code": "4688", "kind": "event", "category": ["process"], "type": ["start"], "action": "created-process"}, "user": {"name": "diaz.m", "domain": "CORP"}, "process": {"name": "chrome.exe", "executable": "C:\\Program Files\\Google\\Chrome\\Application\\chrome.exe", "command_line": "C:\\Program Files\\Google\\Chrome\\Application\\chrome.exe", "parent": {"executable": "C:\\Windows\\explorer.exe", "name": "explorer.exe"}}, "related": {"user": ["diaz.m"]}}
{"@timestamp": "2026-06-16T10:59:12.656000Z", "message": "A Kerberos service ticket was requested. Account: CORP\\jones.w  Service: FS01$", "log": {"level": "information"}, "host": {"name": "DC01", "hostname": "DC01", "ip": ["10.0.0.10"], "os": {"type": "windows", "name": "Windows Server 2022", "family": "windows"}, "architecture": "x86_64"}, "agent": {"type": "winlogbeat", "version": "8.14.3", "name": "DC01"}, "ecs": {"version": "8.11.0"}, "winlog": {"channel": "Security", "event_id": 4769, "provider_name": "Microsoft-Windows-Security-Auditing", "computer_name": "DC01.corp.local", "event_data": {"TargetUserName": "jones.w", "TargetDomainName": "CORP", "TicketEncryptionType": "0x12", "ServiceName": "FS01$"}}, "event": {"module": "security", "dataset": "windows.security", "provider": "Microsoft-Windows-Security-Auditing", "code": "4769", "kind": "event", "category": ["authentication"], "type": ["start"]}, "user": {"name": "jones.w", "domain": "CORP"}, "related": {"user": ["jones.w"]}}
{"@timestamp": "2026-06-16T10:59:39.965000Z", "message": "A new process has been created. Process: C:\\Windows\\System32\\cmd.exe  Command: C:\\Windows\\System32\\cmd.exe", "log": {"level": "information"}, "host": {"name": "WS01", "hostname": "WS01", "ip": ["10.0.0.51"], "os": {"type": "windows", "name": "Windows 10 Enterprise", "family": "windows"}, "architecture": "x86_64"}, "agent": {"type": "winlogbeat", "version": "8.14.3", "name": "WS01"}, "ecs": {"version": "8.11.0"}, "winlog": {"channel": "Security", "event_id": 4688, "provider_name": "Microsoft-Windows-Security-Auditing", "computer_name": "WS01.corp.local", "event_data": {"SubjectUserName": "brown.k", "SubjectDomainName": "CORP", "NewProcessName": "C:\\Windows\\System32\\cmd.exe", "CommandLine": "C:\\Windows\\System32\\cmd.exe", "ParentProcessName": "C:\\Windows\\explorer.exe"}}, "event": {"module": "security", "dataset": "windows.security", "provider": "Microsoft-Windows-Security-Auditing", "code": "4688", "kind": "event", "category": ["process"], "type": ["start"], "action": "created-process"}, "user": {"name": "brown.k", "domain": "CORP"}, "process": {"name": "cmd.exe", "executable": "C:\\Windows\\System32\\cmd.exe", "command_line": "C:\\Windows\\System32\\cmd.exe", "parent": {"executable": "C:\\Windows\\explorer.exe", "name": "explorer.exe"}}, "related": {"user": ["brown.k"]}}
{"@timestamp": "2026-06-16T11:23:38.579000Z", "message": "Dns query: QueryName: teams.microsoft.com  QueryResults: 52.113.194.132  Image: C:\\Program Files\\Google\\Chrome\\Application\\chrome.exe", "log": {"level": "information"}, "host": {"name": "WS01", "hostname": "WS01", "ip": ["10.0.0.51"], "os": {"type": "windows", "name": "Windows 10 Enterprise", "family": "windows"}, "architecture": "x86_64"}, "agent": {"type": "winlogbeat", "version": "8.14.3", "name": "WS01"}, "ecs": {"version": "8.11.0"}, "winlog": {"channel": "Microsoft-Windows-Sysmon/Operational", "event_id": 22, "provider_name": "Microsoft-Windows-Sysmon", "computer_name": "WS01.corp.local", "provider_guid": "{5770385f-c22a-43e0-bf4c-06f5698ffbd9}", "event_data": {"RuleName": "-", "UtcTime": "2026-06-16 11:23:38.000", "ProcessGuid": "{a23eae89-20ce-5903-0000-0010d319fb3c00}", "ProcessId": "5862", "QueryName": "teams.microsoft.com", "QueryStatus": "0", "QueryResults": "52.113.194.132;", "Image": "C:\\Program Files\\Google\\Chrome\\Application\\chrome.exe", "User": "CORP\\jones.w"}}, "event": {"module": "sysmon", "dataset": "windows.sysmon_operational", "provider": "Microsoft-Windows-Sysmon", "code": "22", "kind": "event", "category": ["network"], "type": ["connection", "protocol", "info"], "action": "dns-query"}, "user": {"name": "jones.w", "domain": "CORP"}, "dns": {"question": {"name": "teams.microsoft.com"}, "resolved_ip": ["52.113.194.132"]}, "process": {"name": "chrome.exe", "executable": "C:\\Program Files\\Google\\Chrome\\Application\\chrome.exe", "entity_id": "{a23eae89-20ce-5903-0000-0010d319fb3c00}"}, "related": {"user": ["jones.w"], "ip": ["52.113.194.132"]}}
{"@timestamp": "2026-06-16T11:37:12.964000Z", "message": "A Kerberos service ticket was requested. Account: CORP\\evans.n  Service: FS01$", "log": {"level": "information"}, "host": {"name": "DC01", "hostname": "DC01", "ip": ["10.0.0.10"], "os": {"type": "windows", "name": "Windows Server 2022", "family": "windows"}, "architecture": "x86_64"}, "agent": {"type": "winlogbeat", "version": "8.14.3", "name": "DC01"}, "ecs": {"version": "8.11.0"}, "winlog": {"channel": "Security", "event_id": 4769, "provider_name": "Microsoft-Windows-Security-Auditing", "computer_name": "DC01.corp.local", "event_data": {"TargetUserName": "evans.n", "TargetDomainName": "CORP", "TicketEncryptionType": "0x12", "ServiceName": "FS01$"}}, "event": {"module": "security", "dataset": "windows.security", "provider": "Microsoft-Windows-Security-Auditing", "code": "4769", "kind": "event", "category": ["authentication"], "type": ["start"]}, "user": {"name": "evans.n", "domain": "CORP"}, "related": {"user": ["evans.n"]}}
{"@timestamp": "2026-06-16T11:37:15.887000Z", "message": "Process Create: Image: C:\\Windows\\System32\\svchost.exe  CommandLine: svchost.exe -k netsvcs -p  ParentImage: C:\\Windows\\System32\\services.exe", "log": {"level": "information"}, "host": {"name": "WS01", "hostname": "WS01", "ip": ["10.0.0.51"], "os": {"type": "windows", "name": "Windows 10 Enterprise", "family": "windows"}, "architecture": "x86_64"}, "agent": {"type": "winlogbeat", "version": "8.14.3", "name": "WS01"}, "ecs": {"version": "8.11.0"}, "winlog": {"channel": "Microsoft-Windows-Sysmon/Operational", "event_id": 1, "provider_name": "Microsoft-Windows-Sysmon", "computer_name": "WS01.corp.local", "provider_guid": "{5770385f-c22a-43e0-bf4c-06f5698ffbd9}", "event_data": {"RuleName": "-", "UtcTime": "2026-06-16 11:37:15.000", "ProcessGuid": "{a23eae89-67ed-5903-0000-0010fe4ae9a700}", "ProcessId": "5151", "Image": "C:\\Windows\\System32\\svchost.exe", "FileVersion": "-", "Description": "-", "Product": "-", "Company": "-", "OriginalFileName": "svchost.exe", "CommandLine": "svchost.exe -k netsvcs -p", "CurrentDirectory": "C:\\Windows\\system32\\", "User": "CORP\\jones.w", "LogonGuid": "{a23eae89-697a-5903-0000-00109e9bdc4000}", "LogonId": "0x976751", "TerminalSessionId": "1", "IntegrityLevel": "Medium", "Hashes": "MD5=B66E8CF8ACF5A58E6BBB5F12FBC3E2EC,SHA256=2178F1915F740CCE64040107CD489E9E1FF828A7EA29CD706BC46BA0FBAA69C4,IMPHASH=DE43BD45CC98C143357416C7519ECCFD", "ParentProcessGuid": "{a23eae89-5990-5903-0000-001031101acd00}", "ParentProcessId": "5174", "ParentImage": "C:\\Windows\\System32\\services.exe", "ParentCommandLine": "services.exe", "ParentUser": "CORP\\jones.w"}}, "event": {"module": "sysmon", "dataset": "windows.sysmon_operational", "provider": "Microsoft-Windows-Sysmon", "code": "1", "kind": "event", "category": ["process"], "type": ["start"], "action": "process-creation"}, "user": {"name": "jones.w", "domain": "CORP"}, "process": {"name": "svchost.exe", "executable": "C:\\Windows\\System32\\svchost.exe", "command_line": "svchost.exe -k netsvcs -p", "entity_id": "{a23eae89-67ed-5903-0000-0010fe4ae9a700}", "pid": 5151, "parent": {"executable": "C:\\Windows\\System32\\services.exe", "name": "services.exe", "command_line": "services.exe", "pid": 5174}}, "related": {"user": ["jones.w"], "hash": ["B66E8CF8ACF5A58E6BBB5F12FBC3E2EC", "2178F1915F740CCE64040107CD489E9E1FF828A7EA29CD706BC46BA0FBAA69C4", "DE43BD45CC98C143357416C7519ECCFD"]}}
{"@timestamp": "2026-06-16T11:47:31.257000Z", "message": "Process Create: Image: C:\\Program Files\\Google\\Chrome\\Application\\chrome.exe  CommandLine: \"chrome.exe\"  ParentImage: C:\\Windows\\explorer.exe", "log": {"level": "information"}, "host": {"name": "WS04", "hostname": "WS04", "ip": ["10.0.0.54"], "os": {"type": "windows", "name": "Windows 10 Enterprise", "family": "windows"}, "architecture": "x86_64"}, "agent": {"type": "winlogbeat", "version": "8.14.3", "name": "WS04"}, "ecs": {"version": "8.11.0"}, "winlog": {"channel": "Microsoft-Windows-Sysmon/Operational", "event_id": 1, "provider_name": "Microsoft-Windows-Sysmon", "computer_name": "WS04.corp.local", "provider_guid": "{5770385f-c22a-43e0-bf4c-06f5698ffbd9}", "event_data": {"RuleName": "-", "UtcTime": "2026-06-16 11:47:31.000", "ProcessGuid": "{a23eae89-0ada-5903-0000-00106b0e91ab00}", "ProcessId": "5134", "Image": "C:\\Program Files\\Google\\Chrome\\Application\\chrome.exe", "FileVersion": "-", "Description": "-", "Product": "-", "Company": "-", "OriginalFileName": "chrome.exe", "CommandLine": "\"chrome.exe\"", "CurrentDirectory": "C:\\Windows\\system32\\", "User": "CORP\\hill.s", "LogonGuid": "{a23eae89-2bf8-5903-0000-00109874bfa400}", "LogonId": "0x5821a2", "TerminalSessionId": "1", "IntegrityLevel": "Medium", "Hashes": "MD5=073E6384A8114FC9898539C8DC6DBE79,SHA256=56720EB0AD82EC469FDA0B05E39678DFD10C4234435AA7E8E53DCB60BB6B773A,IMPHASH=1C1E8CE198A41C33C7EC2A67EBAE5C8A", "ParentProcessGuid": "{a23eae89-56ff-5903-0000-00103c05e62500}", "ParentProcessId": "5139", "ParentImage": "C:\\Windows\\explorer.exe", "ParentCommandLine": "explorer.exe", "ParentUser": "CORP\\hill.s"}}, "event": {"module": "sysmon", "dataset": "windows.sysmon_operational", "provider": "Microsoft-Windows-Sysmon", "code": "1", "kind": "event", "category": ["process"], "type": ["start"], "action": "process-creation"}, "user": {"name": "hill.s", "domain": "CORP"}, "process": {"name": "chrome.exe", "executable": "C:\\Program Files\\Google\\Chrome\\Application\\chrome.exe", "command_line": "\"chrome.exe\"", "entity_id": "{a23eae89-0ada-5903-0000-00106b0e91ab00}", "pid": 5134, "parent": {"executable": "C:\\Windows\\explorer.exe", "name": "explorer.exe", "command_line": "explorer.exe", "pid": 5139}}, "related": {"user": ["hill.s"], "hash": ["073E6384A8114FC9898539C8DC6DBE79", "56720EB0AD82EC469FDA0B05E39678DFD10C4234435AA7E8E53DCB60BB6B773A", "1C1E8CE198A41C33C7EC2A67EBAE5C8A"]}}
{"@timestamp": "2026-06-16T11:47:43.266000Z", "message": "An account was successfully logged on. Account: CORP\\adkins.j  Logon Type: 3 (Network)  Source: 10.0.0.51", "log": {"level": "information"}, "host": {"name": "FS01", "hostname": "FS01", "ip": ["10.0.0.20"], "os": {"type": "windows", "name": "Windows Server 2022", "family": "windows"}, "architecture": "x86_64"}, "agent": {"type": "winlogbeat", "version": "8.14.3", "name": "FS01"}, "ecs": {"version": "8.11.0"}, "winlog": {"channel": "Security", "event_id": 4624, "provider_name": "Microsoft-Windows-Security-Auditing", "computer_name": "FS01.corp.local", "event_data": {"TargetUserName": "adkins.j", "TargetDomainName": "CORP", "LogonType": "3", "LogonProcessName": "NtLmSsp ", "AuthenticationPackageName": "NTLM", "WorkstationName": "WS01", "IpAddress": "10.0.0.51", "IpPort": "56760"}}, "event": {"module": "security", "dataset": "windows.security", "provider": "Microsoft-Windows-Security-Auditing", "code": "4624", "kind": "event", "category": ["authentication"], "type": ["start"], "action": "logged-in", "outcome": "success"}, "user": {"name": "adkins.j", "domain": "CORP"}, "source": {"ip": "10.0.0.51"}, "related": {"user": ["adkins.j"], "ip": ["10.0.0.51"]}}
{"@timestamp": "2026-06-16T11:55:56.242000Z", "message": "Network connection detected: Image: C:\\Program Files\\Google\\Chrome\\Application\\chrome.exe  DestinationIp: 52.113.194.132  DestinationPort: 443", "log": {"level": "information"}, "host": {"name": "WS03", "hostname": "WS03", "ip": ["10.0.0.53"], "os": {"type": "windows", "name": "Windows 10 Enterprise", "family": "windows"}, "architecture": "x86_64"}, "agent": {"type": "winlogbeat", "version": "8.14.3", "name": "WS03"}, "ecs": {"version": "8.11.0"}, "winlog": {"channel": "Microsoft-Windows-Sysmon/Operational", "event_id": 3, "provider_name": "Microsoft-Windows-Sysmon", "computer_name": "WS03.corp.local", "provider_guid": "{5770385f-c22a-43e0-bf4c-06f5698ffbd9}", "event_data": {"RuleName": "-", "UtcTime": "2026-06-16 11:55:56.000", "ProcessGuid": "{a23eae89-4661-5903-0000-00102bac15e200}", "ProcessId": "6047", "Image": "C:\\Program Files\\Google\\Chrome\\Application\\chrome.exe", "User": "CORP\\evans.n", "Protocol": "tcp", "Initiated": "true", "SourceIsIpv6": "false", "SourceIp": "10.0.0.53", "SourceHostname": "WS03.corp.local", "SourcePort": "51397", "SourcePortName": "", "DestinationIsIpv6": "false", "DestinationIp": "52.113.194.132", "DestinationHostname": "", "DestinationPort": "443", "DestinationPortName": ""}}, "event": {"module": "sysmon", "dataset": "windows.sysmon_operational", "provider": "Microsoft-Windows-Sysmon", "code": "3", "kind": "event", "category": ["network"], "type": ["connection", "start", "protocol"], "action": "network-connection"}, "user": {"name": "evans.n", "domain": "CORP"}, "source": {"ip": "10.0.0.53", "port": 63664}, "destination": {"ip": "52.113.194.132", "port": 443}, "network": {"transport": "tcp", "direction": "egress"}, "process": {"name": "chrome.exe", "executable": "C:\\Program Files\\Google\\Chrome\\Application\\chrome.exe", "entity_id": "{a23eae89-4661-5903-0000-00102bac15e200}"}, "related": {"user": ["evans.n"], "ip": ["10.0.0.53", "52.113.194.132"]}}
{"@timestamp": "2026-06-16T11:57:16.656000Z", "message": "Kerberos pre-authentication failed. Account: CORP\\brown.k", "log": {"level": "information"}, "host": {"name": "DC01", "hostname": "DC01", "ip": ["10.0.0.10"], "os": {"type": "windows", "name": "Windows Server 2022", "family": "windows"}, "architecture": "x86_64"}, "agent": {"type": "winlogbeat", "version": "8.14.3", "name": "DC01"}, "ecs": {"version": "8.11.0"}, "winlog": {"channel": "Security", "event_id": 4771, "provider_name": "Microsoft-Windows-Security-Auditing", "computer_name": "DC01.corp.local", "event_data": {"TargetUserName": "brown.k", "TargetDomainName": "CORP", "Status": "0x18"}}, "event": {"module": "security", "dataset": "windows.security", "provider": "Microsoft-Windows-Security-Auditing", "code": "4771", "kind": "event", "category": ["authentication"], "type": ["info"], "outcome": "failure"}, "user": {"name": "brown.k", "domain": "CORP"}, "related": {"user": ["brown.k"]}}
{"@timestamp": "2026-06-16T12:00:05.486000Z", "message": "An account was successfully logged on. Account: CORP\\svc_backup  Logon Type: 5 (Service)  Source: local", "log": {"level": "information"}, "host": {"name": "FS01", "hostname": "FS01", "ip": ["10.0.0.20"], "os": {"type": "windows", "name": "Windows Server 2022", "family": "windows"}, "architecture": "x86_64"}, "agent": {"type": "winlogbeat", "version": "8.14.3", "name": "FS01"}, "ecs": {"version": "8.11.0"}, "winlog": {"channel": "Security", "event_id": 4624, "provider_name": "Microsoft-Windows-Security-Auditing", "computer_name": "FS01.corp.local", "event_data": {"TargetUserName": "svc_backup", "TargetDomainName": "CORP", "LogonType": "5", "LogonProcessName": "User32 ", "AuthenticationPackageName": "Negotiate", "WorkstationName": "FS01", "IpAddress": "-"}}, "event": {"module": "security", "dataset": "windows.security", "provider": "Microsoft-Windows-Security-Auditing", "code": "4624", "kind": "event", "category": ["authentication"], "type": ["start"], "action": "logged-in", "outcome": "success"}, "user": {"name": "svc_backup", "domain": "CORP"}, "related": {"user": ["svc_backup"]}}
{"@timestamp": "2026-06-16T12:00:08.087000Z", "message": "An account was successfully logged on. Account: CORP\\svc_backup  Logon Type: 5 (Service)  Source: local", "log": {"level": "information"}, "host": {"name": "APP01", "hostname": "APP01", "ip": ["10.0.0.21"], "os": {"type": "windows", "name": "Windows Server 2022", "family": "windows"}, "architecture": "x86_64"}, "agent": {"type": "winlogbeat", "version": "8.14.3", "name": "APP01"}, "ecs": {"version": "8.11.0"}, "winlog": {"channel": "Security", "event_id": 4624, "provider_name": "Microsoft-Windows-Security-Auditing", "computer_name": "APP01.corp.local", "event_data": {"TargetUserName": "svc_backup", "TargetDomainName": "CORP", "LogonType": "5", "LogonProcessName": "User32 ", "AuthenticationPackageName": "Negotiate", "WorkstationName": "APP01", "IpAddress": "-"}}, "event": {"module": "security", "dataset": "windows.security", "provider": "Microsoft-Windows-Security-Auditing", "code": "4624", "kind": "event", "category": ["authentication"], "type": ["start"], "action": "logged-in", "outcome": "success"}, "user": {"name": "svc_backup", "domain": "CORP"}, "related": {"user": ["svc_backup"]}}
{"@timestamp": "2026-06-16T12:02:22.363000Z", "message": "An account was successfully logged on. Account: CORP\\adkins.j  Logon Type: 3 (Network)  Source: 10.0.0.51", "log": {"level": "information"}, "host": {"name": "FS01", "hostname": "FS01", "ip": ["10.0.0.20"], "os": {"type": "windows", "name": "Windows Server 2022", "family": "windows"}, "architecture": "x86_64"}, "agent": {"type": "winlogbeat", "version": "8.14.3", "name": "FS01"}, "ecs": {"version": "8.11.0"}, "winlog": {"channel": "Security", "event_id": 4624, "provider_name": "Microsoft-Windows-Security-Auditing", "computer_name": "FS01.corp.local", "event_data": {"TargetUserName": "adkins.j", "TargetDomainName": "CORP", "LogonType": "3", "LogonProcessName": "NtLmSsp ", "AuthenticationPackageName": "NTLM", "WorkstationName": "WS01", "IpAddress": "10.0.0.51", "IpPort": "50921"}}, "event": {"module": "security", "dataset": "windows.security", "provider": "Microsoft-Windows-Security-Auditing", "code": "4624", "kind": "event", "category": ["authentication"], "type": ["start"], "action": "logged-in", "outcome": "success"}, "user": {"name": "adkins.j", "domain": "CORP"}, "source": {"ip": "10.0.0.51"}, "related": {"user": ["adkins.j"], "ip": ["10.0.0.51"]}}
{"@timestamp": "2026-06-16T12:05:24.029000Z", "message": "A new process has been created. Process: C:\\Program Files\\Microsoft\\Teams\\current\\Teams.exe  Command: C:\\Program Files\\Microsoft\\Teams\\current\\Teams.exe", "log": {"level": "information"}, "host": {"name": "WS02", "hostname": "WS02", "ip": ["10.0.0.52"], "os": {"type": "windows", "name": "Windows 10 Enterprise", "family": "windows"}, "architecture": "x86_64"}, "agent": {"type": "winlogbeat", "version": "8.14.3", "name": "WS02"}, "ecs": {"version": "8.11.0"}, "winlog": {"channel": "Security", "event_id": 4688, "provider_name": "Microsoft-Windows-Security-Auditing", "computer_name": "WS02.corp.local", "event_data": {"SubjectUserName": "diaz.m", "SubjectDomainName": "CORP", "NewProcessName": "C:\\Program Files\\Microsoft\\Teams\\current\\Teams.exe", "CommandLine": "C:\\Program Files\\Microsoft\\Teams\\current\\Teams.exe", "ParentProcessName": "C:\\Windows\\explorer.exe"}}, "event": {"module": "security", "dataset": "windows.security", "provider": "Microsoft-Windows-Security-Auditing", "code": "4688", "kind": "event", "category": ["process"], "type": ["start"], "action": "created-process"}, "user": {"name": "diaz.m", "domain": "CORP"}, "process": {"name": "Teams.exe", "executable": "C:\\Program Files\\Microsoft\\Teams\\current\\Teams.exe", "command_line": "C:\\Program Files\\Microsoft\\Teams\\current\\Teams.exe", "parent": {"executable": "C:\\Windows\\explorer.exe", "name": "explorer.exe"}}, "related": {"user": ["diaz.m"]}}
{"@timestamp": "2026-06-16T12:05:29.690000Z", "message": "An account was successfully logged on. Account: CORP\\gray.r  Logon Type: 7 (Unlock)  Source: local", "log": {"level": "information"}, "host": {"name": "WS04", "hostname": "WS04", "ip": ["10.0.0.54"], "os": {"type": "windows", "name": "Windows 10 Enterprise", "family": "windows"}, "architecture": "x86_64"}, "agent": {"type": "winlogbeat", "version": "8.14.3", "name": "WS04"}, "ecs": {"version": "8.11.0"}, "winlog": {"channel": "Security", "event_id": 4624, "provider_name": "Microsoft-Windows-Security-Auditing", "computer_name": "WS04.corp.local", "event_data": {"TargetUserName": "gray.r", "TargetDomainName": "CORP", "LogonType": "7", "LogonProcessName": "User32 ", "AuthenticationPackageName": "Negotiate", "WorkstationName": "WS04", "IpAddress": "-"}}, "event": {"module": "security", "dataset": "windows.security", "provider": "Microsoft-Windows-Security-Auditing", "code": "4624", "kind": "event", "category": ["authentication"], "type": ["start"], "action": "logged-in", "outcome": "success"}, "user": {"name": "gray.r", "domain": "CORP"}, "related": {"user": ["gray.r"]}}
{"@timestamp": "2026-06-16T12:09:21.670000Z", "message": "An account was successfully logged on. Account: CORP\\jones.w  Logon Type: 3 (Network)  Source: 10.0.0.51", "log": {"level": "information"}, "host": {"name": "FS01", "hostname": "FS01", "ip": ["10.0.0.20"], "os": {"type": "windows", "name": "Windows Server 2022", "family": "windows"}, "architecture": "x86_64"}, "agent": {"type": "winlogbeat", "version": "8.14.3", "name": "FS01"}, "ecs": {"version": "8.11.0"}, "winlog": {"channel": "Security", "event_id": 4624, "provider_name": "Microsoft-Windows-Security-Auditing", "computer_name": "FS01.corp.local", "event_data": {"TargetUserName": "jones.w", "TargetDomainName": "CORP", "LogonType": "3", "LogonProcessName": "NtLmSsp ", "AuthenticationPackageName": "NTLM", "WorkstationName": "WS01", "IpAddress": "10.0.0.51", "IpPort": "42220"}}, "event": {"module": "security", "dataset": "windows.security", "provider": "Microsoft-Windows-Security-Auditing", "code": "4624", "kind": "event", "category": ["authentication"], "type": ["start"], "action": "logged-in", "outcome": "success"}, "user": {"name": "jones.w", "domain": "CORP"}, "source": {"ip": "10.0.0.51"}, "related": {"user": ["jones.w"], "ip": ["10.0.0.51"]}}
{"@timestamp": "2026-06-16T12:14:17.835000Z", "message": "A new process has been created. Process: C:\\Windows\\System32\\cmd.exe  Command: C:\\Windows\\System32\\cmd.exe", "log": {"level": "information"}, "host": {"name": "WS01", "hostname": "WS01", "ip": ["10.0.0.51"], "os": {"type": "windows", "name": "Windows 10 Enterprise", "family": "windows"}, "architecture": "x86_64"}, "agent": {"type": "winlogbeat", "version": "8.14.3", "name": "WS01"}, "ecs": {"version": "8.11.0"}, "winlog": {"channel": "Security", "event_id": 4688, "provider_name": "Microsoft-Windows-Security-Auditing", "computer_name": "WS01.corp.local", "event_data": {"SubjectUserName": "adkins.j", "SubjectDomainName": "CORP", "NewProcessName": "C:\\Windows\\System32\\cmd.exe", "CommandLine": "C:\\Windows\\System32\\cmd.exe", "ParentProcessName": "C:\\Windows\\explorer.exe"}}, "event": {"module": "security", "dataset": "windows.security", "provider": "Microsoft-Windows-Security-Auditing", "code": "4688", "kind": "event", "category": ["process"], "type": ["start"], "action": "created-process"}, "user": {"name": "adkins.j", "domain": "CORP"}, "process": {"name": "cmd.exe", "executable": "C:\\Windows\\System32\\cmd.exe", "command_line": "C:\\Windows\\System32\\cmd.exe", "parent": {"executable": "C:\\Windows\\explorer.exe", "name": "explorer.exe"}}, "related": {"user": ["adkins.j"]}}
{"@timestamp": "2026-06-16T12:16:39.057000Z", "message": "An account was successfully logged on. Account: CORP\\svc_backup  Logon Type: 3 (Network)  Source: 10.0.0.20", "log": {"level": "information"}, "host": {"name": "APP01", "hostname": "APP01", "ip": ["10.0.0.21"], "os": {"type": "windows", "name": "Windows Server 2022", "family": "windows"}, "architecture": "x86_64"}, "agent": {"type": "winlogbeat", "version": "8.14.3", "name": "APP01"}, "ecs": {"version": "8.11.0"}, "winlog": {"channel": "Security", "event_id": 4624, "provider_name": "Microsoft-Windows-Security-Auditing", "computer_name": "APP01.corp.local", "event_data": {"TargetUserName": "svc_backup", "TargetDomainName": "CORP", "LogonType": "3", "LogonProcessName": "NtLmSsp ", "AuthenticationPackageName": "NTLM", "WorkstationName": "FS01", "IpAddress": "10.0.0.20", "IpPort": "50723"}}, "event": {"module": "security", "dataset": "windows.security", "provider": "Microsoft-Windows-Security-Auditing", "code": "4624", "kind": "event", "category": ["authentication"], "type": ["start"], "action": "logged-in", "outcome": "success"}, "user": {"name": "svc_backup", "domain": "CORP"}, "source": {"ip": "10.0.0.20"}, "related": {"user": ["svc_backup"], "ip": ["10.0.0.20"]}}
{"@timestamp": "2026-06-16T12:28:55.020000Z", "message": "Process Create: Image: C:\\Program Files\\Microsoft\\Teams\\current\\Teams.exe  CommandLine: \"Teams.exe\"  ParentImage: C:\\Windows\\explorer.exe", "log": {"level": "information"}, "host": {"name": "WS02", "hostname": "WS02", "ip": ["10.0.0.52"], "os": {"type": "windows", "name": "Windows 10 Enterprise", "family": "windows"}, "architecture": "x86_64"}, "agent": {"type": "winlogbeat", "version": "8.14.3", "name": "WS02"}, "ecs": {"version": "8.11.0"}, "winlog": {"channel": "Microsoft-Windows-Sysmon/Operational", "event_id": 1, "provider_name": "Microsoft-Windows-Sysmon", "computer_name": "WS02.corp.local", "provider_guid": "{5770385f-c22a-43e0-bf4c-06f5698ffbd9}", "event_data": {"RuleName": "-", "UtcTime": "2026-06-16 12:28:55.000", "ProcessGuid": "{a23eae89-913e-5903-0000-00107cdc73f000}", "ProcessId": "5650", "Image": "C:\\Program Files\\Microsoft\\Teams\\current\\Teams.exe", "FileVersion": "-", "Description": "-", "Product": "-", "Company": "-", "OriginalFileName": "Teams.exe", "CommandLine": "\"Teams.exe\"", "CurrentDirectory": "C:\\Windows\\system32\\", "User": "CORP\\irwin.t", "LogonGuid": "{a23eae89-0344-5903-0000-00108b2d905100}", "LogonId": "0x5c4ea5", "TerminalSessionId": "1", "IntegrityLevel": "Medium", "Hashes": "SHA1=82E19861B01648766FC2F57ED82AE384882A83FD,MD5=075B78011B284DBABDD4B8E9CF707554,SHA256=2FAF3F5DD583D5D399B5A7C6CDDA8007274489AD31533FAE916CDD2300447AEC", "ParentProcessGuid": "{a23eae89-1861-5903-0000-0010c1d22baf00}", "ParentProcessId": "5658", "ParentImage": "C:\\Windows\\explorer.exe", "ParentCommandLine": "explorer.exe", "ParentUser": "CORP\\irwin.t"}}, "event": {"module": "sysmon", "dataset": "windows.sysmon_operational", "provider": "Microsoft-Windows-Sysmon", "code": "1", "kind": "event", "category": ["process"], "type": ["start"], "action": "process-creation"}, "user": {"name": "irwin.t", "domain": "CORP"}, "process": {"name": "Teams.exe", "executable": "C:\\Program Files\\Microsoft\\Teams\\current\\Teams.exe", "command_line": "\"Teams.exe\"", "entity_id": "{a23eae89-913e-5903-0000-00107cdc73f000}", "pid": 5650, "parent": {"executable": "C:\\Windows\\explorer.exe", "name": "explorer.exe", "command_line": "explorer.exe", "pid": 5658}}, "related": {"user": ["irwin.t"], "hash": ["82E19861B01648766FC2F57ED82AE384882A83FD", "075B78011B284DBABDD4B8E9CF707554", "2FAF3F5DD583D5D399B5A7C6CDDA8007274489AD31533FAE916CDD2300447AEC"]}}
{"@timestamp": "2026-06-16T12:33:13.793000Z", "message": "An account was successfully logged on. Account: CORP\\svc_backup  Logon Type: 3 (Network)  Source: 10.0.0.20", "log": {"level": "information"}, "host": {"name": "APP01", "hostname": "APP01", "ip": ["10.0.0.21"], "os": {"type": "windows", "name": "Windows Server 2022", "family": "windows"}, "architecture": "x86_64"}, "agent": {"type": "winlogbeat", "version": "8.14.3", "name": "APP01"}, "ecs": {"version": "8.11.0"}, "winlog": {"channel": "Security", "event_id": 4624, "provider_name": "Microsoft-Windows-Security-Auditing", "computer_name": "APP01.corp.local", "event_data": {"TargetUserName": "svc_backup", "TargetDomainName": "CORP", "LogonType": "3", "LogonProcessName": "NtLmSsp ", "AuthenticationPackageName": "NTLM", "WorkstationName": "FS01", "IpAddress": "10.0.0.20", "IpPort": "59225"}}, "event": {"module": "security", "dataset": "windows.security", "provider": "Microsoft-Windows-Security-Auditing", "code": "4624", "kind": "event", "category": ["authentication"], "type": ["start"], "action": "logged-in", "outcome": "success"}, "user": {"name": "svc_backup", "domain": "CORP"}, "source": {"ip": "10.0.0.20"}, "related": {"user": ["svc_backup"], "ip": ["10.0.0.20"]}}
{"@timestamp": "2026-06-16T12:39:20.373000Z", "message": "An account was successfully logged on. Account: CORP\\brown.k  Logon Type: 3 (Network)  Source: 10.0.0.51", "log": {"level": "information"}, "host": {"name": "FS01", "hostname": "FS01", "ip": ["10.0.0.20"], "os": {"type": "windows", "name": "Windows Server 2022", "family": "windows"}, "architecture": "x86_64"}, "agent": {"type": "winlogbeat", "version": "8.14.3", "name": "FS01"}, "ecs": {"version": "8.11.0"}, "winlog": {"channel": "Security", "event_id": 4624, "provider_name": "Microsoft-Windows-Security-Auditing", "computer_name": "FS01.corp.local", "event_data": {"TargetUserName": "brown.k", "TargetDomainName": "CORP", "LogonType": "3", "LogonProcessName": "NtLmSsp ", "AuthenticationPackageName": "NTLM", "WorkstationName": "WS01", "IpAddress": "10.0.0.51", "IpPort": "58131"}}, "event": {"module": "security", "dataset": "windows.security", "provider": "Microsoft-Windows-Security-Auditing", "code": "4624", "kind": "event", "category": ["authentication"], "type": ["start"], "action": "logged-in", "outcome": "success"}, "user": {"name": "brown.k", "domain": "CORP"}, "source": {"ip": "10.0.0.51"}, "related": {"user": ["brown.k"], "ip": ["10.0.0.51"]}}
{"@timestamp": "2026-06-16T12:41:31.407000Z", "message": "Process Create: Image: C:\\Program Files\\Microsoft\\Teams\\current\\Teams.exe  CommandLine: \"Teams.exe\"  ParentImage: C:\\Windows\\explorer.exe", "log": {"level": "information"}, "host": {"name": "WS02", "hostname": "WS02", "ip": ["10.0.0.52"], "os": {"type": "windows", "name": "Windows 10 Enterprise", "family": "windows"}, "architecture": "x86_64"}, "agent": {"type": "winlogbeat", "version": "8.14.3", "name": "WS02"}, "ecs": {"version": "8.11.0"}, "winlog": {"channel": "Microsoft-Windows-Sysmon/Operational", "event_id": 1, "provider_name": "Microsoft-Windows-Sysmon", "computer_name": "WS02.corp.local", "provider_guid": "{5770385f-c22a-43e0-bf4c-06f5698ffbd9}", "event_data": {"RuleName": "-", "UtcTime": "2026-06-16 12:41:31.000", "ProcessGuid": "{a23eae89-b337-5903-0000-00107231176000}", "ProcessId": "5357", "Image": "C:\\Program Files\\Microsoft\\Teams\\current\\Teams.exe", "FileVersion": "-", "Description": "-", "Product": "-", "Company": "-", "OriginalFileName": "Teams.exe", "CommandLine": "\"Teams.exe\"", "CurrentDirectory": "C:\\Windows\\system32\\", "User": "CORP\\diaz.m", "LogonGuid": "{a23eae89-ae90-5903-0000-0010aab885ee00}", "LogonId": "0x9cdc1e", "TerminalSessionId": "1", "IntegrityLevel": "Medium", "Hashes": "SHA1=82E19861B01648766FC2F57ED82AE384882A83FD,MD5=075B78011B284DBABDD4B8E9CF707554,SHA256=2FAF3F5DD583D5D399B5A7C6CDDA8007274489AD31533FAE916CDD2300447AEC", "ParentProcessGuid": "{a23eae89-1861-5903-0000-0010c1d22baf00}", "ParentProcessId": "5385", "ParentImage": "C:\\Windows\\explorer.exe", "ParentCommandLine": "explorer.exe", "ParentUser": "CORP\\diaz.m"}}, "event": {"module": "sysmon", "dataset": "windows.sysmon_operational", "provider": "Microsoft-Windows-Sysmon", "code": "1", "kind": "event", "category": ["process"], "type": ["start"], "action": "process-creation"}, "user": {"name": "diaz.m", "domain": "CORP"}, "process": {"name": "Teams.exe", "executable": "C:\\Program Files\\Microsoft\\Teams\\current\\Teams.exe", "command_line": "\"Teams.exe\"", "entity_id": "{a23eae89-b337-5903-0000-00107231176000}", "pid": 5357, "parent": {"executable": "C:\\Windows\\explorer.exe", "name": "explorer.exe", "command_line": "explorer.exe", "pid": 5385}}, "related": {"user": ["diaz.m"], "hash": ["82E19861B01648766FC2F57ED82AE384882A83FD", "075B78011B284DBABDD4B8E9CF707554", "2FAF3F5DD583D5D399B5A7C6CDDA8007274489AD31533FAE916CDD2300447AEC"]}}
{"@timestamp": "2026-06-16T12:46:04.609000Z", "message": "An account was successfully logged on. Account: CORP\\brown.k  Logon Type: 3 (Network)  Source: 10.0.0.51", "log": {"level": "information"}, "host": {"name": "FS01", "hostname": "FS01", "ip": ["10.0.0.20"], "os": {"type": "windows", "name": "Windows Server 2022", "family": "windows"}, "architecture": "x86_64"}, "agent": {"type": "winlogbeat", "version": "8.14.3", "name": "FS01"}, "ecs": {"version": "8.11.0"}, "winlog": {"channel": "Security", "event_id": 4624, "provider_name": "Microsoft-Windows-Security-Auditing", "computer_name": "FS01.corp.local", "event_data": {"TargetUserName": "brown.k", "TargetDomainName": "CORP", "LogonType": "3", "LogonProcessName": "NtLmSsp ", "AuthenticationPackageName": "NTLM", "WorkstationName": "WS01", "IpAddress": "10.0.0.51", "IpPort": "43743"}}, "event": {"module": "security", "dataset": "windows.security", "provider": "Microsoft-Windows-Security-Auditing", "code": "4624", "kind": "event", "category": ["authentication"], "type": ["start"], "action": "logged-in", "outcome": "success"}, "user": {"name": "brown.k", "domain": "CORP"}, "source": {"ip": "10.0.0.51"}, "related": {"user": ["brown.k"], "ip": ["10.0.0.51"]}}
{"@timestamp": "2026-06-16T12:47:58.793000Z", "message": "Dns query: QueryName: outlook.office365.com  QueryResults: 52.96.0.1  Image: C:\\Program Files\\Google\\Chrome\\Application\\chrome.exe", "log": {"level": "information"}, "host": {"name": "WS01", "hostname": "WS01", "ip": ["10.0.0.51"], "os": {"type": "windows", "name": "Windows 10 Enterprise", "family": "windows"}, "architecture": "x86_64"}, "agent": {"type": "winlogbeat", "version": "8.14.3", "name": "WS01"}, "ecs": {"version": "8.11.0"}, "winlog": {"channel": "Microsoft-Windows-Sysmon/Operational", "event_id": 22, "provider_name": "Microsoft-Windows-Sysmon", "computer_name": "WS01.corp.local", "provider_guid": "{5770385f-c22a-43e0-bf4c-06f5698ffbd9}", "event_data": {"RuleName": "-", "UtcTime": "2026-06-16 12:47:58.000", "ProcessGuid": "{a23eae89-1b98-5903-0000-0010aa41cddd00}", "ProcessId": "5720", "QueryName": "outlook.office365.com", "QueryStatus": "0", "QueryResults": "52.96.0.1;", "Image": "C:\\Program Files\\Google\\Chrome\\Application\\chrome.exe", "User": "CORP\\adkins.j"}}, "event": {"module": "sysmon", "dataset": "windows.sysmon_operational", "provider": "Microsoft-Windows-Sysmon", "code": "22", "kind": "event", "category": ["network"], "type": ["connection", "protocol", "info"], "action": "dns-query"}, "user": {"name": "adkins.j", "domain": "CORP"}, "dns": {"question": {"name": "outlook.office365.com"}, "resolved_ip": ["52.96.0.1"]}, "process": {"name": "chrome.exe", "executable": "C:\\Program Files\\Google\\Chrome\\Application\\chrome.exe", "entity_id": "{a23eae89-1b98-5903-0000-0010aa41cddd00}"}, "related": {"user": ["adkins.j"], "ip": ["52.96.0.1"]}}
