{"@timestamp": "2026-06-17T13:24:02Z", "message": "Process Create: Image: C:\\Windows\\System32\\WindowsPowerShell\\v1.0\\powershell.exe  CommandLine: powershell.exe -nop -w hidden -enc SQBFAFgAKABOAGUAdwAtAE8AYgBqAGUAYwB0AA==  ParentImage: C:\\Windows\\System32\\cmd.exe", "log": {"level": "information"}, "host": {"name": "FS01", "hostname": "FS01", "ip": ["10.0.0.20"], "os": {"type": "windows", "name": "Windows Server 2022", "family": "windows"}, "architecture": "x86_64"}, "agent": {"type": "winlogbeat", "version": "8.14.3", "name": "FS01"}, "ecs": {"version": "8.11.0"}, "winlog": {"channel": "Microsoft-Windows-Sysmon/Operational", "event_id": 1, "provider_name": "Microsoft-Windows-Sysmon", "computer_name": "FS01.corp.local", "provider_guid": "{5770385f-c22a-43e0-bf4c-06f5698ffbd9}", "event_data": {"RuleName": "-", "UtcTime": "2026-06-17 13:24:02.000", "ProcessGuid": "{a23eae89-9fd3-5903-0000-00100bf657c700}", "ProcessId": "7400", "Image": "C:\\Windows\\System32\\WindowsPowerShell\\v1.0\\powershell.exe", "FileVersion": "-", "Description": "-", "Product": "-", "Company": "-", "OriginalFileName": "powershell.exe", "CommandLine": "powershell.exe -nop -w hidden -enc SQBFAFgAKABOAGUAdwAtAE8AYgBqAGUAYwB0AA==", "CurrentDirectory": "C:\\Windows\\system32\\", "User": "CORP\\irwin.t", "LogonGuid": "{a23eae89-0344-5903-0000-00108b2d905100}", "LogonId": "0x89b4d2", "TerminalSessionId": "1", "IntegrityLevel": "High", "Hashes": "MD5=A97E6573B97B44C96122BFA543A82EA1,SHA256=0FF6F2C94BC7E2833A5F7E16DE1622E5DBA70396F31C7D5F56381870317E8C46,IMPHASH=AFACF6DC9041114B198160AAB4D0AE77", "ParentProcessGuid": "{a23eae89-75cb-5903-0000-0010bf471d7d00}", "ParentProcessId": "7439", "ParentImage": "C:\\Windows\\System32\\cmd.exe", "ParentCommandLine": "cmd.exe /c powershell", "ParentUser": "CORP\\irwin.t"}}, "event": {"module": "sysmon", "dataset": "windows.sysmon_operational", "provider": "Microsoft-Windows-Sysmon", "code": "1", "kind": "event", "category": ["process"], "type": ["start"], "action": "process-creation"}, "user": {"name": "irwin.t", "domain": "CORP"}, "process": {"name": "powershell.exe", "executable": "C:\\Windows\\System32\\WindowsPowerShell\\v1.0\\powershell.exe", "command_line": "powershell.exe -nop -w hidden -enc SQBFAFgAKABOAGUAdwAtAE8AYgBqAGUAYwB0AA==", "entity_id": "{a23eae89-9fd3-5903-0000-00100bf657c700}", "pid": 7400, "parent": {"executable": "C:\\Windows\\System32\\cmd.exe", "name": "cmd.exe", "command_line": "cmd.exe /c powershell", "pid": 7439}}, "related": {"user": ["irwin.t"], "hash": ["A97E6573B97B44C96122BFA543A82EA1", "0FF6F2C94BC7E2833A5F7E16DE1622E5DBA70396F31C7D5F56381870317E8C46", "AFACF6DC9041114B198160AAB4D0AE77"]}}
{"@timestamp": "2026-06-17T13:24:03Z", "message": "Dns query: QueryName: sync.cdn-telemetry.net  QueryResults: 203.0.113.77  Image: C:\\Windows\\System32\\WindowsPowerShell\\v1.0\\powershell.exe", "log": {"level": "information"}, "host": {"name": "FS01", "hostname": "FS01", "ip": ["10.0.0.20"], "os": {"type": "windows", "name": "Windows Server 2022", "family": "windows"}, "architecture": "x86_64"}, "agent": {"type": "winlogbeat", "version": "8.14.3", "name": "FS01"}, "ecs": {"version": "8.11.0"}, "winlog": {"channel": "Microsoft-Windows-Sysmon/Operational", "event_id": 22, "provider_name": "Microsoft-Windows-Sysmon", "computer_name": "FS01.corp.local", "provider_guid": "{5770385f-c22a-43e0-bf4c-06f5698ffbd9}", "event_data": {"RuleName": "-", "UtcTime": "2026-06-17 13:24:03.000", "ProcessGuid": "{a23eae89-9fd3-5903-0000-00100bf657c700}", "ProcessId": "7454", "QueryName": "sync.cdn-telemetry.net", "QueryStatus": "0", "QueryResults": "203.0.113.77;", "Image": "C:\\Windows\\System32\\WindowsPowerShell\\v1.0\\powershell.exe", "User": "CORP\\irwin.t"}}, "event": {"module": "sysmon", "dataset": "windows.sysmon_operational", "provider": "Microsoft-Windows-Sysmon", "code": "22", "kind": "event", "category": ["network"], "type": ["connection", "protocol", "info"], "action": "dns-query"}, "user": {"name": "irwin.t", "domain": "CORP"}, "dns": {"question": {"name": "sync.cdn-telemetry.net"}, "resolved_ip": ["203.0.113.77"]}, "process": {"name": "powershell.exe", "executable": "C:\\Windows\\System32\\WindowsPowerShell\\v1.0\\powershell.exe", "entity_id": "{a23eae89-9fd3-5903-0000-00100bf657c700}"}, "related": {"user": ["irwin.t"], "ip": ["203.0.113.77"]}}
{"@timestamp": "2026-06-17T13:24:04Z", "message": "Network connection detected: Image: C:\\Windows\\System32\\WindowsPowerShell\\v1.0\\powershell.exe  DestinationIp: 203.0.113.77  DestinationPort: 443", "log": {"level": "information"}, "host": {"name": "FS01", "hostname": "FS01", "ip": ["10.0.0.20"], "os": {"type": "windows", "name": "Windows Server 2022", "family": "windows"}, "architecture": "x86_64"}, "agent": {"type": "winlogbeat", "version": "8.14.3", "name": "FS01"}, "ecs": {"version": "8.11.0"}, "winlog": {"channel": "Microsoft-Windows-Sysmon/Operational", "event_id": 3, "provider_name": "Microsoft-Windows-Sysmon", "computer_name": "FS01.corp.local", "provider_guid": "{5770385f-c22a-43e0-bf4c-06f5698ffbd9}", "event_data": {"RuleName": "-", "UtcTime": "2026-06-17 13:24:04.000", "ProcessGuid": "{a23eae89-9fd3-5903-0000-00100bf657c700}", "ProcessId": "7481", "Image": "C:\\Windows\\System32\\WindowsPowerShell\\v1.0\\powershell.exe", "User": "CORP\\irwin.t", "Protocol": "tcp", "Initiated": "true", "SourceIsIpv6": "false", "SourceIp": "10.0.0.20", "SourceHostname": "FS01.corp.local", "SourcePort": "52216", "SourcePortName": "", "DestinationIsIpv6": "false", "DestinationIp": "203.0.113.77", "DestinationHostname": "sync.cdn-telemetry.net", "DestinationPort": "443", "DestinationPortName": ""}}, "event": {"module": "sysmon", "dataset": "windows.sysmon_operational", "provider": "Microsoft-Windows-Sysmon", "code": "3", "kind": "event", "category": ["network"], "type": ["connection", "start", "protocol"], "action": "network-connection"}, "user": {"name": "irwin.t", "domain": "CORP"}, "source": {"ip": "10.0.0.20", "port": 56388}, "destination": {"ip": "203.0.113.77", "port": 443}, "network": {"transport": "tcp", "direction": "egress"}, "process": {"name": "powershell.exe", "executable": "C:\\Windows\\System32\\WindowsPowerShell\\v1.0\\powershell.exe", "entity_id": "{a23eae89-9fd3-5903-0000-00100bf657c700}"}, "related": {"user": ["irwin.t"], "ip": ["10.0.0.20", "203.0.113.77"]}}
{"@timestamp": "2026-06-17T13:26:00Z", "message": "Process Create: Image: C:\\Windows\\Temp\\svc32.exe  CommandLine: svc32.exe sekurlsa::logonpasswords  ParentImage: C:\\Windows\\System32\\WindowsPowerShell\\v1.0\\powershell.exe", "log": {"level": "information"}, "host": {"name": "FS01", "hostname": "FS01", "ip": ["10.0.0.20"], "os": {"type": "windows", "name": "Windows Server 2022", "family": "windows"}, "architecture": "x86_64"}, "agent": {"type": "winlogbeat", "version": "8.14.3", "name": "FS01"}, "ecs": {"version": "8.11.0"}, "winlog": {"channel": "Microsoft-Windows-Sysmon/Operational", "event_id": 1, "provider_name": "Microsoft-Windows-Sysmon", "computer_name": "FS01.corp.local", "provider_guid": "{5770385f-c22a-43e0-bf4c-06f5698ffbd9}", "event_data": {"RuleName": "-", "UtcTime": "2026-06-17 13:26:00.000", "ProcessGuid": "{a23eae89-f248-5903-0000-00102708c88b00}", "ProcessId": "7503", "Image": "C:\\Windows\\Temp\\svc32.exe", "FileVersion": "-", "Description": "-", "Product": "-", "Company": "-", "OriginalFileName": "svc32.exe", "CommandLine": "svc32.exe sekurlsa::logonpasswords", "CurrentDirectory": "C:\\Windows\\system32\\", "User": "CORP\\irwin.t", "LogonGuid": "{a23eae89-0344-5903-0000-00108b2d905100}", "LogonId": "0x5a5765", "TerminalSessionId": "1", "IntegrityLevel": "High", "Hashes": "MD5=EAF45BD302BD2CC34C31444B95C6D63F,SHA256=1519C24B2550D18ED56F823741C7BCE62E6BB819A89DA7394758D421BA7B595B,IMPHASH=E85AE072ECBD5AEDDFC05CFE7ACE37CC", "ParentProcessGuid": "{a23eae89-9fd3-5903-0000-00100bf657c700}", "ParentProcessId": "7517", "ParentImage": "C:\\Windows\\System32\\WindowsPowerShell\\v1.0\\powershell.exe", "ParentCommandLine": "powershell.exe -nop -w hidden", "ParentUser": "CORP\\irwin.t"}}, "event": {"module": "sysmon", "dataset": "windows.sysmon_operational", "provider": "Microsoft-Windows-Sysmon", "code": "1", "kind": "event", "category": ["process"], "type": ["start"], "action": "process-creation"}, "user": {"name": "irwin.t", "domain": "CORP"}, "process": {"name": "svc32.exe", "executable": "C:\\Windows\\Temp\\svc32.exe", "command_line": "svc32.exe sekurlsa::logonpasswords", "entity_id": "{a23eae89-f248-5903-0000-00102708c88b00}", "pid": 7503, "parent": {"executable": "C:\\Windows\\System32\\WindowsPowerShell\\v1.0\\powershell.exe", "name": "powershell.exe", "command_line": "powershell.exe -nop -w hidden", "pid": 7517}}, "related": {"user": ["irwin.t"], "hash": ["EAF45BD302BD2CC34C31444B95C6D63F", "1519C24B2550D18ED56F823741C7BCE62E6BB819A89DA7394758D421BA7B595B", "E85AE072ECBD5AEDDFC05CFE7ACE37CC"]}}
{"@timestamp": "2026-06-17T13:26:01.500000Z", "message": "Image loaded: Image: C:\\Windows\\Temp\\svc32.exe  ImageLoaded: C:\\Windows\\System32\\samlib.dll  Signed: false", "log": {"level": "information"}, "host": {"name": "FS01", "hostname": "FS01", "ip": ["10.0.0.20"], "os": {"type": "windows", "name": "Windows Server 2022", "family": "windows"}, "architecture": "x86_64"}, "agent": {"type": "winlogbeat", "version": "8.14.3", "name": "FS01"}, "ecs": {"version": "8.11.0"}, "winlog": {"channel": "Microsoft-Windows-Sysmon/Operational", "event_id": 7, "provider_name": "Microsoft-Windows-Sysmon", "computer_name": "FS01.corp.local", "provider_guid": "{5770385f-c22a-43e0-bf4c-06f5698ffbd9}", "event_data": {"RuleName": "-", "UtcTime": "2026-06-17 13:26:01.000", "ProcessGuid": "{a23eae89-f248-5903-0000-00102708c88b00}", "ProcessId": "7586", "Image": "C:\\Windows\\Temp\\svc32.exe", "ImageLoaded": "C:\\Windows\\System32\\samlib.dll", "Signed": "false", "Signature": "-", "SignatureStatus": "Unavailable", "Hashes": "MD5=EAF45BD302BD2CC34C31444B95C6D63F,SHA256=1519C24B2550D18ED56F823741C7BCE62E6BB819A89DA7394758D421BA7B595B,IMPHASH=E85AE072ECBD5AEDDFC05CFE7ACE37CC", "User": "CORP\\irwin.t"}}, "event": {"module": "sysmon", "dataset": "windows.sysmon_operational", "provider": "Microsoft-Windows-Sysmon", "code": "7", "kind": "event", "category": ["process"], "type": ["info"], "action": "image-loaded"}, "user": {"name": "irwin.t", "domain": "CORP"}}
{"@timestamp": "2026-06-17T13:26:01Z", "message": "Image loaded: Image: C:\\Windows\\Temp\\svc32.exe  ImageLoaded: C:\\Windows\\System32\\vaultcli.dll  Signed: false", "log": {"level": "information"}, "host": {"name": "FS01", "hostname": "FS01", "ip": ["10.0.0.20"], "os": {"type": "windows", "name": "Windows Server 2022", "family": "windows"}, "architecture": "x86_64"}, "agent": {"type": "winlogbeat", "version": "8.14.3", "name": "FS01"}, "ecs": {"version": "8.11.0"}, "winlog": {"channel": "Microsoft-Windows-Sysmon/Operational", "event_id": 7, "provider_name": "Microsoft-Windows-Sysmon", "computer_name": "FS01.corp.local", "provider_guid": "{5770385f-c22a-43e0-bf4c-06f5698ffbd9}", "event_data": {"RuleName": "-", "UtcTime": "2026-06-17 13:26:01.000", "ProcessGuid": "{a23eae89-f248-5903-0000-00102708c88b00}", "ProcessId": "7556", "Image": "C:\\Windows\\Temp\\svc32.exe", "ImageLoaded": "C:\\Windows\\System32\\vaultcli.dll", "Signed": "false", "Signature": "-", "SignatureStatus": "Unavailable", "Hashes": "MD5=EAF45BD302BD2CC34C31444B95C6D63F,SHA256=1519C24B2550D18ED56F823741C7BCE62E6BB819A89DA7394758D421BA7B595B,IMPHASH=E85AE072ECBD5AEDDFC05CFE7ACE37CC", "User": "CORP\\irwin.t"}}, "event": {"module": "sysmon", "dataset": "windows.sysmon_operational", "provider": "Microsoft-Windows-Sysmon", "code": "7", "kind": "event", "category": ["process"], "type": ["info"], "action": "image-loaded"}, "user": {"name": "irwin.t", "domain": "CORP"}}
{"@timestamp": "2026-06-17T13:26:02Z", "message": "Process accessed: SourceImage: C:\\Windows\\Temp\\svc32.exe  TargetImage: C:\\Windows\\System32\\lsass.exe  GrantedAccess: 0x1010", "log": {"level": "information"}, "host": {"name": "FS01", "hostname": "FS01", "ip": ["10.0.0.20"], "os": {"type": "windows", "name": "Windows Server 2022", "family": "windows"}, "architecture": "x86_64"}, "agent": {"type": "winlogbeat", "version": "8.14.3", "name": "FS01"}, "ecs": {"version": "8.11.0"}, "winlog": {"channel": "Microsoft-Windows-Sysmon/Operational", "event_id": 10, "provider_name": "Microsoft-Windows-Sysmon", "computer_name": "FS01.corp.local", "provider_guid": "{5770385f-c22a-43e0-bf4c-06f5698ffbd9}", "event_data": {"RuleName": "-", "UtcTime": "2026-06-17 13:26:02.000", "SourceProcessGUID": "{a23eae89-f248-5903-0000-00102708c88b00}", "SourceProcessId": "7621", "SourceThreadId": "5822", "SourceImage": "C:\\Windows\\Temp\\svc32.exe", "TargetProcessGUID": "{a23eae89-cad7-5903-0000-0010cab75eab00}", "TargetProcessId": "884", "TargetImage": "C:\\Windows\\System32\\lsass.exe", "GrantedAccess": "0x1010", "CallTrace": "C:\\Windows\\SYSTEM32\\ntdll.dll+9d234|C:\\Windows\\System32\\KERNELBASE.dll+38f3e|UNKNOWN(0x2a1b0000)", "SourceUser": "CORP\\irwin.t", "TargetUser": "NT AUTHORITY\\SYSTEM"}}, "event": {"module": "sysmon", "dataset": "windows.sysmon_operational", "provider": "Microsoft-Windows-Sysmon", "code": "10", "kind": "event", "category": ["process"], "type": ["access"], "action": "process-access"}, "process": {"name": "svc32.exe", "executable": "C:\\Windows\\Temp\\svc32.exe", "entity_id": "{a23eae89-f248-5903-0000-00102708c88b00}"}}
{"@timestamp": "2026-06-17T13:26:03Z", "message": "File created: Image: C:\\Windows\\Temp\\svc32.exe  TargetFilename: C:\\Windows\\Temp\\lsass.dmp", "log": {"level": "information"}, "host": {"name": "FS01", "hostname": "FS01", "ip": ["10.0.0.20"], "os": {"type": "windows", "name": "Windows Server 2022", "family": "windows"}, "architecture": "x86_64"}, "agent": {"type": "winlogbeat", "version": "8.14.3", "name": "FS01"}, "ecs": {"version": "8.11.0"}, "winlog": {"channel": "Microsoft-Windows-Sysmon/Operational", "event_id": 11, "provider_name": "Microsoft-Windows-Sysmon", "computer_name": "FS01.corp.local", "provider_guid": "{5770385f-c22a-43e0-bf4c-06f5698ffbd9}", "event_data": {"RuleName": "-", "UtcTime": "2026-06-17 13:26:03.000", "ProcessGuid": "{a23eae89-f248-5903-0000-00102708c88b00}", "ProcessId": "7647", "Image": "C:\\Windows\\Temp\\svc32.exe", "TargetFilename": "C:\\Windows\\Temp\\lsass.dmp", "CreationUtcTime": "2026-06-17 13:26:03.000", "User": "CORP\\irwin.t"}}, "event": {"module": "sysmon", "dataset": "windows.sysmon_operational", "provider": "Microsoft-Windows-Sysmon", "code": "11", "kind": "event", "category": ["file"], "type": ["creation"], "action": "file-create"}, "user": {"name": "irwin.t", "domain": "CORP"}, "file": {"path": "C:\\Windows\\Temp\\lsass.dmp", "name": "lsass.dmp"}, "related": {"user": ["irwin.t"]}}
{"@timestamp": "2026-06-17T13:28:04Z", "message": "Network connection detected: Image: C:\\Windows\\System32\\mstsc.exe  DestinationIp: 10.0.0.21  DestinationPort: 3389", "log": {"level": "information"}, "host": {"name": "FS01", "hostname": "FS01", "ip": ["10.0.0.20"], "os": {"type": "windows", "name": "Windows Server 2022", "family": "windows"}, "architecture": "x86_64"}, "agent": {"type": "winlogbeat", "version": "8.14.3", "name": "FS01"}, "ecs": {"version": "8.11.0"}, "winlog": {"channel": "Microsoft-Windows-Sysmon/Operational", "event_id": 3, "provider_name": "Microsoft-Windows-Sysmon", "computer_name": "FS01.corp.local", "provider_guid": "{5770385f-c22a-43e0-bf4c-06f5698ffbd9}", "event_data": {"RuleName": "-", "UtcTime": "2026-06-17 13:28:04.000", "ProcessGuid": "{a23eae89-c733-5903-0000-0010b449547800}", "ProcessId": "7651", "Image": "C:\\Windows\\System32\\mstsc.exe", "User": "CORP\\irwin.t", "Protocol": "tcp", "Initiated": "true", "SourceIsIpv6": "false", "SourceIp": "10.0.0.20", "SourceHostname": "FS01.corp.local", "SourcePort": "54236", "SourcePortName": "", "DestinationIsIpv6": "false", "DestinationIp": "10.0.0.21", "DestinationHostname": "APP01.corp.local", "DestinationPort": "3389", "DestinationPortName": ""}}, "event": {"module": "sysmon", "dataset": "windows.sysmon_operational", "provider": "Microsoft-Windows-Sysmon", "code": "3", "kind": "event", "category": ["network"], "type": ["connection", "start", "protocol"], "action": "network-connection"}, "user": {"name": "irwin.t", "domain": "CORP"}, "source": {"ip": "10.0.0.20", "port": 51111}, "destination": {"ip": "10.0.0.21", "port": 3389}, "network": {"transport": "tcp", "direction": "egress"}, "process": {"name": "mstsc.exe", "executable": "C:\\Windows\\System32\\mstsc.exe", "entity_id": "{a23eae89-c733-5903-0000-0010b449547800}"}, "related": {"user": ["irwin.t"], "ip": ["10.0.0.20", "10.0.0.21"]}}
{"@timestamp": "2026-06-17T13:28:05Z", "message": "An account was successfully logged on. Account: CORP\\irwin.t  Logon Type: 10 (RemoteInteractive)  Source: 10.0.0.20", "log": {"level": "information"}, "host": {"name": "APP01", "hostname": "APP01", "ip": ["10.0.0.21"], "os": {"type": "windows", "name": "Windows Server 2022", "family": "windows"}, "architecture": "x86_64"}, "agent": {"type": "winlogbeat", "version": "8.14.3", "name": "APP01"}, "ecs": {"version": "8.11.0"}, "winlog": {"channel": "Security", "event_id": 4624, "provider_name": "Microsoft-Windows-Security-Auditing", "computer_name": "APP01.corp.local", "event_data": {"TargetUserName": "irwin.t", "TargetDomainName": "CORP", "LogonType": "10", "LogonProcessName": "User32 ", "AuthenticationPackageName": "Negotiate", "WorkstationName": "FS01", "IpAddress": "10.0.0.20", "IpPort": "50256"}}, "event": {"module": "security", "dataset": "windows.security", "provider": "Microsoft-Windows-Security-Auditing", "code": "4624", "kind": "event", "category": ["authentication"], "type": ["start"], "action": "logged-in", "outcome": "success"}, "user": {"name": "irwin.t", "domain": "CORP"}, "source": {"ip": "10.0.0.20"}, "related": {"user": ["irwin.t"], "ip": ["10.0.0.20"]}}
{"@timestamp": "2026-06-17T13:30:03.265000Z", "message": "An account was successfully logged on. Account: CORP\\svc_sql  Logon Type: 5 (Service)  Source: local", "log": {"level": "information"}, "host": {"name": "APP01", "hostname": "APP01", "ip": ["10.0.0.21"], "os": {"type": "windows", "name": "Windows Server 2022", "family": "windows"}, "architecture": "x86_64"}, "agent": {"type": "winlogbeat", "version": "8.14.3", "name": "APP01"}, "ecs": {"version": "8.11.0"}, "winlog": {"channel": "Security", "event_id": 4624, "provider_name": "Microsoft-Windows-Security-Auditing", "computer_name": "APP01.corp.local", "event_data": {"TargetUserName": "svc_sql", "TargetDomainName": "CORP", "LogonType": "5", "LogonProcessName": "User32 ", "AuthenticationPackageName": "Negotiate", "WorkstationName": "APP01", "IpAddress": "-"}}, "event": {"module": "security", "dataset": "windows.security", "provider": "Microsoft-Windows-Security-Auditing", "code": "4624", "kind": "event", "category": ["authentication"], "type": ["start"], "action": "logged-in", "outcome": "success"}, "user": {"name": "svc_sql", "domain": "CORP"}, "related": {"user": ["svc_sql"]}}
{"@timestamp": "2026-06-17T13:33:11Z", "message": "A Kerberos service ticket was requested. Account: CORP\\irwin.t  Service: svc_backup", "log": {"level": "information"}, "host": {"name": "DC01", "hostname": "DC01", "ip": ["10.0.0.10"], "os": {"type": "windows", "name": "Windows Server 2022", "family": "windows"}, "architecture": "x86_64"}, "agent": {"type": "winlogbeat", "version": "8.14.3", "name": "DC01"}, "ecs": {"version": "8.11.0"}, "winlog": {"channel": "Security", "event_id": 4769, "provider_name": "Microsoft-Windows-Security-Auditing", "computer_name": "DC01.corp.local", "event_data": {"TargetUserName": "irwin.t", "TargetDomainName": "CORP", "TicketEncryptionType": "0x17", "ServiceName": "svc_backup"}}, "event": {"module": "security", "dataset": "windows.security", "provider": "Microsoft-Windows-Security-Auditing", "code": "4769", "kind": "event", "category": ["authentication"], "type": ["start"]}, "user": {"name": "irwin.t", "domain": "CORP"}, "related": {"user": ["irwin.t"]}}
{"@timestamp": "2026-06-17T13:33:56Z", "message": "A Kerberos service ticket was requested. Account: CORP\\irwin.t  Service: svc_sql", "log": {"level": "information"}, "host": {"name": "DC01", "hostname": "DC01", "ip": ["10.0.0.10"], "os": {"type": "windows", "name": "Windows Server 2022", "family": "windows"}, "architecture": "x86_64"}, "agent": {"type": "winlogbeat", "version": "8.14.3", "name": "DC01"}, "ecs": {"version": "8.11.0"}, "winlog": {"channel": "Security", "event_id": 4769, "provider_name": "Microsoft-Windows-Security-Auditing", "computer_name": "DC01.corp.local", "event_data": {"TargetUserName": "irwin.t", "TargetDomainName": "CORP", "TicketEncryptionType": "0x17", "ServiceName": "svc_sql"}}, "event": {"module": "security", "dataset": "windows.security", "provider": "Microsoft-Windows-Security-Auditing", "code": "4769", "kind": "event", "category": ["authentication"], "type": ["start"]}, "user": {"name": "irwin.t", "domain": "CORP"}, "related": {"user": ["irwin.t"]}}
{"@timestamp": "2026-06-17T13:34:00Z", "message": "Network connection detected: Image: C:\\Windows\\System32\\net.exe  DestinationIp: 10.0.0.10  DestinationPort: 445", "log": {"level": "information"}, "host": {"name": "FS01", "hostname": "FS01", "ip": ["10.0.0.20"], "os": {"type": "windows", "name": "Windows Server 2022", "family": "windows"}, "architecture": "x86_64"}, "agent": {"type": "winlogbeat", "version": "8.14.3", "name": "FS01"}, "ecs": {"version": "8.11.0"}, "winlog": {"channel": "Microsoft-Windows-Sysmon/Operational", "event_id": 3, "provider_name": "Microsoft-Windows-Sysmon", "computer_name": "FS01.corp.local", "provider_guid": "{5770385f-c22a-43e0-bf4c-06f5698ffbd9}", "event_data": {"RuleName": "-", "UtcTime": "2026-06-17 13:34:00.000", "ProcessGuid": "{a23eae89-1948-5903-0000-0010292fad1900}", "ProcessId": "7687", "Image": "C:\\Windows\\System32\\net.exe", "User": "CORP\\irwin.t", "Protocol": "tcp", "Initiated": "true", "SourceIsIpv6": "false", "SourceIp": "10.0.0.20", "SourceHostname": "FS01.corp.local", "SourcePort": "55013", "SourcePortName": "", "DestinationIsIpv6": "false", "DestinationIp": "10.0.0.10", "DestinationHostname": "DC01.corp.local", "DestinationPort": "445", "DestinationPortName": ""}}, "event": {"module": "sysmon", "dataset": "windows.sysmon_operational", "provider": "Microsoft-Windows-Sysmon", "code": "3", "kind": "event", "category": ["network"], "type": ["connection", "start", "protocol"], "action": "network-connection"}, "user": {"name": "irwin.t", "domain": "CORP"}, "source": {"ip": "10.0.0.20", "port": 60654}, "destination": {"ip": "10.0.0.10", "port": 445}, "network": {"transport": "tcp", "direction": "egress"}, "process": {"name": "net.exe", "executable": "C:\\Windows\\System32\\net.exe", "entity_id": "{a23eae89-1948-5903-0000-0010292fad1900}"}, "related": {"user": ["irwin.t"], "ip": ["10.0.0.20", "10.0.0.10"]}}
{"@timestamp": "2026-06-17T13:34:20Z", "message": "The domain controller attempted to validate credentials (success). Account: svc_sql", "log": {"level": "information"}, "host": {"name": "DC01", "hostname": "DC01", "ip": ["10.0.0.10"], "os": {"type": "windows", "name": "Windows Server 2022", "family": "windows"}, "architecture": "x86_64"}, "agent": {"type": "winlogbeat", "version": "8.14.3", "name": "DC01"}, "ecs": {"version": "8.11.0"}, "winlog": {"channel": "Security", "event_id": 4776, "provider_name": "Microsoft-Windows-Security-Auditing", "computer_name": "DC01.corp.local", "event_data": {"TargetUserName": "svc_sql", "Status": "0x0"}}, "event": {"module": "security", "dataset": "windows.security", "provider": "Microsoft-Windows-Security-Auditing", "code": "4776", "kind": "event", "category": ["authentication"], "type": ["start"], "outcome": "success"}, "user": {"name": "svc_sql", "domain": "CORP"}, "related": {"user": ["svc_sql"]}}
{"@timestamp": "2026-06-17T13:34:21Z", "message": "An account was successfully logged on. Account: CORP\\svc_sql  Logon Type: 3 (Network)  Source: 10.0.0.20", "log": {"level": "information"}, "host": {"name": "DC01", "hostname": "DC01", "ip": ["10.0.0.10"], "os": {"type": "windows", "name": "Windows Server 2022", "family": "windows"}, "architecture": "x86_64"}, "agent": {"type": "winlogbeat", "version": "8.14.3", "name": "DC01"}, "ecs": {"version": "8.11.0"}, "winlog": {"channel": "Security", "event_id": 4624, "provider_name": "Microsoft-Windows-Security-Auditing", "computer_name": "DC01.corp.local", "event_data": {"TargetUserName": "svc_sql", "TargetDomainName": "CORP", "LogonType": "3", "LogonProcessName": "NtLmSsp ", "AuthenticationPackageName": "NTLM", "WorkstationName": "FS01", "IpAddress": "10.0.0.20", "IpPort": "56326"}}, "event": {"module": "security", "dataset": "windows.security", "provider": "Microsoft-Windows-Security-Auditing", "code": "4624", "kind": "event", "category": ["authentication"], "type": ["start"], "action": "logged-in", "outcome": "success"}, "user": {"name": "svc_sql", "domain": "CORP"}, "source": {"ip": "10.0.0.20"}, "related": {"user": ["svc_sql"], "ip": ["10.0.0.20"]}}
{"@timestamp": "2026-06-17T13:34:22Z", "message": "Special privileges assigned to new logon. Account: CORP\\svc_sql", "log": {"level": "information"}, "host": {"name": "DC01", "hostname": "DC01", "ip": ["10.0.0.10"], "os": {"type": "windows", "name": "Windows Server 2022", "family": "windows"}, "architecture": "x86_64"}, "agent": {"type": "winlogbeat", "version": "8.14.3", "name": "DC01"}, "ecs": {"version": "8.11.0"}, "winlog": {"channel": "Security", "event_id": 4672, "provider_name": "Microsoft-Windows-Security-Auditing", "computer_name": "DC01.corp.local", "event_data": {"SubjectUserName": "svc_sql", "SubjectDomainName": "CORP", "PrivilegeList": "SeSecurityPrivilege SeBackupPrivilege SeDebugPrivilege SeTakeOwnershipPrivilege"}}, "event": {"module": "security", "dataset": "windows.security", "provider": "Microsoft-Windows-Security-Auditing", "code": "4672", "kind": "event", "category": ["iam"], "type": ["admin"], "action": "special-privileges-assigned"}, "user": {"name": "svc_sql", "domain": "CORP"}, "related": {"user": ["svc_sql"]}}
{"@timestamp": "2026-06-17T13:35:00Z", "message": "A member was added to a security-enabled global group. Group: Domain Admins  Member: irwin.t  By: CORP\\svc_sql", "log": {"level": "information"}, "host": {"name": "DC01", "hostname": "DC01", "ip": ["10.0.0.10"], "os": {"type": "windows", "name": "Windows Server 2022", "family": "windows"}, "architecture": "x86_64"}, "agent": {"type": "winlogbeat", "version": "8.14.3", "name": "DC01"}, "ecs": {"version": "8.11.0"}, "winlog": {"channel": "Security", "event_id": 4728, "provider_name": "Microsoft-Windows-Security-Auditing", "computer_name": "DC01.corp.local", "event_data": {"SubjectUserName": "svc_sql", "SubjectDomainName": "CORP", "MemberName": "CN=irwin.t,CN=Users,DC=corp,DC=local", "MemberSid": "S-1-5-21-1111111111-2222222222-3333333333-1104", "TargetUserName": "Domain Admins", "TargetDomainName": "CORP"}}, "event": {"module": "security", "dataset": "windows.security", "provider": "Microsoft-Windows-Security-Auditing", "code": "4728", "kind": "event", "category": ["iam"], "type": ["group"], "action": "added-member-to-group"}, "user": {"name": "svc_sql", "domain": "CORP"}, "related": {"user": ["irwin.t", "svc_sql"]}}
{"@timestamp": "2026-06-17T13:36:52.243000Z", "message": "An account was successfully logged on. Account: CORP\\irwin.t  Logon Type: 3 (Network)  Source: 10.0.0.52", "log": {"level": "information"}, "host": {"name": "FS01", "hostname": "FS01", "ip": ["10.0.0.20"], "os": {"type": "windows", "name": "Windows Server 2022", "family": "windows"}, "architecture": "x86_64"}, "agent": {"type": "winlogbeat", "version": "8.14.3", "name": "FS01"}, "ecs": {"version": "8.11.0"}, "winlog": {"channel": "Security", "event_id": 4624, "provider_name": "Microsoft-Windows-Security-Auditing", "computer_name": "FS01.corp.local", "event_data": {"TargetUserName": "irwin.t", "TargetDomainName": "CORP", "LogonType": "3", "LogonProcessName": "NtLmSsp ", "AuthenticationPackageName": "NTLM", "WorkstationName": "WS02", "IpAddress": "10.0.0.52", "IpPort": "50955"}}, "event": {"module": "security", "dataset": "windows.security", "provider": "Microsoft-Windows-Security-Auditing", "code": "4624", "kind": "event", "category": ["authentication"], "type": ["start"], "action": "logged-in", "outcome": "success"}, "user": {"name": "irwin.t", "domain": "CORP"}, "source": {"ip": "10.0.0.52"}, "related": {"user": ["irwin.t"], "ip": ["10.0.0.52"]}}
{"@timestamp": "2026-06-17T13:38:00Z", "message": "User Account Created. Target: CORP\\svc_update  By: CORP\\svc_sql", "log": {"level": "information"}, "host": {"name": "DC01", "hostname": "DC01", "ip": ["10.0.0.10"], "os": {"type": "windows", "name": "Windows Server 2022", "family": "windows"}, "architecture": "x86_64"}, "agent": {"type": "winlogbeat", "version": "8.14.3", "name": "DC01"}, "ecs": {"version": "8.11.0"}, "winlog": {"channel": "Security", "event_id": 4720, "provider_name": "Microsoft-Windows-Security-Auditing", "computer_name": "DC01.corp.local", "event_data": {"TargetUserName": "svc_update", "TargetDomainName": "CORP", "SubjectUserName": "svc_sql", "SubjectDomainName": "CORP"}}, "event": {"module": "security", "dataset": "windows.security", "provider": "Microsoft-Windows-Security-Auditing", "code": "4720", "kind": "event", "category": ["iam"], "type": ["change"], "action": "user-account-created"}, "user": {"name": "svc_sql", "domain": "CORP", "target": {"name": "svc_update", "domain": "CORP"}}, "related": {"user": ["svc_sql", "svc_update"]}}
{"@timestamp": "2026-06-17T13:38:08Z", "message": "User Account Enabled. Target: CORP\\svc_update  By: CORP\\svc_sql", "log": {"level": "information"}, "host": {"name": "DC01", "hostname": "DC01", "ip": ["10.0.0.10"], "os": {"type": "windows", "name": "Windows Server 2022", "family": "windows"}, "architecture": "x86_64"}, "agent": {"type": "winlogbeat", "version": "8.14.3", "name": "DC01"}, "ecs": {"version": "8.11.0"}, "winlog": {"channel": "Security", "event_id": 4722, "provider_name": "Microsoft-Windows-Security-Auditing", "computer_name": "DC01.corp.local", "event_data": {"TargetUserName": "svc_update", "TargetDomainName": "CORP", "SubjectUserName": "svc_sql", "SubjectDomainName": "CORP"}}, "event": {"module": "security", "dataset": "windows.security", "provider": "Microsoft-Windows-Security-Auditing", "code": "4722", "kind": "event", "category": ["iam"], "type": ["change"], "action": "user-account-enabled"}, "user": {"name": "svc_sql", "domain": "CORP", "target": {"name": "svc_update", "domain": "CORP"}}, "related": {"user": ["svc_sql", "svc_update"]}}
{"@timestamp": "2026-06-17T13:38:20Z", "message": "Password Reset Attempted. Target: CORP\\svc_update  By: CORP\\svc_sql", "log": {"level": "information"}, "host": {"name": "DC01", "hostname": "DC01", "ip": ["10.0.0.10"], "os": {"type": "windows", "name": "Windows Server 2022", "family": "windows"}, "architecture": "x86_64"}, "agent": {"type": "winlogbeat", "version": "8.14.3", "name": "DC01"}, "ecs": {"version": "8.11.0"}, "winlog": {"channel": "Security", "event_id": 4724, "provider_name": "Microsoft-Windows-Security-Auditing", "computer_name": "DC01.corp.local", "event_data": {"TargetUserName": "svc_update", "TargetDomainName": "CORP", "SubjectUserName": "svc_sql", "SubjectDomainName": "CORP"}}, "event": {"module": "security", "dataset": "windows.security", "provider": "Microsoft-Windows-Security-Auditing", "code": "4724", "kind": "event", "category": ["iam"], "type": ["change"], "action": "password-reset-attempted"}, "user": {"name": "svc_sql", "domain": "CORP", "target": {"name": "svc_update", "domain": "CORP"}}, "related": {"user": ["svc_sql", "svc_update"]}}
{"@timestamp": "2026-06-17T13:39:00Z", "message": "A member was added to a security-enabled global group. Group: Domain Admins  Member: svc_update  By: CORP\\svc_sql", "log": {"level": "information"}, "host": {"name": "DC01", "hostname": "DC01", "ip": ["10.0.0.10"], "os": {"type": "windows", "name": "Windows Server 2022", "family": "windows"}, "architecture": "x86_64"}, "agent": {"type": "winlogbeat", "version": "8.14.3", "name": "DC01"}, "ecs": {"version": "8.11.0"}, "winlog": {"channel": "Security", "event_id": 4728, "provider_name": "Microsoft-Windows-Security-Auditing", "computer_name": "DC01.corp.local", "event_data": {"SubjectUserName": "svc_sql", "SubjectDomainName": "CORP", "MemberName": "CN=svc_update,CN=Users,DC=corp,DC=local", "MemberSid": "S-1-5-21-1111111111-2222222222-3333333333-1104", "TargetUserName": "Domain Admins", "TargetDomainName": "CORP"}}, "event": {"module": "security", "dataset": "windows.security", "provider": "Microsoft-Windows-Security-Auditing", "code": "4728", "kind": "event", "category": ["iam"], "type": ["group"], "action": "added-member-to-group"}, "user": {"name": "svc_sql", "domain": "CORP"}, "related": {"user": ["svc_sql", "svc_update"]}}
{"@timestamp": "2026-06-17T13:39:30Z", "message": "A member was added to a security-enabled local group. Group: Administrators  Member: svc_update  By: CORP\\svc_sql", "log": {"level": "information"}, "host": {"name": "FS01", "hostname": "FS01", "ip": ["10.0.0.20"], "os": {"type": "windows", "name": "Windows Server 2022", "family": "windows"}, "architecture": "x86_64"}, "agent": {"type": "winlogbeat", "version": "8.14.3", "name": "FS01"}, "ecs": {"version": "8.11.0"}, "winlog": {"channel": "Security", "event_id": 4732, "provider_name": "Microsoft-Windows-Security-Auditing", "computer_name": "FS01.corp.local", "event_data": {"SubjectUserName": "svc_sql", "SubjectDomainName": "CORP", "MemberName": "CN=svc_update,CN=Users,DC=corp,DC=local", "MemberSid": "S-1-5-21-1111111111-2222222222-3333333333-1104", "TargetUserName": "Administrators", "TargetDomainName": "CORP"}}, "event": {"module": "security", "dataset": "windows.security", "provider": "Microsoft-Windows-Security-Auditing", "code": "4732", "kind": "event", "category": ["iam"], "type": ["group"], "action": "added-member-to-group"}, "user": {"name": "svc_sql", "domain": "CORP"}, "related": {"user": ["svc_sql", "svc_update"]}}
{"@timestamp": "2026-06-17T13:40:30Z", "message": "Special privileges assigned to new logon. Account: CORP\\irwin.t", "log": {"level": "information"}, "host": {"name": "FS01", "hostname": "FS01", "ip": ["10.0.0.20"], "os": {"type": "windows", "name": "Windows Server 2022", "family": "windows"}, "architecture": "x86_64"}, "agent": {"type": "winlogbeat", "version": "8.14.3", "name": "FS01"}, "ecs": {"version": "8.11.0"}, "winlog": {"channel": "Security", "event_id": 4672, "provider_name": "Microsoft-Windows-Security-Auditing", "computer_name": "FS01.corp.local", "event_data": {"SubjectUserName": "irwin.t", "SubjectDomainName": "CORP", "PrivilegeList": "SeSecurityPrivilege SeBackupPrivilege SeDebugPrivilege SeTakeOwnershipPrivilege"}}, "event": {"module": "security", "dataset": "windows.security", "provider": "Microsoft-Windows-Security-Auditing", "code": "4672", "kind": "event", "category": ["iam"], "type": ["admin"], "action": "special-privileges-assigned"}, "user": {"name": "irwin.t", "domain": "CORP"}, "related": {"user": ["irwin.t"]}}
{"@timestamp": "2026-06-17T13:41:00Z", "message": "A service was installed in the system. Service: WinDefendUpdate  Path: C:\\Windows\\Temp\\svc.exe", "log": {"level": "information"}, "host": {"name": "FS01", "hostname": "FS01", "ip": ["10.0.0.20"], "os": {"type": "windows", "name": "Windows Server 2022", "family": "windows"}, "architecture": "x86_64"}, "agent": {"type": "winlogbeat", "version": "8.14.3", "name": "FS01"}, "ecs": {"version": "8.11.0"}, "winlog": {"channel": "System", "event_id": 7045, "provider_name": "Service Control Manager", "computer_name": "FS01.corp.local", "event_data": {"ServiceName": "WinDefendUpdate", "ImagePath": "C:\\Windows\\Temp\\svc.exe", "ServiceType": "user mode service", "StartType": "auto start", "AccountName": "LocalSystem"}}, "event": {"module": "security", "dataset": "windows.security", "provider": "Service Control Manager", "code": "7045", "kind": "event", "category": ["configuration"], "type": ["installation"], "action": "service-installed"}}
{"@timestamp": "2026-06-17T13:41:02Z", "message": "Registry value set: TargetObject: HKLM\\SOFTWARE\\Microsoft\\Windows\\CurrentVersion\\Run\\WinDefendUpdate  Details: C:\\Windows\\Temp\\svc.exe", "log": {"level": "information"}, "host": {"name": "FS01", "hostname": "FS01", "ip": ["10.0.0.20"], "os": {"type": "windows", "name": "Windows Server 2022", "family": "windows"}, "architecture": "x86_64"}, "agent": {"type": "winlogbeat", "version": "8.14.3", "name": "FS01"}, "ecs": {"version": "8.11.0"}, "winlog": {"channel": "Microsoft-Windows-Sysmon/Operational", "event_id": 13, "provider_name": "Microsoft-Windows-Sysmon", "computer_name": "FS01.corp.local", "provider_guid": "{5770385f-c22a-43e0-bf4c-06f5698ffbd9}", "event_data": {"RuleName": "-", "EventType": "SetValue", "UtcTime": "2026-06-17 13:41:02.000", "ProcessGuid": "{a23eae89-9ae0-5903-0000-0010fa2bfb6700}", "ProcessId": "7707", "Image": "C:\\Windows\\System32\\reg.exe", "TargetObject": "HKLM\\SOFTWARE\\Microsoft\\Windows\\CurrentVersion\\Run\\WinDefendUpdate", "Details": "C:\\Windows\\Temp\\svc.exe", "User": "CORP\\irwin.t"}}, "event": {"module": "sysmon", "dataset": "windows.sysmon_operational", "provider": "Microsoft-Windows-Sysmon", "code": "13", "kind": "event", "category": ["registry"], "type": ["change"], "action": "registry-value-set"}, "user": {"name": "irwin.t", "domain": "CORP"}, "registry": {"path": "HKLM\\SOFTWARE\\Microsoft\\Windows\\CurrentVersion\\Run\\WinDefendUpdate", "data": {"strings": ["C:\\Windows\\Temp\\svc.exe"]}}, "related": {"user": ["irwin.t"]}}
{"@timestamp": "2026-06-17T13:41:05Z", "message": "Process Create: Image: C:\\Windows\\Temp\\svc.exe  CommandLine: svc.exe  ParentImage: C:\\Windows\\System32\\services.exe", "log": {"level": "information"}, "host": {"name": "FS01", "hostname": "FS01", "ip": ["10.0.0.20"], "os": {"type": "windows", "name": "Windows Server 2022", "family": "windows"}, "architecture": "x86_64"}, "agent": {"type": "winlogbeat", "version": "8.14.3", "name": "FS01"}, "ecs": {"version": "8.11.0"}, "winlog": {"channel": "Microsoft-Windows-Sysmon/Operational", "event_id": 1, "provider_name": "Microsoft-Windows-Sysmon", "computer_name": "FS01.corp.local", "provider_guid": "{5770385f-c22a-43e0-bf4c-06f5698ffbd9}", "event_data": {"RuleName": "-", "UtcTime": "2026-06-17 13:41:05.000", "ProcessGuid": "{a23eae89-9732-5903-0000-00107de9662e00}", "ProcessId": "7726", "Image": "C:\\Windows\\Temp\\svc.exe", "FileVersion": "-", "Description": "-", "Product": "-", "Company": "-", "OriginalFileName": "svc.exe", "CommandLine": "svc.exe", "CurrentDirectory": "C:\\Windows\\system32\\", "User": "CORP\\irwin.t", "LogonGuid": "{a23eae89-0344-5903-0000-00108b2d905100}", "LogonId": "0x610a5c", "TerminalSessionId": "1", "IntegrityLevel": "System", "Hashes": "MD5=44D88612FEA8A8F36DE82E1278ABB02F,SHA256=275A021BBFB6489E54D471899F7DB9D1663FC695EC2FE2A2C4538AABF651FD0F", "ParentProcessGuid": "{a23eae89-92df-5903-0000-00101bc5855500}", "ParentProcessId": "7730", "ParentImage": "C:\\Windows\\System32\\services.exe", "ParentCommandLine": "services.exe", "ParentUser": "CORP\\irwin.t"}}, "event": {"module": "sysmon", "dataset": "windows.sysmon_operational", "provider": "Microsoft-Windows-Sysmon", "code": "1", "kind": "event", "category": ["process"], "type": ["start"], "action": "process-creation"}, "user": {"name": "irwin.t", "domain": "CORP"}, "process": {"name": "svc.exe", "executable": "C:\\Windows\\Temp\\svc.exe", "command_line": "svc.exe", "entity_id": "{a23eae89-9732-5903-0000-00107de9662e00}", "pid": 7726, "parent": {"executable": "C:\\Windows\\System32\\services.exe", "name": "services.exe", "command_line": "services.exe", "pid": 7730}}, "related": {"user": ["irwin.t"], "hash": ["44D88612FEA8A8F36DE82E1278ABB02F", "275A021BBFB6489E54D471899F7DB9D1663FC695EC2FE2A2C4538AABF651FD0F"]}}
{"@timestamp": "2026-06-17T13:43:00Z", "message": "A scheduled task was created. Task: \\Microsoft\\Windows\\UpdateSync  By: CORP\\irwin.t  Runs: powershell.exe -nop -w hidden -f C:\\Windows\\Temp\\sync.ps1", "log": {"level": "information"}, "host": {"name": "FS01", "hostname": "FS01", "ip": ["10.0.0.20"], "os": {"type": "windows", "name": "Windows Server 2022", "family": "windows"}, "architecture": "x86_64"}, "agent": {"type": "winlogbeat", "version": "8.14.3", "name": "FS01"}, "ecs": {"version": "8.11.0"}, "winlog": {"channel": "Security", "event_id": 4698, "provider_name": "Microsoft-Windows-Security-Auditing", "computer_name": "FS01.corp.local", "event_data": {"SubjectUserName": "irwin.t", "SubjectDomainName": "CORP", "TaskName": "\\Microsoft\\Windows\\UpdateSync", "TaskContent": "powershell.exe -nop -w hidden -f C:\\Windows\\Temp\\sync.ps1"}}, "event": {"module": "security", "dataset": "windows.security", "provider": "Microsoft-Windows-Security-Auditing", "code": "4698", "kind": "event", "category": ["configuration"], "type": ["creation"], "action": "scheduled-task-created"}, "user": {"name": "irwin.t", "domain": "CORP"}, "related": {"user": ["irwin.t"]}}
{"@timestamp": "2026-06-17T13:46:27.976000Z", "message": "Dns query: QueryName: www.google.com  QueryResults: 142.250.80.4  Image: C:\\Program Files\\Google\\Chrome\\Application\\chrome.exe", "log": {"level": "information"}, "host": {"name": "WS01", "hostname": "WS01", "ip": ["10.0.0.51"], "os": {"type": "windows", "name": "Windows 10 Enterprise", "family": "windows"}, "architecture": "x86_64"}, "agent": {"type": "winlogbeat", "version": "8.14.3", "name": "WS01"}, "ecs": {"version": "8.11.0"}, "winlog": {"channel": "Microsoft-Windows-Sysmon/Operational", "event_id": 22, "provider_name": "Microsoft-Windows-Sysmon", "computer_name": "WS01.corp.local", "provider_guid": "{5770385f-c22a-43e0-bf4c-06f5698ffbd9}", "event_data": {"RuleName": "-", "UtcTime": "2026-06-17 13:46:27.000", "ProcessGuid": "{a23eae89-d02d-5903-0000-00108635501600}", "ProcessId": "7064", "QueryName": "www.google.com", "QueryStatus": "0", "QueryResults": "142.250.80.4;", "Image": "C:\\Program Files\\Google\\Chrome\\Application\\chrome.exe", "User": "CORP\\jones.w"}}, "event": {"module": "sysmon", "dataset": "windows.sysmon_operational", "provider": "Microsoft-Windows-Sysmon", "code": "22", "kind": "event", "category": ["network"], "type": ["connection", "protocol", "info"], "action": "dns-query"}, "user": {"name": "jones.w", "domain": "CORP"}, "dns": {"question": {"name": "www.google.com"}, "resolved_ip": ["142.250.80.4"]}, "process": {"name": "chrome.exe", "executable": "C:\\Program Files\\Google\\Chrome\\Application\\chrome.exe", "entity_id": "{a23eae89-d02d-5903-0000-00108635501600}"}, "related": {"user": ["jones.w"], "ip": ["142.250.80.4"]}}
{"@timestamp": "2026-06-17T13:46:38.269000Z", "message": "An account was successfully logged on. Account: CORP\\evans.n  Logon Type: 3 (Network)  Source: 10.0.0.53", "log": {"level": "information"}, "host": {"name": "FS01", "hostname": "FS01", "ip": ["10.0.0.20"], "os": {"type": "windows", "name": "Windows Server 2022", "family": "windows"}, "architecture": "x86_64"}, "agent": {"type": "winlogbeat", "version": "8.14.3", "name": "FS01"}, "ecs": {"version": "8.11.0"}, "winlog": {"channel": "Security", "event_id": 4624, "provider_name": "Microsoft-Windows-Security-Auditing", "computer_name": "FS01.corp.local", "event_data": {"TargetUserName": "evans.n", "TargetDomainName": "CORP", "LogonType": "3", "LogonProcessName": "NtLmSsp ", "AuthenticationPackageName": "NTLM", "WorkstationName": "WS03", "IpAddress": "10.0.0.53", "IpPort": "40881"}}, "event": {"module": "security", "dataset": "windows.security", "provider": "Microsoft-Windows-Security-Auditing", "code": "4624", "kind": "event", "category": ["authentication"], "type": ["start"], "action": "logged-in", "outcome": "success"}, "user": {"name": "evans.n", "domain": "CORP"}, "source": {"ip": "10.0.0.53"}, "related": {"user": ["evans.n"], "ip": ["10.0.0.53"]}}
{"@timestamp": "2026-06-17T13:47:00Z", "message": "Process Create: Image: C:\\Windows\\Temp\\7z.exe  CommandLine: 7z.exe a -p C:\\Windows\\Temp\\archive.7z \\\\FS01\\Finance\\*  ParentImage: C:\\Windows\\System32\\cmd.exe", "log": {"level": "information"}, "host": {"name": "FS01", "hostname": "FS01", "ip": ["10.0.0.20"], "os": {"type": "windows", "name": "Windows Server 2022", "family": "windows"}, "architecture": "x86_64"}, "agent": {"type": "winlogbeat", "version": "8.14.3", "name": "FS01"}, "ecs": {"version": "8.11.0"}, "winlog": {"channel": "Microsoft-Windows-Sysmon/Operational", "event_id": 1, "provider_name": "Microsoft-Windows-Sysmon", "computer_name": "FS01.corp.local", "provider_guid": "{5770385f-c22a-43e0-bf4c-06f5698ffbd9}", "event_data": {"RuleName": "-", "UtcTime": "2026-06-17 13:47:00.000", "ProcessGuid": "{a23eae89-9620-5903-0000-001060c3259400}", "ProcessId": "7738", "Image": "C:\\Windows\\Temp\\7z.exe", "FileVersion": "-", "Description": "-", "Product": "-", "Company": "-", "OriginalFileName": "7z.exe", "CommandLine": "7z.exe a -p C:\\Windows\\Temp\\archive.7z \\\\FS01\\Finance\\*", "CurrentDirectory": "C:\\Windows\\system32\\", "User": "CORP\\irwin.t", "LogonGuid": "{a23eae89-0344-5903-0000-00108b2d905100}", "LogonId": "0x2ca624", "TerminalSessionId": "1", "IntegrityLevel": "High", "Hashes": "MD5=CDCD6DD1E369E47103FA3E37027A5B48,SHA256=4CD7D776C686427226A151789D2D61F0B2ED2C392148CC4E69C0238362FAFECF,IMPHASH=CB2B0BCC7B0B4ECDDFDD5567E32C4AC4", "ParentProcessGuid": "{a23eae89-75cb-5903-0000-0010bf471d7d00}", "ParentProcessId": "7755", "ParentImage": "C:\\Windows\\System32\\cmd.exe", "ParentCommandLine": "cmd.exe", "ParentUser": "CORP\\irwin.t"}}, "event": {"module": "sysmon", "dataset": "windows.sysmon_operational", "provider": "Microsoft-Windows-Sysmon", "code": "1", "kind": "event", "category": ["process"], "type": ["start"], "action": "process-creation"}, "user": {"name": "irwin.t", "domain": "CORP"}, "process": {"name": "7z.exe", "executable": "C:\\Windows\\Temp\\7z.exe", "command_line": "7z.exe a -p C:\\Windows\\Temp\\archive.7z \\\\FS01\\Finance\\*", "entity_id": "{a23eae89-9620-5903-0000-001060c3259400}", "pid": 7738, "parent": {"executable": "C:\\Windows\\System32\\cmd.exe", "name": "cmd.exe", "command_line": "cmd.exe", "pid": 7755}}, "related": {"user": ["irwin.t"], "hash": ["CDCD6DD1E369E47103FA3E37027A5B48", "4CD7D776C686427226A151789D2D61F0B2ED2C392148CC4E69C0238362FAFECF", "CB2B0BCC7B0B4ECDDFDD5567E32C4AC4"]}}
{"@timestamp": "2026-06-17T13:47:08Z", "message": "File created: Image: C:\\Windows\\Temp\\7z.exe  TargetFilename: C:\\Windows\\Temp\\archive.7z", "log": {"level": "information"}, "host": {"name": "FS01", "hostname": "FS01", "ip": ["10.0.0.20"], "os": {"type": "windows", "name": "Windows Server 2022", "family": "windows"}, "architecture": "x86_64"}, "agent": {"type": "winlogbeat", "version": "8.14.3", "name": "FS01"}, "ecs": {"version": "8.11.0"}, "winlog": {"channel": "Microsoft-Windows-Sysmon/Operational", "event_id": 11, "provider_name": "Microsoft-Windows-Sysmon", "computer_name": "FS01.corp.local", "provider_guid": "{5770385f-c22a-43e0-bf4c-06f5698ffbd9}", "event_data": {"RuleName": "-", "UtcTime": "2026-06-17 13:47:08.000", "ProcessGuid": "{a23eae89-9620-5903-0000-001060c3259400}", "ProcessId": "7770", "Image": "C:\\Windows\\Temp\\7z.exe", "TargetFilename": "C:\\Windows\\Temp\\archive.7z", "CreationUtcTime": "2026-06-17 13:47:08.000", "User": "CORP\\irwin.t"}}, "event": {"module": "sysmon", "dataset": "windows.sysmon_operational", "provider": "Microsoft-Windows-Sysmon", "code": "11", "kind": "event", "category": ["file"], "type": ["creation"], "action": "file-create"}, "user": {"name": "irwin.t", "domain": "CORP"}, "file": {"path": "C:\\Windows\\Temp\\archive.7z", "name": "archive.7z"}, "related": {"user": ["irwin.t"]}}
{"@timestamp": "2026-06-17T13:49:00Z", "message": "Network connection detected: Image: C:\\Windows\\Temp\\7z.exe  DestinationIp: 203.0.113.88  DestinationPort: 443", "log": {"level": "information"}, "host": {"name": "FS01", "hostname": "FS01", "ip": ["10.0.0.20"], "os": {"type": "windows", "name": "Windows Server 2022", "family": "windows"}, "architecture": "x86_64"}, "agent": {"type": "winlogbeat", "version": "8.14.3", "name": "FS01"}, "ecs": {"version": "8.11.0"}, "winlog": {"channel": "Microsoft-Windows-Sysmon/Operational", "event_id": 3, "provider_name": "Microsoft-Windows-Sysmon", "computer_name": "FS01.corp.local", "provider_guid": "{5770385f-c22a-43e0-bf4c-06f5698ffbd9}", "event_data": {"RuleName": "-", "UtcTime": "2026-06-17 13:49:00.000", "ProcessGuid": "{a23eae89-9620-5903-0000-001060c3259400}", "ProcessId": "7808", "Image": "C:\\Windows\\Temp\\7z.exe", "User": "CORP\\irwin.t", "Protocol": "tcp", "Initiated": "true", "SourceIsIpv6": "false", "SourceIp": "10.0.0.20", "SourceHostname": "FS01.corp.local", "SourcePort": "61306", "SourcePortName": "", "DestinationIsIpv6": "false", "DestinationIp": "203.0.113.88", "DestinationHostname": "", "DestinationPort": "443", "DestinationPortName": ""}}, "event": {"module": "sysmon", "dataset": "windows.sysmon_operational", "provider": "Microsoft-Windows-Sysmon", "code": "3", "kind": "event", "category": ["network"], "type": ["connection", "start", "protocol"], "action": "network-connection"}, "user": {"name": "irwin.t", "domain": "CORP"}, "source": {"ip": "10.0.0.20", "port": 57133}, "destination": {"ip": "203.0.113.88", "port": 443}, "network": {"transport": "tcp", "direction": "egress"}, "process": {"name": "7z.exe", "executable": "C:\\Windows\\Temp\\7z.exe", "entity_id": "{a23eae89-9620-5903-0000-001060c3259400}"}, "related": {"user": ["irwin.t"], "ip": ["10.0.0.20", "203.0.113.88"]}}
