{"@timestamp": "2026-06-15T12:41:24.593000Z", "message": "A new process has been created. Process: C:\\Program Files\\Microsoft\\Teams\\current\\Teams.exe  Command: C:\\Program Files\\Microsoft\\Teams\\current\\Teams.exe", "log": {"level": "information"}, "host": {"name": "WS04", "hostname": "WS04", "ip": ["10.0.0.54"], "os": {"type": "windows", "name": "Windows 10 Enterprise", "family": "windows"}, "architecture": "x86_64"}, "agent": {"type": "winlogbeat", "version": "8.14.3", "name": "WS04"}, "ecs": {"version": "8.11.0"}, "winlog": {"channel": "Security", "event_id": 4688, "provider_name": "Microsoft-Windows-Security-Auditing", "computer_name": "WS04.corp.local", "event_data": {"SubjectUserName": "gray.r", "SubjectDomainName": "CORP", "NewProcessName": "C:\\Program Files\\Microsoft\\Teams\\current\\Teams.exe", "CommandLine": "C:\\Program Files\\Microsoft\\Teams\\current\\Teams.exe", "ParentProcessName": "C:\\Windows\\explorer.exe"}}, "event": {"module": "security", "dataset": "windows.security", "provider": "Microsoft-Windows-Security-Auditing", "code": "4688", "kind": "event", "category": ["process"], "type": ["start"], "action": "created-process"}, "user": {"name": "gray.r", "domain": "CORP"}, "process": {"name": "Teams.exe", "executable": "C:\\Program Files\\Microsoft\\Teams\\current\\Teams.exe", "command_line": "C:\\Program Files\\Microsoft\\Teams\\current\\Teams.exe", "parent": {"executable": "C:\\Windows\\explorer.exe", "name": "explorer.exe"}}, "related": {"user": ["gray.r"]}}
{"@timestamp": "2026-06-15T13:06:17.214000Z", "message": "An account was successfully logged on. Account: CORP\\evans.n  Logon Type: 7 (Unlock)  Source: local", "log": {"level": "information"}, "host": {"name": "WS03", "hostname": "WS03", "ip": ["10.0.0.53"], "os": {"type": "windows", "name": "Windows 10 Enterprise", "family": "windows"}, "architecture": "x86_64"}, "agent": {"type": "winlogbeat", "version": "8.14.3", "name": "WS03"}, "ecs": {"version": "8.11.0"}, "winlog": {"channel": "Security", "event_id": 4624, "provider_name": "Microsoft-Windows-Security-Auditing", "computer_name": "WS03.corp.local", "event_data": {"TargetUserName": "evans.n", "TargetDomainName": "CORP", "LogonType": "7", "LogonProcessName": "User32 ", "AuthenticationPackageName": "Negotiate", "WorkstationName": "WS03", "IpAddress": "-"}}, "event": {"module": "security", "dataset": "windows.security", "provider": "Microsoft-Windows-Security-Auditing", "code": "4624", "kind": "event", "category": ["authentication"], "type": ["start"], "action": "logged-in", "outcome": "success"}, "user": {"name": "evans.n", "domain": "CORP"}, "related": {"user": ["evans.n"]}}
{"@timestamp": "2026-06-15T13:08:28.943000Z", "message": "A Kerberos service ticket was requested. Account: CORP\\foster.p  Service: FS01$", "log": {"level": "information"}, "host": {"name": "DC01", "hostname": "DC01", "ip": ["10.0.0.10"], "os": {"type": "windows", "name": "Windows Server 2022", "family": "windows"}, "architecture": "x86_64"}, "agent": {"type": "winlogbeat", "version": "8.14.3", "name": "DC01"}, "ecs": {"version": "8.11.0"}, "winlog": {"channel": "Security", "event_id": 4769, "provider_name": "Microsoft-Windows-Security-Auditing", "computer_name": "DC01.corp.local", "event_data": {"TargetUserName": "foster.p", "TargetDomainName": "CORP", "TicketEncryptionType": "0x12", "ServiceName": "FS01$"}}, "event": {"module": "security", "dataset": "windows.security", "provider": "Microsoft-Windows-Security-Auditing", "code": "4769", "kind": "event", "category": ["authentication"], "type": ["start"]}, "user": {"name": "foster.p", "domain": "CORP"}, "related": {"user": ["foster.p"]}}
{"@timestamp": "2026-06-15T13:14:42.452000Z", "message": "A Kerberos service ticket was requested. Account: CORP\\adkins.j  Service: FS01$", "log": {"level": "information"}, "host": {"name": "DC01", "hostname": "DC01", "ip": ["10.0.0.10"], "os": {"type": "windows", "name": "Windows Server 2022", "family": "windows"}, "architecture": "x86_64"}, "agent": {"type": "winlogbeat", "version": "8.14.3", "name": "DC01"}, "ecs": {"version": "8.11.0"}, "winlog": {"channel": "Security", "event_id": 4769, "provider_name": "Microsoft-Windows-Security-Auditing", "computer_name": "DC01.corp.local", "event_data": {"TargetUserName": "adkins.j", "TargetDomainName": "CORP", "TicketEncryptionType": "0x12", "ServiceName": "FS01$"}}, "event": {"module": "security", "dataset": "windows.security", "provider": "Microsoft-Windows-Security-Auditing", "code": "4769", "kind": "event", "category": ["authentication"], "type": ["start"]}, "user": {"name": "adkins.j", "domain": "CORP"}, "related": {"user": ["adkins.j"]}}
{"@timestamp": "2026-06-15T13:15:16.358000Z", "message": "A new process has been created. Process: C:\\Program Files\\Microsoft\\Teams\\current\\Teams.exe  Command: C:\\Program Files\\Microsoft\\Teams\\current\\Teams.exe", "log": {"level": "information"}, "host": {"name": "WS01", "hostname": "WS01", "ip": ["10.0.0.51"], "os": {"type": "windows", "name": "Windows 10 Enterprise", "family": "windows"}, "architecture": "x86_64"}, "agent": {"type": "winlogbeat", "version": "8.14.3", "name": "WS01"}, "ecs": {"version": "8.11.0"}, "winlog": {"channel": "Security", "event_id": 4688, "provider_name": "Microsoft-Windows-Security-Auditing", "computer_name": "WS01.corp.local", "event_data": {"SubjectUserName": "jones.w", "SubjectDomainName": "CORP", "NewProcessName": "C:\\Program Files\\Microsoft\\Teams\\current\\Teams.exe", "CommandLine": "C:\\Program Files\\Microsoft\\Teams\\current\\Teams.exe", "ParentProcessName": "C:\\Windows\\explorer.exe"}}, "event": {"module": "security", "dataset": "windows.security", "provider": "Microsoft-Windows-Security-Auditing", "code": "4688", "kind": "event", "category": ["process"], "type": ["start"], "action": "created-process"}, "user": {"name": "jones.w", "domain": "CORP"}, "process": {"name": "Teams.exe", "executable": "C:\\Program Files\\Microsoft\\Teams\\current\\Teams.exe", "command_line": "C:\\Program Files\\Microsoft\\Teams\\current\\Teams.exe", "parent": {"executable": "C:\\Windows\\explorer.exe", "name": "explorer.exe"}}, "related": {"user": ["jones.w"]}}
{"@timestamp": "2026-06-15T13:19:14.502000Z", "message": "Network connection detected: Image: C:\\Program Files\\Google\\Chrome\\Application\\chrome.exe  DestinationIp: 142.250.80.4  DestinationPort: 443", "log": {"level": "information"}, "host": {"name": "WS03", "hostname": "WS03", "ip": ["10.0.0.53"], "os": {"type": "windows", "name": "Windows 10 Enterprise", "family": "windows"}, "architecture": "x86_64"}, "agent": {"type": "winlogbeat", "version": "8.14.3", "name": "WS03"}, "ecs": {"version": "8.11.0"}, "winlog": {"channel": "Microsoft-Windows-Sysmon/Operational", "event_id": 3, "provider_name": "Microsoft-Windows-Sysmon", "computer_name": "WS03.corp.local", "provider_guid": "{5770385f-c22a-43e0-bf4c-06f5698ffbd9}", "event_data": {"RuleName": "-", "UtcTime": "2026-06-15 13:19:14.000", "ProcessGuid": "{a23eae89-8c63-5903-0000-0010534398b500}", "ProcessId": "4895", "Image": "C:\\Program Files\\Google\\Chrome\\Application\\chrome.exe", "User": "CORP\\evans.n", "Protocol": "tcp", "Initiated": "true", "SourceIsIpv6": "false", "SourceIp": "10.0.0.53", "SourceHostname": "WS03.corp.local", "SourcePort": "50959", "SourcePortName": "", "DestinationIsIpv6": "false", "DestinationIp": "142.250.80.4", "DestinationHostname": "", "DestinationPort": "443", "DestinationPortName": ""}}, "event": {"module": "sysmon", "dataset": "windows.sysmon_operational", "provider": "Microsoft-Windows-Sysmon", "code": "3", "kind": "event", "category": ["network"], "type": ["connection", "start", "protocol"], "action": "network-connection"}, "user": {"name": "evans.n", "domain": "CORP"}, "source": {"ip": "10.0.0.53", "port": 62746}, "destination": {"ip": "142.250.80.4", "port": 443}, "network": {"transport": "tcp", "direction": "egress"}, "process": {"name": "chrome.exe", "executable": "C:\\Program Files\\Google\\Chrome\\Application\\chrome.exe", "entity_id": "{a23eae89-8c63-5903-0000-0010534398b500}"}, "related": {"user": ["evans.n"], "ip": ["10.0.0.53", "142.250.80.4"]}}
{"@timestamp": "2026-06-15T13:20:39.092000Z", "message": "File created: Image: C:\\Program Files\\Google\\Chrome\\Application\\chrome.exe  TargetFilename: C:\\Users\\carter.l\\Downloads\\report_53.pdf", "log": {"level": "information"}, "host": {"name": "WS02", "hostname": "WS02", "ip": ["10.0.0.52"], "os": {"type": "windows", "name": "Windows 10 Enterprise", "family": "windows"}, "architecture": "x86_64"}, "agent": {"type": "winlogbeat", "version": "8.14.3", "name": "WS02"}, "ecs": {"version": "8.11.0"}, "winlog": {"channel": "Microsoft-Windows-Sysmon/Operational", "event_id": 11, "provider_name": "Microsoft-Windows-Sysmon", "computer_name": "WS02.corp.local", "provider_guid": "{5770385f-c22a-43e0-bf4c-06f5698ffbd9}", "event_data": {"RuleName": "-", "UtcTime": "2026-06-15 13:20:39.000", "ProcessGuid": "{a23eae89-15ed-5903-0000-00107ffbe16200}", "ProcessId": "5084", "Image": "C:\\Program Files\\Google\\Chrome\\Application\\chrome.exe", "TargetFilename": "C:\\Users\\carter.l\\Downloads\\report_53.pdf", "CreationUtcTime": "2026-06-15 13:20:39.000", "User": "CORP\\carter.l"}}, "event": {"module": "sysmon", "dataset": "windows.sysmon_operational", "provider": "Microsoft-Windows-Sysmon", "code": "11", "kind": "event", "category": ["file"], "type": ["creation"], "action": "file-create"}, "user": {"name": "carter.l", "domain": "CORP"}, "file": {"path": "C:\\Users\\carter.l\\Downloads\\report_53.pdf", "name": "report_53.pdf"}, "related": {"user": ["carter.l"]}}
{"@timestamp": "2026-06-15T13:30:03.183000Z", "message": "An account was successfully logged on. Account: CORP\\svc_sql  Logon Type: 5 (Service)  Source: local", "log": {"level": "information"}, "host": {"name": "APP01", "hostname": "APP01", "ip": ["10.0.0.21"], "os": {"type": "windows", "name": "Windows Server 2022", "family": "windows"}, "architecture": "x86_64"}, "agent": {"type": "winlogbeat", "version": "8.14.3", "name": "APP01"}, "ecs": {"version": "8.11.0"}, "winlog": {"channel": "Security", "event_id": 4624, "provider_name": "Microsoft-Windows-Security-Auditing", "computer_name": "APP01.corp.local", "event_data": {"TargetUserName": "svc_sql", "TargetDomainName": "CORP", "LogonType": "5", "LogonProcessName": "User32 ", "AuthenticationPackageName": "Negotiate", "WorkstationName": "APP01", "IpAddress": "-"}}, "event": {"module": "security", "dataset": "windows.security", "provider": "Microsoft-Windows-Security-Auditing", "code": "4624", "kind": "event", "category": ["authentication"], "type": ["start"], "action": "logged-in", "outcome": "success"}, "user": {"name": "svc_sql", "domain": "CORP"}, "related": {"user": ["svc_sql"]}}
{"@timestamp": "2026-06-15T13:30:18.410000Z", "message": "An account was successfully logged on. Account: CORP\\brown.k  Logon Type: 7 (Unlock)  Source: local", "log": {"level": "information"}, "host": {"name": "WS01", "hostname": "WS01", "ip": ["10.0.0.51"], "os": {"type": "windows", "name": "Windows 10 Enterprise", "family": "windows"}, "architecture": "x86_64"}, "agent": {"type": "winlogbeat", "version": "8.14.3", "name": "WS01"}, "ecs": {"version": "8.11.0"}, "winlog": {"channel": "Security", "event_id": 4624, "provider_name": "Microsoft-Windows-Security-Auditing", "computer_name": "WS01.corp.local", "event_data": {"TargetUserName": "brown.k", "TargetDomainName": "CORP", "LogonType": "7", "LogonProcessName": "User32 ", "AuthenticationPackageName": "Negotiate", "WorkstationName": "WS01", "IpAddress": "-"}}, "event": {"module": "security", "dataset": "windows.security", "provider": "Microsoft-Windows-Security-Auditing", "code": "4624", "kind": "event", "category": ["authentication"], "type": ["start"], "action": "logged-in", "outcome": "success"}, "user": {"name": "brown.k", "domain": "CORP"}, "related": {"user": ["brown.k"]}}
{"@timestamp": "2026-06-15T13:31:42.760000Z", "message": "A new process has been created. Process: C:\\Program Files\\Google\\Chrome\\Application\\chrome.exe  Command: C:\\Program Files\\Google\\Chrome\\Application\\chrome.exe", "log": {"level": "information"}, "host": {"name": "WS02", "hostname": "WS02", "ip": ["10.0.0.52"], "os": {"type": "windows", "name": "Windows 10 Enterprise", "family": "windows"}, "architecture": "x86_64"}, "agent": {"type": "winlogbeat", "version": "8.14.3", "name": "WS02"}, "ecs": {"version": "8.11.0"}, "winlog": {"channel": "Security", "event_id": 4688, "provider_name": "Microsoft-Windows-Security-Auditing", "computer_name": "WS02.corp.local", "event_data": {"SubjectUserName": "carter.l", "SubjectDomainName": "CORP", "NewProcessName": "C:\\Program Files\\Google\\Chrome\\Application\\chrome.exe", "CommandLine": "C:\\Program Files\\Google\\Chrome\\Application\\chrome.exe", "ParentProcessName": "C:\\Windows\\explorer.exe"}}, "event": {"module": "security", "dataset": "windows.security", "provider": "Microsoft-Windows-Security-Auditing", "code": "4688", "kind": "event", "category": ["process"], "type": ["start"], "action": "created-process"}, "user": {"name": "carter.l", "domain": "CORP"}, "process": {"name": "chrome.exe", "executable": "C:\\Program Files\\Google\\Chrome\\Application\\chrome.exe", "command_line": "C:\\Program Files\\Google\\Chrome\\Application\\chrome.exe", "parent": {"executable": "C:\\Windows\\explorer.exe", "name": "explorer.exe"}}, "related": {"user": ["carter.l"]}}
{"@timestamp": "2026-06-15T13:33:59.370000Z", "message": "An account was successfully logged on. Account: CORP\\gray.r  Logon Type: 3 (Network)  Source: 10.0.0.54", "log": {"level": "information"}, "host": {"name": "FS01", "hostname": "FS01", "ip": ["10.0.0.20"], "os": {"type": "windows", "name": "Windows Server 2022", "family": "windows"}, "architecture": "x86_64"}, "agent": {"type": "winlogbeat", "version": "8.14.3", "name": "FS01"}, "ecs": {"version": "8.11.0"}, "winlog": {"channel": "Security", "event_id": 4624, "provider_name": "Microsoft-Windows-Security-Auditing", "computer_name": "FS01.corp.local", "event_data": {"TargetUserName": "gray.r", "TargetDomainName": "CORP", "LogonType": "3", "LogonProcessName": "NtLmSsp ", "AuthenticationPackageName": "NTLM", "WorkstationName": "WS04", "IpAddress": "10.0.0.54", "IpPort": "57709"}}, "event": {"module": "security", "dataset": "windows.security", "provider": "Microsoft-Windows-Security-Auditing", "code": "4624", "kind": "event", "category": ["authentication"], "type": ["start"], "action": "logged-in", "outcome": "success"}, "user": {"name": "gray.r", "domain": "CORP"}, "source": {"ip": "10.0.0.54"}, "related": {"user": ["gray.r"], "ip": ["10.0.0.54"]}}
{"@timestamp": "2026-06-15T13:42:24.840000Z", "message": "Network connection detected: Image: C:\\Program Files\\Google\\Chrome\\Application\\chrome.exe  DestinationIp: 52.113.194.132  DestinationPort: 443", "log": {"level": "information"}, "host": {"name": "WS04", "hostname": "WS04", "ip": ["10.0.0.54"], "os": {"type": "windows", "name": "Windows 10 Enterprise", "family": "windows"}, "architecture": "x86_64"}, "agent": {"type": "winlogbeat", "version": "8.14.3", "name": "WS04"}, "ecs": {"version": "8.11.0"}, "winlog": {"channel": "Microsoft-Windows-Sysmon/Operational", "event_id": 3, "provider_name": "Microsoft-Windows-Sysmon", "computer_name": "WS04.corp.local", "provider_guid": "{5770385f-c22a-43e0-bf4c-06f5698ffbd9}", "event_data": {"RuleName": "-", "UtcTime": "2026-06-15 13:42:24.000", "ProcessGuid": "{a23eae89-7cde-5903-0000-00105cd1f50900}", "ProcessId": "4881", "Image": "C:\\Program Files\\Google\\Chrome\\Application\\chrome.exe", "User": "CORP\\hill.s", "Protocol": "tcp", "Initiated": "true", "SourceIsIpv6": "false", "SourceIp": "10.0.0.54", "SourceHostname": "WS04.corp.local", "SourcePort": "49806", "SourcePortName": "", "DestinationIsIpv6": "false", "DestinationIp": "52.113.194.132", "DestinationHostname": "", "DestinationPort": "443", "DestinationPortName": ""}}, "event": {"module": "sysmon", "dataset": "windows.sysmon_operational", "provider": "Microsoft-Windows-Sysmon", "code": "3", "kind": "event", "category": ["network"], "type": ["connection", "start", "protocol"], "action": "network-connection"}, "user": {"name": "hill.s", "domain": "CORP"}, "source": {"ip": "10.0.0.54", "port": 49187}, "destination": {"ip": "52.113.194.132", "port": 443}, "network": {"transport": "tcp", "direction": "egress"}, "process": {"name": "chrome.exe", "executable": "C:\\Program Files\\Google\\Chrome\\Application\\chrome.exe", "entity_id": "{a23eae89-7cde-5903-0000-00105cd1f50900}"}, "related": {"user": ["hill.s"], "ip": ["10.0.0.54", "52.113.194.132"]}}
{"@timestamp": "2026-06-15T13:57:47.961000Z", "message": "Dns query: QueryName: www.google.com  QueryResults: 142.250.80.4  Image: C:\\Program Files\\Google\\Chrome\\Application\\chrome.exe", "log": {"level": "information"}, "host": {"name": "WS02", "hostname": "WS02", "ip": ["10.0.0.52"], "os": {"type": "windows", "name": "Windows 10 Enterprise", "family": "windows"}, "architecture": "x86_64"}, "agent": {"type": "winlogbeat", "version": "8.14.3", "name": "WS02"}, "ecs": {"version": "8.11.0"}, "winlog": {"channel": "Microsoft-Windows-Sysmon/Operational", "event_id": 22, "provider_name": "Microsoft-Windows-Sysmon", "computer_name": "WS02.corp.local", "provider_guid": "{5770385f-c22a-43e0-bf4c-06f5698ffbd9}", "event_data": {"RuleName": "-", "UtcTime": "2026-06-15 13:57:47.000", "ProcessGuid": "{a23eae89-2d49-5903-0000-0010c78b2b0700}", "ProcessId": "4769", "QueryName": "www.google.com", "QueryStatus": "0", "QueryResults": "142.250.80.4;", "Image": "C:\\Program Files\\Google\\Chrome\\Application\\chrome.exe", "User": "CORP\\irwin.t"}}, "event": {"module": "sysmon", "dataset": "windows.sysmon_operational", "provider": "Microsoft-Windows-Sysmon", "code": "22", "kind": "event", "category": ["network"], "type": ["connection", "protocol", "info"], "action": "dns-query"}, "user": {"name": "irwin.t", "domain": "CORP"}, "dns": {"question": {"name": "www.google.com"}, "resolved_ip": ["142.250.80.4"]}, "process": {"name": "chrome.exe", "executable": "C:\\Program Files\\Google\\Chrome\\Application\\chrome.exe", "entity_id": "{a23eae89-2d49-5903-0000-0010c78b2b0700}"}, "related": {"user": ["irwin.t"], "ip": ["142.250.80.4"]}}
{"@timestamp": "2026-06-15T14:00:05.580000Z", "message": "An account was successfully logged on. Account: CORP\\svc_backup  Logon Type: 5 (Service)  Source: local", "log": {"level": "information"}, "host": {"name": "FS01", "hostname": "FS01", "ip": ["10.0.0.20"], "os": {"type": "windows", "name": "Windows Server 2022", "family": "windows"}, "architecture": "x86_64"}, "agent": {"type": "winlogbeat", "version": "8.14.3", "name": "FS01"}, "ecs": {"version": "8.11.0"}, "winlog": {"channel": "Security", "event_id": 4624, "provider_name": "Microsoft-Windows-Security-Auditing", "computer_name": "FS01.corp.local", "event_data": {"TargetUserName": "svc_backup", "TargetDomainName": "CORP", "LogonType": "5", "LogonProcessName": "User32 ", "AuthenticationPackageName": "Negotiate", "WorkstationName": "FS01", "IpAddress": "-"}}, "event": {"module": "security", "dataset": "windows.security", "provider": "Microsoft-Windows-Security-Auditing", "code": "4624", "kind": "event", "category": ["authentication"], "type": ["start"], "action": "logged-in", "outcome": "success"}, "user": {"name": "svc_backup", "domain": "CORP"}, "related": {"user": ["svc_backup"]}}
{"@timestamp": "2026-06-15T14:00:08.021000Z", "message": "An account was successfully logged on. Account: CORP\\svc_backup  Logon Type: 5 (Service)  Source: local", "log": {"level": "information"}, "host": {"name": "APP01", "hostname": "APP01", "ip": ["10.0.0.21"], "os": {"type": "windows", "name": "Windows Server 2022", "family": "windows"}, "architecture": "x86_64"}, "agent": {"type": "winlogbeat", "version": "8.14.3", "name": "APP01"}, "ecs": {"version": "8.11.0"}, "winlog": {"channel": "Security", "event_id": 4624, "provider_name": "Microsoft-Windows-Security-Auditing", "computer_name": "APP01.corp.local", "event_data": {"TargetUserName": "svc_backup", "TargetDomainName": "CORP", "LogonType": "5", "LogonProcessName": "User32 ", "AuthenticationPackageName": "Negotiate", "WorkstationName": "APP01", "IpAddress": "-"}}, "event": {"module": "security", "dataset": "windows.security", "provider": "Microsoft-Windows-Security-Auditing", "code": "4624", "kind": "event", "category": ["authentication"], "type": ["start"], "action": "logged-in", "outcome": "success"}, "user": {"name": "svc_backup", "domain": "CORP"}, "related": {"user": ["svc_backup"]}}
{"@timestamp": "2026-06-15T14:02:44.544000Z", "message": "A new process has been created. Process: C:\\Windows\\System32\\cmd.exe  Command: C:\\Windows\\System32\\cmd.exe", "log": {"level": "information"}, "host": {"name": "WS04", "hostname": "WS04", "ip": ["10.0.0.54"], "os": {"type": "windows", "name": "Windows 10 Enterprise", "family": "windows"}, "architecture": "x86_64"}, "agent": {"type": "winlogbeat", "version": "8.14.3", "name": "WS04"}, "ecs": {"version": "8.11.0"}, "winlog": {"channel": "Security", "event_id": 4688, "provider_name": "Microsoft-Windows-Security-Auditing", "computer_name": "WS04.corp.local", "event_data": {"SubjectUserName": "gray.r", "SubjectDomainName": "CORP", "NewProcessName": "C:\\Windows\\System32\\cmd.exe", "CommandLine": "C:\\Windows\\System32\\cmd.exe", "ParentProcessName": "C:\\Windows\\explorer.exe"}}, "event": {"module": "security", "dataset": "windows.security", "provider": "Microsoft-Windows-Security-Auditing", "code": "4688", "kind": "event", "category": ["process"], "type": ["start"], "action": "created-process"}, "user": {"name": "gray.r", "domain": "CORP"}, "process": {"name": "cmd.exe", "executable": "C:\\Windows\\System32\\cmd.exe", "command_line": "C:\\Windows\\System32\\cmd.exe", "parent": {"executable": "C:\\Windows\\explorer.exe", "name": "explorer.exe"}}, "related": {"user": ["gray.r"]}}
{"@timestamp": "2026-06-15T14:03:08.828000Z", "message": "A Kerberos service ticket was requested. Account: CORP\\irwin.t  Service: FS01$", "log": {"level": "information"}, "host": {"name": "DC01", "hostname": "DC01", "ip": ["10.0.0.10"], "os": {"type": "windows", "name": "Windows Server 2022", "family": "windows"}, "architecture": "x86_64"}, "agent": {"type": "winlogbeat", "version": "8.14.3", "name": "DC01"}, "ecs": {"version": "8.11.0"}, "winlog": {"channel": "Security", "event_id": 4769, "provider_name": "Microsoft-Windows-Security-Auditing", "computer_name": "DC01.corp.local", "event_data": {"TargetUserName": "irwin.t", "TargetDomainName": "CORP", "TicketEncryptionType": "0x12", "ServiceName": "FS01$"}}, "event": {"module": "security", "dataset": "windows.security", "provider": "Microsoft-Windows-Security-Auditing", "code": "4769", "kind": "event", "category": ["authentication"], "type": ["start"]}, "user": {"name": "irwin.t", "domain": "CORP"}, "related": {"user": ["irwin.t"]}}
{"@timestamp": "2026-06-15T14:04:28.565000Z", "message": "An account was successfully logged on. Account: CORP\\carter.l  Logon Type: 3 (Network)  Source: 10.0.0.52", "log": {"level": "information"}, "host": {"name": "FS01", "hostname": "FS01", "ip": ["10.0.0.20"], "os": {"type": "windows", "name": "Windows Server 2022", "family": "windows"}, "architecture": "x86_64"}, "agent": {"type": "winlogbeat", "version": "8.14.3", "name": "FS01"}, "ecs": {"version": "8.11.0"}, "winlog": {"channel": "Security", "event_id": 4624, "provider_name": "Microsoft-Windows-Security-Auditing", "computer_name": "FS01.corp.local", "event_data": {"TargetUserName": "carter.l", "TargetDomainName": "CORP", "LogonType": "3", "LogonProcessName": "NtLmSsp ", "AuthenticationPackageName": "NTLM", "WorkstationName": "WS02", "IpAddress": "10.0.0.52", "IpPort": "45173"}}, "event": {"module": "security", "dataset": "windows.security", "provider": "Microsoft-Windows-Security-Auditing", "code": "4624", "kind": "event", "category": ["authentication"], "type": ["start"], "action": "logged-in", "outcome": "success"}, "user": {"name": "carter.l", "domain": "CORP"}, "source": {"ip": "10.0.0.52"}, "related": {"user": ["carter.l"], "ip": ["10.0.0.52"]}}
{"@timestamp": "2026-06-15T14:07:57.880000Z", "message": "A Kerberos service ticket was requested. Account: CORP\\foster.p  Service: FS01$", "log": {"level": "information"}, "host": {"name": "DC01", "hostname": "DC01", "ip": ["10.0.0.10"], "os": {"type": "windows", "name": "Windows Server 2022", "family": "windows"}, "architecture": "x86_64"}, "agent": {"type": "winlogbeat", "version": "8.14.3", "name": "DC01"}, "ecs": {"version": "8.11.0"}, "winlog": {"channel": "Security", "event_id": 4769, "provider_name": "Microsoft-Windows-Security-Auditing", "computer_name": "DC01.corp.local", "event_data": {"TargetUserName": "foster.p", "TargetDomainName": "CORP", "TicketEncryptionType": "0x12", "ServiceName": "FS01$"}}, "event": {"module": "security", "dataset": "windows.security", "provider": "Microsoft-Windows-Security-Auditing", "code": "4769", "kind": "event", "category": ["authentication"], "type": ["start"]}, "user": {"name": "foster.p", "domain": "CORP"}, "related": {"user": ["foster.p"]}}
{"@timestamp": "2026-06-15T14:08:05.718000Z", "message": "A Kerberos service ticket was requested. Account: CORP\\irwin.t  Service: FS01$", "log": {"level": "information"}, "host": {"name": "DC01", "hostname": "DC01", "ip": ["10.0.0.10"], "os": {"type": "windows", "name": "Windows Server 2022", "family": "windows"}, "architecture": "x86_64"}, "agent": {"type": "winlogbeat", "version": "8.14.3", "name": "DC01"}, "ecs": {"version": "8.11.0"}, "winlog": {"channel": "Security", "event_id": 4769, "provider_name": "Microsoft-Windows-Security-Auditing", "computer_name": "DC01.corp.local", "event_data": {"TargetUserName": "irwin.t", "TargetDomainName": "CORP", "TicketEncryptionType": "0x12", "ServiceName": "FS01$"}}, "event": {"module": "security", "dataset": "windows.security", "provider": "Microsoft-Windows-Security-Auditing", "code": "4769", "kind": "event", "category": ["authentication"], "type": ["start"]}, "user": {"name": "irwin.t", "domain": "CORP"}, "related": {"user": ["irwin.t"]}}
{"@timestamp": "2026-06-15T14:11:09.590000Z", "message": "A new process has been created. Process: C:\\Program Files\\Google\\Chrome\\Application\\chrome.exe  Command: C:\\Program Files\\Google\\Chrome\\Application\\chrome.exe", "log": {"level": "information"}, "host": {"name": "WS04", "hostname": "WS04", "ip": ["10.0.0.54"], "os": {"type": "windows", "name": "Windows 10 Enterprise", "family": "windows"}, "architecture": "x86_64"}, "agent": {"type": "winlogbeat", "version": "8.14.3", "name": "WS04"}, "ecs": {"version": "8.11.0"}, "winlog": {"channel": "Security", "event_id": 4688, "provider_name": "Microsoft-Windows-Security-Auditing", "computer_name": "WS04.corp.local", "event_data": {"SubjectUserName": "hill.s", "SubjectDomainName": "CORP", "NewProcessName": "C:\\Program Files\\Google\\Chrome\\Application\\chrome.exe", "CommandLine": "C:\\Program Files\\Google\\Chrome\\Application\\chrome.exe", "ParentProcessName": "C:\\Windows\\explorer.exe"}}, "event": {"module": "security", "dataset": "windows.security", "provider": "Microsoft-Windows-Security-Auditing", "code": "4688", "kind": "event", "category": ["process"], "type": ["start"], "action": "created-process"}, "user": {"name": "hill.s", "domain": "CORP"}, "process": {"name": "chrome.exe", "executable": "C:\\Program Files\\Google\\Chrome\\Application\\chrome.exe", "command_line": "C:\\Program Files\\Google\\Chrome\\Application\\chrome.exe", "parent": {"executable": "C:\\Windows\\explorer.exe", "name": "explorer.exe"}}, "related": {"user": ["hill.s"]}}
{"@timestamp": "2026-06-15T14:12:44.885000Z", "message": "A Kerberos service ticket was requested. Account: CORP\\diaz.m  Service: FS01$", "log": {"level": "information"}, "host": {"name": "DC01", "hostname": "DC01", "ip": ["10.0.0.10"], "os": {"type": "windows", "name": "Windows Server 2022", "family": "windows"}, "architecture": "x86_64"}, "agent": {"type": "winlogbeat", "version": "8.14.3", "name": "DC01"}, "ecs": {"version": "8.11.0"}, "winlog": {"channel": "Security", "event_id": 4769, "provider_name": "Microsoft-Windows-Security-Auditing", "computer_name": "DC01.corp.local", "event_data": {"TargetUserName": "diaz.m", "TargetDomainName": "CORP", "TicketEncryptionType": "0x12", "ServiceName": "FS01$"}}, "event": {"module": "security", "dataset": "windows.security", "provider": "Microsoft-Windows-Security-Auditing", "code": "4769", "kind": "event", "category": ["authentication"], "type": ["start"]}, "user": {"name": "diaz.m", "domain": "CORP"}, "related": {"user": ["diaz.m"]}}
{"@timestamp": "2026-06-15T14:12:52.347000Z", "message": "Dns query: QueryName: teams.microsoft.com  QueryResults: 52.113.194.132  Image: C:\\Program Files\\Google\\Chrome\\Application\\chrome.exe", "log": {"level": "information"}, "host": {"name": "WS01", "hostname": "WS01", "ip": ["10.0.0.51"], "os": {"type": "windows", "name": "Windows 10 Enterprise", "family": "windows"}, "architecture": "x86_64"}, "agent": {"type": "winlogbeat", "version": "8.14.3", "name": "WS01"}, "ecs": {"version": "8.11.0"}, "winlog": {"channel": "Microsoft-Windows-Sysmon/Operational", "event_id": 22, "provider_name": "Microsoft-Windows-Sysmon", "computer_name": "WS01.corp.local", "provider_guid": "{5770385f-c22a-43e0-bf4c-06f5698ffbd9}", "event_data": {"RuleName": "-", "UtcTime": "2026-06-15 14:12:52.000", "ProcessGuid": "{a23eae89-596d-5903-0000-00107975191a00}", "ProcessId": "4743", "QueryName": "teams.microsoft.com", "QueryStatus": "0", "QueryResults": "52.113.194.132;", "Image": "C:\\Program Files\\Google\\Chrome\\Application\\chrome.exe", "User": "CORP\\adkins.j"}}, "event": {"module": "sysmon", "dataset": "windows.sysmon_operational", "provider": "Microsoft-Windows-Sysmon", "code": "22", "kind": "event", "category": ["network"], "type": ["connection", "protocol", "info"], "action": "dns-query"}, "user": {"name": "adkins.j", "domain": "CORP"}, "dns": {"question": {"name": "teams.microsoft.com"}, "resolved_ip": ["52.113.194.132"]}, "process": {"name": "chrome.exe", "executable": "C:\\Program Files\\Google\\Chrome\\Application\\chrome.exe", "entity_id": "{a23eae89-596d-5903-0000-00107975191a00}"}, "related": {"user": ["adkins.j"], "ip": ["52.113.194.132"]}}
{"@timestamp": "2026-06-15T14:15:07.517000Z", "message": "An account was successfully logged on. Account: CORP\\hill.s  Logon Type: 7 (Unlock)  Source: local", "log": {"level": "information"}, "host": {"name": "WS04", "hostname": "WS04", "ip": ["10.0.0.54"], "os": {"type": "windows", "name": "Windows 10 Enterprise", "family": "windows"}, "architecture": "x86_64"}, "agent": {"type": "winlogbeat", "version": "8.14.3", "name": "WS04"}, "ecs": {"version": "8.11.0"}, "winlog": {"channel": "Security", "event_id": 4624, "provider_name": "Microsoft-Windows-Security-Auditing", "computer_name": "WS04.corp.local", "event_data": {"TargetUserName": "hill.s", "TargetDomainName": "CORP", "LogonType": "7", "LogonProcessName": "User32 ", "AuthenticationPackageName": "Negotiate", "WorkstationName": "WS04", "IpAddress": "-"}}, "event": {"module": "security", "dataset": "windows.security", "provider": "Microsoft-Windows-Security-Auditing", "code": "4624", "kind": "event", "category": ["authentication"], "type": ["start"], "action": "logged-in", "outcome": "success"}, "user": {"name": "hill.s", "domain": "CORP"}, "related": {"user": ["hill.s"]}}
{"@timestamp": "2026-06-15T14:20:36.839000Z", "message": "An account was successfully logged on. Account: CORP\\adkins.j  Logon Type: 3 (Network)  Source: 10.0.0.51", "log": {"level": "information"}, "host": {"name": "FS01", "hostname": "FS01", "ip": ["10.0.0.20"], "os": {"type": "windows", "name": "Windows Server 2022", "family": "windows"}, "architecture": "x86_64"}, "agent": {"type": "winlogbeat", "version": "8.14.3", "name": "FS01"}, "ecs": {"version": "8.11.0"}, "winlog": {"channel": "Security", "event_id": 4624, "provider_name": "Microsoft-Windows-Security-Auditing", "computer_name": "FS01.corp.local", "event_data": {"TargetUserName": "adkins.j", "TargetDomainName": "CORP", "LogonType": "3", "LogonProcessName": "NtLmSsp ", "AuthenticationPackageName": "NTLM", "WorkstationName": "WS01", "IpAddress": "10.0.0.51", "IpPort": "41414"}}, "event": {"module": "security", "dataset": "windows.security", "provider": "Microsoft-Windows-Security-Auditing", "code": "4624", "kind": "event", "category": ["authentication"], "type": ["start"], "action": "logged-in", "outcome": "success"}, "user": {"name": "adkins.j", "domain": "CORP"}, "source": {"ip": "10.0.0.51"}, "related": {"user": ["adkins.j"], "ip": ["10.0.0.51"]}}
{"@timestamp": "2026-06-15T14:20:39.949000Z", "message": "A new process has been created. Process: C:\\Program Files\\Microsoft Office\\root\\Office16\\OUTLOOK.EXE  Command: C:\\Program Files\\Microsoft Office\\root\\Office16\\OUTLOOK.EXE", "log": {"level": "information"}, "host": {"name": "WS03", "hostname": "WS03", "ip": ["10.0.0.53"], "os": {"type": "windows", "name": "Windows 10 Enterprise", "family": "windows"}, "architecture": "x86_64"}, "agent": {"type": "winlogbeat", "version": "8.14.3", "name": "WS03"}, "ecs": {"version": "8.11.0"}, "winlog": {"channel": "Security", "event_id": 4688, "provider_name": "Microsoft-Windows-Security-Auditing", "computer_name": "WS03.corp.local", "event_data": {"SubjectUserName": "foster.p", "SubjectDomainName": "CORP", "NewProcessName": "C:\\Program Files\\Microsoft Office\\root\\Office16\\OUTLOOK.EXE", "CommandLine": "C:\\Program Files\\Microsoft Office\\root\\Office16\\OUTLOOK.EXE", "ParentProcessName": "C:\\Windows\\explorer.exe"}}, "event": {"module": "security", "dataset": "windows.security", "provider": "Microsoft-Windows-Security-Auditing", "code": "4688", "kind": "event", "category": ["process"], "type": ["start"], "action": "created-process"}, "user": {"name": "foster.p", "domain": "CORP"}, "process": {"name": "OUTLOOK.EXE", "executable": "C:\\Program Files\\Microsoft Office\\root\\Office16\\OUTLOOK.EXE", "command_line": "C:\\Program Files\\Microsoft Office\\root\\Office16\\OUTLOOK.EXE", "parent": {"executable": "C:\\Windows\\explorer.exe", "name": "explorer.exe"}}, "related": {"user": ["foster.p"]}}
{"@timestamp": "2026-06-15T14:21:33.394000Z", "message": "A Kerberos service ticket was requested. Account: CORP\\evans.n  Service: FS01$", "log": {"level": "information"}, "host": {"name": "DC01", "hostname": "DC01", "ip": ["10.0.0.10"], "os": {"type": "windows", "name": "Windows Server 2022", "family": "windows"}, "architecture": "x86_64"}, "agent": {"type": "winlogbeat", "version": "8.14.3", "name": "DC01"}, "ecs": {"version": "8.11.0"}, "winlog": {"channel": "Security", "event_id": 4769, "provider_name": "Microsoft-Windows-Security-Auditing", "computer_name": "DC01.corp.local", "event_data": {"TargetUserName": "evans.n", "TargetDomainName": "CORP", "TicketEncryptionType": "0x12", "ServiceName": "FS01$"}}, "event": {"module": "security", "dataset": "windows.security", "provider": "Microsoft-Windows-Security-Auditing", "code": "4769", "kind": "event", "category": ["authentication"], "type": ["start"]}, "user": {"name": "evans.n", "domain": "CORP"}, "related": {"user": ["evans.n"]}}
{"@timestamp": "2026-06-15T14:22:49.233000Z", "message": "An account was successfully logged on. Account: CORP\\carter.l  Logon Type: 3 (Network)  Source: 10.0.0.52", "log": {"level": "information"}, "host": {"name": "FS01", "hostname": "FS01", "ip": ["10.0.0.20"], "os": {"type": "windows", "name": "Windows Server 2022", "family": "windows"}, "architecture": "x86_64"}, "agent": {"type": "winlogbeat", "version": "8.14.3", "name": "FS01"}, "ecs": {"version": "8.11.0"}, "winlog": {"channel": "Security", "event_id": 4624, "provider_name": "Microsoft-Windows-Security-Auditing", "computer_name": "FS01.corp.local", "event_data": {"TargetUserName": "carter.l", "TargetDomainName": "CORP", "LogonType": "3", "LogonProcessName": "NtLmSsp ", "AuthenticationPackageName": "NTLM", "WorkstationName": "WS02", "IpAddress": "10.0.0.52", "IpPort": "50194"}}, "event": {"module": "security", "dataset": "windows.security", "provider": "Microsoft-Windows-Security-Auditing", "code": "4624", "kind": "event", "category": ["authentication"], "type": ["start"], "action": "logged-in", "outcome": "success"}, "user": {"name": "carter.l", "domain": "CORP"}, "source": {"ip": "10.0.0.52"}, "related": {"user": ["carter.l"], "ip": ["10.0.0.52"]}}
{"@timestamp": "2026-06-15T14:33:31.349000Z", "message": "Process Create: Image: C:\\Program Files\\Microsoft\\Teams\\current\\Teams.exe  CommandLine: \"Teams.exe\"  ParentImage: C:\\Windows\\explorer.exe", "log": {"level": "information"}, "host": {"name": "WS03", "hostname": "WS03", "ip": ["10.0.0.53"], "os": {"type": "windows", "name": "Windows 10 Enterprise", "family": "windows"}, "architecture": "x86_64"}, "agent": {"type": "winlogbeat", "version": "8.14.3", "name": "WS03"}, "ecs": {"version": "8.11.0"}, "winlog": {"channel": "Microsoft-Windows-Sysmon/Operational", "event_id": 1, "provider_name": "Microsoft-Windows-Sysmon", "computer_name": "WS03.corp.local", "provider_guid": "{5770385f-c22a-43e0-bf4c-06f5698ffbd9}", "event_data": {"RuleName": "-", "UtcTime": "2026-06-15 14:33:31.000", "ProcessGuid": "{a23eae89-16af-5903-0000-0010a80f572600}", "ProcessId": "4361", "Image": "C:\\Program Files\\Microsoft\\Teams\\current\\Teams.exe", "FileVersion": "-", "Description": "-", "Product": "-", "Company": "-", "OriginalFileName": "Teams.exe", "CommandLine": "\"Teams.exe\"", "CurrentDirectory": "C:\\Windows\\system32\\", "User": "CORP\\foster.p", "LogonGuid": "{a23eae89-d5da-5903-0000-0010487b5eaf00}", "LogonId": "0x2e491b", "TerminalSessionId": "1", "IntegrityLevel": "Medium", "Hashes": "SHA1=82E19861B01648766FC2F57ED82AE384882A83FD,MD5=075B78011B284DBABDD4B8E9CF707554,SHA256=2FAF3F5DD583D5D399B5A7C6CDDA8007274489AD31533FAE916CDD2300447AEC", "ParentProcessGuid": "{a23eae89-b99c-5903-0000-00106978873e00}", "ParentProcessId": "4368", "ParentImage": "C:\\Windows\\explorer.exe", "ParentCommandLine": "explorer.exe", "ParentUser": "CORP\\foster.p"}}, "event": {"module": "sysmon", "dataset": "windows.sysmon_operational", "provider": "Microsoft-Windows-Sysmon", "code": "1", "kind": "event", "category": ["process"], "type": ["start"], "action": "process-creation"}, "user": {"name": "foster.p", "domain": "CORP"}, "process": {"name": "Teams.exe", "executable": "C:\\Program Files\\Microsoft\\Teams\\current\\Teams.exe", "command_line": "\"Teams.exe\"", "entity_id": "{a23eae89-16af-5903-0000-0010a80f572600}", "pid": 4361, "parent": {"executable": "C:\\Windows\\explorer.exe", "name": "explorer.exe", "command_line": "explorer.exe", "pid": 4368}}, "related": {"user": ["foster.p"], "hash": ["82E19861B01648766FC2F57ED82AE384882A83FD", "075B78011B284DBABDD4B8E9CF707554", "2FAF3F5DD583D5D399B5A7C6CDDA8007274489AD31533FAE916CDD2300447AEC"]}}
{"@timestamp": "2026-06-15T14:33:32.979000Z", "message": "An account was successfully logged on. Account: CORP\\jones.w  Logon Type: 7 (Unlock)  Source: local", "log": {"level": "information"}, "host": {"name": "WS01", "hostname": "WS01", "ip": ["10.0.0.51"], "os": {"type": "windows", "name": "Windows 10 Enterprise", "family": "windows"}, "architecture": "x86_64"}, "agent": {"type": "winlogbeat", "version": "8.14.3", "name": "WS01"}, "ecs": {"version": "8.11.0"}, "winlog": {"channel": "Security", "event_id": 4624, "provider_name": "Microsoft-Windows-Security-Auditing", "computer_name": "WS01.corp.local", "event_data": {"TargetUserName": "jones.w", "TargetDomainName": "CORP", "LogonType": "7", "LogonProcessName": "User32 ", "AuthenticationPackageName": "Negotiate", "WorkstationName": "WS01", "IpAddress": "-"}}, "event": {"module": "security", "dataset": "windows.security", "provider": "Microsoft-Windows-Security-Auditing", "code": "4624", "kind": "event", "category": ["authentication"], "type": ["start"], "action": "logged-in", "outcome": "success"}, "user": {"name": "jones.w", "domain": "CORP"}, "related": {"user": ["jones.w"]}}
{"@timestamp": "2026-06-15T14:38:26.130000Z", "message": "Process Create: Image: C:\\Program Files\\Google\\Chrome\\Application\\chrome.exe  CommandLine: \"chrome.exe\"  ParentImage: C:\\Windows\\explorer.exe", "log": {"level": "information"}, "host": {"name": "WS01", "hostname": "WS01", "ip": ["10.0.0.51"], "os": {"type": "windows", "name": "Windows 10 Enterprise", "family": "windows"}, "architecture": "x86_64"}, "agent": {"type": "winlogbeat", "version": "8.14.3", "name": "WS01"}, "ecs": {"version": "8.11.0"}, "winlog": {"channel": "Microsoft-Windows-Sysmon/Operational", "event_id": 1, "provider_name": "Microsoft-Windows-Sysmon", "computer_name": "WS01.corp.local", "provider_guid": "{5770385f-c22a-43e0-bf4c-06f5698ffbd9}", "event_data": {"RuleName": "-", "UtcTime": "2026-06-15 14:38:26.000", "ProcessGuid": "{a23eae89-a865-5903-0000-00100fc8356a00}", "ProcessId": "4634", "Image": "C:\\Program Files\\Google\\Chrome\\Application\\chrome.exe", "FileVersion": "-", "Description": "-", "Product": "-", "Company": "-", "OriginalFileName": "chrome.exe", "CommandLine": "\"chrome.exe\"", "CurrentDirectory": "C:\\Windows\\system32\\", "User": "CORP\\adkins.j", "LogonGuid": "{a23eae89-4663-5903-0000-00109647db8e00}", "LogonId": "0x721424", "TerminalSessionId": "1", "IntegrityLevel": "Medium", "Hashes": "MD5=073E6384A8114FC9898539C8DC6DBE79,SHA256=56720EB0AD82EC469FDA0B05E39678DFD10C4234435AA7E8E53DCB60BB6B773A,IMPHASH=1C1E8CE198A41C33C7EC2A67EBAE5C8A", "ParentProcessGuid": "{a23eae89-df0c-5903-0000-00106f90866100}", "ParentProcessId": "4647", "ParentImage": "C:\\Windows\\explorer.exe", "ParentCommandLine": "explorer.exe", "ParentUser": "CORP\\adkins.j"}}, "event": {"module": "sysmon", "dataset": "windows.sysmon_operational", "provider": "Microsoft-Windows-Sysmon", "code": "1", "kind": "event", "category": ["process"], "type": ["start"], "action": "process-creation"}, "user": {"name": "adkins.j", "domain": "CORP"}, "process": {"name": "chrome.exe", "executable": "C:\\Program Files\\Google\\Chrome\\Application\\chrome.exe", "command_line": "\"chrome.exe\"", "entity_id": "{a23eae89-a865-5903-0000-00100fc8356a00}", "pid": 4634, "parent": {"executable": "C:\\Windows\\explorer.exe", "name": "explorer.exe", "command_line": "explorer.exe", "pid": 4647}}, "related": {"user": ["adkins.j"], "hash": ["073E6384A8114FC9898539C8DC6DBE79", "56720EB0AD82EC469FDA0B05E39678DFD10C4234435AA7E8E53DCB60BB6B773A", "1C1E8CE198A41C33C7EC2A67EBAE5C8A"]}}
{"@timestamp": "2026-06-15T14:47:05.310000Z", "message": "A new process has been created. Process: C:\\Windows\\System32\\notepad.exe  Command: C:\\Windows\\System32\\notepad.exe", "log": {"level": "information"}, "host": {"name": "WS01", "hostname": "WS01", "ip": ["10.0.0.51"], "os": {"type": "windows", "name": "Windows 10 Enterprise", "family": "windows"}, "architecture": "x86_64"}, "agent": {"type": "winlogbeat", "version": "8.14.3", "name": "WS01"}, "ecs": {"version": "8.11.0"}, "winlog": {"channel": "Security", "event_id": 4688, "provider_name": "Microsoft-Windows-Security-Auditing", "computer_name": "WS01.corp.local", "event_data": {"SubjectUserName": "jones.w", "SubjectDomainName": "CORP", "NewProcessName": "C:\\Windows\\System32\\notepad.exe", "CommandLine": "C:\\Windows\\System32\\notepad.exe", "ParentProcessName": "C:\\Windows\\explorer.exe"}}, "event": {"module": "security", "dataset": "windows.security", "provider": "Microsoft-Windows-Security-Auditing", "code": "4688", "kind": "event", "category": ["process"], "type": ["start"], "action": "created-process"}, "user": {"name": "jones.w", "domain": "CORP"}, "process": {"name": "notepad.exe", "executable": "C:\\Windows\\System32\\notepad.exe", "command_line": "C:\\Windows\\System32\\notepad.exe", "parent": {"executable": "C:\\Windows\\explorer.exe", "name": "explorer.exe"}}, "related": {"user": ["jones.w"]}}
{"@timestamp": "2026-06-15T14:51:58.896000Z", "message": "A new process has been created. Process: C:\\Windows\\System32\\cmd.exe  Command: C:\\Windows\\System32\\cmd.exe", "log": {"level": "information"}, "host": {"name": "WS04", "hostname": "WS04", "ip": ["10.0.0.54"], "os": {"type": "windows", "name": "Windows 10 Enterprise", "family": "windows"}, "architecture": "x86_64"}, "agent": {"type": "winlogbeat", "version": "8.14.3", "name": "WS04"}, "ecs": {"version": "8.11.0"}, "winlog": {"channel": "Security", "event_id": 4688, "provider_name": "Microsoft-Windows-Security-Auditing", "computer_name": "WS04.corp.local", "event_data": {"SubjectUserName": "gray.r", "SubjectDomainName": "CORP", "NewProcessName": "C:\\Windows\\System32\\cmd.exe", "CommandLine": "C:\\Windows\\System32\\cmd.exe", "ParentProcessName": "C:\\Windows\\explorer.exe"}}, "event": {"module": "security", "dataset": "windows.security", "provider": "Microsoft-Windows-Security-Auditing", "code": "4688", "kind": "event", "category": ["process"], "type": ["start"], "action": "created-process"}, "user": {"name": "gray.r", "domain": "CORP"}, "process": {"name": "cmd.exe", "executable": "C:\\Windows\\System32\\cmd.exe", "command_line": "C:\\Windows\\System32\\cmd.exe", "parent": {"executable": "C:\\Windows\\explorer.exe", "name": "explorer.exe"}}, "related": {"user": ["gray.r"]}}
{"@timestamp": "2026-06-15T14:55:49.810000Z", "message": "An account was successfully logged on. Account: CORP\\evans.n  Logon Type: 3 (Network)  Source: 10.0.0.53", "log": {"level": "information"}, "host": {"name": "FS01", "hostname": "FS01", "ip": ["10.0.0.20"], "os": {"type": "windows", "name": "Windows Server 2022", "family": "windows"}, "architecture": "x86_64"}, "agent": {"type": "winlogbeat", "version": "8.14.3", "name": "FS01"}, "ecs": {"version": "8.11.0"}, "winlog": {"channel": "Security", "event_id": 4624, "provider_name": "Microsoft-Windows-Security-Auditing", "computer_name": "FS01.corp.local", "event_data": {"TargetUserName": "evans.n", "TargetDomainName": "CORP", "LogonType": "3", "LogonProcessName": "NtLmSsp ", "AuthenticationPackageName": "NTLM", "WorkstationName": "WS03", "IpAddress": "10.0.0.53", "IpPort": "53140"}}, "event": {"module": "security", "dataset": "windows.security", "provider": "Microsoft-Windows-Security-Auditing", "code": "4624", "kind": "event", "category": ["authentication"], "type": ["start"], "action": "logged-in", "outcome": "success"}, "user": {"name": "evans.n", "domain": "CORP"}, "source": {"ip": "10.0.0.53"}, "related": {"user": ["evans.n"], "ip": ["10.0.0.53"]}}
{"@timestamp": "2026-06-15T15:00:21.868000Z", "message": "An account was successfully logged on. Account: CORP\\irwin.t  Logon Type: 7 (Unlock)  Source: local", "log": {"level": "information"}, "host": {"name": "WS02", "hostname": "WS02", "ip": ["10.0.0.52"], "os": {"type": "windows", "name": "Windows 10 Enterprise", "family": "windows"}, "architecture": "x86_64"}, "agent": {"type": "winlogbeat", "version": "8.14.3", "name": "WS02"}, "ecs": {"version": "8.11.0"}, "winlog": {"channel": "Security", "event_id": 4624, "provider_name": "Microsoft-Windows-Security-Auditing", "computer_name": "WS02.corp.local", "event_data": {"TargetUserName": "irwin.t", "TargetDomainName": "CORP", "LogonType": "7", "LogonProcessName": "User32 ", "AuthenticationPackageName": "Negotiate", "WorkstationName": "WS02", "IpAddress": "-"}}, "event": {"module": "security", "dataset": "windows.security", "provider": "Microsoft-Windows-Security-Auditing", "code": "4624", "kind": "event", "category": ["authentication"], "type": ["start"], "action": "logged-in", "outcome": "success"}, "user": {"name": "irwin.t", "domain": "CORP"}, "related": {"user": ["irwin.t"]}}
{"@timestamp": "2026-06-15T15:01:48.150000Z", "message": "An account was successfully logged on. Account: CORP\\mike.admin  Logon Type: 10 (RemoteInteractive)  Source: 10.0.0.51", "log": {"level": "information"}, "host": {"name": "APP01", "hostname": "APP01", "ip": ["10.0.0.21"], "os": {"type": "windows", "name": "Windows Server 2022", "family": "windows"}, "architecture": "x86_64"}, "agent": {"type": "winlogbeat", "version": "8.14.3", "name": "APP01"}, "ecs": {"version": "8.11.0"}, "winlog": {"channel": "Security", "event_id": 4624, "provider_name": "Microsoft-Windows-Security-Auditing", "computer_name": "APP01.corp.local", "event_data": {"TargetUserName": "mike.admin", "TargetDomainName": "CORP", "LogonType": "10", "LogonProcessName": "User32 ", "AuthenticationPackageName": "Negotiate", "WorkstationName": "WS01", "IpAddress": "10.0.0.51", "IpPort": "58937"}}, "event": {"module": "security", "dataset": "windows.security", "provider": "Microsoft-Windows-Security-Auditing", "code": "4624", "kind": "event", "category": ["authentication"], "type": ["start"], "action": "logged-in", "outcome": "success"}, "user": {"name": "mike.admin", "domain": "CORP"}, "source": {"ip": "10.0.0.51"}, "related": {"user": ["mike.admin"], "ip": ["10.0.0.51"]}}
