{"@timestamp": "2026-06-16T16:57:23.411000Z", "message": "Network connection detected: Image: C:\\Program Files\\Google\\Chrome\\Application\\chrome.exe  DestinationIp: 52.96.0.1  DestinationPort: 443", "log": {"level": "information"}, "host": {"name": "WS01", "hostname": "WS01", "ip": ["10.0.0.51"], "os": {"type": "windows", "name": "Windows 10 Enterprise", "family": "windows"}, "architecture": "x86_64"}, "agent": {"type": "winlogbeat", "version": "8.14.3", "name": "WS01"}, "ecs": {"version": "8.11.0"}, "winlog": {"channel": "Microsoft-Windows-Sysmon/Operational", "event_id": 3, "provider_name": "Microsoft-Windows-Sysmon", "computer_name": "WS01.corp.local", "provider_guid": "{5770385f-c22a-43e0-bf4c-06f5698ffbd9}", "event_data": {"RuleName": "-", "UtcTime": "2026-06-16 16:57:23.000", "ProcessGuid": "{a23eae89-bafc-5903-0000-0010eaef712400}", "ProcessId": "5986", "Image": "C:\\Program Files\\Google\\Chrome\\Application\\chrome.exe", "User": "CORP\\adkins.j", "Protocol": "tcp", "Initiated": "true", "SourceIsIpv6": "false", "SourceIp": "10.0.0.51", "SourceHostname": "WS01.corp.local", "SourcePort": "54641", "SourcePortName": "", "DestinationIsIpv6": "false", "DestinationIp": "52.96.0.1", "DestinationHostname": "", "DestinationPort": "443", "DestinationPortName": ""}}, "event": {"module": "sysmon", "dataset": "windows.sysmon_operational", "provider": "Microsoft-Windows-Sysmon", "code": "3", "kind": "event", "category": ["network"], "type": ["connection", "start", "protocol"], "action": "network-connection"}, "user": {"name": "adkins.j", "domain": "CORP"}, "source": {"ip": "10.0.0.51", "port": 55854}, "destination": {"ip": "52.96.0.1", "port": 443}, "network": {"transport": "tcp", "direction": "egress"}, "process": {"name": "chrome.exe", "executable": "C:\\Program Files\\Google\\Chrome\\Application\\chrome.exe", "entity_id": "{a23eae89-bafc-5903-0000-0010eaef712400}"}, "related": {"user": ["adkins.j"], "ip": ["10.0.0.51", "52.96.0.1"]}}
{"@timestamp": "2026-06-16T17:16:05.006000Z", "message": "An account was logged off. Account: CORP\\hill.s  Logon Type: 2 (Interactive)", "log": {"level": "information"}, "host": {"name": "WS04", "hostname": "WS04", "ip": ["10.0.0.54"], "os": {"type": "windows", "name": "Windows 10 Enterprise", "family": "windows"}, "architecture": "x86_64"}, "agent": {"type": "winlogbeat", "version": "8.14.3", "name": "WS04"}, "ecs": {"version": "8.11.0"}, "winlog": {"channel": "Security", "event_id": 4634, "provider_name": "Microsoft-Windows-Security-Auditing", "computer_name": "WS04.corp.local", "event_data": {"TargetUserName": "hill.s", "TargetDomainName": "CORP", "LogonType": "2"}}, "event": {"module": "security", "dataset": "windows.security", "provider": "Microsoft-Windows-Security-Auditing", "code": "4634", "kind": "event", "category": ["authentication"], "type": ["end"], "action": "logged-out"}, "user": {"name": "hill.s", "domain": "CORP"}, "related": {"user": ["hill.s"]}}
{"@timestamp": "2026-06-16T17:20:50.419000Z", "message": "An account was logged off. Account: CORP\\jones.w  Logon Type: 2 (Interactive)", "log": {"level": "information"}, "host": {"name": "WS01", "hostname": "WS01", "ip": ["10.0.0.51"], "os": {"type": "windows", "name": "Windows 10 Enterprise", "family": "windows"}, "architecture": "x86_64"}, "agent": {"type": "winlogbeat", "version": "8.14.3", "name": "WS01"}, "ecs": {"version": "8.11.0"}, "winlog": {"channel": "Security", "event_id": 4634, "provider_name": "Microsoft-Windows-Security-Auditing", "computer_name": "WS01.corp.local", "event_data": {"TargetUserName": "jones.w", "TargetDomainName": "CORP", "LogonType": "2"}}, "event": {"module": "security", "dataset": "windows.security", "provider": "Microsoft-Windows-Security-Auditing", "code": "4634", "kind": "event", "category": ["authentication"], "type": ["end"], "action": "logged-out"}, "user": {"name": "jones.w", "domain": "CORP"}, "related": {"user": ["jones.w"]}}
{"@timestamp": "2026-06-16T17:25:09.354000Z", "message": "An account was logged off. Account: CORP\\evans.n  Logon Type: 2 (Interactive)", "log": {"level": "information"}, "host": {"name": "WS03", "hostname": "WS03", "ip": ["10.0.0.53"], "os": {"type": "windows", "name": "Windows 10 Enterprise", "family": "windows"}, "architecture": "x86_64"}, "agent": {"type": "winlogbeat", "version": "8.14.3", "name": "WS03"}, "ecs": {"version": "8.11.0"}, "winlog": {"channel": "Security", "event_id": 4634, "provider_name": "Microsoft-Windows-Security-Auditing", "computer_name": "WS03.corp.local", "event_data": {"TargetUserName": "evans.n", "TargetDomainName": "CORP", "LogonType": "2"}}, "event": {"module": "security", "dataset": "windows.security", "provider": "Microsoft-Windows-Security-Auditing", "code": "4634", "kind": "event", "category": ["authentication"], "type": ["end"], "action": "logged-out"}, "user": {"name": "evans.n", "domain": "CORP"}, "related": {"user": ["evans.n"]}}
{"@timestamp": "2026-06-16T17:30:03.435000Z", "message": "An account was successfully logged on. Account: CORP\\svc_sql  Logon Type: 5 (Service)  Source: local", "log": {"level": "information"}, "host": {"name": "APP01", "hostname": "APP01", "ip": ["10.0.0.21"], "os": {"type": "windows", "name": "Windows Server 2022", "family": "windows"}, "architecture": "x86_64"}, "agent": {"type": "winlogbeat", "version": "8.14.3", "name": "APP01"}, "ecs": {"version": "8.11.0"}, "winlog": {"channel": "Security", "event_id": 4624, "provider_name": "Microsoft-Windows-Security-Auditing", "computer_name": "APP01.corp.local", "event_data": {"TargetUserName": "svc_sql", "TargetDomainName": "CORP", "LogonType": "5", "LogonProcessName": "User32 ", "AuthenticationPackageName": "Negotiate", "WorkstationName": "APP01", "IpAddress": "-"}}, "event": {"module": "security", "dataset": "windows.security", "provider": "Microsoft-Windows-Security-Auditing", "code": "4624", "kind": "event", "category": ["authentication"], "type": ["start"], "action": "logged-in", "outcome": "success"}, "user": {"name": "svc_sql", "domain": "CORP"}, "related": {"user": ["svc_sql"]}}
{"@timestamp": "2026-06-16T17:30:14.808000Z", "message": "An account was logged off. Account: CORP\\gray.r  Logon Type: 2 (Interactive)", "log": {"level": "information"}, "host": {"name": "WS04", "hostname": "WS04", "ip": ["10.0.0.54"], "os": {"type": "windows", "name": "Windows 10 Enterprise", "family": "windows"}, "architecture": "x86_64"}, "agent": {"type": "winlogbeat", "version": "8.14.3", "name": "WS04"}, "ecs": {"version": "8.11.0"}, "winlog": {"channel": "Security", "event_id": 4634, "provider_name": "Microsoft-Windows-Security-Auditing", "computer_name": "WS04.corp.local", "event_data": {"TargetUserName": "gray.r", "TargetDomainName": "CORP", "LogonType": "2"}}, "event": {"module": "security", "dataset": "windows.security", "provider": "Microsoft-Windows-Security-Auditing", "code": "4634", "kind": "event", "category": ["authentication"], "type": ["end"], "action": "logged-out"}, "user": {"name": "gray.r", "domain": "CORP"}, "related": {"user": ["gray.r"]}}
{"@timestamp": "2026-06-16T17:34:34.639000Z", "message": "An account was logged off. Account: CORP\\brown.k  Logon Type: 2 (Interactive)", "log": {"level": "information"}, "host": {"name": "WS01", "hostname": "WS01", "ip": ["10.0.0.51"], "os": {"type": "windows", "name": "Windows 10 Enterprise", "family": "windows"}, "architecture": "x86_64"}, "agent": {"type": "winlogbeat", "version": "8.14.3", "name": "WS01"}, "ecs": {"version": "8.11.0"}, "winlog": {"channel": "Security", "event_id": 4634, "provider_name": "Microsoft-Windows-Security-Auditing", "computer_name": "WS01.corp.local", "event_data": {"TargetUserName": "brown.k", "TargetDomainName": "CORP", "LogonType": "2"}}, "event": {"module": "security", "dataset": "windows.security", "provider": "Microsoft-Windows-Security-Auditing", "code": "4634", "kind": "event", "category": ["authentication"], "type": ["end"], "action": "logged-out"}, "user": {"name": "brown.k", "domain": "CORP"}, "related": {"user": ["brown.k"]}}
{"@timestamp": "2026-06-16T17:35:47.591000Z", "message": "An account was logged off. Account: CORP\\foster.p  Logon Type: 2 (Interactive)", "log": {"level": "information"}, "host": {"name": "WS03", "hostname": "WS03", "ip": ["10.0.0.53"], "os": {"type": "windows", "name": "Windows 10 Enterprise", "family": "windows"}, "architecture": "x86_64"}, "agent": {"type": "winlogbeat", "version": "8.14.3", "name": "WS03"}, "ecs": {"version": "8.11.0"}, "winlog": {"channel": "Security", "event_id": 4634, "provider_name": "Microsoft-Windows-Security-Auditing", "computer_name": "WS03.corp.local", "event_data": {"TargetUserName": "foster.p", "TargetDomainName": "CORP", "LogonType": "2"}}, "event": {"module": "security", "dataset": "windows.security", "provider": "Microsoft-Windows-Security-Auditing", "code": "4634", "kind": "event", "category": ["authentication"], "type": ["end"], "action": "logged-out"}, "user": {"name": "foster.p", "domain": "CORP"}, "related": {"user": ["foster.p"]}}
{"@timestamp": "2026-06-16T17:36:34.772000Z", "message": "An account was logged off. Account: CORP\\carter.l  Logon Type: 2 (Interactive)", "log": {"level": "information"}, "host": {"name": "WS02", "hostname": "WS02", "ip": ["10.0.0.52"], "os": {"type": "windows", "name": "Windows 10 Enterprise", "family": "windows"}, "architecture": "x86_64"}, "agent": {"type": "winlogbeat", "version": "8.14.3", "name": "WS02"}, "ecs": {"version": "8.11.0"}, "winlog": {"channel": "Security", "event_id": 4634, "provider_name": "Microsoft-Windows-Security-Auditing", "computer_name": "WS02.corp.local", "event_data": {"TargetUserName": "carter.l", "TargetDomainName": "CORP", "LogonType": "2"}}, "event": {"module": "security", "dataset": "windows.security", "provider": "Microsoft-Windows-Security-Auditing", "code": "4634", "kind": "event", "category": ["authentication"], "type": ["end"], "action": "logged-out"}, "user": {"name": "carter.l", "domain": "CORP"}, "related": {"user": ["carter.l"]}}
{"@timestamp": "2026-06-16T17:44:04.703000Z", "message": "An account was logged off. Account: CORP\\irwin.t  Logon Type: 2 (Interactive)", "log": {"level": "information"}, "host": {"name": "WS02", "hostname": "WS02", "ip": ["10.0.0.52"], "os": {"type": "windows", "name": "Windows 10 Enterprise", "family": "windows"}, "architecture": "x86_64"}, "agent": {"type": "winlogbeat", "version": "8.14.3", "name": "WS02"}, "ecs": {"version": "8.11.0"}, "winlog": {"channel": "Security", "event_id": 4634, "provider_name": "Microsoft-Windows-Security-Auditing", "computer_name": "WS02.corp.local", "event_data": {"TargetUserName": "irwin.t", "TargetDomainName": "CORP", "LogonType": "2"}}, "event": {"module": "security", "dataset": "windows.security", "provider": "Microsoft-Windows-Security-Auditing", "code": "4634", "kind": "event", "category": ["authentication"], "type": ["end"], "action": "logged-out"}, "user": {"name": "irwin.t", "domain": "CORP"}, "related": {"user": ["irwin.t"]}}
{"@timestamp": "2026-06-16T17:46:13.844000Z", "message": "An account was logged off. Account: CORP\\diaz.m  Logon Type: 2 (Interactive)", "log": {"level": "information"}, "host": {"name": "WS02", "hostname": "WS02", "ip": ["10.0.0.52"], "os": {"type": "windows", "name": "Windows 10 Enterprise", "family": "windows"}, "architecture": "x86_64"}, "agent": {"type": "winlogbeat", "version": "8.14.3", "name": "WS02"}, "ecs": {"version": "8.11.0"}, "winlog": {"channel": "Security", "event_id": 4634, "provider_name": "Microsoft-Windows-Security-Auditing", "computer_name": "WS02.corp.local", "event_data": {"TargetUserName": "diaz.m", "TargetDomainName": "CORP", "LogonType": "2"}}, "event": {"module": "security", "dataset": "windows.security", "provider": "Microsoft-Windows-Security-Auditing", "code": "4634", "kind": "event", "category": ["authentication"], "type": ["end"], "action": "logged-out"}, "user": {"name": "diaz.m", "domain": "CORP"}, "related": {"user": ["diaz.m"]}}
{"@timestamp": "2026-06-16T17:48:57.320000Z", "message": "An account was logged off. Account: CORP\\adkins.j  Logon Type: 2 (Interactive)", "log": {"level": "information"}, "host": {"name": "WS01", "hostname": "WS01", "ip": ["10.0.0.51"], "os": {"type": "windows", "name": "Windows 10 Enterprise", "family": "windows"}, "architecture": "x86_64"}, "agent": {"type": "winlogbeat", "version": "8.14.3", "name": "WS01"}, "ecs": {"version": "8.11.0"}, "winlog": {"channel": "Security", "event_id": 4634, "provider_name": "Microsoft-Windows-Security-Auditing", "computer_name": "WS01.corp.local", "event_data": {"TargetUserName": "adkins.j", "TargetDomainName": "CORP", "LogonType": "2"}}, "event": {"module": "security", "dataset": "windows.security", "provider": "Microsoft-Windows-Security-Auditing", "code": "4634", "kind": "event", "category": ["authentication"], "type": ["end"], "action": "logged-out"}, "user": {"name": "adkins.j", "domain": "CORP"}, "related": {"user": ["adkins.j"]}}
{"@timestamp": "2026-06-16T18:00:05.294000Z", "message": "An account was successfully logged on. Account: CORP\\svc_backup  Logon Type: 5 (Service)  Source: local", "log": {"level": "information"}, "host": {"name": "FS01", "hostname": "FS01", "ip": ["10.0.0.20"], "os": {"type": "windows", "name": "Windows Server 2022", "family": "windows"}, "architecture": "x86_64"}, "agent": {"type": "winlogbeat", "version": "8.14.3", "name": "FS01"}, "ecs": {"version": "8.11.0"}, "winlog": {"channel": "Security", "event_id": 4624, "provider_name": "Microsoft-Windows-Security-Auditing", "computer_name": "FS01.corp.local", "event_data": {"TargetUserName": "svc_backup", "TargetDomainName": "CORP", "LogonType": "5", "LogonProcessName": "User32 ", "AuthenticationPackageName": "Negotiate", "WorkstationName": "FS01", "IpAddress": "-"}}, "event": {"module": "security", "dataset": "windows.security", "provider": "Microsoft-Windows-Security-Auditing", "code": "4624", "kind": "event", "category": ["authentication"], "type": ["start"], "action": "logged-in", "outcome": "success"}, "user": {"name": "svc_backup", "domain": "CORP"}, "related": {"user": ["svc_backup"]}}
{"@timestamp": "2026-06-16T18:00:08.963000Z", "message": "An account was successfully logged on. Account: CORP\\svc_backup  Logon Type: 5 (Service)  Source: local", "log": {"level": "information"}, "host": {"name": "APP01", "hostname": "APP01", "ip": ["10.0.0.21"], "os": {"type": "windows", "name": "Windows Server 2022", "family": "windows"}, "architecture": "x86_64"}, "agent": {"type": "winlogbeat", "version": "8.14.3", "name": "APP01"}, "ecs": {"version": "8.11.0"}, "winlog": {"channel": "Security", "event_id": 4624, "provider_name": "Microsoft-Windows-Security-Auditing", "computer_name": "APP01.corp.local", "event_data": {"TargetUserName": "svc_backup", "TargetDomainName": "CORP", "LogonType": "5", "LogonProcessName": "User32 ", "AuthenticationPackageName": "Negotiate", "WorkstationName": "APP01", "IpAddress": "-"}}, "event": {"module": "security", "dataset": "windows.security", "provider": "Microsoft-Windows-Security-Auditing", "code": "4624", "kind": "event", "category": ["authentication"], "type": ["start"], "action": "logged-in", "outcome": "success"}, "user": {"name": "svc_backup", "domain": "CORP"}, "related": {"user": ["svc_backup"]}}
{"@timestamp": "2026-06-16T20:00:05.448000Z", "message": "An account was successfully logged on. Account: CORP\\svc_backup  Logon Type: 5 (Service)  Source: local", "log": {"level": "information"}, "host": {"name": "FS01", "hostname": "FS01", "ip": ["10.0.0.20"], "os": {"type": "windows", "name": "Windows Server 2022", "family": "windows"}, "architecture": "x86_64"}, "agent": {"type": "winlogbeat", "version": "8.14.3", "name": "FS01"}, "ecs": {"version": "8.11.0"}, "winlog": {"channel": "Security", "event_id": 4624, "provider_name": "Microsoft-Windows-Security-Auditing", "computer_name": "FS01.corp.local", "event_data": {"TargetUserName": "svc_backup", "TargetDomainName": "CORP", "LogonType": "5", "LogonProcessName": "User32 ", "AuthenticationPackageName": "Negotiate", "WorkstationName": "FS01", "IpAddress": "-"}}, "event": {"module": "security", "dataset": "windows.security", "provider": "Microsoft-Windows-Security-Auditing", "code": "4624", "kind": "event", "category": ["authentication"], "type": ["start"], "action": "logged-in", "outcome": "success"}, "user": {"name": "svc_backup", "domain": "CORP"}, "related": {"user": ["svc_backup"]}}
{"@timestamp": "2026-06-16T20:00:08.688000Z", "message": "An account was successfully logged on. Account: CORP\\svc_backup  Logon Type: 5 (Service)  Source: local", "log": {"level": "information"}, "host": {"name": "APP01", "hostname": "APP01", "ip": ["10.0.0.21"], "os": {"type": "windows", "name": "Windows Server 2022", "family": "windows"}, "architecture": "x86_64"}, "agent": {"type": "winlogbeat", "version": "8.14.3", "name": "APP01"}, "ecs": {"version": "8.11.0"}, "winlog": {"channel": "Security", "event_id": 4624, "provider_name": "Microsoft-Windows-Security-Auditing", "computer_name": "APP01.corp.local", "event_data": {"TargetUserName": "svc_backup", "TargetDomainName": "CORP", "LogonType": "5", "LogonProcessName": "User32 ", "AuthenticationPackageName": "Negotiate", "WorkstationName": "APP01", "IpAddress": "-"}}, "event": {"module": "security", "dataset": "windows.security", "provider": "Microsoft-Windows-Security-Auditing", "code": "4624", "kind": "event", "category": ["authentication"], "type": ["start"], "action": "logged-in", "outcome": "success"}, "user": {"name": "svc_backup", "domain": "CORP"}, "related": {"user": ["svc_backup"]}}
{"@timestamp": "2026-06-16T20:27:29.144000Z", "message": "An account was successfully logged on. Account: CORP\\svc_backup  Logon Type: 3 (Network)  Source: 10.0.0.20", "log": {"level": "information"}, "host": {"name": "APP01", "hostname": "APP01", "ip": ["10.0.0.21"], "os": {"type": "windows", "name": "Windows Server 2022", "family": "windows"}, "architecture": "x86_64"}, "agent": {"type": "winlogbeat", "version": "8.14.3", "name": "APP01"}, "ecs": {"version": "8.11.0"}, "winlog": {"channel": "Security", "event_id": 4624, "provider_name": "Microsoft-Windows-Security-Auditing", "computer_name": "APP01.corp.local", "event_data": {"TargetUserName": "svc_backup", "TargetDomainName": "CORP", "LogonType": "3", "LogonProcessName": "NtLmSsp ", "AuthenticationPackageName": "NTLM", "WorkstationName": "FS01", "IpAddress": "10.0.0.20", "IpPort": "54916"}}, "event": {"module": "security", "dataset": "windows.security", "provider": "Microsoft-Windows-Security-Auditing", "code": "4624", "kind": "event", "category": ["authentication"], "type": ["start"], "action": "logged-in", "outcome": "success"}, "user": {"name": "svc_backup", "domain": "CORP"}, "source": {"ip": "10.0.0.20"}, "related": {"user": ["svc_backup"], "ip": ["10.0.0.20"]}}
{"@timestamp": "2026-06-16T21:04:33.328000Z", "message": "An account was successfully logged on. Account: CORP\\svc_backup  Logon Type: 3 (Network)  Source: 10.0.0.20", "log": {"level": "information"}, "host": {"name": "APP01", "hostname": "APP01", "ip": ["10.0.0.21"], "os": {"type": "windows", "name": "Windows Server 2022", "family": "windows"}, "architecture": "x86_64"}, "agent": {"type": "winlogbeat", "version": "8.14.3", "name": "APP01"}, "ecs": {"version": "8.11.0"}, "winlog": {"channel": "Security", "event_id": 4624, "provider_name": "Microsoft-Windows-Security-Auditing", "computer_name": "APP01.corp.local", "event_data": {"TargetUserName": "svc_backup", "TargetDomainName": "CORP", "LogonType": "3", "LogonProcessName": "NtLmSsp ", "AuthenticationPackageName": "NTLM", "WorkstationName": "FS01", "IpAddress": "10.0.0.20", "IpPort": "40233"}}, "event": {"module": "security", "dataset": "windows.security", "provider": "Microsoft-Windows-Security-Auditing", "code": "4624", "kind": "event", "category": ["authentication"], "type": ["start"], "action": "logged-in", "outcome": "success"}, "user": {"name": "svc_backup", "domain": "CORP"}, "source": {"ip": "10.0.0.20"}, "related": {"user": ["svc_backup"], "ip": ["10.0.0.20"]}}
{"@timestamp": "2026-06-16T21:30:03.529000Z", "message": "An account was successfully logged on. Account: CORP\\svc_sql  Logon Type: 5 (Service)  Source: local", "log": {"level": "information"}, "host": {"name": "APP01", "hostname": "APP01", "ip": ["10.0.0.21"], "os": {"type": "windows", "name": "Windows Server 2022", "family": "windows"}, "architecture": "x86_64"}, "agent": {"type": "winlogbeat", "version": "8.14.3", "name": "APP01"}, "ecs": {"version": "8.11.0"}, "winlog": {"channel": "Security", "event_id": 4624, "provider_name": "Microsoft-Windows-Security-Auditing", "computer_name": "APP01.corp.local", "event_data": {"TargetUserName": "svc_sql", "TargetDomainName": "CORP", "LogonType": "5", "LogonProcessName": "User32 ", "AuthenticationPackageName": "Negotiate", "WorkstationName": "APP01", "IpAddress": "-"}}, "event": {"module": "security", "dataset": "windows.security", "provider": "Microsoft-Windows-Security-Auditing", "code": "4624", "kind": "event", "category": ["authentication"], "type": ["start"], "action": "logged-in", "outcome": "success"}, "user": {"name": "svc_sql", "domain": "CORP"}, "related": {"user": ["svc_sql"]}}
{"@timestamp": "2026-06-16T22:00:05.502000Z", "message": "An account was successfully logged on. Account: CORP\\svc_backup  Logon Type: 5 (Service)  Source: local", "log": {"level": "information"}, "host": {"name": "FS01", "hostname": "FS01", "ip": ["10.0.0.20"], "os": {"type": "windows", "name": "Windows Server 2022", "family": "windows"}, "architecture": "x86_64"}, "agent": {"type": "winlogbeat", "version": "8.14.3", "name": "FS01"}, "ecs": {"version": "8.11.0"}, "winlog": {"channel": "Security", "event_id": 4624, "provider_name": "Microsoft-Windows-Security-Auditing", "computer_name": "FS01.corp.local", "event_data": {"TargetUserName": "svc_backup", "TargetDomainName": "CORP", "LogonType": "5", "LogonProcessName": "User32 ", "AuthenticationPackageName": "Negotiate", "WorkstationName": "FS01", "IpAddress": "-"}}, "event": {"module": "security", "dataset": "windows.security", "provider": "Microsoft-Windows-Security-Auditing", "code": "4624", "kind": "event", "category": ["authentication"], "type": ["start"], "action": "logged-in", "outcome": "success"}, "user": {"name": "svc_backup", "domain": "CORP"}, "related": {"user": ["svc_backup"]}}
{"@timestamp": "2026-06-16T22:00:08.993000Z", "message": "An account was successfully logged on. Account: CORP\\svc_backup  Logon Type: 5 (Service)  Source: local", "log": {"level": "information"}, "host": {"name": "APP01", "hostname": "APP01", "ip": ["10.0.0.21"], "os": {"type": "windows", "name": "Windows Server 2022", "family": "windows"}, "architecture": "x86_64"}, "agent": {"type": "winlogbeat", "version": "8.14.3", "name": "APP01"}, "ecs": {"version": "8.11.0"}, "winlog": {"channel": "Security", "event_id": 4624, "provider_name": "Microsoft-Windows-Security-Auditing", "computer_name": "APP01.corp.local", "event_data": {"TargetUserName": "svc_backup", "TargetDomainName": "CORP", "LogonType": "5", "LogonProcessName": "User32 ", "AuthenticationPackageName": "Negotiate", "WorkstationName": "APP01", "IpAddress": "-"}}, "event": {"module": "security", "dataset": "windows.security", "provider": "Microsoft-Windows-Security-Auditing", "code": "4624", "kind": "event", "category": ["authentication"], "type": ["start"], "action": "logged-in", "outcome": "success"}, "user": {"name": "svc_backup", "domain": "CORP"}, "related": {"user": ["svc_backup"]}}
{"@timestamp": "2026-06-16T23:23:07.609000Z", "message": "An account was successfully logged on. Account: CORP\\svc_backup  Logon Type: 3 (Network)  Source: 10.0.0.20", "log": {"level": "information"}, "host": {"name": "APP01", "hostname": "APP01", "ip": ["10.0.0.21"], "os": {"type": "windows", "name": "Windows Server 2022", "family": "windows"}, "architecture": "x86_64"}, "agent": {"type": "winlogbeat", "version": "8.14.3", "name": "APP01"}, "ecs": {"version": "8.11.0"}, "winlog": {"channel": "Security", "event_id": 4624, "provider_name": "Microsoft-Windows-Security-Auditing", "computer_name": "APP01.corp.local", "event_data": {"TargetUserName": "svc_backup", "TargetDomainName": "CORP", "LogonType": "3", "LogonProcessName": "NtLmSsp ", "AuthenticationPackageName": "NTLM", "WorkstationName": "FS01", "IpAddress": "10.0.0.20", "IpPort": "58214"}}, "event": {"module": "security", "dataset": "windows.security", "provider": "Microsoft-Windows-Security-Auditing", "code": "4624", "kind": "event", "category": ["authentication"], "type": ["start"], "action": "logged-in", "outcome": "success"}, "user": {"name": "svc_backup", "domain": "CORP"}, "source": {"ip": "10.0.0.20"}, "related": {"user": ["svc_backup"], "ip": ["10.0.0.20"]}}
{"@timestamp": "2026-06-17T00:00:05.946000Z", "message": "An account was successfully logged on. Account: CORP\\svc_backup  Logon Type: 5 (Service)  Source: local", "log": {"level": "information"}, "host": {"name": "FS01", "hostname": "FS01", "ip": ["10.0.0.20"], "os": {"type": "windows", "name": "Windows Server 2022", "family": "windows"}, "architecture": "x86_64"}, "agent": {"type": "winlogbeat", "version": "8.14.3", "name": "FS01"}, "ecs": {"version": "8.11.0"}, "winlog": {"channel": "Security", "event_id": 4624, "provider_name": "Microsoft-Windows-Security-Auditing", "computer_name": "FS01.corp.local", "event_data": {"TargetUserName": "svc_backup", "TargetDomainName": "CORP", "LogonType": "5", "LogonProcessName": "User32 ", "AuthenticationPackageName": "Negotiate", "WorkstationName": "FS01", "IpAddress": "-"}}, "event": {"module": "security", "dataset": "windows.security", "provider": "Microsoft-Windows-Security-Auditing", "code": "4624", "kind": "event", "category": ["authentication"], "type": ["start"], "action": "logged-in", "outcome": "success"}, "user": {"name": "svc_backup", "domain": "CORP"}, "related": {"user": ["svc_backup"]}}
{"@timestamp": "2026-06-17T00:00:08.697000Z", "message": "An account was successfully logged on. Account: CORP\\svc_backup  Logon Type: 5 (Service)  Source: local", "log": {"level": "information"}, "host": {"name": "APP01", "hostname": "APP01", "ip": ["10.0.0.21"], "os": {"type": "windows", "name": "Windows Server 2022", "family": "windows"}, "architecture": "x86_64"}, "agent": {"type": "winlogbeat", "version": "8.14.3", "name": "APP01"}, "ecs": {"version": "8.11.0"}, "winlog": {"channel": "Security", "event_id": 4624, "provider_name": "Microsoft-Windows-Security-Auditing", "computer_name": "APP01.corp.local", "event_data": {"TargetUserName": "svc_backup", "TargetDomainName": "CORP", "LogonType": "5", "LogonProcessName": "User32 ", "AuthenticationPackageName": "Negotiate", "WorkstationName": "APP01", "IpAddress": "-"}}, "event": {"module": "security", "dataset": "windows.security", "provider": "Microsoft-Windows-Security-Auditing", "code": "4624", "kind": "event", "category": ["authentication"], "type": ["start"], "action": "logged-in", "outcome": "success"}, "user": {"name": "svc_backup", "domain": "CORP"}, "related": {"user": ["svc_backup"]}}
{"@timestamp": "2026-06-17T01:30:03.572000Z", "message": "An account was successfully logged on. Account: CORP\\svc_sql  Logon Type: 5 (Service)  Source: local", "log": {"level": "information"}, "host": {"name": "APP01", "hostname": "APP01", "ip": ["10.0.0.21"], "os": {"type": "windows", "name": "Windows Server 2022", "family": "windows"}, "architecture": "x86_64"}, "agent": {"type": "winlogbeat", "version": "8.14.3", "name": "APP01"}, "ecs": {"version": "8.11.0"}, "winlog": {"channel": "Security", "event_id": 4624, "provider_name": "Microsoft-Windows-Security-Auditing", "computer_name": "APP01.corp.local", "event_data": {"TargetUserName": "svc_sql", "TargetDomainName": "CORP", "LogonType": "5", "LogonProcessName": "User32 ", "AuthenticationPackageName": "Negotiate", "WorkstationName": "APP01", "IpAddress": "-"}}, "event": {"module": "security", "dataset": "windows.security", "provider": "Microsoft-Windows-Security-Auditing", "code": "4624", "kind": "event", "category": ["authentication"], "type": ["start"], "action": "logged-in", "outcome": "success"}, "user": {"name": "svc_sql", "domain": "CORP"}, "related": {"user": ["svc_sql"]}}
{"@timestamp": "2026-06-17T02:00:05.013000Z", "message": "An account was successfully logged on. Account: CORP\\svc_backup  Logon Type: 5 (Service)  Source: local", "log": {"level": "information"}, "host": {"name": "FS01", "hostname": "FS01", "ip": ["10.0.0.20"], "os": {"type": "windows", "name": "Windows Server 2022", "family": "windows"}, "architecture": "x86_64"}, "agent": {"type": "winlogbeat", "version": "8.14.3", "name": "FS01"}, "ecs": {"version": "8.11.0"}, "winlog": {"channel": "Security", "event_id": 4624, "provider_name": "Microsoft-Windows-Security-Auditing", "computer_name": "FS01.corp.local", "event_data": {"TargetUserName": "svc_backup", "TargetDomainName": "CORP", "LogonType": "5", "LogonProcessName": "User32 ", "AuthenticationPackageName": "Negotiate", "WorkstationName": "FS01", "IpAddress": "-"}}, "event": {"module": "security", "dataset": "windows.security", "provider": "Microsoft-Windows-Security-Auditing", "code": "4624", "kind": "event", "category": ["authentication"], "type": ["start"], "action": "logged-in", "outcome": "success"}, "user": {"name": "svc_backup", "domain": "CORP"}, "related": {"user": ["svc_backup"]}}
{"@timestamp": "2026-06-17T02:00:08.260000Z", "message": "An account was successfully logged on. Account: CORP\\svc_backup  Logon Type: 5 (Service)  Source: local", "log": {"level": "information"}, "host": {"name": "APP01", "hostname": "APP01", "ip": ["10.0.0.21"], "os": {"type": "windows", "name": "Windows Server 2022", "family": "windows"}, "architecture": "x86_64"}, "agent": {"type": "winlogbeat", "version": "8.14.3", "name": "APP01"}, "ecs": {"version": "8.11.0"}, "winlog": {"channel": "Security", "event_id": 4624, "provider_name": "Microsoft-Windows-Security-Auditing", "computer_name": "APP01.corp.local", "event_data": {"TargetUserName": "svc_backup", "TargetDomainName": "CORP", "LogonType": "5", "LogonProcessName": "User32 ", "AuthenticationPackageName": "Negotiate", "WorkstationName": "APP01", "IpAddress": "-"}}, "event": {"module": "security", "dataset": "windows.security", "provider": "Microsoft-Windows-Security-Auditing", "code": "4624", "kind": "event", "category": ["authentication"], "type": ["start"], "action": "logged-in", "outcome": "success"}, "user": {"name": "svc_backup", "domain": "CORP"}, "related": {"user": ["svc_backup"]}}
{"@timestamp": "2026-06-17T02:14:28.535000Z", "message": "An account was successfully logged on. Account: CORP\\svc_backup  Logon Type: 3 (Network)  Source: 10.0.0.20", "log": {"level": "information"}, "host": {"name": "APP01", "hostname": "APP01", "ip": ["10.0.0.21"], "os": {"type": "windows", "name": "Windows Server 2022", "family": "windows"}, "architecture": "x86_64"}, "agent": {"type": "winlogbeat", "version": "8.14.3", "name": "APP01"}, "ecs": {"version": "8.11.0"}, "winlog": {"channel": "Security", "event_id": 4624, "provider_name": "Microsoft-Windows-Security-Auditing", "computer_name": "APP01.corp.local", "event_data": {"TargetUserName": "svc_backup", "TargetDomainName": "CORP", "LogonType": "3", "LogonProcessName": "NtLmSsp ", "AuthenticationPackageName": "NTLM", "WorkstationName": "FS01", "IpAddress": "10.0.0.20", "IpPort": "47642"}}, "event": {"module": "security", "dataset": "windows.security", "provider": "Microsoft-Windows-Security-Auditing", "code": "4624", "kind": "event", "category": ["authentication"], "type": ["start"], "action": "logged-in", "outcome": "success"}, "user": {"name": "svc_backup", "domain": "CORP"}, "source": {"ip": "10.0.0.20"}, "related": {"user": ["svc_backup"], "ip": ["10.0.0.20"]}}
{"@timestamp": "2026-06-17T04:00:05.099000Z", "message": "An account was successfully logged on. Account: CORP\\svc_backup  Logon Type: 5 (Service)  Source: local", "log": {"level": "information"}, "host": {"name": "FS01", "hostname": "FS01", "ip": ["10.0.0.20"], "os": {"type": "windows", "name": "Windows Server 2022", "family": "windows"}, "architecture": "x86_64"}, "agent": {"type": "winlogbeat", "version": "8.14.3", "name": "FS01"}, "ecs": {"version": "8.11.0"}, "winlog": {"channel": "Security", "event_id": 4624, "provider_name": "Microsoft-Windows-Security-Auditing", "computer_name": "FS01.corp.local", "event_data": {"TargetUserName": "svc_backup", "TargetDomainName": "CORP", "LogonType": "5", "LogonProcessName": "User32 ", "AuthenticationPackageName": "Negotiate", "WorkstationName": "FS01", "IpAddress": "-"}}, "event": {"module": "security", "dataset": "windows.security", "provider": "Microsoft-Windows-Security-Auditing", "code": "4624", "kind": "event", "category": ["authentication"], "type": ["start"], "action": "logged-in", "outcome": "success"}, "user": {"name": "svc_backup", "domain": "CORP"}, "related": {"user": ["svc_backup"]}}
{"@timestamp": "2026-06-17T04:00:08.722000Z", "message": "An account was successfully logged on. Account: CORP\\svc_backup  Logon Type: 5 (Service)  Source: local", "log": {"level": "information"}, "host": {"name": "APP01", "hostname": "APP01", "ip": ["10.0.0.21"], "os": {"type": "windows", "name": "Windows Server 2022", "family": "windows"}, "architecture": "x86_64"}, "agent": {"type": "winlogbeat", "version": "8.14.3", "name": "APP01"}, "ecs": {"version": "8.11.0"}, "winlog": {"channel": "Security", "event_id": 4624, "provider_name": "Microsoft-Windows-Security-Auditing", "computer_name": "APP01.corp.local", "event_data": {"TargetUserName": "svc_backup", "TargetDomainName": "CORP", "LogonType": "5", "LogonProcessName": "User32 ", "AuthenticationPackageName": "Negotiate", "WorkstationName": "APP01", "IpAddress": "-"}}, "event": {"module": "security", "dataset": "windows.security", "provider": "Microsoft-Windows-Security-Auditing", "code": "4624", "kind": "event", "category": ["authentication"], "type": ["start"], "action": "logged-in", "outcome": "success"}, "user": {"name": "svc_backup", "domain": "CORP"}, "related": {"user": ["svc_backup"]}}
{"@timestamp": "2026-06-17T05:30:03.623000Z", "message": "An account was successfully logged on. Account: CORP\\svc_sql  Logon Type: 5 (Service)  Source: local", "log": {"level": "information"}, "host": {"name": "APP01", "hostname": "APP01", "ip": ["10.0.0.21"], "os": {"type": "windows", "name": "Windows Server 2022", "family": "windows"}, "architecture": "x86_64"}, "agent": {"type": "winlogbeat", "version": "8.14.3", "name": "APP01"}, "ecs": {"version": "8.11.0"}, "winlog": {"channel": "Security", "event_id": 4624, "provider_name": "Microsoft-Windows-Security-Auditing", "computer_name": "APP01.corp.local", "event_data": {"TargetUserName": "svc_sql", "TargetDomainName": "CORP", "LogonType": "5", "LogonProcessName": "User32 ", "AuthenticationPackageName": "Negotiate", "WorkstationName": "APP01", "IpAddress": "-"}}, "event": {"module": "security", "dataset": "windows.security", "provider": "Microsoft-Windows-Security-Auditing", "code": "4624", "kind": "event", "category": ["authentication"], "type": ["start"], "action": "logged-in", "outcome": "success"}, "user": {"name": "svc_sql", "domain": "CORP"}, "related": {"user": ["svc_sql"]}}
{"@timestamp": "2026-06-17T06:00:05.570000Z", "message": "An account was successfully logged on. Account: CORP\\svc_backup  Logon Type: 5 (Service)  Source: local", "log": {"level": "information"}, "host": {"name": "FS01", "hostname": "FS01", "ip": ["10.0.0.20"], "os": {"type": "windows", "name": "Windows Server 2022", "family": "windows"}, "architecture": "x86_64"}, "agent": {"type": "winlogbeat", "version": "8.14.3", "name": "FS01"}, "ecs": {"version": "8.11.0"}, "winlog": {"channel": "Security", "event_id": 4624, "provider_name": "Microsoft-Windows-Security-Auditing", "computer_name": "FS01.corp.local", "event_data": {"TargetUserName": "svc_backup", "TargetDomainName": "CORP", "LogonType": "5", "LogonProcessName": "User32 ", "AuthenticationPackageName": "Negotiate", "WorkstationName": "FS01", "IpAddress": "-"}}, "event": {"module": "security", "dataset": "windows.security", "provider": "Microsoft-Windows-Security-Auditing", "code": "4624", "kind": "event", "category": ["authentication"], "type": ["start"], "action": "logged-in", "outcome": "success"}, "user": {"name": "svc_backup", "domain": "CORP"}, "related": {"user": ["svc_backup"]}}
{"@timestamp": "2026-06-17T06:00:08.558000Z", "message": "An account was successfully logged on. Account: CORP\\svc_backup  Logon Type: 5 (Service)  Source: local", "log": {"level": "information"}, "host": {"name": "APP01", "hostname": "APP01", "ip": ["10.0.0.21"], "os": {"type": "windows", "name": "Windows Server 2022", "family": "windows"}, "architecture": "x86_64"}, "agent": {"type": "winlogbeat", "version": "8.14.3", "name": "APP01"}, "ecs": {"version": "8.11.0"}, "winlog": {"channel": "Security", "event_id": 4624, "provider_name": "Microsoft-Windows-Security-Auditing", "computer_name": "APP01.corp.local", "event_data": {"TargetUserName": "svc_backup", "TargetDomainName": "CORP", "LogonType": "5", "LogonProcessName": "User32 ", "AuthenticationPackageName": "Negotiate", "WorkstationName": "APP01", "IpAddress": "-"}}, "event": {"module": "security", "dataset": "windows.security", "provider": "Microsoft-Windows-Security-Auditing", "code": "4624", "kind": "event", "category": ["authentication"], "type": ["start"], "action": "logged-in", "outcome": "success"}, "user": {"name": "svc_backup", "domain": "CORP"}, "related": {"user": ["svc_backup"]}}
{"@timestamp": "2026-06-17T07:16:25.413000Z", "message": "An account was successfully logged on. Account: CORP\\gray.r  Logon Type: 2 (Interactive)  Source: local", "log": {"level": "information"}, "host": {"name": "WS04", "hostname": "WS04", "ip": ["10.0.0.54"], "os": {"type": "windows", "name": "Windows 10 Enterprise", "family": "windows"}, "architecture": "x86_64"}, "agent": {"type": "winlogbeat", "version": "8.14.3", "name": "WS04"}, "ecs": {"version": "8.11.0"}, "winlog": {"channel": "Security", "event_id": 4624, "provider_name": "Microsoft-Windows-Security-Auditing", "computer_name": "WS04.corp.local", "event_data": {"TargetUserName": "gray.r", "TargetDomainName": "CORP", "LogonType": "2", "LogonProcessName": "User32 ", "AuthenticationPackageName": "Negotiate", "WorkstationName": "WS04", "IpAddress": "-"}}, "event": {"module": "security", "dataset": "windows.security", "provider": "Microsoft-Windows-Security-Auditing", "code": "4624", "kind": "event", "category": ["authentication"], "type": ["start"], "action": "logged-in", "outcome": "success"}, "user": {"name": "gray.r", "domain": "CORP"}, "related": {"user": ["gray.r"]}}
{"@timestamp": "2026-06-17T07:16:26.413000Z", "message": "The domain controller attempted to validate credentials (success). Account: gray.r", "log": {"level": "information"}, "host": {"name": "DC01", "hostname": "DC01", "ip": ["10.0.0.10"], "os": {"type": "windows", "name": "Windows Server 2022", "family": "windows"}, "architecture": "x86_64"}, "agent": {"type": "winlogbeat", "version": "8.14.3", "name": "DC01"}, "ecs": {"version": "8.11.0"}, "winlog": {"channel": "Security", "event_id": 4776, "provider_name": "Microsoft-Windows-Security-Auditing", "computer_name": "DC01.corp.local", "event_data": {"TargetUserName": "gray.r", "Status": "0x0"}}, "event": {"module": "security", "dataset": "windows.security", "provider": "Microsoft-Windows-Security-Auditing", "code": "4776", "kind": "event", "category": ["authentication"], "type": ["start"], "outcome": "success"}, "user": {"name": "gray.r", "domain": "CORP"}, "related": {"user": ["gray.r"]}}
{"@timestamp": "2026-06-17T07:16:27.413000Z", "message": "A Kerberos authentication ticket (TGT) was requested. Account: CORP\\gray.r", "log": {"level": "information"}, "host": {"name": "DC01", "hostname": "DC01", "ip": ["10.0.0.10"], "os": {"type": "windows", "name": "Windows Server 2022", "family": "windows"}, "architecture": "x86_64"}, "agent": {"type": "winlogbeat", "version": "8.14.3", "name": "DC01"}, "ecs": {"version": "8.11.0"}, "winlog": {"channel": "Security", "event_id": 4768, "provider_name": "Microsoft-Windows-Security-Auditing", "computer_name": "DC01.corp.local", "event_data": {"TargetUserName": "gray.r", "TargetDomainName": "CORP"}}, "event": {"module": "security", "dataset": "windows.security", "provider": "Microsoft-Windows-Security-Auditing", "code": "4768", "kind": "event", "category": ["authentication"], "type": ["start"]}, "user": {"name": "gray.r", "domain": "CORP"}, "related": {"user": ["gray.r"]}}
{"@timestamp": "2026-06-17T07:19:31.955000Z", "message": "An account was successfully logged on. Account: CORP\\jones.w  Logon Type: 2 (Interactive)  Source: local", "log": {"level": "information"}, "host": {"name": "WS01", "hostname": "WS01", "ip": ["10.0.0.51"], "os": {"type": "windows", "name": "Windows 10 Enterprise", "family": "windows"}, "architecture": "x86_64"}, "agent": {"type": "winlogbeat", "version": "8.14.3", "name": "WS01"}, "ecs": {"version": "8.11.0"}, "winlog": {"channel": "Security", "event_id": 4624, "provider_name": "Microsoft-Windows-Security-Auditing", "computer_name": "WS01.corp.local", "event_data": {"TargetUserName": "jones.w", "TargetDomainName": "CORP", "LogonType": "2", "LogonProcessName": "User32 ", "AuthenticationPackageName": "Negotiate", "WorkstationName": "WS01", "IpAddress": "-"}}, "event": {"module": "security", "dataset": "windows.security", "provider": "Microsoft-Windows-Security-Auditing", "code": "4624", "kind": "event", "category": ["authentication"], "type": ["start"], "action": "logged-in", "outcome": "success"}, "user": {"name": "jones.w", "domain": "CORP"}, "related": {"user": ["jones.w"]}}
{"@timestamp": "2026-06-17T07:19:32.955000Z", "message": "The domain controller attempted to validate credentials (success). Account: jones.w", "log": {"level": "information"}, "host": {"name": "DC01", "hostname": "DC01", "ip": ["10.0.0.10"], "os": {"type": "windows", "name": "Windows Server 2022", "family": "windows"}, "architecture": "x86_64"}, "agent": {"type": "winlogbeat", "version": "8.14.3", "name": "DC01"}, "ecs": {"version": "8.11.0"}, "winlog": {"channel": "Security", "event_id": 4776, "provider_name": "Microsoft-Windows-Security-Auditing", "computer_name": "DC01.corp.local", "event_data": {"TargetUserName": "jones.w", "Status": "0x0"}}, "event": {"module": "security", "dataset": "windows.security", "provider": "Microsoft-Windows-Security-Auditing", "code": "4776", "kind": "event", "category": ["authentication"], "type": ["start"], "outcome": "success"}, "user": {"name": "jones.w", "domain": "CORP"}, "related": {"user": ["jones.w"]}}
{"@timestamp": "2026-06-17T07:19:33.955000Z", "message": "A Kerberos authentication ticket (TGT) was requested. Account: CORP\\jones.w", "log": {"level": "information"}, "host": {"name": "DC01", "hostname": "DC01", "ip": ["10.0.0.10"], "os": {"type": "windows", "name": "Windows Server 2022", "family": "windows"}, "architecture": "x86_64"}, "agent": {"type": "winlogbeat", "version": "8.14.3", "name": "DC01"}, "ecs": {"version": "8.11.0"}, "winlog": {"channel": "Security", "event_id": 4768, "provider_name": "Microsoft-Windows-Security-Auditing", "computer_name": "DC01.corp.local", "event_data": {"TargetUserName": "jones.w", "TargetDomainName": "CORP"}}, "event": {"module": "security", "dataset": "windows.security", "provider": "Microsoft-Windows-Security-Auditing", "code": "4768", "kind": "event", "category": ["authentication"], "type": ["start"]}, "user": {"name": "jones.w", "domain": "CORP"}, "related": {"user": ["jones.w"]}}
{"@timestamp": "2026-06-17T07:28:52.910000Z", "message": "An account was successfully logged on. Account: CORP\\adkins.j  Logon Type: 2 (Interactive)  Source: local", "log": {"level": "information"}, "host": {"name": "WS01", "hostname": "WS01", "ip": ["10.0.0.51"], "os": {"type": "windows", "name": "Windows 10 Enterprise", "family": "windows"}, "architecture": "x86_64"}, "agent": {"type": "winlogbeat", "version": "8.14.3", "name": "WS01"}, "ecs": {"version": "8.11.0"}, "winlog": {"channel": "Security", "event_id": 4624, "provider_name": "Microsoft-Windows-Security-Auditing", "computer_name": "WS01.corp.local", "event_data": {"TargetUserName": "adkins.j", "TargetDomainName": "CORP", "LogonType": "2", "LogonProcessName": "User32 ", "AuthenticationPackageName": "Negotiate", "WorkstationName": "WS01", "IpAddress": "-"}}, "event": {"module": "security", "dataset": "windows.security", "provider": "Microsoft-Windows-Security-Auditing", "code": "4624", "kind": "event", "category": ["authentication"], "type": ["start"], "action": "logged-in", "outcome": "success"}, "user": {"name": "adkins.j", "domain": "CORP"}, "related": {"user": ["adkins.j"]}}
{"@timestamp": "2026-06-17T07:28:53.910000Z", "message": "The domain controller attempted to validate credentials (success). Account: adkins.j", "log": {"level": "information"}, "host": {"name": "DC01", "hostname": "DC01", "ip": ["10.0.0.10"], "os": {"type": "windows", "name": "Windows Server 2022", "family": "windows"}, "architecture": "x86_64"}, "agent": {"type": "winlogbeat", "version": "8.14.3", "name": "DC01"}, "ecs": {"version": "8.11.0"}, "winlog": {"channel": "Security", "event_id": 4776, "provider_name": "Microsoft-Windows-Security-Auditing", "computer_name": "DC01.corp.local", "event_data": {"TargetUserName": "adkins.j", "Status": "0x0"}}, "event": {"module": "security", "dataset": "windows.security", "provider": "Microsoft-Windows-Security-Auditing", "code": "4776", "kind": "event", "category": ["authentication"], "type": ["start"], "outcome": "success"}, "user": {"name": "adkins.j", "domain": "CORP"}, "related": {"user": ["adkins.j"]}}
{"@timestamp": "2026-06-17T07:28:54.910000Z", "message": "A Kerberos authentication ticket (TGT) was requested. Account: CORP\\adkins.j", "log": {"level": "information"}, "host": {"name": "DC01", "hostname": "DC01", "ip": ["10.0.0.10"], "os": {"type": "windows", "name": "Windows Server 2022", "family": "windows"}, "architecture": "x86_64"}, "agent": {"type": "winlogbeat", "version": "8.14.3", "name": "DC01"}, "ecs": {"version": "8.11.0"}, "winlog": {"channel": "Security", "event_id": 4768, "provider_name": "Microsoft-Windows-Security-Auditing", "computer_name": "DC01.corp.local", "event_data": {"TargetUserName": "adkins.j", "TargetDomainName": "CORP"}}, "event": {"module": "security", "dataset": "windows.security", "provider": "Microsoft-Windows-Security-Auditing", "code": "4768", "kind": "event", "category": ["authentication"], "type": ["start"]}, "user": {"name": "adkins.j", "domain": "CORP"}, "related": {"user": ["adkins.j"]}}
{"@timestamp": "2026-06-17T07:31:33.320000Z", "message": "An account was successfully logged on. Account: CORP\\diaz.m  Logon Type: 2 (Interactive)  Source: local", "log": {"level": "information"}, "host": {"name": "WS02", "hostname": "WS02", "ip": ["10.0.0.52"], "os": {"type": "windows", "name": "Windows 10 Enterprise", "family": "windows"}, "architecture": "x86_64"}, "agent": {"type": "winlogbeat", "version": "8.14.3", "name": "WS02"}, "ecs": {"version": "8.11.0"}, "winlog": {"channel": "Security", "event_id": 4624, "provider_name": "Microsoft-Windows-Security-Auditing", "computer_name": "WS02.corp.local", "event_data": {"TargetUserName": "diaz.m", "TargetDomainName": "CORP", "LogonType": "2", "LogonProcessName": "User32 ", "AuthenticationPackageName": "Negotiate", "WorkstationName": "WS02", "IpAddress": "-"}}, "event": {"module": "security", "dataset": "windows.security", "provider": "Microsoft-Windows-Security-Auditing", "code": "4624", "kind": "event", "category": ["authentication"], "type": ["start"], "action": "logged-in", "outcome": "success"}, "user": {"name": "diaz.m", "domain": "CORP"}, "related": {"user": ["diaz.m"]}}
{"@timestamp": "2026-06-17T07:31:34.320000Z", "message": "The domain controller attempted to validate credentials (success). Account: diaz.m", "log": {"level": "information"}, "host": {"name": "DC01", "hostname": "DC01", "ip": ["10.0.0.10"], "os": {"type": "windows", "name": "Windows Server 2022", "family": "windows"}, "architecture": "x86_64"}, "agent": {"type": "winlogbeat", "version": "8.14.3", "name": "DC01"}, "ecs": {"version": "8.11.0"}, "winlog": {"channel": "Security", "event_id": 4776, "provider_name": "Microsoft-Windows-Security-Auditing", "computer_name": "DC01.corp.local", "event_data": {"TargetUserName": "diaz.m", "Status": "0x0"}}, "event": {"module": "security", "dataset": "windows.security", "provider": "Microsoft-Windows-Security-Auditing", "code": "4776", "kind": "event", "category": ["authentication"], "type": ["start"], "outcome": "success"}, "user": {"name": "diaz.m", "domain": "CORP"}, "related": {"user": ["diaz.m"]}}
{"@timestamp": "2026-06-17T07:31:35.320000Z", "message": "A Kerberos authentication ticket (TGT) was requested. Account: CORP\\diaz.m", "log": {"level": "information"}, "host": {"name": "DC01", "hostname": "DC01", "ip": ["10.0.0.10"], "os": {"type": "windows", "name": "Windows Server 2022", "family": "windows"}, "architecture": "x86_64"}, "agent": {"type": "winlogbeat", "version": "8.14.3", "name": "DC01"}, "ecs": {"version": "8.11.0"}, "winlog": {"channel": "Security", "event_id": 4768, "provider_name": "Microsoft-Windows-Security-Auditing", "computer_name": "DC01.corp.local", "event_data": {"TargetUserName": "diaz.m", "TargetDomainName": "CORP"}}, "event": {"module": "security", "dataset": "windows.security", "provider": "Microsoft-Windows-Security-Auditing", "code": "4768", "kind": "event", "category": ["authentication"], "type": ["start"]}, "user": {"name": "diaz.m", "domain": "CORP"}, "related": {"user": ["diaz.m"]}}
